<?xml version="1.0" encoding="UTF-8"?>
<testsuites>
  <testsuite name="" tests="92" assertions="550" errors="0" failures="0" skipped="0" time="0.919817">
    <testsuite name="Unit" tests="92" assertions="550" errors="0" failures="0" skipped="0" time="0.919817">
      <testsuite name="Tests\Unit\Playground\Filters\ContentTrait\TraitTest" file="/app/tests/Unit/Filters/ContentTrait/TraitTest.php" tests="6" assertions="6" errors="0" failures="0" skipped="0" time="0.204643">
        <testcase name="test_purify" file="/app/tests/Unit/Filters/ContentTrait/TraitTest.php" line="14" class="Tests\Unit\Playground\Filters\ContentTrait\TraitTest" classname="Tests.Unit.Playground.Filters.ContentTrait.TraitTest" assertions="1" time="0.182303"/>
        <testcase name="test_exorcise" file="/app/tests/Unit/Filters/ContentTrait/TraitTest.php" line="23" class="Tests\Unit\Playground\Filters\ContentTrait\TraitTest" classname="Tests.Unit.Playground.Filters.ContentTrait.TraitTest" assertions="1" time="0.004484"/>
        <testcase name="test_getHtmlPurifier" file="/app/tests/Unit/Filters/ContentTrait/TraitTest.php" line="32" class="Tests\Unit\Playground\Filters\ContentTrait\TraitTest" classname="Tests.Unit.Playground.Filters.ContentTrait.TraitTest" assertions="1" time="0.004515"/>
        <testcase name="test_getHtmlPurifier_with_iframes" file="/app/tests/Unit/Filters/ContentTrait/TraitTest.php" line="42" class="Tests\Unit\Playground\Filters\ContentTrait\TraitTest" classname="Tests.Unit.Playground.Filters.ContentTrait.TraitTest" assertions="1" time="0.004418"/>
        <testcase name="test_getHtmlPurifier_with_purifier_path" file="/app/tests/Unit/Filters/ContentTrait/TraitTest.php" line="54" class="Tests\Unit\Playground\Filters\ContentTrait\TraitTest" classname="Tests.Unit.Playground.Filters.ContentTrait.TraitTest" assertions="1" time="0.004471"/>
        <testcase name="test_encodeURIComponent" file="/app/tests/Unit/Filters/ContentTrait/TraitTest.php" line="66" class="Tests\Unit\Playground\Filters\ContentTrait\TraitTest" classname="Tests.Unit.Playground.Filters.ContentTrait.TraitTest" assertions="1" time="0.004451"/>
      </testsuite>
      <testsuite name="Tests\Unit\Playground\Filters\ModelTrait\ArrayTraitTest" file="/app/tests/Unit/Filters/ModelTrait/ArrayTraitTest.php" tests="2" assertions="12" errors="0" failures="0" skipped="0" time="0.042535">
        <testcase name="test_filterArray" file="/app/tests/Unit/Filters/ModelTrait/ArrayTraitTest.php" line="22" class="Tests\Unit\Playground\Filters\ModelTrait\ArrayTraitTest" classname="Tests.Unit.Playground.Filters.ModelTrait.ArrayTraitTest" assertions="6" time="0.038030"/>
        <testcase name="test_filterArray_to_json" file="/app/tests/Unit/Filters/ModelTrait/ArrayTraitTest.php" line="62" class="Tests\Unit\Playground\Filters\ModelTrait\ArrayTraitTest" classname="Tests.Unit.Playground.Filters.ModelTrait.ArrayTraitTest" assertions="6" time="0.004505"/>
      </testsuite>
      <testsuite name="Tests\Unit\Playground\Filters\ModelTrait\BitsTraitTest" file="/app/tests/Unit/Filters/ModelTrait/BitsTraitTest.php" tests="2" assertions="7" errors="0" failures="0" skipped="0" time="0.009095">
        <testcase name="test_filterBits_for_exponent_zero" file="/app/tests/Unit/Filters/ModelTrait/BitsTraitTest.php" line="22" class="Tests\Unit\Playground\Filters\ModelTrait\BitsTraitTest" classname="Tests.Unit.Playground.Filters.ModelTrait.BitsTraitTest" assertions="2" time="0.004449"/>
        <testcase name="test_filterBits_for_exponent_greater_than_zero" file="/app/tests/Unit/Filters/ModelTrait/BitsTraitTest.php" line="38" class="Tests\Unit\Playground\Filters\ModelTrait\BitsTraitTest" classname="Tests.Unit.Playground.Filters.ModelTrait.BitsTraitTest" assertions="5" time="0.004646"/>
      </testsuite>
      <testsuite name="Tests\Unit\Playground\Filters\ModelTrait\DateTraitTest" file="/app/tests/Unit/Filters/ModelTrait/DateTraitTest.php" tests="2" assertions="5" errors="0" failures="0" skipped="0" time="0.009643">
        <testcase name="test_filterDate" file="/app/tests/Unit/Filters/ModelTrait/DateTraitTest.php" line="22" class="Tests\Unit\Playground\Filters\ModelTrait\DateTraitTest" classname="Tests.Unit.Playground.Filters.ModelTrait.DateTraitTest" assertions="2" time="0.005149"/>
        <testcase name="test_filterDateAsCarbon" file="/app/tests/Unit/Filters/ModelTrait/DateTraitTest.php" line="45" class="Tests\Unit\Playground\Filters\ModelTrait\DateTraitTest" classname="Tests.Unit.Playground.Filters.ModelTrait.DateTraitTest" assertions="3" time="0.004494"/>
      </testsuite>
      <testsuite name="Tests\Unit\Playground\Filters\ModelTrait\NumberTraitTest" file="/app/tests/Unit/Filters/ModelTrait/NumberTraitTest.php" tests="5" assertions="54" errors="0" failures="0" skipped="0" time="0.023266">
        <testcase name="test_filterFloat" file="/app/tests/Unit/Filters/ModelTrait/NumberTraitTest.php" line="22" class="Tests\Unit\Playground\Filters\ModelTrait\NumberTraitTest" classname="Tests.Unit.Playground.Filters.ModelTrait.NumberTraitTest" assertions="4" time="0.004500"/>
        <testcase name="test_filterInteger" file="/app/tests/Unit/Filters/ModelTrait/NumberTraitTest.php" line="38" class="Tests\Unit\Playground\Filters\ModelTrait\NumberTraitTest" classname="Tests.Unit.Playground.Filters.ModelTrait.NumberTraitTest" assertions="6" time="0.004413"/>
        <testcase name="test_filterIntegerId" file="/app/tests/Unit/Filters/ModelTrait/NumberTraitTest.php" line="59" class="Tests\Unit\Playground\Filters\ModelTrait\NumberTraitTest" classname="Tests.Unit.Playground.Filters.ModelTrait.NumberTraitTest" assertions="12" time="0.004642"/>
        <testcase name="test_filterIntegerPositive" file="/app/tests/Unit/Filters/ModelTrait/NumberTraitTest.php" line="83" class="Tests\Unit\Playground\Filters\ModelTrait\NumberTraitTest" classname="Tests.Unit.Playground.Filters.ModelTrait.NumberTraitTest" assertions="27" time="0.005139"/>
        <testcase name="test_filterPercent" file="/app/tests/Unit/Filters/ModelTrait/NumberTraitTest.php" line="128" class="Tests\Unit\Playground\Filters\ModelTrait\NumberTraitTest" classname="Tests.Unit.Playground.Filters.ModelTrait.NumberTraitTest" assertions="5" time="0.004571"/>
      </testsuite>
      <testsuite name="Tests\Unit\Playground\Filters\ModelTrait\StatusTraitTest" file="/app/tests/Unit/Filters/ModelTrait/StatusTraitTest.php" tests="1" assertions="5" errors="0" failures="0" skipped="0" time="0.004590">
        <testcase name="test_filterStatus" file="/app/tests/Unit/Filters/ModelTrait/StatusTraitTest.php" line="21" class="Tests\Unit\Playground\Filters\ModelTrait\StatusTraitTest" classname="Tests.Unit.Playground.Filters.ModelTrait.StatusTraitTest" assertions="5" time="0.004590"/>
      </testsuite>
      <testsuite name="Tests\Unit\Playground\Filters\ModelTrait\SystemFieldsTraitTest" file="/app/tests/Unit/Filters/ModelTrait/SystemFieldsTraitTest.php" tests="4" assertions="11" errors="0" failures="0" skipped="0" time="0.018108">
        <testcase name="test_filterSystemFields_for_groups" file="/app/tests/Unit/Filters/ModelTrait/SystemFieldsTraitTest.php" line="22" class="Tests\Unit\Playground\Filters\ModelTrait\SystemFieldsTraitTest" classname="Tests.Unit.Playground.Filters.ModelTrait.SystemFieldsTraitTest" assertions="2" time="0.004430"/>
        <testcase name="test_filterSystemFields_for_permissions" file="/app/tests/Unit/Filters/ModelTrait/SystemFieldsTraitTest.php" line="37" class="Tests\Unit\Playground\Filters\ModelTrait\SystemFieldsTraitTest" classname="Tests.Unit.Playground.Filters.ModelTrait.SystemFieldsTraitTest" assertions="3" time="0.004544"/>
        <testcase name="test_filterSystemFields_for_rank" file="/app/tests/Unit/Filters/ModelTrait/SystemFieldsTraitTest.php" line="73" class="Tests\Unit\Playground\Filters\ModelTrait\SystemFieldsTraitTest" classname="Tests.Unit.Playground.Filters.ModelTrait.SystemFieldsTraitTest" assertions="3" time="0.004495"/>
        <testcase name="test_filterSystemFields_for_size" file="/app/tests/Unit/Filters/ModelTrait/SystemFieldsTraitTest.php" line="92" class="Tests\Unit\Playground\Filters\ModelTrait\SystemFieldsTraitTest" classname="Tests.Unit.Playground.Filters.ModelTrait.SystemFieldsTraitTest" assertions="3" time="0.004640"/>
      </testsuite>
      <testsuite name="Tests\Unit\Playground\Filters\ModelTrait\UuidTraitTest" file="/app/tests/Unit/Filters/ModelTrait/UuidTraitTest.php" tests="1" assertions="2" errors="0" failures="0" skipped="0" time="0.022205">
        <testcase name="test_filterUuid" file="/app/tests/Unit/Filters/ModelTrait/UuidTraitTest.php" line="21" class="Tests\Unit\Playground\Filters\ModelTrait\UuidTraitTest" classname="Tests.Unit.Playground.Filters.ModelTrait.UuidTraitTest" assertions="2" time="0.022205"/>
      </testsuite>
      <testsuite name="Tests\Unit\Playground\Filters\ModelTrait\ValueTraitTest" file="/app/tests/Unit/Filters/ModelTrait/ValueTraitTest.php" tests="3" assertions="20" errors="0" failures="0" skipped="0" time="0.015208">
        <testcase name="test_filterBoolean" file="/app/tests/Unit/Filters/ModelTrait/ValueTraitTest.php" line="24" class="Tests\Unit\Playground\Filters\ModelTrait\ValueTraitTest" classname="Tests.Unit.Playground.Filters.ModelTrait.ValueTraitTest" assertions="12" time="0.005082"/>
        <testcase name="test_filterEmail" file="/app/tests/Unit/Filters/ModelTrait/ValueTraitTest.php" line="70" class="Tests\Unit\Playground\Filters\ModelTrait\ValueTraitTest" classname="Tests.Unit.Playground.Filters.ModelTrait.ValueTraitTest" assertions="6" time="0.004740"/>
        <testcase name="test_filterHtml" file="/app/tests/Unit/Filters/ModelTrait/ValueTraitTest.php" line="98" class="Tests\Unit\Playground\Filters\ModelTrait\ValueTraitTest" classname="Tests.Unit.Playground.Filters.ModelTrait.ValueTraitTest" assertions="2" time="0.005386"/>
      </testsuite>
      <testsuite name="Tests\Unit\Playground\Models\Model\ModelTest" file="/app/tests/Unit/Models/Model/ModelTest.php" tests="5" assertions="5" errors="0" failures="0" skipped="0" time="0.152891">
        <testcase name="test_WithChildren_children_returns_HasMany" file="/app/tests/Unit/Models/Model/ModelTest.php" line="38" class="Tests\Unit\Playground\Models\Model\ModelTest" classname="Tests.Unit.Playground.Models.Model.ModelTest" assertions="1" time="0.127308"/>
        <testcase name="test_WithCreator_creator_returns_HasOne" file="/app/tests/Unit/Models/Model/ModelTest.php" line="48" class="Tests\Unit\Playground\Models\Model\ModelTest" classname="Tests.Unit.Playground.Models.Model.ModelTest" assertions="1" time="0.007884"/>
        <testcase name="test_WithModifier_modifier_returns_HasOne" file="/app/tests/Unit/Models/Model/ModelTest.php" line="58" class="Tests\Unit\Playground\Models\Model\ModelTest" classname="Tests.Unit.Playground.Models.Model.ModelTest" assertions="1" time="0.006211"/>
        <testcase name="test_WithOwner_owner_returns_HasOne" file="/app/tests/Unit/Models/Model/ModelTest.php" line="68" class="Tests\Unit\Playground\Models\Model\ModelTest" classname="Tests.Unit.Playground.Models.Model.ModelTest" assertions="1" time="0.005668"/>
        <testcase name="test_WithParent_parent_returns_HasOne" file="/app/tests/Unit/Models/Model/ModelTest.php" line="78" class="Tests\Unit\Playground\Models\Model\ModelTest" classname="Tests.Unit.Playground.Models.Model.ModelTest" assertions="1" time="0.005819"/>
      </testsuite>
      <testsuite name="Tests\Unit\Playground\Models\Traits\ScopeFilterColumns\ModelTest" file="/app/tests/Unit/Models/Traits/ScopeFilterColumns/ModelTest.php" tests="15" assertions="150" errors="0" failures="0" skipped="0" time="0.105653">
        <testcase name="test_scopeFilterColumns_returns_query_without_columns_or_filters" file="/app/tests/Unit/Models/Traits/ScopeFilterColumns/ModelTest.php" line="44" class="Tests\Unit\Playground\Models\Traits\ScopeFilterColumns\ModelTest" classname="Tests.Unit.Playground.Models.Traits.ScopeFilterColumns.ModelTest" assertions="2" time="0.006151"/>
        <testcase name="test_scopeFilterColumns_returns_query_without_filters" file="/app/tests/Unit/Models/Traits/ScopeFilterColumns/ModelTest.php" line="63" class="Tests\Unit\Playground\Models\Traits\ScopeFilterColumns\ModelTest" classname="Tests.Unit.Playground.Models.Traits.ScopeFilterColumns.ModelTest" assertions="4" time="0.006549"/>
        <testcase name="test_scopeFilterColumns_returns_query_with_invalid_column" file="/app/tests/Unit/Models/Traits/ScopeFilterColumns/ModelTest.php" line="89" class="Tests\Unit\Playground\Models\Traits\ScopeFilterColumns\ModelTest" classname="Tests.Unit.Playground.Models.Traits.ScopeFilterColumns.ModelTest" assertions="4" time="0.006660"/>
        <testcase name="test_scopeFilterColumns_returns_query_with_filters_without_meta_for_strings" file="/app/tests/Unit/Models/Traits/ScopeFilterColumns/ModelTest.php" line="122" class="Tests\Unit\Playground\Models\Traits\ScopeFilterColumns\ModelTest" classname="Tests.Unit.Playground.Models.Traits.ScopeFilterColumns.ModelTest" assertions="8" time="0.006740"/>
        <testcase name="test_scopeFilterColumns_returns_query_with_null_comparison_and_ignore" file="/app/tests/Unit/Models/Traits/ScopeFilterColumns/ModelTest.php" line="163" class="Tests\Unit\Playground\Models\Traits\ScopeFilterColumns\ModelTest" classname="Tests.Unit.Playground.Models.Traits.ScopeFilterColumns.ModelTest" assertions="4" time="0.006300"/>
        <testcase name="test_scopeFilterColumns_returns_query_with_comparison" file="/app/tests/Unit/Models/Traits/ScopeFilterColumns/ModelTest.php" line="197" class="Tests\Unit\Playground\Models\Traits\ScopeFilterColumns\ModelTest" classname="Tests.Unit.Playground.Models.Traits.ScopeFilterColumns.ModelTest" assertions="6" time="0.006408"/>
        <testcase name="test_scopeFilterColumns_with_boolean_filter_type_and_null_value" file="/app/tests/Unit/Models/Traits/ScopeFilterColumns/ModelTest.php" line="232" class="Tests\Unit\Playground\Models\Traits\ScopeFilterColumns\ModelTest" classname="Tests.Unit.Playground.Models.Traits.ScopeFilterColumns.ModelTest" assertions="6" time="0.006462"/>
        <testcase name="test_scopeFilterColumns_with_boolean_filter_type_and_true_value" file="/app/tests/Unit/Models/Traits/ScopeFilterColumns/ModelTest.php" line="269" class="Tests\Unit\Playground\Models\Traits\ScopeFilterColumns\ModelTest" classname="Tests.Unit.Playground.Models.Traits.ScopeFilterColumns.ModelTest" assertions="6" time="0.006573"/>
        <testcase name="test_scopeFilterColumns_with_boolean_filter_type_and_false_value" file="/app/tests/Unit/Models/Traits/ScopeFilterColumns/ModelTest.php" line="306" class="Tests\Unit\Playground\Models\Traits\ScopeFilterColumns\ModelTest" classname="Tests.Unit.Playground.Models.Traits.ScopeFilterColumns.ModelTest" assertions="6" time="0.006374"/>
        <testcase name="test_scopeFilterColumns_with_filter_operator_without_operator_and_default_to_like" file="/app/tests/Unit/Models/Traits/ScopeFilterColumns/ModelTest.php" line="343" class="Tests\Unit\Playground\Models\Traits\ScopeFilterColumns\ModelTest" classname="Tests.Unit.Playground.Models.Traits.ScopeFilterColumns.ModelTest" assertions="6" time="0.006268"/>
        <testcase name="test_scopeFilterColumns_with_filter_operators" file="/app/tests/Unit/Models/Traits/ScopeFilterColumns/ModelTest.php" line="380" class="Tests\Unit\Playground\Models\Traits\ScopeFilterColumns\ModelTest" classname="Tests.Unit.Playground.Models.Traits.ScopeFilterColumns.ModelTest" assertions="74" time="0.014664"/>
        <testcase name="test_scopeFilterColumns_with_between_filter_operator_without_single_parameter_and_ignore_between" file="/app/tests/Unit/Models/Traits/ScopeFilterColumns/ModelTest.php" line="470" class="Tests\Unit\Playground\Models\Traits\ScopeFilterColumns\ModelTest" classname="Tests.Unit.Playground.Models.Traits.ScopeFilterColumns.ModelTest" assertions="4" time="0.006533"/>
        <testcase name="test_scopeFilterColumns_with_between_filter_operator" file="/app/tests/Unit/Models/Traits/ScopeFilterColumns/ModelTest.php" line="506" class="Tests\Unit\Playground\Models\Traits\ScopeFilterColumns\ModelTest" classname="Tests.Unit.Playground.Models.Traits.ScopeFilterColumns.ModelTest" assertions="8" time="0.006829"/>
        <testcase name="test_scopeFilterColumns_with_not_between_filter_operator_without_single_parameter_and_ignore_between" file="/app/tests/Unit/Models/Traits/ScopeFilterColumns/ModelTest.php" line="546" class="Tests\Unit\Playground\Models\Traits\ScopeFilterColumns\ModelTest" classname="Tests.Unit.Playground.Models.Traits.ScopeFilterColumns.ModelTest" assertions="4" time="0.006522"/>
        <testcase name="test_scopeFilterColumns_with_not_between_filter_operator" file="/app/tests/Unit/Models/Traits/ScopeFilterColumns/ModelTest.php" line="582" class="Tests\Unit\Playground\Models\Traits\ScopeFilterColumns\ModelTest" classname="Tests.Unit.Playground.Models.Traits.ScopeFilterColumns.ModelTest" assertions="8" time="0.006620"/>
      </testsuite>
      <testsuite name="Tests\Unit\Playground\Models\Traits\ScopeFilterDates\ModelTest" file="/app/tests/Unit/Models/Traits/ScopeFilterDates/ModelTest.php" tests="18" assertions="160" errors="0" failures="0" skipped="0" time="0.126709">
        <testcase name="test_scopeFilterDates_returns_query_without_dates_or_filters" file="/app/tests/Unit/Models/Traits/ScopeFilterDates/ModelTest.php" line="47" class="Tests\Unit\Playground\Models\Traits\ScopeFilterDates\ModelTest" classname="Tests.Unit.Playground.Models.Traits.ScopeFilterDates.ModelTest" assertions="2" time="0.006194"/>
        <testcase name="test_scopeFilterDates_returns_query_without_filters" file="/app/tests/Unit/Models/Traits/ScopeFilterDates/ModelTest.php" line="66" class="Tests\Unit\Playground\Models\Traits\ScopeFilterDates\ModelTest" classname="Tests.Unit.Playground.Models.Traits.ScopeFilterDates.ModelTest" assertions="4" time="0.006429"/>
        <testcase name="test_scopeFilterDates_returns_query_with_invalid_column" file="/app/tests/Unit/Models/Traits/ScopeFilterDates/ModelTest.php" line="92" class="Tests\Unit\Playground\Models\Traits\ScopeFilterDates\ModelTest" classname="Tests.Unit.Playground.Models.Traits.ScopeFilterDates.ModelTest" assertions="4" time="0.006299"/>
        <testcase name="test_scopeFilterDates_returns_query_with_filters_without_meta_for_strings" file="/app/tests/Unit/Models/Traits/ScopeFilterDates/ModelTest.php" line="125" class="Tests\Unit\Playground\Models\Traits\ScopeFilterDates\ModelTest" classname="Tests.Unit.Playground.Models.Traits.ScopeFilterDates.ModelTest" assertions="6" time="0.007336"/>
        <testcase name="test_scopeFilterDates_returns_query_with_null_comparison_and_ignore" file="/app/tests/Unit/Models/Traits/ScopeFilterDates/ModelTest.php" line="163" class="Tests\Unit\Playground\Models\Traits\ScopeFilterDates\ModelTest" classname="Tests.Unit.Playground.Models.Traits.ScopeFilterDates.ModelTest" assertions="4" time="0.006057"/>
        <testcase name="test_scopeFilterDates_returns_query_with_null_comparison_and_allow" file="/app/tests/Unit/Models/Traits/ScopeFilterDates/ModelTest.php" line="201" class="Tests\Unit\Playground\Models\Traits\ScopeFilterDates\ModelTest" classname="Tests.Unit.Playground.Models.Traits.ScopeFilterDates.ModelTest" assertions="4" time="0.006052"/>
        <testcase name="test_scopeFilterDates_returns_query_with_comparison" file="/app/tests/Unit/Models/Traits/ScopeFilterDates/ModelTest.php" line="239" class="Tests\Unit\Playground\Models\Traits\ScopeFilterDates\ModelTest" classname="Tests.Unit.Playground.Models.Traits.ScopeFilterDates.ModelTest" assertions="6" time="0.006530"/>
        <testcase name="test_scopeFilterDates_returns_query_with_wildcard" file="/app/tests/Unit/Models/Traits/ScopeFilterDates/ModelTest.php" line="275" class="Tests\Unit\Playground\Models\Traits\ScopeFilterDates\ModelTest" classname="Tests.Unit.Playground.Models.Traits.ScopeFilterDates.ModelTest" assertions="6" time="0.006268"/>
        <testcase name="test_scopeFilterDates_returns_query_with_operator_wildcard" file="/app/tests/Unit/Models/Traits/ScopeFilterDates/ModelTest.php" line="310" class="Tests\Unit\Playground\Models\Traits\ScopeFilterDates\ModelTest" classname="Tests.Unit.Playground.Models.Traits.ScopeFilterDates.ModelTest" assertions="6" time="0.006205"/>
        <testcase name="test_scopeFilterDates_returns_query_with_object_value_and_ignore" file="/app/tests/Unit/Models/Traits/ScopeFilterDates/ModelTest.php" line="347" class="Tests\Unit\Playground\Models\Traits\ScopeFilterDates\ModelTest" classname="Tests.Unit.Playground.Models.Traits.ScopeFilterDates.ModelTest" assertions="4" time="0.006153"/>
        <testcase name="test_scopeFilterDates_returns_query_with_unnullable_value_and_ignore" file="/app/tests/Unit/Models/Traits/ScopeFilterDates/ModelTest.php" line="383" class="Tests\Unit\Playground\Models\Traits\ScopeFilterDates\ModelTest" classname="Tests.Unit.Playground.Models.Traits.ScopeFilterDates.ModelTest" assertions="4" time="0.006361"/>
        <testcase name="test_scopeFilterDates_returns_query_with_invalid_operator_and_use_like" file="/app/tests/Unit/Models/Traits/ScopeFilterDates/ModelTest.php" line="418" class="Tests\Unit\Playground\Models\Traits\ScopeFilterDates\ModelTest" classname="Tests.Unit.Playground.Models.Traits.ScopeFilterDates.ModelTest" assertions="6" time="0.007268"/>
        <testcase name="test_scopeFilterDates_returns_query_with_invalid_parsable_value_and_ignore" file="/app/tests/Unit/Models/Traits/ScopeFilterDates/ModelTest.php" line="459" class="Tests\Unit\Playground\Models\Traits\ScopeFilterDates\ModelTest" classname="Tests.Unit.Playground.Models.Traits.ScopeFilterDates.ModelTest" assertions="4" time="0.006947"/>
        <testcase name="test_scopeFilterDates_returns_query_with_short_date_and_gte_operator" file="/app/tests/Unit/Models/Traits/ScopeFilterDates/ModelTest.php" line="495" class="Tests\Unit\Playground\Models\Traits\ScopeFilterDates\ModelTest" classname="Tests.Unit.Playground.Models.Traits.ScopeFilterDates.ModelTest" assertions="6" time="0.006536"/>
        <testcase name="test_scopeFilterDates_returns_query_with_phrase_date_and_automatically_parse" file="/app/tests/Unit/Models/Traits/ScopeFilterDates/ModelTest.php" line="533" class="Tests\Unit\Playground\Models\Traits\ScopeFilterDates\ModelTest" classname="Tests.Unit.Playground.Models.Traits.ScopeFilterDates.ModelTest" assertions="6" time="0.006766"/>
        <testcase name="test_scopeFilterDates_with_between_filter_operator_with_parse" file="/app/tests/Unit/Models/Traits/ScopeFilterDates/ModelTest.php" line="574" class="Tests\Unit\Playground\Models\Traits\ScopeFilterDates\ModelTest" classname="Tests.Unit.Playground.Models.Traits.ScopeFilterDates.ModelTest" assertions="7" time="0.007203"/>
        <testcase name="test_scopeFilterDates_with_not_between_filter_operator_with_parse" file="/app/tests/Unit/Models/Traits/ScopeFilterDates/ModelTest.php" line="622" class="Tests\Unit\Playground\Models\Traits\ScopeFilterDates\ModelTest" classname="Tests.Unit.Playground.Models.Traits.ScopeFilterDates.ModelTest" assertions="7" time="0.007423"/>
        <testcase name="test_scopeFilterDates_with_filter_operators" file="/app/tests/Unit/Models/Traits/ScopeFilterDates/ModelTest.php" line="670" class="Tests\Unit\Playground\Models\Traits\ScopeFilterDates\ModelTest" classname="Tests.Unit.Playground.Models.Traits.ScopeFilterDates.ModelTest" assertions="74" time="0.014682"/>
      </testsuite>
      <testsuite name="Tests\Unit\Playground\Models\Traits\ScopeFilterFlags\ModelTest" file="/app/tests/Unit/Models/Traits/ScopeFilterFlags/ModelTest.php" tests="3" assertions="14" errors="0" failures="0" skipped="0" time="0.018370">
        <testcase name="test_scopeFilterFlags_returns_query_without_flags_or_filters" file="/app/tests/Unit/Models/Traits/ScopeFilterFlags/ModelTest.php" line="44" class="Tests\Unit\Playground\Models\Traits\ScopeFilterFlags\ModelTest" classname="Tests.Unit.Playground.Models.Traits.ScopeFilterFlags.ModelTest" assertions="2" time="0.005800"/>
        <testcase name="test_scopeFilterFlags_returns_query_without_filters" file="/app/tests/Unit/Models/Traits/ScopeFilterFlags/ModelTest.php" line="63" class="Tests\Unit\Playground\Models\Traits\ScopeFilterFlags\ModelTest" classname="Tests.Unit.Playground.Models.Traits.ScopeFilterFlags.ModelTest" assertions="4" time="0.006096"/>
        <testcase name="test_scopeFilterFlags_returns_query_with_filters" file="/app/tests/Unit/Models/Traits/ScopeFilterFlags/ModelTest.php" line="89" class="Tests\Unit\Playground\Models\Traits\ScopeFilterFlags\ModelTest" classname="Tests.Unit.Playground.Models.Traits.ScopeFilterFlags.ModelTest" assertions="8" time="0.006473"/>
      </testsuite>
      <testsuite name="Tests\Unit\Playground\Models\Traits\ScopeFilterIds\ModelTest" file="/app/tests/Unit/Models/Traits/ScopeFilterIds/ModelTest.php" tests="11" assertions="70" errors="0" failures="0" skipped="0" time="0.083371">
        <testcase name="test_scopeFilterIds_returns_query_without_ids_or_filters" file="/app/tests/Unit/Models/Traits/ScopeFilterIds/ModelTest.php" line="44" class="Tests\Unit\Playground\Models\Traits\ScopeFilterIds\ModelTest" classname="Tests.Unit.Playground.Models.Traits.ScopeFilterIds.ModelTest" assertions="2" time="0.010321"/>
        <testcase name="test_scopeFilterIds_returns_query_without_filters" file="/app/tests/Unit/Models/Traits/ScopeFilterIds/ModelTest.php" line="63" class="Tests\Unit\Playground\Models\Traits\ScopeFilterIds\ModelTest" classname="Tests.Unit.Playground.Models.Traits.ScopeFilterIds.ModelTest" assertions="4" time="0.006517"/>
        <testcase name="test_scopeFilterIds_returns_query_with_invalid_column" file="/app/tests/Unit/Models/Traits/ScopeFilterIds/ModelTest.php" line="89" class="Tests\Unit\Playground\Models\Traits\ScopeFilterIds\ModelTest" classname="Tests.Unit.Playground.Models.Traits.ScopeFilterIds.ModelTest" assertions="4" time="0.006445"/>
        <testcase name="test_scopeFilterIds_returns_query_with_null_comparison" file="/app/tests/Unit/Models/Traits/ScopeFilterIds/ModelTest.php" line="122" class="Tests\Unit\Playground\Models\Traits\ScopeFilterIds\ModelTest" classname="Tests.Unit.Playground.Models.Traits.ScopeFilterIds.ModelTest" assertions="4" time="0.006354"/>
        <testcase name="test_scopeFilterIds_returns_query_with_comparison" file="/app/tests/Unit/Models/Traits/ScopeFilterIds/ModelTest.php" line="156" class="Tests\Unit\Playground\Models\Traits\ScopeFilterIds\ModelTest" classname="Tests.Unit.Playground.Models.Traits.ScopeFilterIds.ModelTest" assertions="6" time="0.006282"/>
        <testcase name="test_scopeFilterIds_returns_query_with_filters_array" file="/app/tests/Unit/Models/Traits/ScopeFilterIds/ModelTest.php" line="191" class="Tests\Unit\Playground\Models\Traits\ScopeFilterIds\ModelTest" classname="Tests.Unit.Playground.Models.Traits.ScopeFilterIds.ModelTest" assertions="10" time="0.008625"/>
        <testcase name="test_scopeFilterIds_returns_query_with_filters_with_integer" file="/app/tests/Unit/Models/Traits/ScopeFilterIds/ModelTest.php" line="244" class="Tests\Unit\Playground\Models\Traits\ScopeFilterIds\ModelTest" classname="Tests.Unit.Playground.Models.Traits.ScopeFilterIds.ModelTest" assertions="6" time="0.006454"/>
        <testcase name="test_scopeFilterIds_returns_query_with_array_of_ids_without_type" file="/app/tests/Unit/Models/Traits/ScopeFilterIds/ModelTest.php" line="288" class="Tests\Unit\Playground\Models\Traits\ScopeFilterIds\ModelTest" classname="Tests.Unit.Playground.Models.Traits.ScopeFilterIds.ModelTest" assertions="10" time="0.008314"/>
        <testcase name="test_scopeFilterIds_returns_query_with_array_of_uuids_for_integer_type_ids_and_ignore" file="/app/tests/Unit/Models/Traits/ScopeFilterIds/ModelTest.php" line="339" class="Tests\Unit\Playground\Models\Traits\ScopeFilterIds\ModelTest" classname="Tests.Unit.Playground.Models.Traits.ScopeFilterIds.ModelTest" assertions="4" time="0.008298"/>
        <testcase name="test_scopeFilterIds_returns_query_with_array_of_integer_ids_ignore_duplicate_id" file="/app/tests/Unit/Models/Traits/ScopeFilterIds/ModelTest.php" line="383" class="Tests\Unit\Playground\Models\Traits\ScopeFilterIds\ModelTest" classname="Tests.Unit.Playground.Models.Traits.ScopeFilterIds.ModelTest" assertions="8" time="0.006820"/>
        <testcase name="test_scopeFilterIds_returns_query_with_filters_with_null_and_string_and_array" file="/app/tests/Unit/Models/Traits/ScopeFilterIds/ModelTest.php" line="432" class="Tests\Unit\Playground\Models\Traits\ScopeFilterIds\ModelTest" classname="Tests.Unit.Playground.Models.Traits.ScopeFilterIds.ModelTest" assertions="12" time="0.008941"/>
      </testsuite>
      <testsuite name="Tests\Unit\Playground\Models\Traits\ScopeFilterTrash\ModelTest" file="/app/tests/Unit/Models/Traits/ScopeFilterTrash/ModelTest.php" tests="3" assertions="6" errors="0" failures="0" skipped="0" time="0.017752">
        <testcase name="test_scopeFilterTrash_returns_query_with_empty_visibility" file="/app/tests/Unit/Models/Traits/ScopeFilterTrash/ModelTest.php" line="44" class="Tests\Unit\Playground\Models\Traits\ScopeFilterTrash\ModelTest" classname="Tests.Unit.Playground.Models.Traits.ScopeFilterTrash.ModelTest" assertions="2" time="0.006048"/>
        <testcase name="test_scopeFilterTrash_returns_query_with_trash" file="/app/tests/Unit/Models/Traits/ScopeFilterTrash/ModelTest.php" line="63" class="Tests\Unit\Playground\Models\Traits\ScopeFilterTrash\ModelTest" classname="Tests.Unit.Playground.Models.Traits.ScopeFilterTrash.ModelTest" assertions="2" time="0.005874"/>
        <testcase name="test_scopeFilterTrash_returns_query_with_only_trash" file="/app/tests/Unit/Models/Traits/ScopeFilterTrash/ModelTest.php" line="84" class="Tests\Unit\Playground\Models\Traits\ScopeFilterTrash\ModelTest" classname="Tests.Unit.Playground.Models.Traits.ScopeFilterTrash.ModelTest" assertions="2" time="0.005830"/>
      </testsuite>
      <testsuite name="Tests\Unit\Playground\Models\Traits\ScopeSort\ModelTest" file="/app/tests/Unit/Models/Traits/ScopeSort/ModelTest.php" tests="11" assertions="23" errors="0" failures="0" skipped="0" time="0.065776">
        <testcase name="test_scopeSort_returns_query_with_empty_sort" file="/app/tests/Unit/Models/Traits/ScopeSort/ModelTest.php" line="44" class="Tests\Unit\Playground\Models\Traits\ScopeSort\ModelTest" classname="Tests.Unit.Playground.Models.Traits.ScopeSort.ModelTest" assertions="3" time="0.006005"/>
        <testcase name="test_scopeSort_returns_query_with_array_boolean_sort_asc" file="/app/tests/Unit/Models/Traits/ScopeSort/ModelTest.php" line="65" class="Tests\Unit\Playground\Models\Traits\ScopeSort\ModelTest" classname="Tests.Unit.Playground.Models.Traits.ScopeSort.ModelTest" assertions="2" time="0.006020"/>
        <testcase name="test_scopeSort_returns_query_with_array_boolean_sort_desc" file="/app/tests/Unit/Models/Traits/ScopeSort/ModelTest.php" line="88" class="Tests\Unit\Playground\Models\Traits\ScopeSort\ModelTest" classname="Tests.Unit.Playground.Models.Traits.ScopeSort.ModelTest" assertions="2" time="0.006234"/>
        <testcase name="test_scopeSort_returns_query_with_array_boolean_sort_pair" file="/app/tests/Unit/Models/Traits/ScopeSort/ModelTest.php" line="111" class="Tests\Unit\Playground\Models\Traits\ScopeSort\ModelTest" classname="Tests.Unit.Playground.Models.Traits.ScopeSort.ModelTest" assertions="2" time="0.006021"/>
        <testcase name="test_scopeSort_returns_query_with_array_boolean_sort_triplet" file="/app/tests/Unit/Models/Traits/ScopeSort/ModelTest.php" line="135" class="Tests\Unit\Playground\Models\Traits\ScopeSort\ModelTest" classname="Tests.Unit.Playground.Models.Traits.ScopeSort.ModelTest" assertions="2" time="0.005791"/>
        <testcase name="test_scopeSort_returns_query_with_csv_sort_asc" file="/app/tests/Unit/Models/Traits/ScopeSort/ModelTest.php" line="160" class="Tests\Unit\Playground\Models\Traits\ScopeSort\ModelTest" classname="Tests.Unit.Playground.Models.Traits.ScopeSort.ModelTest" assertions="2" time="0.005880"/>
        <testcase name="test_scopeSort_returns_query_with_csv_sort_desc" file="/app/tests/Unit/Models/Traits/ScopeSort/ModelTest.php" line="179" class="Tests\Unit\Playground\Models\Traits\ScopeSort\ModelTest" classname="Tests.Unit.Playground.Models.Traits.ScopeSort.ModelTest" assertions="2" time="0.006066"/>
        <testcase name="test_scopeSort_returns_query_with_simple_array_asc" file="/app/tests/Unit/Models/Traits/ScopeSort/ModelTest.php" line="207" class="Tests\Unit\Playground\Models\Traits\ScopeSort\ModelTest" classname="Tests.Unit.Playground.Models.Traits.ScopeSort.ModelTest" assertions="2" time="0.005811"/>
        <testcase name="test_scopeSort_returns_query_with_simple_array_desc" file="/app/tests/Unit/Models/Traits/ScopeSort/ModelTest.php" line="228" class="Tests\Unit\Playground\Models\Traits\ScopeSort\ModelTest" classname="Tests.Unit.Playground.Models.Traits.ScopeSort.ModelTest" assertions="2" time="0.005945"/>
        <testcase name="test_scopeSort_returns_query_with_hash_array_asc" file="/app/tests/Unit/Models/Traits/ScopeSort/ModelTest.php" line="249" class="Tests\Unit\Playground\Models\Traits\ScopeSort\ModelTest" classname="Tests.Unit.Playground.Models.Traits.ScopeSort.ModelTest" assertions="2" time="0.005886"/>
        <testcase name="test_scopeSort_returns_query_with_hash_array_desc" file="/app/tests/Unit/Models/Traits/ScopeSort/ModelTest.php" line="272" class="Tests\Unit\Playground\Models\Traits\ScopeSort\ModelTest" classname="Tests.Unit.Playground.Models.Traits.ScopeSort.ModelTest" assertions="2" time="0.006117"/>
      </testsuite>
    </testsuite>
  </testsuite>
</testsuites>
