<?xml version="1.0" encoding="UTF-8"?>
<testsuites>
  <testsuite name="/app/phpunit.xml.dist" tests="77" assertions="487" errors="0" failures="0" skipped="0" time="2.254836">
    <testsuite name="Unit" tests="75" assertions="476" errors="0" failures="0" skipped="0" time="2.016992">
      <testsuite name="Tests\Unit\Playground\Models\Model\ModelTest" file="/app/tests/Unit/Models/Model/ModelTest.php" tests="5" assertions="5" errors="0" failures="0" skipped="0" time="0.437397">
        <testcase name="test_WithChildren_children_returns_HasMany" file="/app/tests/Unit/Models/Model/ModelTest.php" line="38" class="Tests\Unit\Playground\Models\Model\ModelTest" classname="Tests.Unit.Playground.Models.Model.ModelTest" assertions="1" time="0.347033"/>
        <testcase name="test_WithCreator_creator_returns_HasOne" file="/app/tests/Unit/Models/Model/ModelTest.php" line="48" class="Tests\Unit\Playground\Models\Model\ModelTest" classname="Tests.Unit.Playground.Models.Model.ModelTest" assertions="1" time="0.025525"/>
        <testcase name="test_WithModifier_modifier_returns_HasOne" file="/app/tests/Unit/Models/Model/ModelTest.php" line="58" class="Tests\Unit\Playground\Models\Model\ModelTest" classname="Tests.Unit.Playground.Models.Model.ModelTest" assertions="1" time="0.020054"/>
        <testcase name="test_WithOwner_owner_returns_HasOne" file="/app/tests/Unit/Models/Model/ModelTest.php" line="68" class="Tests\Unit\Playground\Models\Model\ModelTest" classname="Tests.Unit.Playground.Models.Model.ModelTest" assertions="1" time="0.024602"/>
        <testcase name="test_WithParent_parent_returns_HasOne" file="/app/tests/Unit/Models/Model/ModelTest.php" line="78" class="Tests\Unit\Playground\Models\Model\ModelTest" classname="Tests.Unit.Playground.Models.Model.ModelTest" assertions="1" time="0.020184"/>
      </testsuite>
      <testsuite name="Tests\Unit\Playground\Models\Traits\ScopeFilterColumns\ModelTest" file="/app/tests/Unit/Models/Traits/ScopeFilterColumns/ModelTest.php" tests="15" assertions="150" errors="0" failures="0" skipped="0" time="0.334570">
        <testcase name="test_scopeFilterColumns_returns_query_without_columns_or_filters" file="/app/tests/Unit/Models/Traits/ScopeFilterColumns/ModelTest.php" line="44" class="Tests\Unit\Playground\Models\Traits\ScopeFilterColumns\ModelTest" classname="Tests.Unit.Playground.Models.Traits.ScopeFilterColumns.ModelTest" assertions="2" time="0.020785"/>
        <testcase name="test_scopeFilterColumns_returns_query_without_filters" file="/app/tests/Unit/Models/Traits/ScopeFilterColumns/ModelTest.php" line="63" class="Tests\Unit\Playground\Models\Traits\ScopeFilterColumns\ModelTest" classname="Tests.Unit.Playground.Models.Traits.ScopeFilterColumns.ModelTest" assertions="4" time="0.020812"/>
        <testcase name="test_scopeFilterColumns_returns_query_with_invalid_column" file="/app/tests/Unit/Models/Traits/ScopeFilterColumns/ModelTest.php" line="89" class="Tests\Unit\Playground\Models\Traits\ScopeFilterColumns\ModelTest" classname="Tests.Unit.Playground.Models.Traits.ScopeFilterColumns.ModelTest" assertions="4" time="0.020435"/>
        <testcase name="test_scopeFilterColumns_returns_query_with_filters_without_meta_for_strings" file="/app/tests/Unit/Models/Traits/ScopeFilterColumns/ModelTest.php" line="122" class="Tests\Unit\Playground\Models\Traits\ScopeFilterColumns\ModelTest" classname="Tests.Unit.Playground.Models.Traits.ScopeFilterColumns.ModelTest" assertions="8" time="0.023110"/>
        <testcase name="test_scopeFilterColumns_returns_query_with_null_comparison_and_ignore" file="/app/tests/Unit/Models/Traits/ScopeFilterColumns/ModelTest.php" line="163" class="Tests\Unit\Playground\Models\Traits\ScopeFilterColumns\ModelTest" classname="Tests.Unit.Playground.Models.Traits.ScopeFilterColumns.ModelTest" assertions="4" time="0.020637"/>
        <testcase name="test_scopeFilterColumns_returns_query_with_comparison" file="/app/tests/Unit/Models/Traits/ScopeFilterColumns/ModelTest.php" line="197" class="Tests\Unit\Playground\Models\Traits\ScopeFilterColumns\ModelTest" classname="Tests.Unit.Playground.Models.Traits.ScopeFilterColumns.ModelTest" assertions="6" time="0.020997"/>
        <testcase name="test_scopeFilterColumns_with_boolean_filter_type_and_null_value" file="/app/tests/Unit/Models/Traits/ScopeFilterColumns/ModelTest.php" line="232" class="Tests\Unit\Playground\Models\Traits\ScopeFilterColumns\ModelTest" classname="Tests.Unit.Playground.Models.Traits.ScopeFilterColumns.ModelTest" assertions="6" time="0.020764"/>
        <testcase name="test_scopeFilterColumns_with_boolean_filter_type_and_true_value" file="/app/tests/Unit/Models/Traits/ScopeFilterColumns/ModelTest.php" line="269" class="Tests\Unit\Playground\Models\Traits\ScopeFilterColumns\ModelTest" classname="Tests.Unit.Playground.Models.Traits.ScopeFilterColumns.ModelTest" assertions="6" time="0.020738"/>
        <testcase name="test_scopeFilterColumns_with_boolean_filter_type_and_false_value" file="/app/tests/Unit/Models/Traits/ScopeFilterColumns/ModelTest.php" line="306" class="Tests\Unit\Playground\Models\Traits\ScopeFilterColumns\ModelTest" classname="Tests.Unit.Playground.Models.Traits.ScopeFilterColumns.ModelTest" assertions="6" time="0.021290"/>
        <testcase name="test_scopeFilterColumns_with_filter_operator_without_operator_and_default_to_like" file="/app/tests/Unit/Models/Traits/ScopeFilterColumns/ModelTest.php" line="343" class="Tests\Unit\Playground\Models\Traits\ScopeFilterColumns\ModelTest" classname="Tests.Unit.Playground.Models.Traits.ScopeFilterColumns.ModelTest" assertions="6" time="0.020951"/>
        <testcase name="test_scopeFilterColumns_with_filter_operators" file="/app/tests/Unit/Models/Traits/ScopeFilterColumns/ModelTest.php" line="380" class="Tests\Unit\Playground\Models\Traits\ScopeFilterColumns\ModelTest" classname="Tests.Unit.Playground.Models.Traits.ScopeFilterColumns.ModelTest" assertions="74" time="0.038587"/>
        <testcase name="test_scopeFilterColumns_with_between_filter_operator_without_single_parameter_and_ignore_between" file="/app/tests/Unit/Models/Traits/ScopeFilterColumns/ModelTest.php" line="470" class="Tests\Unit\Playground\Models\Traits\ScopeFilterColumns\ModelTest" classname="Tests.Unit.Playground.Models.Traits.ScopeFilterColumns.ModelTest" assertions="4" time="0.020803"/>
        <testcase name="test_scopeFilterColumns_with_between_filter_operator" file="/app/tests/Unit/Models/Traits/ScopeFilterColumns/ModelTest.php" line="506" class="Tests\Unit\Playground\Models\Traits\ScopeFilterColumns\ModelTest" classname="Tests.Unit.Playground.Models.Traits.ScopeFilterColumns.ModelTest" assertions="8" time="0.022611"/>
        <testcase name="test_scopeFilterColumns_with_not_between_filter_operator_without_single_parameter_and_ignore_between" file="/app/tests/Unit/Models/Traits/ScopeFilterColumns/ModelTest.php" line="546" class="Tests\Unit\Playground\Models\Traits\ScopeFilterColumns\ModelTest" classname="Tests.Unit.Playground.Models.Traits.ScopeFilterColumns.ModelTest" assertions="4" time="0.020612"/>
        <testcase name="test_scopeFilterColumns_with_not_between_filter_operator" file="/app/tests/Unit/Models/Traits/ScopeFilterColumns/ModelTest.php" line="582" class="Tests\Unit\Playground\Models\Traits\ScopeFilterColumns\ModelTest" classname="Tests.Unit.Playground.Models.Traits.ScopeFilterColumns.ModelTest" assertions="8" time="0.021439"/>
      </testsuite>
      <testsuite name="Tests\Unit\Playground\Models\Traits\ScopeFilterDates\ModelTest" file="/app/tests/Unit/Models/Traits/ScopeFilterDates/ModelTest.php" tests="18" assertions="160" errors="0" failures="0" skipped="0" time="0.408951">
        <testcase name="test_scopeFilterDates_returns_query_without_dates_or_filters" file="/app/tests/Unit/Models/Traits/ScopeFilterDates/ModelTest.php" line="47" class="Tests\Unit\Playground\Models\Traits\ScopeFilterDates\ModelTest" classname="Tests.Unit.Playground.Models.Traits.ScopeFilterDates.ModelTest" assertions="2" time="0.025551"/>
        <testcase name="test_scopeFilterDates_returns_query_without_filters" file="/app/tests/Unit/Models/Traits/ScopeFilterDates/ModelTest.php" line="66" class="Tests\Unit\Playground\Models\Traits\ScopeFilterDates\ModelTest" classname="Tests.Unit.Playground.Models.Traits.ScopeFilterDates.ModelTest" assertions="4" time="0.021345"/>
        <testcase name="test_scopeFilterDates_returns_query_with_invalid_column" file="/app/tests/Unit/Models/Traits/ScopeFilterDates/ModelTest.php" line="92" class="Tests\Unit\Playground\Models\Traits\ScopeFilterDates\ModelTest" classname="Tests.Unit.Playground.Models.Traits.ScopeFilterDates.ModelTest" assertions="4" time="0.020700"/>
        <testcase name="test_scopeFilterDates_returns_query_with_filters_without_meta_for_strings" file="/app/tests/Unit/Models/Traits/ScopeFilterDates/ModelTest.php" line="125" class="Tests\Unit\Playground\Models\Traits\ScopeFilterDates\ModelTest" classname="Tests.Unit.Playground.Models.Traits.ScopeFilterDates.ModelTest" assertions="6" time="0.021621"/>
        <testcase name="test_scopeFilterDates_returns_query_with_null_comparison_and_ignore" file="/app/tests/Unit/Models/Traits/ScopeFilterDates/ModelTest.php" line="163" class="Tests\Unit\Playground\Models\Traits\ScopeFilterDates\ModelTest" classname="Tests.Unit.Playground.Models.Traits.ScopeFilterDates.ModelTest" assertions="4" time="0.020758"/>
        <testcase name="test_scopeFilterDates_returns_query_with_null_comparison_and_allow" file="/app/tests/Unit/Models/Traits/ScopeFilterDates/ModelTest.php" line="201" class="Tests\Unit\Playground\Models\Traits\ScopeFilterDates\ModelTest" classname="Tests.Unit.Playground.Models.Traits.ScopeFilterDates.ModelTest" assertions="4" time="0.020578"/>
        <testcase name="test_scopeFilterDates_returns_query_with_comparison" file="/app/tests/Unit/Models/Traits/ScopeFilterDates/ModelTest.php" line="239" class="Tests\Unit\Playground\Models\Traits\ScopeFilterDates\ModelTest" classname="Tests.Unit.Playground.Models.Traits.ScopeFilterDates.ModelTest" assertions="6" time="0.021256"/>
        <testcase name="test_scopeFilterDates_returns_query_with_wildcard" file="/app/tests/Unit/Models/Traits/ScopeFilterDates/ModelTest.php" line="275" class="Tests\Unit\Playground\Models\Traits\ScopeFilterDates\ModelTest" classname="Tests.Unit.Playground.Models.Traits.ScopeFilterDates.ModelTest" assertions="6" time="0.021090"/>
        <testcase name="test_scopeFilterDates_returns_query_with_operator_wildcard" file="/app/tests/Unit/Models/Traits/ScopeFilterDates/ModelTest.php" line="310" class="Tests\Unit\Playground\Models\Traits\ScopeFilterDates\ModelTest" classname="Tests.Unit.Playground.Models.Traits.ScopeFilterDates.ModelTest" assertions="6" time="0.021148"/>
        <testcase name="test_scopeFilterDates_returns_query_with_object_value_and_ignore" file="/app/tests/Unit/Models/Traits/ScopeFilterDates/ModelTest.php" line="347" class="Tests\Unit\Playground\Models\Traits\ScopeFilterDates\ModelTest" classname="Tests.Unit.Playground.Models.Traits.ScopeFilterDates.ModelTest" assertions="4" time="0.020842"/>
        <testcase name="test_scopeFilterDates_returns_query_with_unnullable_value_and_ignore" file="/app/tests/Unit/Models/Traits/ScopeFilterDates/ModelTest.php" line="383" class="Tests\Unit\Playground\Models\Traits\ScopeFilterDates\ModelTest" classname="Tests.Unit.Playground.Models.Traits.ScopeFilterDates.ModelTest" assertions="4" time="0.021182"/>
        <testcase name="test_scopeFilterDates_returns_query_with_invalid_operator_and_use_like" file="/app/tests/Unit/Models/Traits/ScopeFilterDates/ModelTest.php" line="418" class="Tests\Unit\Playground\Models\Traits\ScopeFilterDates\ModelTest" classname="Tests.Unit.Playground.Models.Traits.ScopeFilterDates.ModelTest" assertions="6" time="0.022104"/>
        <testcase name="test_scopeFilterDates_returns_query_with_invalid_parsable_value_and_ignore" file="/app/tests/Unit/Models/Traits/ScopeFilterDates/ModelTest.php" line="459" class="Tests\Unit\Playground\Models\Traits\ScopeFilterDates\ModelTest" classname="Tests.Unit.Playground.Models.Traits.ScopeFilterDates.ModelTest" assertions="4" time="0.021227"/>
        <testcase name="test_scopeFilterDates_returns_query_with_short_date_and_gte_operator" file="/app/tests/Unit/Models/Traits/ScopeFilterDates/ModelTest.php" line="495" class="Tests\Unit\Playground\Models\Traits\ScopeFilterDates\ModelTest" classname="Tests.Unit.Playground.Models.Traits.ScopeFilterDates.ModelTest" assertions="6" time="0.021846"/>
        <testcase name="test_scopeFilterDates_returns_query_with_phrase_date_and_automatically_parse" file="/app/tests/Unit/Models/Traits/ScopeFilterDates/ModelTest.php" line="533" class="Tests\Unit\Playground\Models\Traits\ScopeFilterDates\ModelTest" classname="Tests.Unit.Playground.Models.Traits.ScopeFilterDates.ModelTest" assertions="6" time="0.023324"/>
        <testcase name="test_scopeFilterDates_with_between_filter_operator_with_parse" file="/app/tests/Unit/Models/Traits/ScopeFilterDates/ModelTest.php" line="574" class="Tests\Unit\Playground\Models\Traits\ScopeFilterDates\ModelTest" classname="Tests.Unit.Playground.Models.Traits.ScopeFilterDates.ModelTest" assertions="7" time="0.023240"/>
        <testcase name="test_scopeFilterDates_with_not_between_filter_operator_with_parse" file="/app/tests/Unit/Models/Traits/ScopeFilterDates/ModelTest.php" line="622" class="Tests\Unit\Playground\Models\Traits\ScopeFilterDates\ModelTest" classname="Tests.Unit.Playground.Models.Traits.ScopeFilterDates.ModelTest" assertions="7" time="0.022330"/>
        <testcase name="test_scopeFilterDates_with_filter_operators" file="/app/tests/Unit/Models/Traits/ScopeFilterDates/ModelTest.php" line="670" class="Tests\Unit\Playground\Models\Traits\ScopeFilterDates\ModelTest" classname="Tests.Unit.Playground.Models.Traits.ScopeFilterDates.ModelTest" assertions="74" time="0.038809"/>
      </testsuite>
      <testsuite name="Tests\Unit\Playground\Models\Traits\ScopeFilterFlags\ModelTest" file="/app/tests/Unit/Models/Traits/ScopeFilterFlags/ModelTest.php" tests="3" assertions="14" errors="0" failures="0" skipped="0" time="0.063354">
        <testcase name="test_scopeFilterFlags_returns_query_without_flags_or_filters" file="/app/tests/Unit/Models/Traits/ScopeFilterFlags/ModelTest.php" line="44" class="Tests\Unit\Playground\Models\Traits\ScopeFilterFlags\ModelTest" classname="Tests.Unit.Playground.Models.Traits.ScopeFilterFlags.ModelTest" assertions="2" time="0.021490"/>
        <testcase name="test_scopeFilterFlags_returns_query_without_filters" file="/app/tests/Unit/Models/Traits/ScopeFilterFlags/ModelTest.php" line="63" class="Tests\Unit\Playground\Models\Traits\ScopeFilterFlags\ModelTest" classname="Tests.Unit.Playground.Models.Traits.ScopeFilterFlags.ModelTest" assertions="4" time="0.020592"/>
        <testcase name="test_scopeFilterFlags_returns_query_with_filters" file="/app/tests/Unit/Models/Traits/ScopeFilterFlags/ModelTest.php" line="89" class="Tests\Unit\Playground\Models\Traits\ScopeFilterFlags\ModelTest" classname="Tests.Unit.Playground.Models.Traits.ScopeFilterFlags.ModelTest" assertions="8" time="0.021272"/>
      </testsuite>
      <testsuite name="Tests\Unit\Playground\Models\Traits\ScopeFilterIds\ModelTest" file="/app/tests/Unit/Models/Traits/ScopeFilterIds/ModelTest.php" tests="11" assertions="70" errors="0" failures="0" skipped="0" time="0.257358">
        <testcase name="test_scopeFilterIds_returns_query_without_ids_or_filters" file="/app/tests/Unit/Models/Traits/ScopeFilterIds/ModelTest.php" line="44" class="Tests\Unit\Playground\Models\Traits\ScopeFilterIds\ModelTest" classname="Tests.Unit.Playground.Models.Traits.ScopeFilterIds.ModelTest" assertions="2" time="0.021468"/>
        <testcase name="test_scopeFilterIds_returns_query_without_filters" file="/app/tests/Unit/Models/Traits/ScopeFilterIds/ModelTest.php" line="63" class="Tests\Unit\Playground\Models\Traits\ScopeFilterIds\ModelTest" classname="Tests.Unit.Playground.Models.Traits.ScopeFilterIds.ModelTest" assertions="4" time="0.020564"/>
        <testcase name="test_scopeFilterIds_returns_query_with_invalid_column" file="/app/tests/Unit/Models/Traits/ScopeFilterIds/ModelTest.php" line="89" class="Tests\Unit\Playground\Models\Traits\ScopeFilterIds\ModelTest" classname="Tests.Unit.Playground.Models.Traits.ScopeFilterIds.ModelTest" assertions="4" time="0.020428"/>
        <testcase name="test_scopeFilterIds_returns_query_with_null_comparison" file="/app/tests/Unit/Models/Traits/ScopeFilterIds/ModelTest.php" line="122" class="Tests\Unit\Playground\Models\Traits\ScopeFilterIds\ModelTest" classname="Tests.Unit.Playground.Models.Traits.ScopeFilterIds.ModelTest" assertions="4" time="0.020717"/>
        <testcase name="test_scopeFilterIds_returns_query_with_comparison" file="/app/tests/Unit/Models/Traits/ScopeFilterIds/ModelTest.php" line="156" class="Tests\Unit\Playground\Models\Traits\ScopeFilterIds\ModelTest" classname="Tests.Unit.Playground.Models.Traits.ScopeFilterIds.ModelTest" assertions="6" time="0.021199"/>
        <testcase name="test_scopeFilterIds_returns_query_with_filters_array" file="/app/tests/Unit/Models/Traits/ScopeFilterIds/ModelTest.php" line="191" class="Tests\Unit\Playground\Models\Traits\ScopeFilterIds\ModelTest" classname="Tests.Unit.Playground.Models.Traits.ScopeFilterIds.ModelTest" assertions="10" time="0.038606"/>
        <testcase name="test_scopeFilterIds_returns_query_with_filters_with_integer" file="/app/tests/Unit/Models/Traits/ScopeFilterIds/ModelTest.php" line="244" class="Tests\Unit\Playground\Models\Traits\ScopeFilterIds\ModelTest" classname="Tests.Unit.Playground.Models.Traits.ScopeFilterIds.ModelTest" assertions="6" time="0.020986"/>
        <testcase name="test_scopeFilterIds_returns_query_with_array_of_ids_without_type" file="/app/tests/Unit/Models/Traits/ScopeFilterIds/ModelTest.php" line="288" class="Tests\Unit\Playground\Models\Traits\ScopeFilterIds\ModelTest" classname="Tests.Unit.Playground.Models.Traits.ScopeFilterIds.ModelTest" assertions="10" time="0.024444"/>
        <testcase name="test_scopeFilterIds_returns_query_with_array_of_uuids_for_integer_type_ids_and_ignore" file="/app/tests/Unit/Models/Traits/ScopeFilterIds/ModelTest.php" line="339" class="Tests\Unit\Playground\Models\Traits\ScopeFilterIds\ModelTest" classname="Tests.Unit.Playground.Models.Traits.ScopeFilterIds.ModelTest" assertions="4" time="0.023324"/>
        <testcase name="test_scopeFilterIds_returns_query_with_array_of_integer_ids_ignore_duplicate_id" file="/app/tests/Unit/Models/Traits/ScopeFilterIds/ModelTest.php" line="383" class="Tests\Unit\Playground\Models\Traits\ScopeFilterIds\ModelTest" classname="Tests.Unit.Playground.Models.Traits.ScopeFilterIds.ModelTest" assertions="8" time="0.021443"/>
        <testcase name="test_scopeFilterIds_returns_query_with_filters_with_null_and_string_and_array" file="/app/tests/Unit/Models/Traits/ScopeFilterIds/ModelTest.php" line="432" class="Tests\Unit\Playground\Models\Traits\ScopeFilterIds\ModelTest" classname="Tests.Unit.Playground.Models.Traits.ScopeFilterIds.ModelTest" assertions="12" time="0.024179"/>
      </testsuite>
      <testsuite name="Tests\Unit\Playground\Models\Traits\ScopeFilterTrash\ModelTest" file="/app/tests/Unit/Models/Traits/ScopeFilterTrash/ModelTest.php" tests="3" assertions="6" errors="0" failures="0" skipped="0" time="0.059333">
        <testcase name="test_scopeFilterTrash_returns_query_with_empty_visibility" file="/app/tests/Unit/Models/Traits/ScopeFilterTrash/ModelTest.php" line="44" class="Tests\Unit\Playground\Models\Traits\ScopeFilterTrash\ModelTest" classname="Tests.Unit.Playground.Models.Traits.ScopeFilterTrash.ModelTest" assertions="2" time="0.019706"/>
        <testcase name="test_scopeFilterTrash_returns_query_with_trash" file="/app/tests/Unit/Models/Traits/ScopeFilterTrash/ModelTest.php" line="63" class="Tests\Unit\Playground\Models\Traits\ScopeFilterTrash\ModelTest" classname="Tests.Unit.Playground.Models.Traits.ScopeFilterTrash.ModelTest" assertions="2" time="0.019678"/>
        <testcase name="test_scopeFilterTrash_returns_query_with_only_trash" file="/app/tests/Unit/Models/Traits/ScopeFilterTrash/ModelTest.php" line="84" class="Tests\Unit\Playground\Models\Traits\ScopeFilterTrash\ModelTest" classname="Tests.Unit.Playground.Models.Traits.ScopeFilterTrash.ModelTest" assertions="2" time="0.019949"/>
      </testsuite>
      <testsuite name="Tests\Unit\Playground\Models\Traits\ScopeSort\ModelTest" file="/app/tests/Unit/Models/Traits/ScopeSort/ModelTest.php" tests="11" assertions="23" errors="0" failures="0" skipped="0" time="0.223990">
        <testcase name="test_scopeSort_returns_query_with_empty_sort" file="/app/tests/Unit/Models/Traits/ScopeSort/ModelTest.php" line="44" class="Tests\Unit\Playground\Models\Traits\ScopeSort\ModelTest" classname="Tests.Unit.Playground.Models.Traits.ScopeSort.ModelTest" assertions="3" time="0.020000"/>
        <testcase name="test_scopeSort_returns_query_with_array_boolean_sort_asc" file="/app/tests/Unit/Models/Traits/ScopeSort/ModelTest.php" line="65" class="Tests\Unit\Playground\Models\Traits\ScopeSort\ModelTest" classname="Tests.Unit.Playground.Models.Traits.ScopeSort.ModelTest" assertions="2" time="0.020068"/>
        <testcase name="test_scopeSort_returns_query_with_array_boolean_sort_desc" file="/app/tests/Unit/Models/Traits/ScopeSort/ModelTest.php" line="88" class="Tests\Unit\Playground\Models\Traits\ScopeSort\ModelTest" classname="Tests.Unit.Playground.Models.Traits.ScopeSort.ModelTest" assertions="2" time="0.021288"/>
        <testcase name="test_scopeSort_returns_query_with_array_boolean_sort_pair" file="/app/tests/Unit/Models/Traits/ScopeSort/ModelTest.php" line="111" class="Tests\Unit\Playground\Models\Traits\ScopeSort\ModelTest" classname="Tests.Unit.Playground.Models.Traits.ScopeSort.ModelTest" assertions="2" time="0.020152"/>
        <testcase name="test_scopeSort_returns_query_with_array_boolean_sort_triplet" file="/app/tests/Unit/Models/Traits/ScopeSort/ModelTest.php" line="135" class="Tests\Unit\Playground\Models\Traits\ScopeSort\ModelTest" classname="Tests.Unit.Playground.Models.Traits.ScopeSort.ModelTest" assertions="2" time="0.019831"/>
        <testcase name="test_scopeSort_returns_query_with_csv_sort_asc" file="/app/tests/Unit/Models/Traits/ScopeSort/ModelTest.php" line="160" class="Tests\Unit\Playground\Models\Traits\ScopeSort\ModelTest" classname="Tests.Unit.Playground.Models.Traits.ScopeSort.ModelTest" assertions="2" time="0.019747"/>
        <testcase name="test_scopeSort_returns_query_with_csv_sort_desc" file="/app/tests/Unit/Models/Traits/ScopeSort/ModelTest.php" line="179" class="Tests\Unit\Playground\Models\Traits\ScopeSort\ModelTest" classname="Tests.Unit.Playground.Models.Traits.ScopeSort.ModelTest" assertions="2" time="0.021468"/>
        <testcase name="test_scopeSort_returns_query_with_simple_array_asc" file="/app/tests/Unit/Models/Traits/ScopeSort/ModelTest.php" line="207" class="Tests\Unit\Playground\Models\Traits\ScopeSort\ModelTest" classname="Tests.Unit.Playground.Models.Traits.ScopeSort.ModelTest" assertions="2" time="0.019899"/>
        <testcase name="test_scopeSort_returns_query_with_simple_array_desc" file="/app/tests/Unit/Models/Traits/ScopeSort/ModelTest.php" line="228" class="Tests\Unit\Playground\Models\Traits\ScopeSort\ModelTest" classname="Tests.Unit.Playground.Models.Traits.ScopeSort.ModelTest" assertions="2" time="0.019775"/>
        <testcase name="test_scopeSort_returns_query_with_hash_array_asc" file="/app/tests/Unit/Models/Traits/ScopeSort/ModelTest.php" line="249" class="Tests\Unit\Playground\Models\Traits\ScopeSort\ModelTest" classname="Tests.Unit.Playground.Models.Traits.ScopeSort.ModelTest" assertions="2" time="0.019806"/>
        <testcase name="test_scopeSort_returns_query_with_hash_array_desc" file="/app/tests/Unit/Models/Traits/ScopeSort/ModelTest.php" line="272" class="Tests\Unit\Playground\Models\Traits\ScopeSort\ModelTest" classname="Tests.Unit.Playground.Models.Traits.ScopeSort.ModelTest" assertions="2" time="0.021955"/>
      </testsuite>
      <testsuite name="Tests\Unit\Playground\Models\User\ModelTest" file="/app/tests/Unit/Models/User/ModelTest.php" tests="4" assertions="39" errors="0" failures="0" skipped="0" time="0.137423">
        <testcase name="test_add_has_and_remove_Abilities" file="/app/tests/Unit/Models/User/ModelTest.php" line="15" class="Tests\Unit\Playground\Models\User\ModelTest" classname="Tests.Unit.Playground.Models.User.ModelTest" assertions="9" time="0.072729"/>
        <testcase name="test_add_has_and_remove_Privileges" file="/app/tests/Unit/Models/User/ModelTest.php" line="49" class="Tests\Unit\Playground\Models\User\ModelTest" classname="Tests.Unit.Playground.Models.User.ModelTest" assertions="9" time="0.022494"/>
        <testcase name="test_add_has_and_remove_Roles" file="/app/tests/Unit/Models/User/ModelTest.php" line="83" class="Tests\Unit\Playground\Models\User\ModelTest" classname="Tests.Unit.Playground.Models.User.ModelTest" assertions="15" time="0.022100"/>
        <testcase name="test_isAdmin_with_admins_and_users" file="/app/tests/Unit/Models/User/ModelTest.php" line="144" class="Tests\Unit\Playground\Models\User\ModelTest" classname="Tests.Unit.Playground.Models.User.ModelTest" assertions="6" time="0.020100"/>
      </testsuite>
      <testsuite name="Tests\Unit\Playground\ServiceProvider\InstanceTest" file="/app/tests/Unit/ServiceProvider/InstanceTest.php" tests="5" assertions="9" errors="0" failures="0" skipped="0" time="0.094616">
        <testcase name="test_version_matches" file="/app/tests/Unit/ServiceProvider/InstanceTest.php" line="17" class="Tests\Unit\Playground\ServiceProvider\InstanceTest" classname="Tests.Unit.Playground.ServiceProvider.InstanceTest" assertions="3" time="0.019039"/>
        <testcase name="test_userPrimaryKeyType_with_empty_model" file="/app/tests/Unit/ServiceProvider/InstanceTest.php" line="26" class="Tests\Unit\Playground\ServiceProvider\InstanceTest" classname="Tests.Unit.Playground.ServiceProvider.InstanceTest" assertions="1" time="0.018137"/>
        <testcase name="test_userPrimaryKeyType_with_incrementing_model" file="/app/tests/Unit/ServiceProvider/InstanceTest.php" line="40" class="Tests\Unit\Playground\ServiceProvider\InstanceTest" classname="Tests.Unit.Playground.ServiceProvider.InstanceTest" assertions="1" time="0.018661"/>
        <testcase name="test_userPrimaryKeyType_with_uuid_model" file="/app/tests/Unit/ServiceProvider/InstanceTest.php" line="54" class="Tests\Unit\Playground\ServiceProvider\InstanceTest" classname="Tests.Unit.Playground.ServiceProvider.InstanceTest" assertions="1" time="0.019017"/>
        <testcase name="test_userPrimaryKeyType_with_exception" file="/app/tests/Unit/ServiceProvider/InstanceTest.php" line="68" class="Tests\Unit\Playground\ServiceProvider\InstanceTest" classname="Tests.Unit.Playground.ServiceProvider.InstanceTest" assertions="3" time="0.019762"/>
      </testsuite>
    </testsuite>
    <testsuite name="Feature" tests="2" assertions="11" errors="0" failures="0" skipped="0" time="0.237844">
      <testsuite name="Tests\Feature\Playground\Console\Commands\About\CommandTest" file="/app/tests/Feature/Console/Commands/About/CommandTest.php" tests="1" assertions="2" errors="0" failures="0" skipped="0" time="0.150389">
        <testcase name="test_command_about_displays_package_information_and_succeed_with_code_0" file="/app/tests/Feature/Console/Commands/About/CommandTest.php" line="19" class="Tests\Feature\Playground\Console\Commands\About\CommandTest" classname="Tests.Feature.Playground.Console.Commands.About.CommandTest" assertions="2" time="0.150389"/>
      </testsuite>
      <testsuite name="Tests\Feature\Playground\Models\User\ModelTest" file="/app/tests/Feature/Models/User/ModelTest.php" tests="1" assertions="9" errors="0" failures="0" skipped="0" time="0.087455">
        <testcase name="test_save_model_in_database" file="/app/tests/Feature/Models/User/ModelTest.php" line="17" class="Tests\Feature\Playground\Models\User\ModelTest" classname="Tests.Feature.Playground.Models.User.ModelTest" assertions="9" time="0.087455"/>
      </testsuite>
    </testsuite>
  </testsuite>
</testsuites>
