<?xml version="1.0" encoding="UTF-8"?>
<testsuites>
  <testsuite name="" tests="226" assertions="705" errors="0" failures="0" skipped="0" time="2.707514">
    <testsuite name="Unit" tests="183" assertions="649" errors="0" failures="0" skipped="0" time="1.475734">
      <testsuite name="Tests\Unit\GammaMatrix\Playground\Filters\ContentTrait\TraitTest" file="/app/tests/Unit/Filters/ContentTrait/TraitTest.php" tests="6" assertions="6" errors="0" failures="0" skipped="0" time="0.210279">
        <testcase name="test_purify" file="/app/tests/Unit/Filters/ContentTrait/TraitTest.php" line="41" class="Tests\Unit\GammaMatrix\Playground\Filters\ContentTrait\TraitTest" classname="Tests.Unit.GammaMatrix.Playground.Filters.ContentTrait.TraitTest" assertions="1" time="0.186722"/>
        <testcase name="test_exorcise" file="/app/tests/Unit/Filters/ContentTrait/TraitTest.php" line="48" class="Tests\Unit\GammaMatrix\Playground\Filters\ContentTrait\TraitTest" classname="Tests.Unit.GammaMatrix.Playground.Filters.ContentTrait.TraitTest" assertions="1" time="0.004632"/>
        <testcase name="test_getHtmlPurifier" file="/app/tests/Unit/Filters/ContentTrait/TraitTest.php" line="55" class="Tests\Unit\GammaMatrix\Playground\Filters\ContentTrait\TraitTest" classname="Tests.Unit.GammaMatrix.Playground.Filters.ContentTrait.TraitTest" assertions="1" time="0.004896"/>
        <testcase name="test_getHtmlPurifier_with_iframes" file="/app/tests/Unit/Filters/ContentTrait/TraitTest.php" line="63" class="Tests\Unit\GammaMatrix\Playground\Filters\ContentTrait\TraitTest" classname="Tests.Unit.GammaMatrix.Playground.Filters.ContentTrait.TraitTest" assertions="1" time="0.004738"/>
        <testcase name="test_getHtmlPurifier_with_purifier_path" file="/app/tests/Unit/Filters/ContentTrait/TraitTest.php" line="73" class="Tests\Unit\GammaMatrix\Playground\Filters\ContentTrait\TraitTest" classname="Tests.Unit.GammaMatrix.Playground.Filters.ContentTrait.TraitTest" assertions="1" time="0.004810"/>
        <testcase name="test_encodeURIComponent" file="/app/tests/Unit/Filters/ContentTrait/TraitTest.php" line="83" class="Tests\Unit\GammaMatrix\Playground\Filters\ContentTrait\TraitTest" classname="Tests.Unit.GammaMatrix.Playground.Filters.ContentTrait.TraitTest" assertions="1" time="0.004481"/>
      </testsuite>
      <testsuite name="Tests\Unit\GammaMatrix\Playground\Filters\ModelTrait\ArrayTraitTest" file="/app/tests/Unit/Filters/ModelTrait/ArrayTraitTest.php" tests="2" assertions="12" errors="0" failures="0" skipped="0" time="0.038630">
        <testcase name="test_filterArray" file="/app/tests/Unit/Filters/ModelTrait/ArrayTraitTest.php" line="22" class="Tests\Unit\GammaMatrix\Playground\Filters\ModelTrait\ArrayTraitTest" classname="Tests.Unit.GammaMatrix.Playground.Filters.ModelTrait.ArrayTraitTest" assertions="6" time="0.034023"/>
        <testcase name="test_filterArray_to_json" file="/app/tests/Unit/Filters/ModelTrait/ArrayTraitTest.php" line="60" class="Tests\Unit\GammaMatrix\Playground\Filters\ModelTrait\ArrayTraitTest" classname="Tests.Unit.GammaMatrix.Playground.Filters.ModelTrait.ArrayTraitTest" assertions="6" time="0.004607"/>
      </testsuite>
      <testsuite name="Tests\Unit\GammaMatrix\Playground\Filters\ModelTrait\BitsTraitTest" file="/app/tests/Unit/Filters/ModelTrait/BitsTraitTest.php" tests="2" assertions="7" errors="0" failures="0" skipped="0" time="0.008957">
        <testcase name="test_filterBits_for_exponent_zero" file="/app/tests/Unit/Filters/ModelTrait/BitsTraitTest.php" line="22" class="Tests\Unit\GammaMatrix\Playground\Filters\ModelTrait\BitsTraitTest" classname="Tests.Unit.GammaMatrix.Playground.Filters.ModelTrait.BitsTraitTest" assertions="2" time="0.004458"/>
        <testcase name="test_filterBits_for_exponent_greater_than_zero" file="/app/tests/Unit/Filters/ModelTrait/BitsTraitTest.php" line="36" class="Tests\Unit\GammaMatrix\Playground\Filters\ModelTrait\BitsTraitTest" classname="Tests.Unit.GammaMatrix.Playground.Filters.ModelTrait.BitsTraitTest" assertions="5" time="0.004499"/>
      </testsuite>
      <testsuite name="Tests\Unit\GammaMatrix\Playground\Filters\ModelTrait\DateTraitTest" file="/app/tests/Unit/Filters/ModelTrait/DateTraitTest.php" tests="2" assertions="5" errors="0" failures="0" skipped="0" time="0.009580">
        <testcase name="test_filterDate" file="/app/tests/Unit/Filters/ModelTrait/DateTraitTest.php" line="22" class="Tests\Unit\GammaMatrix\Playground\Filters\ModelTrait\DateTraitTest" classname="Tests.Unit.GammaMatrix.Playground.Filters.ModelTrait.DateTraitTest" assertions="2" time="0.004640"/>
        <testcase name="test_filterDateAsCarbon" file="/app/tests/Unit/Filters/ModelTrait/DateTraitTest.php" line="38" class="Tests\Unit\GammaMatrix\Playground\Filters\ModelTrait\DateTraitTest" classname="Tests.Unit.GammaMatrix.Playground.Filters.ModelTrait.DateTraitTest" assertions="3" time="0.004941"/>
      </testsuite>
      <testsuite name="Tests\Unit\GammaMatrix\Playground\Filters\ModelTrait\NumberTraitTest" file="/app/tests/Unit/Filters/ModelTrait/NumberTraitTest.php" tests="5" assertions="54" errors="0" failures="0" skipped="0" time="0.023031">
        <testcase name="test_filterFloat" file="/app/tests/Unit/Filters/ModelTrait/NumberTraitTest.php" line="22" class="Tests\Unit\GammaMatrix\Playground\Filters\ModelTrait\NumberTraitTest" classname="Tests.Unit.GammaMatrix.Playground.Filters.ModelTrait.NumberTraitTest" assertions="4" time="0.004433"/>
        <testcase name="test_filterInteger" file="/app/tests/Unit/Filters/ModelTrait/NumberTraitTest.php" line="36" class="Tests\Unit\GammaMatrix\Playground\Filters\ModelTrait\NumberTraitTest" classname="Tests.Unit.GammaMatrix.Playground.Filters.ModelTrait.NumberTraitTest" assertions="6" time="0.004549"/>
        <testcase name="test_filterIntegerId" file="/app/tests/Unit/Filters/ModelTrait/NumberTraitTest.php" line="55" class="Tests\Unit\GammaMatrix\Playground\Filters\ModelTrait\NumberTraitTest" classname="Tests.Unit.GammaMatrix.Playground.Filters.ModelTrait.NumberTraitTest" assertions="12" time="0.004539"/>
        <testcase name="test_filterIntegerPositive" file="/app/tests/Unit/Filters/ModelTrait/NumberTraitTest.php" line="77" class="Tests\Unit\GammaMatrix\Playground\Filters\ModelTrait\NumberTraitTest" classname="Tests.Unit.GammaMatrix.Playground.Filters.ModelTrait.NumberTraitTest" assertions="27" time="0.005046"/>
        <testcase name="test_filterPercent" file="/app/tests/Unit/Filters/ModelTrait/NumberTraitTest.php" line="120" class="Tests\Unit\GammaMatrix\Playground\Filters\ModelTrait\NumberTraitTest" classname="Tests.Unit.GammaMatrix.Playground.Filters.ModelTrait.NumberTraitTest" assertions="5" time="0.004464"/>
      </testsuite>
      <testsuite name="Tests\Unit\GammaMatrix\Playground\Filters\ModelTrait\StatusTraitTest" file="/app/tests/Unit/Filters/ModelTrait/StatusTraitTest.php" tests="1" assertions="5" errors="0" failures="0" skipped="0" time="0.004455">
        <testcase name="test_filterStatus" file="/app/tests/Unit/Filters/ModelTrait/StatusTraitTest.php" line="21" class="Tests\Unit\GammaMatrix\Playground\Filters\ModelTrait\StatusTraitTest" classname="Tests.Unit.GammaMatrix.Playground.Filters.ModelTrait.StatusTraitTest" assertions="5" time="0.004455"/>
      </testsuite>
      <testsuite name="Tests\Unit\GammaMatrix\Playground\Filters\ModelTrait\SystemFieldsTraitTest" file="/app/tests/Unit/Filters/ModelTrait/SystemFieldsTraitTest.php" tests="4" assertions="11" errors="0" failures="0" skipped="0" time="0.017649">
        <testcase name="test_filterSystemFields_for_groups" file="/app/tests/Unit/Filters/ModelTrait/SystemFieldsTraitTest.php" line="22" class="Tests\Unit\GammaMatrix\Playground\Filters\ModelTrait\SystemFieldsTraitTest" classname="Tests.Unit.GammaMatrix.Playground.Filters.ModelTrait.SystemFieldsTraitTest" assertions="2" time="0.004453"/>
        <testcase name="test_filterSystemFields_for_permissions" file="/app/tests/Unit/Filters/ModelTrait/SystemFieldsTraitTest.php" line="35" class="Tests\Unit\GammaMatrix\Playground\Filters\ModelTrait\SystemFieldsTraitTest" classname="Tests.Unit.GammaMatrix.Playground.Filters.ModelTrait.SystemFieldsTraitTest" assertions="3" time="0.004398"/>
        <testcase name="test_filterSystemFields_for_rank" file="/app/tests/Unit/Filters/ModelTrait/SystemFieldsTraitTest.php" line="69" class="Tests\Unit\GammaMatrix\Playground\Filters\ModelTrait\SystemFieldsTraitTest" classname="Tests.Unit.GammaMatrix.Playground.Filters.ModelTrait.SystemFieldsTraitTest" assertions="3" time="0.004325"/>
        <testcase name="test_filterSystemFields_for_size" file="/app/tests/Unit/Filters/ModelTrait/SystemFieldsTraitTest.php" line="86" class="Tests\Unit\GammaMatrix\Playground\Filters\ModelTrait\SystemFieldsTraitTest" classname="Tests.Unit.GammaMatrix.Playground.Filters.ModelTrait.SystemFieldsTraitTest" assertions="3" time="0.004473"/>
      </testsuite>
      <testsuite name="Tests\Unit\GammaMatrix\Playground\Filters\ModelTrait\UuidTraitTest" file="/app/tests/Unit/Filters/ModelTrait/UuidTraitTest.php" tests="1" assertions="2" errors="0" failures="0" skipped="0" time="0.021764">
        <testcase name="test_filterUuid" file="/app/tests/Unit/Filters/ModelTrait/UuidTraitTest.php" line="21" class="Tests\Unit\GammaMatrix\Playground\Filters\ModelTrait\UuidTraitTest" classname="Tests.Unit.GammaMatrix.Playground.Filters.ModelTrait.UuidTraitTest" assertions="2" time="0.021764"/>
      </testsuite>
      <testsuite name="Tests\Unit\GammaMatrix\Playground\Filters\ModelTrait\ValueTraitTest" file="/app/tests/Unit/Filters/ModelTrait/ValueTraitTest.php" tests="3" assertions="20" errors="0" failures="0" skipped="0" time="0.014155">
        <testcase name="test_filterBoolean" file="/app/tests/Unit/Filters/ModelTrait/ValueTraitTest.php" line="24" class="Tests\Unit\GammaMatrix\Playground\Filters\ModelTrait\ValueTraitTest" classname="Tests.Unit.GammaMatrix.Playground.Filters.ModelTrait.ValueTraitTest" assertions="12" time="0.004610"/>
        <testcase name="test_filterEmail" file="/app/tests/Unit/Filters/ModelTrait/ValueTraitTest.php" line="68" class="Tests\Unit\GammaMatrix\Playground\Filters\ModelTrait\ValueTraitTest" classname="Tests.Unit.GammaMatrix.Playground.Filters.ModelTrait.ValueTraitTest" assertions="6" time="0.004289"/>
        <testcase name="test_filterHtml" file="/app/tests/Unit/Filters/ModelTrait/ValueTraitTest.php" line="94" class="Tests\Unit\GammaMatrix\Playground\Filters\ModelTrait\ValueTraitTest" classname="Tests.Unit.GammaMatrix.Playground.Filters.ModelTrait.ValueTraitTest" assertions="2" time="0.005256"/>
      </testsuite>
      <testsuite name="Tests\Unit\GammaMatrix\Playground\Models\Model\ModelTest" file="/app/tests/Unit/Models/Model/ModelTest.php" tests="5" assertions="5" errors="0" failures="0" skipped="0" time="0.135752">
        <testcase name="test_WithChildren_children_returns_HasMany" file="/app/tests/Unit/Models/Model/ModelTest.php" line="49" class="Tests\Unit\GammaMatrix\Playground\Models\Model\ModelTest" classname="Tests.Unit.GammaMatrix.Playground.Models.Model.ModelTest" assertions="1" time="0.114601"/>
        <testcase name="test_WithCreator_creator_returns_HasOne" file="/app/tests/Unit/Models/Model/ModelTest.php" line="54" class="Tests\Unit\GammaMatrix\Playground\Models\Model\ModelTest" classname="Tests.Unit.GammaMatrix.Playground.Models.Model.ModelTest" assertions="1" time="0.006606"/>
        <testcase name="test_WithModifier_modifier_returns_HasOne" file="/app/tests/Unit/Models/Model/ModelTest.php" line="59" class="Tests\Unit\GammaMatrix\Playground\Models\Model\ModelTest" classname="Tests.Unit.GammaMatrix.Playground.Models.Model.ModelTest" assertions="1" time="0.004834"/>
        <testcase name="test_WithOwner_owner_returns_HasOne" file="/app/tests/Unit/Models/Model/ModelTest.php" line="64" class="Tests\Unit\GammaMatrix\Playground\Models\Model\ModelTest" classname="Tests.Unit.GammaMatrix.Playground.Models.Model.ModelTest" assertions="1" time="0.004913"/>
        <testcase name="test_WithParent_parent_returns_HasOne" file="/app/tests/Unit/Models/Model/ModelTest.php" line="69" class="Tests\Unit\GammaMatrix\Playground\Models\Model\ModelTest" classname="Tests.Unit.GammaMatrix.Playground.Models.Model.ModelTest" assertions="1" time="0.004798"/>
      </testsuite>
      <testsuite name="Tests\Unit\GammaMatrix\Playground\Models\Traits\ScopeFilterColumns\ModelTest" file="/app/tests/Unit/Models/Traits/ScopeFilterColumns/ModelTest.php" tests="15" assertions="150" errors="0" failures="0" skipped="0" time="0.089557">
        <testcase name="test_scopeFilterColumns_returns_query_without_columns_or_filters" file="/app/tests/Unit/Models/Traits/ScopeFilterColumns/ModelTest.php" line="54" class="Tests\Unit\GammaMatrix\Playground\Models\Traits\ScopeFilterColumns\ModelTest" classname="Tests.Unit.GammaMatrix.Playground.Models.Traits.ScopeFilterColumns.ModelTest" assertions="2" time="0.005174"/>
        <testcase name="test_scopeFilterColumns_returns_query_without_filters" file="/app/tests/Unit/Models/Traits/ScopeFilterColumns/ModelTest.php" line="68" class="Tests\Unit\GammaMatrix\Playground\Models\Traits\ScopeFilterColumns\ModelTest" classname="Tests.Unit.GammaMatrix.Playground.Models.Traits.ScopeFilterColumns.ModelTest" assertions="4" time="0.005675"/>
        <testcase name="test_scopeFilterColumns_returns_query_with_invalid_column" file="/app/tests/Unit/Models/Traits/ScopeFilterColumns/ModelTest.php" line="89" class="Tests\Unit\GammaMatrix\Playground\Models\Traits\ScopeFilterColumns\ModelTest" classname="Tests.Unit.GammaMatrix.Playground.Models.Traits.ScopeFilterColumns.ModelTest" assertions="4" time="0.005303"/>
        <testcase name="test_scopeFilterColumns_returns_query_with_filters_without_meta_for_strings" file="/app/tests/Unit/Models/Traits/ScopeFilterColumns/ModelTest.php" line="117" class="Tests\Unit\GammaMatrix\Playground\Models\Traits\ScopeFilterColumns\ModelTest" classname="Tests.Unit.GammaMatrix.Playground.Models.Traits.ScopeFilterColumns.ModelTest" assertions="8" time="0.005744"/>
        <testcase name="test_scopeFilterColumns_returns_query_with_null_comparison_and_ignore" file="/app/tests/Unit/Models/Traits/ScopeFilterColumns/ModelTest.php" line="153" class="Tests\Unit\GammaMatrix\Playground\Models\Traits\ScopeFilterColumns\ModelTest" classname="Tests.Unit.GammaMatrix.Playground.Models.Traits.ScopeFilterColumns.ModelTest" assertions="4" time="0.005131"/>
        <testcase name="test_scopeFilterColumns_returns_query_with_comparison" file="/app/tests/Unit/Models/Traits/ScopeFilterColumns/ModelTest.php" line="182" class="Tests\Unit\GammaMatrix\Playground\Models\Traits\ScopeFilterColumns\ModelTest" classname="Tests.Unit.GammaMatrix.Playground.Models.Traits.ScopeFilterColumns.ModelTest" assertions="6" time="0.005258"/>
        <testcase name="test_scopeFilterColumns_with_boolean_filter_type_and_null_value" file="/app/tests/Unit/Models/Traits/ScopeFilterColumns/ModelTest.php" line="212" class="Tests\Unit\GammaMatrix\Playground\Models\Traits\ScopeFilterColumns\ModelTest" classname="Tests.Unit.GammaMatrix.Playground.Models.Traits.ScopeFilterColumns.ModelTest" assertions="6" time="0.005285"/>
        <testcase name="test_scopeFilterColumns_with_boolean_filter_type_and_true_value" file="/app/tests/Unit/Models/Traits/ScopeFilterColumns/ModelTest.php" line="244" class="Tests\Unit\GammaMatrix\Playground\Models\Traits\ScopeFilterColumns\ModelTest" classname="Tests.Unit.GammaMatrix.Playground.Models.Traits.ScopeFilterColumns.ModelTest" assertions="6" time="0.005552"/>
        <testcase name="test_scopeFilterColumns_with_boolean_filter_type_and_false_value" file="/app/tests/Unit/Models/Traits/ScopeFilterColumns/ModelTest.php" line="276" class="Tests\Unit\GammaMatrix\Playground\Models\Traits\ScopeFilterColumns\ModelTest" classname="Tests.Unit.GammaMatrix.Playground.Models.Traits.ScopeFilterColumns.ModelTest" assertions="6" time="0.005541"/>
        <testcase name="test_scopeFilterColumns_with_filter_operator_without_operator_and_default_to_like" file="/app/tests/Unit/Models/Traits/ScopeFilterColumns/ModelTest.php" line="308" class="Tests\Unit\GammaMatrix\Playground\Models\Traits\ScopeFilterColumns\ModelTest" classname="Tests.Unit.GammaMatrix.Playground.Models.Traits.ScopeFilterColumns.ModelTest" assertions="6" time="0.005649"/>
        <testcase name="test_scopeFilterColumns_with_filter_operators" file="/app/tests/Unit/Models/Traits/ScopeFilterColumns/ModelTest.php" line="340" class="Tests\Unit\GammaMatrix\Playground\Models\Traits\ScopeFilterColumns\ModelTest" classname="Tests.Unit.GammaMatrix.Playground.Models.Traits.ScopeFilterColumns.ModelTest" assertions="74" time="0.014073"/>
        <testcase name="test_scopeFilterColumns_with_between_filter_operator_without_single_parameter_and_ignore_between" file="/app/tests/Unit/Models/Traits/ScopeFilterColumns/ModelTest.php" line="425" class="Tests\Unit\GammaMatrix\Playground\Models\Traits\ScopeFilterColumns\ModelTest" classname="Tests.Unit.GammaMatrix.Playground.Models.Traits.ScopeFilterColumns.ModelTest" assertions="4" time="0.005347"/>
        <testcase name="test_scopeFilterColumns_with_between_filter_operator" file="/app/tests/Unit/Models/Traits/ScopeFilterColumns/ModelTest.php" line="456" class="Tests\Unit\GammaMatrix\Playground\Models\Traits\ScopeFilterColumns\ModelTest" classname="Tests.Unit.GammaMatrix.Playground.Models.Traits.ScopeFilterColumns.ModelTest" assertions="8" time="0.005363"/>
        <testcase name="test_scopeFilterColumns_with_not_between_filter_operator_without_single_parameter_and_ignore_between" file="/app/tests/Unit/Models/Traits/ScopeFilterColumns/ModelTest.php" line="491" class="Tests\Unit\GammaMatrix\Playground\Models\Traits\ScopeFilterColumns\ModelTest" classname="Tests.Unit.GammaMatrix.Playground.Models.Traits.ScopeFilterColumns.ModelTest" assertions="4" time="0.005181"/>
        <testcase name="test_scopeFilterColumns_with_not_between_filter_operator" file="/app/tests/Unit/Models/Traits/ScopeFilterColumns/ModelTest.php" line="522" class="Tests\Unit\GammaMatrix\Playground\Models\Traits\ScopeFilterColumns\ModelTest" classname="Tests.Unit.GammaMatrix.Playground.Models.Traits.ScopeFilterColumns.ModelTest" assertions="8" time="0.005280"/>
      </testsuite>
      <testsuite name="Tests\Unit\GammaMatrix\Playground\Models\Traits\ScopeFilterDates\ModelTest" file="/app/tests/Unit/Models/Traits/ScopeFilterDates/ModelTest.php" tests="18" assertions="160" errors="0" failures="0" skipped="0" time="0.106140">
        <testcase name="test_scopeFilterDates_returns_query_without_dates_or_filters" file="/app/tests/Unit/Models/Traits/ScopeFilterDates/ModelTest.php" line="57" class="Tests\Unit\GammaMatrix\Playground\Models\Traits\ScopeFilterDates\ModelTest" classname="Tests.Unit.GammaMatrix.Playground.Models.Traits.ScopeFilterDates.ModelTest" assertions="2" time="0.004951"/>
        <testcase name="test_scopeFilterDates_returns_query_without_filters" file="/app/tests/Unit/Models/Traits/ScopeFilterDates/ModelTest.php" line="71" class="Tests\Unit\GammaMatrix\Playground\Models\Traits\ScopeFilterDates\ModelTest" classname="Tests.Unit.GammaMatrix.Playground.Models.Traits.ScopeFilterDates.ModelTest" assertions="4" time="0.005040"/>
        <testcase name="test_scopeFilterDates_returns_query_with_invalid_column" file="/app/tests/Unit/Models/Traits/ScopeFilterDates/ModelTest.php" line="92" class="Tests\Unit\GammaMatrix\Playground\Models\Traits\ScopeFilterDates\ModelTest" classname="Tests.Unit.GammaMatrix.Playground.Models.Traits.ScopeFilterDates.ModelTest" assertions="4" time="0.005004"/>
        <testcase name="test_scopeFilterDates_returns_query_with_filters_without_meta_for_strings" file="/app/tests/Unit/Models/Traits/ScopeFilterDates/ModelTest.php" line="120" class="Tests\Unit\GammaMatrix\Playground\Models\Traits\ScopeFilterDates\ModelTest" classname="Tests.Unit.GammaMatrix.Playground.Models.Traits.ScopeFilterDates.ModelTest" assertions="6" time="0.005403"/>
        <testcase name="test_scopeFilterDates_returns_query_with_null_comparison_and_ignore" file="/app/tests/Unit/Models/Traits/ScopeFilterDates/ModelTest.php" line="153" class="Tests\Unit\GammaMatrix\Playground\Models\Traits\ScopeFilterDates\ModelTest" classname="Tests.Unit.GammaMatrix.Playground.Models.Traits.ScopeFilterDates.ModelTest" assertions="4" time="0.005238"/>
        <testcase name="test_scopeFilterDates_returns_query_with_null_comparison_and_allow" file="/app/tests/Unit/Models/Traits/ScopeFilterDates/ModelTest.php" line="186" class="Tests\Unit\GammaMatrix\Playground\Models\Traits\ScopeFilterDates\ModelTest" classname="Tests.Unit.GammaMatrix.Playground.Models.Traits.ScopeFilterDates.ModelTest" assertions="4" time="0.005519"/>
        <testcase name="test_scopeFilterDates_returns_query_with_comparison" file="/app/tests/Unit/Models/Traits/ScopeFilterDates/ModelTest.php" line="219" class="Tests\Unit\GammaMatrix\Playground\Models\Traits\ScopeFilterDates\ModelTest" classname="Tests.Unit.GammaMatrix.Playground.Models.Traits.ScopeFilterDates.ModelTest" assertions="6" time="0.005429"/>
        <testcase name="test_scopeFilterDates_returns_query_with_wildcard" file="/app/tests/Unit/Models/Traits/ScopeFilterDates/ModelTest.php" line="250" class="Tests\Unit\GammaMatrix\Playground\Models\Traits\ScopeFilterDates\ModelTest" classname="Tests.Unit.GammaMatrix.Playground.Models.Traits.ScopeFilterDates.ModelTest" assertions="6" time="0.005363"/>
        <testcase name="test_scopeFilterDates_returns_query_with_operator_wildcard" file="/app/tests/Unit/Models/Traits/ScopeFilterDates/ModelTest.php" line="280" class="Tests\Unit\GammaMatrix\Playground\Models\Traits\ScopeFilterDates\ModelTest" classname="Tests.Unit.GammaMatrix.Playground.Models.Traits.ScopeFilterDates.ModelTest" assertions="6" time="0.005589"/>
        <testcase name="test_scopeFilterDates_returns_query_with_object_value_and_ignore" file="/app/tests/Unit/Models/Traits/ScopeFilterDates/ModelTest.php" line="312" class="Tests\Unit\GammaMatrix\Playground\Models\Traits\ScopeFilterDates\ModelTest" classname="Tests.Unit.GammaMatrix.Playground.Models.Traits.ScopeFilterDates.ModelTest" assertions="4" time="0.005328"/>
        <testcase name="test_scopeFilterDates_returns_query_with_unnullable_value_and_ignore" file="/app/tests/Unit/Models/Traits/ScopeFilterDates/ModelTest.php" line="343" class="Tests\Unit\GammaMatrix\Playground\Models\Traits\ScopeFilterDates\ModelTest" classname="Tests.Unit.GammaMatrix.Playground.Models.Traits.ScopeFilterDates.ModelTest" assertions="4" time="0.005232"/>
        <testcase name="test_scopeFilterDates_returns_query_with_invalid_operator_and_use_like" file="/app/tests/Unit/Models/Traits/ScopeFilterDates/ModelTest.php" line="373" class="Tests\Unit\GammaMatrix\Playground\Models\Traits\ScopeFilterDates\ModelTest" classname="Tests.Unit.GammaMatrix.Playground.Models.Traits.ScopeFilterDates.ModelTest" assertions="6" time="0.005598"/>
        <testcase name="test_scopeFilterDates_returns_query_with_invalid_parsable_value_and_ignore" file="/app/tests/Unit/Models/Traits/ScopeFilterDates/ModelTest.php" line="409" class="Tests\Unit\GammaMatrix\Playground\Models\Traits\ScopeFilterDates\ModelTest" classname="Tests.Unit.GammaMatrix.Playground.Models.Traits.ScopeFilterDates.ModelTest" assertions="4" time="0.005702"/>
        <testcase name="test_scopeFilterDates_returns_query_with_short_date_and_gte_operator" file="/app/tests/Unit/Models/Traits/ScopeFilterDates/ModelTest.php" line="440" class="Tests\Unit\GammaMatrix\Playground\Models\Traits\ScopeFilterDates\ModelTest" classname="Tests.Unit.GammaMatrix.Playground.Models.Traits.ScopeFilterDates.ModelTest" assertions="6" time="0.005458"/>
        <testcase name="test_scopeFilterDates_returns_query_with_phrase_date_and_automatically_parse" file="/app/tests/Unit/Models/Traits/ScopeFilterDates/ModelTest.php" line="473" class="Tests\Unit\GammaMatrix\Playground\Models\Traits\ScopeFilterDates\ModelTest" classname="Tests.Unit.GammaMatrix.Playground.Models.Traits.ScopeFilterDates.ModelTest" assertions="6" time="0.005593"/>
        <testcase name="test_scopeFilterDates_with_between_filter_operator_with_parse" file="/app/tests/Unit/Models/Traits/ScopeFilterDates/ModelTest.php" line="509" class="Tests\Unit\GammaMatrix\Playground\Models\Traits\ScopeFilterDates\ModelTest" classname="Tests.Unit.GammaMatrix.Playground.Models.Traits.ScopeFilterDates.ModelTest" assertions="7" time="0.005993"/>
        <testcase name="test_scopeFilterDates_with_not_between_filter_operator_with_parse" file="/app/tests/Unit/Models/Traits/ScopeFilterDates/ModelTest.php" line="552" class="Tests\Unit\GammaMatrix\Playground\Models\Traits\ScopeFilterDates\ModelTest" classname="Tests.Unit.GammaMatrix.Playground.Models.Traits.ScopeFilterDates.ModelTest" assertions="7" time="0.005867"/>
        <testcase name="test_scopeFilterDates_with_filter_operators" file="/app/tests/Unit/Models/Traits/ScopeFilterDates/ModelTest.php" line="595" class="Tests\Unit\GammaMatrix\Playground\Models\Traits\ScopeFilterDates\ModelTest" classname="Tests.Unit.GammaMatrix.Playground.Models.Traits.ScopeFilterDates.ModelTest" assertions="74" time="0.013834"/>
      </testsuite>
      <testsuite name="Tests\Unit\GammaMatrix\Playground\Models\Traits\ScopeFilterFlags\ModelTest" file="/app/tests/Unit/Models/Traits/ScopeFilterFlags/ModelTest.php" tests="3" assertions="14" errors="0" failures="0" skipped="0" time="0.015406">
        <testcase name="test_scopeFilterFlags_returns_query_without_flags_or_filters" file="/app/tests/Unit/Models/Traits/ScopeFilterFlags/ModelTest.php" line="54" class="Tests\Unit\GammaMatrix\Playground\Models\Traits\ScopeFilterFlags\ModelTest" classname="Tests.Unit.GammaMatrix.Playground.Models.Traits.ScopeFilterFlags.ModelTest" assertions="2" time="0.004823"/>
        <testcase name="test_scopeFilterFlags_returns_query_without_filters" file="/app/tests/Unit/Models/Traits/ScopeFilterFlags/ModelTest.php" line="68" class="Tests\Unit\GammaMatrix\Playground\Models\Traits\ScopeFilterFlags\ModelTest" classname="Tests.Unit.GammaMatrix.Playground.Models.Traits.ScopeFilterFlags.ModelTest" assertions="4" time="0.005122"/>
        <testcase name="test_scopeFilterFlags_returns_query_with_filters" file="/app/tests/Unit/Models/Traits/ScopeFilterFlags/ModelTest.php" line="89" class="Tests\Unit\GammaMatrix\Playground\Models\Traits\ScopeFilterFlags\ModelTest" classname="Tests.Unit.GammaMatrix.Playground.Models.Traits.ScopeFilterFlags.ModelTest" assertions="8" time="0.005461"/>
      </testsuite>
      <testsuite name="Tests\Unit\GammaMatrix\Playground\Models\Traits\ScopeFilterIds\ModelTest" file="/app/tests/Unit/Models/Traits/ScopeFilterIds/ModelTest.php" tests="11" assertions="70" errors="0" failures="0" skipped="0" time="0.064684">
        <testcase name="test_scopeFilterIds_returns_query_without_ids_or_filters" file="/app/tests/Unit/Models/Traits/ScopeFilterIds/ModelTest.php" line="54" class="Tests\Unit\GammaMatrix\Playground\Models\Traits\ScopeFilterIds\ModelTest" classname="Tests.Unit.GammaMatrix.Playground.Models.Traits.ScopeFilterIds.ModelTest" assertions="2" time="0.004920"/>
        <testcase name="test_scopeFilterIds_returns_query_without_filters" file="/app/tests/Unit/Models/Traits/ScopeFilterIds/ModelTest.php" line="68" class="Tests\Unit\GammaMatrix\Playground\Models\Traits\ScopeFilterIds\ModelTest" classname="Tests.Unit.GammaMatrix.Playground.Models.Traits.ScopeFilterIds.ModelTest" assertions="4" time="0.004966"/>
        <testcase name="test_scopeFilterIds_returns_query_with_invalid_column" file="/app/tests/Unit/Models/Traits/ScopeFilterIds/ModelTest.php" line="89" class="Tests\Unit\GammaMatrix\Playground\Models\Traits\ScopeFilterIds\ModelTest" classname="Tests.Unit.GammaMatrix.Playground.Models.Traits.ScopeFilterIds.ModelTest" assertions="4" time="0.004992"/>
        <testcase name="test_scopeFilterIds_returns_query_with_null_comparison" file="/app/tests/Unit/Models/Traits/ScopeFilterIds/ModelTest.php" line="117" class="Tests\Unit\GammaMatrix\Playground\Models\Traits\ScopeFilterIds\ModelTest" classname="Tests.Unit.GammaMatrix.Playground.Models.Traits.ScopeFilterIds.ModelTest" assertions="4" time="0.005217"/>
        <testcase name="test_scopeFilterIds_returns_query_with_comparison" file="/app/tests/Unit/Models/Traits/ScopeFilterIds/ModelTest.php" line="146" class="Tests\Unit\GammaMatrix\Playground\Models\Traits\ScopeFilterIds\ModelTest" classname="Tests.Unit.GammaMatrix.Playground.Models.Traits.ScopeFilterIds.ModelTest" assertions="6" time="0.005483"/>
        <testcase name="test_scopeFilterIds_returns_query_with_filters_array" file="/app/tests/Unit/Models/Traits/ScopeFilterIds/ModelTest.php" line="176" class="Tests\Unit\GammaMatrix\Playground\Models\Traits\ScopeFilterIds\ModelTest" classname="Tests.Unit.GammaMatrix.Playground.Models.Traits.ScopeFilterIds.ModelTest" assertions="10" time="0.007097"/>
        <testcase name="test_scopeFilterIds_returns_query_with_filters_with_integer" file="/app/tests/Unit/Models/Traits/ScopeFilterIds/ModelTest.php" line="224" class="Tests\Unit\GammaMatrix\Playground\Models\Traits\ScopeFilterIds\ModelTest" classname="Tests.Unit.GammaMatrix.Playground.Models.Traits.ScopeFilterIds.ModelTest" assertions="6" time="0.005325"/>
        <testcase name="test_scopeFilterIds_returns_query_with_array_of_ids_without_type" file="/app/tests/Unit/Models/Traits/ScopeFilterIds/ModelTest.php" line="263" class="Tests\Unit\GammaMatrix\Playground\Models\Traits\ScopeFilterIds\ModelTest" classname="Tests.Unit.GammaMatrix.Playground.Models.Traits.ScopeFilterIds.ModelTest" assertions="10" time="0.006973"/>
        <testcase name="test_scopeFilterIds_returns_query_with_array_of_uuids_for_integer_type_ids_and_ignore" file="/app/tests/Unit/Models/Traits/ScopeFilterIds/ModelTest.php" line="309" class="Tests\Unit\GammaMatrix\Playground\Models\Traits\ScopeFilterIds\ModelTest" classname="Tests.Unit.GammaMatrix.Playground.Models.Traits.ScopeFilterIds.ModelTest" assertions="4" time="0.007114"/>
        <testcase name="test_scopeFilterIds_returns_query_with_array_of_integer_ids_ignore_duplicate_id" file="/app/tests/Unit/Models/Traits/ScopeFilterIds/ModelTest.php" line="348" class="Tests\Unit\GammaMatrix\Playground\Models\Traits\ScopeFilterIds\ModelTest" classname="Tests.Unit.GammaMatrix.Playground.Models.Traits.ScopeFilterIds.ModelTest" assertions="8" time="0.005348"/>
        <testcase name="test_scopeFilterIds_returns_query_with_filters_with_null_and_string_and_array" file="/app/tests/Unit/Models/Traits/ScopeFilterIds/ModelTest.php" line="392" class="Tests\Unit\GammaMatrix\Playground\Models\Traits\ScopeFilterIds\ModelTest" classname="Tests.Unit.GammaMatrix.Playground.Models.Traits.ScopeFilterIds.ModelTest" assertions="12" time="0.007249"/>
      </testsuite>
      <testsuite name="Tests\Unit\GammaMatrix\Playground\Models\Traits\ScopeFilterTrash\ModelTest" file="/app/tests/Unit/Models/Traits/ScopeFilterTrash/ModelTest.php" tests="3" assertions="6" errors="0" failures="0" skipped="0" time="0.014706">
        <testcase name="test_scopeFilterTrash_returns_query_with_empty_visibility" file="/app/tests/Unit/Models/Traits/ScopeFilterTrash/ModelTest.php" line="54" class="Tests\Unit\GammaMatrix\Playground\Models\Traits\ScopeFilterTrash\ModelTest" classname="Tests.Unit.GammaMatrix.Playground.Models.Traits.ScopeFilterTrash.ModelTest" assertions="2" time="0.004808"/>
        <testcase name="test_scopeFilterTrash_returns_query_with_trash" file="/app/tests/Unit/Models/Traits/ScopeFilterTrash/ModelTest.php" line="68" class="Tests\Unit\GammaMatrix\Playground\Models\Traits\ScopeFilterTrash\ModelTest" classname="Tests.Unit.GammaMatrix.Playground.Models.Traits.ScopeFilterTrash.ModelTest" assertions="2" time="0.004762"/>
        <testcase name="test_scopeFilterTrash_returns_query_with_only_trash" file="/app/tests/Unit/Models/Traits/ScopeFilterTrash/ModelTest.php" line="84" class="Tests\Unit\GammaMatrix\Playground\Models\Traits\ScopeFilterTrash\ModelTest" classname="Tests.Unit.GammaMatrix.Playground.Models.Traits.ScopeFilterTrash.ModelTest" assertions="2" time="0.005136"/>
      </testsuite>
      <testsuite name="Tests\Unit\GammaMatrix\Playground\Models\Traits\ScopeSort\ModelTest" file="/app/tests/Unit/Models/Traits/ScopeSort/ModelTest.php" tests="11" assertions="23" errors="0" failures="0" skipped="0" time="0.056439">
        <testcase name="test_scopeSort_returns_query_with_empty_sort" file="/app/tests/Unit/Models/Traits/ScopeSort/ModelTest.php" line="54" class="Tests\Unit\GammaMatrix\Playground\Models\Traits\ScopeSort\ModelTest" classname="Tests.Unit.GammaMatrix.Playground.Models.Traits.ScopeSort.ModelTest" assertions="3" time="0.005567"/>
        <testcase name="test_scopeSort_returns_query_with_array_boolean_sort_asc" file="/app/tests/Unit/Models/Traits/ScopeSort/ModelTest.php" line="70" class="Tests\Unit\GammaMatrix\Playground\Models\Traits\ScopeSort\ModelTest" classname="Tests.Unit.GammaMatrix.Playground.Models.Traits.ScopeSort.ModelTest" assertions="2" time="0.005402"/>
        <testcase name="test_scopeSort_returns_query_with_array_boolean_sort_desc" file="/app/tests/Unit/Models/Traits/ScopeSort/ModelTest.php" line="88" class="Tests\Unit\GammaMatrix\Playground\Models\Traits\ScopeSort\ModelTest" classname="Tests.Unit.GammaMatrix.Playground.Models.Traits.ScopeSort.ModelTest" assertions="2" time="0.005448"/>
        <testcase name="test_scopeSort_returns_query_with_array_boolean_sort_pair" file="/app/tests/Unit/Models/Traits/ScopeSort/ModelTest.php" line="106" class="Tests\Unit\GammaMatrix\Playground\Models\Traits\ScopeSort\ModelTest" classname="Tests.Unit.GammaMatrix.Playground.Models.Traits.ScopeSort.ModelTest" assertions="2" time="0.005149"/>
        <testcase name="test_scopeSort_returns_query_with_array_boolean_sort_triplet" file="/app/tests/Unit/Models/Traits/ScopeSort/ModelTest.php" line="125" class="Tests\Unit\GammaMatrix\Playground\Models\Traits\ScopeSort\ModelTest" classname="Tests.Unit.GammaMatrix.Playground.Models.Traits.ScopeSort.ModelTest" assertions="2" time="0.005154"/>
        <testcase name="test_scopeSort_returns_query_with_csv_sort_asc" file="/app/tests/Unit/Models/Traits/ScopeSort/ModelTest.php" line="145" class="Tests\Unit\GammaMatrix\Playground\Models\Traits\ScopeSort\ModelTest" classname="Tests.Unit.GammaMatrix.Playground.Models.Traits.ScopeSort.ModelTest" assertions="2" time="0.004810"/>
        <testcase name="test_scopeSort_returns_query_with_csv_sort_desc" file="/app/tests/Unit/Models/Traits/ScopeSort/ModelTest.php" line="159" class="Tests\Unit\GammaMatrix\Playground\Models\Traits\ScopeSort\ModelTest" classname="Tests.Unit.GammaMatrix.Playground.Models.Traits.ScopeSort.ModelTest" assertions="2" time="0.004889"/>
        <testcase name="test_scopeSort_returns_query_with_simple_array_asc" file="/app/tests/Unit/Models/Traits/ScopeSort/ModelTest.php" line="182" class="Tests\Unit\GammaMatrix\Playground\Models\Traits\ScopeSort\ModelTest" classname="Tests.Unit.GammaMatrix.Playground.Models.Traits.ScopeSort.ModelTest" assertions="2" time="0.005122"/>
        <testcase name="test_scopeSort_returns_query_with_simple_array_desc" file="/app/tests/Unit/Models/Traits/ScopeSort/ModelTest.php" line="198" class="Tests\Unit\GammaMatrix\Playground\Models\Traits\ScopeSort\ModelTest" classname="Tests.Unit.GammaMatrix.Playground.Models.Traits.ScopeSort.ModelTest" assertions="2" time="0.005110"/>
        <testcase name="test_scopeSort_returns_query_with_hash_array_asc" file="/app/tests/Unit/Models/Traits/ScopeSort/ModelTest.php" line="215" class="Tests\Unit\GammaMatrix\Playground\Models\Traits\ScopeSort\ModelTest" classname="Tests.Unit.GammaMatrix.Playground.Models.Traits.ScopeSort.ModelTest" assertions="2" time="0.004852"/>
        <testcase name="test_scopeSort_returns_query_with_hash_array_desc" file="/app/tests/Unit/Models/Traits/ScopeSort/ModelTest.php" line="233" class="Tests\Unit\GammaMatrix\Playground\Models\Traits\ScopeSort\ModelTest" classname="Tests.Unit.GammaMatrix.Playground.Models.Traits.ScopeSort.ModelTest" assertions="2" time="0.004937"/>
      </testsuite>
      <testsuite name="Tests\Unit\GammaMatrix\Playground\Models\Traits\UserPrivileges\TraitTest" file="/app/tests/Unit/Models/Traits/UserPrivileges/TraitTest.php" tests="20" assertions="20" errors="0" failures="0" skipped="0" time="0.101303">
        <testcase name="test_hasPrivilege_is_false_with_null_privilege" file="/app/tests/Unit/Models/Traits/UserPrivileges/TraitTest.php" line="46" class="Tests\Unit\GammaMatrix\Playground\Models\Traits\UserPrivileges\TraitTest" classname="Tests.Unit.GammaMatrix.Playground.Models.Traits.UserPrivileges.TraitTest" assertions="1" time="0.010571"/>
        <testcase name="test_hasPrivilege_is_false_with_false_privilege" file="/app/tests/Unit/Models/Traits/UserPrivileges/TraitTest.php" line="52" class="Tests\Unit\GammaMatrix\Playground\Models\Traits\UserPrivileges\TraitTest" classname="Tests.Unit.GammaMatrix.Playground.Models.Traits.UserPrivileges.TraitTest" assertions="1" time="0.004245"/>
        <testcase name="test_hasPrivilege_is_true_with_privilege_that_does_exist" file="/app/tests/Unit/Models/Traits/UserPrivileges/TraitTest.php" line="58" class="Tests\Unit\GammaMatrix\Playground\Models\Traits\UserPrivileges\TraitTest" classname="Tests.Unit.GammaMatrix.Playground.Models.Traits.UserPrivileges.TraitTest" assertions="1" time="0.004666"/>
        <testcase name="test_hasPrivilege_is_false_with_privilege_that_does_not_exist" file="/app/tests/Unit/Models/Traits/UserPrivileges/TraitTest.php" line="69" class="Tests\Unit\GammaMatrix\Playground\Models\Traits\UserPrivileges\TraitTest" classname="Tests.Unit.GammaMatrix.Playground.Models.Traits.UserPrivileges.TraitTest" assertions="1" time="0.004648"/>
        <testcase name="test_hasRole_is_false_with_null_role" file="/app/tests/Unit/Models/Traits/UserPrivileges/TraitTest.php" line="80" class="Tests\Unit\GammaMatrix\Playground\Models\Traits\UserPrivileges\TraitTest" classname="Tests.Unit.GammaMatrix.Playground.Models.Traits.UserPrivileges.TraitTest" assertions="1" time="0.004248"/>
        <testcase name="test_hasRole_is_false_with_false_role" file="/app/tests/Unit/Models/Traits/UserPrivileges/TraitTest.php" line="86" class="Tests\Unit\GammaMatrix\Playground\Models\Traits\UserPrivileges\TraitTest" classname="Tests.Unit.GammaMatrix.Playground.Models.Traits.UserPrivileges.TraitTest" assertions="1" time="0.004245"/>
        <testcase name="test_hasRole_is_true_with_role_that_does_exist" file="/app/tests/Unit/Models/Traits/UserPrivileges/TraitTest.php" line="92" class="Tests\Unit\GammaMatrix\Playground\Models\Traits\UserPrivileges\TraitTest" classname="Tests.Unit.GammaMatrix.Playground.Models.Traits.UserPrivileges.TraitTest" assertions="1" time="0.004758"/>
        <testcase name="test_hasRole_is_false_with_role_that_does_not_exist" file="/app/tests/Unit/Models/Traits/UserPrivileges/TraitTest.php" line="103" class="Tests\Unit\GammaMatrix\Playground\Models\Traits\UserPrivileges\TraitTest" classname="Tests.Unit.GammaMatrix.Playground.Models.Traits.UserPrivileges.TraitTest" assertions="1" time="0.004888"/>
        <testcase name="test_hasRole_is_false_with_secondary_role_that_does_not_exist" file="/app/tests/Unit/Models/Traits/UserPrivileges/TraitTest.php" line="114" class="Tests\Unit\GammaMatrix\Playground\Models\Traits\UserPrivileges\TraitTest" classname="Tests.Unit.GammaMatrix.Playground.Models.Traits.UserPrivileges.TraitTest" assertions="1" time="0.004910"/>
        <testcase name="test_hasRole_is_true_with_secondary_role_that_does_exist" file="/app/tests/Unit/Models/Traits/UserPrivileges/TraitTest.php" line="129" class="Tests\Unit\GammaMatrix\Playground\Models\Traits\UserPrivileges\TraitTest" classname="Tests.Unit.GammaMatrix.Playground.Models.Traits.UserPrivileges.TraitTest" assertions="1" time="0.004809"/>
        <testcase name="test_hasRole_is_true_with_other_secondary_role_that_does_exist" file="/app/tests/Unit/Models/Traits/UserPrivileges/TraitTest.php" line="144" class="Tests\Unit\GammaMatrix\Playground\Models\Traits\UserPrivileges\TraitTest" classname="Tests.Unit.GammaMatrix.Playground.Models.Traits.UserPrivileges.TraitTest" assertions="1" time="0.005021"/>
        <testcase name="test_hasRole_is_true_with_primary_role_that_does_exist" file="/app/tests/Unit/Models/Traits/UserPrivileges/TraitTest.php" line="159" class="Tests\Unit\GammaMatrix\Playground\Models\Traits\UserPrivileges\TraitTest" classname="Tests.Unit.GammaMatrix.Playground.Models.Traits.UserPrivileges.TraitTest" assertions="1" time="0.004726"/>
        <testcase name="test_isAdmin_is_false_without_roles" file="/app/tests/Unit/Models/Traits/UserPrivileges/TraitTest.php" line="174" class="Tests\Unit\GammaMatrix\Playground\Models\Traits\UserPrivileges\TraitTest" classname="Tests.Unit.GammaMatrix.Playground.Models.Traits.UserPrivileges.TraitTest" assertions="1" time="0.004672"/>
        <testcase name="test_isAdmin_is_true_with_role_that_does_exist" file="/app/tests/Unit/Models/Traits/UserPrivileges/TraitTest.php" line="179" class="Tests\Unit\GammaMatrix\Playground\Models\Traits\UserPrivileges\TraitTest" classname="Tests.Unit.GammaMatrix.Playground.Models.Traits.UserPrivileges.TraitTest" assertions="1" time="0.004895"/>
        <testcase name="test_isAdmin_is_false_with_user_role_that_does_not_exist" file="/app/tests/Unit/Models/Traits/UserPrivileges/TraitTest.php" line="189" class="Tests\Unit\GammaMatrix\Playground\Models\Traits\UserPrivileges\TraitTest" classname="Tests.Unit.GammaMatrix.Playground.Models.Traits.UserPrivileges.TraitTest" assertions="1" time="0.005178"/>
        <testcase name="test_isAdmin_is_false_with_secondary_role_that_does_not_exist" file="/app/tests/Unit/Models/Traits/UserPrivileges/TraitTest.php" line="199" class="Tests\Unit\GammaMatrix\Playground\Models\Traits\UserPrivileges\TraitTest" classname="Tests.Unit.GammaMatrix.Playground.Models.Traits.UserPrivileges.TraitTest" assertions="1" time="0.005178"/>
        <testcase name="test_isAdmin_is_false_with_secondary_roles_that_exist_and_not_admin" file="/app/tests/Unit/Models/Traits/UserPrivileges/TraitTest.php" line="213" class="Tests\Unit\GammaMatrix\Playground\Models\Traits\UserPrivileges\TraitTest" classname="Tests.Unit.GammaMatrix.Playground.Models.Traits.UserPrivileges.TraitTest" assertions="1" time="0.005037"/>
        <testcase name="test_isAdmin_is_true_with_other_secondary_role_that_does_exist" file="/app/tests/Unit/Models/Traits/UserPrivileges/TraitTest.php" line="227" class="Tests\Unit\GammaMatrix\Playground\Models\Traits\UserPrivileges\TraitTest" classname="Tests.Unit.GammaMatrix.Playground.Models.Traits.UserPrivileges.TraitTest" assertions="1" time="0.004869"/>
        <testcase name="test_isAdmin_is_true_with_primary_role_that_does_exist" file="/app/tests/Unit/Models/Traits/UserPrivileges/TraitTest.php" line="241" class="Tests\Unit\GammaMatrix\Playground\Models\Traits\UserPrivileges\TraitTest" classname="Tests.Unit.GammaMatrix.Playground.Models.Traits.UserPrivileges.TraitTest" assertions="1" time="0.004930"/>
        <testcase name="test_isAdmin_is_false_with_secondary_root_role" file="/app/tests/Unit/Models/Traits/UserPrivileges/TraitTest.php" line="255" class="Tests\Unit\GammaMatrix\Playground\Models\Traits\UserPrivileges\TraitTest" classname="Tests.Unit.GammaMatrix.Playground.Models.Traits.UserPrivileges.TraitTest" assertions="1" time="0.004811"/>
      </testsuite>
      <testsuite name="Tests\Unit\GammaMatrix\Playground\Policies\ModelPolicy\AbstractRoleTest" file="/app/tests/Unit/Policies/ModelPolicy/AbstractRoleTest.php" tests="24" assertions="30" errors="0" failures="0" skipped="0" time="0.240181">
        <testcase name="test_create_without_role" file="/app/tests/Unit/Policies/ModelPolicy/AbstractRoleTest.php" line="64" class="Tests\Unit\GammaMatrix\Playground\Policies\ModelPolicy\AbstractRoleTest" classname="Tests.Unit.GammaMatrix.Playground.Policies.ModelPolicy.AbstractRoleTest" assertions="1" time="0.072943"/>
        <testcase name="test_create_with_admin" file="/app/tests/Unit/Policies/ModelPolicy/AbstractRoleTest.php" line="75" class="Tests\Unit\GammaMatrix\Playground\Policies\ModelPolicy\AbstractRoleTest" classname="Tests.Unit.GammaMatrix.Playground.Policies.ModelPolicy.AbstractRoleTest" assertions="1" time="0.006717"/>
        <testcase name="test_delete_without_role" file="/app/tests/Unit/Policies/ModelPolicy/AbstractRoleTest.php" line="95" class="Tests\Unit\GammaMatrix\Playground\Policies\ModelPolicy\AbstractRoleTest" classname="Tests.Unit.GammaMatrix.Playground.Policies.ModelPolicy.AbstractRoleTest" assertions="1" time="0.007589"/>
        <testcase name="test_delete_with_admin" file="/app/tests/Unit/Policies/ModelPolicy/AbstractRoleTest.php" line="109" class="Tests\Unit\GammaMatrix\Playground\Policies\ModelPolicy\AbstractRoleTest" classname="Tests.Unit.GammaMatrix.Playground.Policies.ModelPolicy.AbstractRoleTest" assertions="1" time="0.006835"/>
        <testcase name="test_delete_locked_with_admin" file="/app/tests/Unit/Policies/ModelPolicy/AbstractRoleTest.php" line="130" class="Tests\Unit\GammaMatrix\Playground\Policies\ModelPolicy\AbstractRoleTest" classname="Tests.Unit.GammaMatrix.Playground.Policies.ModelPolicy.AbstractRoleTest" assertions="4" time="0.008141"/>
        <testcase name="test_detail_without_role" file="/app/tests/Unit/Policies/ModelPolicy/AbstractRoleTest.php" line="168" class="Tests\Unit\GammaMatrix\Playground\Policies\ModelPolicy\AbstractRoleTest" classname="Tests.Unit.GammaMatrix.Playground.Policies.ModelPolicy.AbstractRoleTest" assertions="1" time="0.007157"/>
        <testcase name="test_detail_with_admin" file="/app/tests/Unit/Policies/ModelPolicy/AbstractRoleTest.php" line="182" class="Tests\Unit\GammaMatrix\Playground\Policies\ModelPolicy\AbstractRoleTest" classname="Tests.Unit.GammaMatrix.Playground.Policies.ModelPolicy.AbstractRoleTest" assertions="1" time="0.006787"/>
        <testcase name="test_edit_without_role" file="/app/tests/Unit/Policies/ModelPolicy/AbstractRoleTest.php" line="205" class="Tests\Unit\GammaMatrix\Playground\Policies\ModelPolicy\AbstractRoleTest" classname="Tests.Unit.GammaMatrix.Playground.Policies.ModelPolicy.AbstractRoleTest" assertions="1" time="0.007379"/>
        <testcase name="test_edit_with_admin" file="/app/tests/Unit/Policies/ModelPolicy/AbstractRoleTest.php" line="219" class="Tests\Unit\GammaMatrix\Playground\Policies\ModelPolicy\AbstractRoleTest" classname="Tests.Unit.GammaMatrix.Playground.Policies.ModelPolicy.AbstractRoleTest" assertions="1" time="0.006979"/>
        <testcase name="test_forceDelete_without_role" file="/app/tests/Unit/Policies/ModelPolicy/AbstractRoleTest.php" line="242" class="Tests\Unit\GammaMatrix\Playground\Policies\ModelPolicy\AbstractRoleTest" classname="Tests.Unit.GammaMatrix.Playground.Policies.ModelPolicy.AbstractRoleTest" assertions="1" time="0.007476"/>
        <testcase name="test_forceDelete_with_admin" file="/app/tests/Unit/Policies/ModelPolicy/AbstractRoleTest.php" line="256" class="Tests\Unit\GammaMatrix\Playground\Policies\ModelPolicy\AbstractRoleTest" classname="Tests.Unit.GammaMatrix.Playground.Policies.ModelPolicy.AbstractRoleTest" assertions="1" time="0.006860"/>
        <testcase name="test_lock_without_role" file="/app/tests/Unit/Policies/ModelPolicy/AbstractRoleTest.php" line="279" class="Tests\Unit\GammaMatrix\Playground\Policies\ModelPolicy\AbstractRoleTest" classname="Tests.Unit.GammaMatrix.Playground.Policies.ModelPolicy.AbstractRoleTest" assertions="1" time="0.007298"/>
        <testcase name="test_lock_with_admin" file="/app/tests/Unit/Policies/ModelPolicy/AbstractRoleTest.php" line="293" class="Tests\Unit\GammaMatrix\Playground\Policies\ModelPolicy\AbstractRoleTest" classname="Tests.Unit.GammaMatrix.Playground.Policies.ModelPolicy.AbstractRoleTest" assertions="1" time="0.006922"/>
        <testcase name="test_manage_without_role" file="/app/tests/Unit/Policies/ModelPolicy/AbstractRoleTest.php" line="316" class="Tests\Unit\GammaMatrix\Playground\Policies\ModelPolicy\AbstractRoleTest" classname="Tests.Unit.GammaMatrix.Playground.Policies.ModelPolicy.AbstractRoleTest" assertions="1" time="0.007378"/>
        <testcase name="test_manage_with_admin" file="/app/tests/Unit/Policies/ModelPolicy/AbstractRoleTest.php" line="330" class="Tests\Unit\GammaMatrix\Playground\Policies\ModelPolicy\AbstractRoleTest" classname="Tests.Unit.GammaMatrix.Playground.Policies.ModelPolicy.AbstractRoleTest" assertions="1" time="0.006958"/>
        <testcase name="test_restore_without_role" file="/app/tests/Unit/Policies/ModelPolicy/AbstractRoleTest.php" line="353" class="Tests\Unit\GammaMatrix\Playground\Policies\ModelPolicy\AbstractRoleTest" classname="Tests.Unit.GammaMatrix.Playground.Policies.ModelPolicy.AbstractRoleTest" assertions="1" time="0.007690"/>
        <testcase name="test_restore_with_admin" file="/app/tests/Unit/Policies/ModelPolicy/AbstractRoleTest.php" line="367" class="Tests\Unit\GammaMatrix\Playground\Policies\ModelPolicy\AbstractRoleTest" classname="Tests.Unit.GammaMatrix.Playground.Policies.ModelPolicy.AbstractRoleTest" assertions="1" time="0.007673"/>
        <testcase name="test_store_without_role" file="/app/tests/Unit/Policies/ModelPolicy/AbstractRoleTest.php" line="388" class="Tests\Unit\GammaMatrix\Playground\Policies\ModelPolicy\AbstractRoleTest" classname="Tests.Unit.GammaMatrix.Playground.Policies.ModelPolicy.AbstractRoleTest" assertions="1" time="0.007503"/>
        <testcase name="test_store_with_admin" file="/app/tests/Unit/Policies/ModelPolicy/AbstractRoleTest.php" line="399" class="Tests\Unit\GammaMatrix\Playground\Policies\ModelPolicy\AbstractRoleTest" classname="Tests.Unit.GammaMatrix.Playground.Policies.ModelPolicy.AbstractRoleTest" assertions="1" time="0.007422"/>
        <testcase name="test_update_without_role" file="/app/tests/Unit/Policies/ModelPolicy/AbstractRoleTest.php" line="419" class="Tests\Unit\GammaMatrix\Playground\Policies\ModelPolicy\AbstractRoleTest" classname="Tests.Unit.GammaMatrix.Playground.Policies.ModelPolicy.AbstractRoleTest" assertions="1" time="0.007781"/>
        <testcase name="test_update_with_admin" file="/app/tests/Unit/Policies/ModelPolicy/AbstractRoleTest.php" line="433" class="Tests\Unit\GammaMatrix\Playground\Policies\ModelPolicy\AbstractRoleTest" classname="Tests.Unit.GammaMatrix.Playground.Policies.ModelPolicy.AbstractRoleTest" assertions="1" time="0.006879"/>
        <testcase name="test_update_locked_with_admin" file="/app/tests/Unit/Policies/ModelPolicy/AbstractRoleTest.php" line="454" class="Tests\Unit\GammaMatrix\Playground\Policies\ModelPolicy\AbstractRoleTest" classname="Tests.Unit.GammaMatrix.Playground.Policies.ModelPolicy.AbstractRoleTest" assertions="4" time="0.007442"/>
        <testcase name="test_unlock_without_role" file="/app/tests/Unit/Policies/ModelPolicy/AbstractRoleTest.php" line="492" class="Tests\Unit\GammaMatrix\Playground\Policies\ModelPolicy\AbstractRoleTest" classname="Tests.Unit.GammaMatrix.Playground.Policies.ModelPolicy.AbstractRoleTest" assertions="1" time="0.007622"/>
        <testcase name="test_unlock_with_admin" file="/app/tests/Unit/Policies/ModelPolicy/AbstractRoleTest.php" line="506" class="Tests\Unit\GammaMatrix\Playground\Policies\ModelPolicy\AbstractRoleTest" classname="Tests.Unit.GammaMatrix.Playground.Policies.ModelPolicy.AbstractRoleTest" assertions="1" time="0.006748"/>
      </testsuite>
      <testsuite name="Tests\Unit\GammaMatrix\Playground\Policies\Policy\AbstractTest" file="/app/tests/Unit/Policies/Policy/AbstractTest.php" tests="7" assertions="7" errors="0" failures="0" skipped="0" time="0.049466">
        <testcase name="test_before_with_root" file="/app/tests/Unit/Policies/Policy/AbstractTest.php" line="50" class="Tests\Unit\GammaMatrix\Playground\Policies\Policy\AbstractTest" classname="Tests.Unit.GammaMatrix.Playground.Policies.Policy.AbstractTest" assertions="1" time="0.006979"/>
        <testcase name="test_before_with_root_as_secondary_fails" file="/app/tests/Unit/Policies/Policy/AbstractTest.php" line="69" class="Tests\Unit\GammaMatrix\Playground\Policies\Policy\AbstractTest" classname="Tests.Unit.GammaMatrix.Playground.Policies.Policy.AbstractTest" assertions="1" time="0.006674"/>
        <testcase name="test_index_without_role" file="/app/tests/Unit/Policies/Policy/AbstractTest.php" line="91" class="Tests\Unit\GammaMatrix\Playground\Policies\Policy\AbstractTest" classname="Tests.Unit.GammaMatrix.Playground.Policies.Policy.AbstractTest" assertions="1" time="0.008088"/>
        <testcase name="test_index_with_admin" file="/app/tests/Unit/Policies/Policy/AbstractTest.php" line="102" class="Tests\Unit\GammaMatrix\Playground\Policies\Policy\AbstractTest" classname="Tests.Unit.GammaMatrix.Playground.Policies.Policy.AbstractTest" assertions="1" time="0.006641"/>
        <testcase name="test_view_without_role" file="/app/tests/Unit/Policies/Policy/AbstractTest.php" line="120" class="Tests\Unit\GammaMatrix\Playground\Policies\Policy\AbstractTest" classname="Tests.Unit.GammaMatrix.Playground.Policies.Policy.AbstractTest" assertions="1" time="0.007128"/>
        <testcase name="test_view_with_admin" file="/app/tests/Unit/Policies/Policy/AbstractTest.php" line="131" class="Tests\Unit\GammaMatrix\Playground\Policies\Policy\AbstractTest" classname="Tests.Unit.GammaMatrix.Playground.Policies.Policy.AbstractTest" assertions="1" time="0.006677"/>
        <testcase name="test_view_with_admin_in_roles" file="/app/tests/Unit/Policies/Policy/AbstractTest.php" line="151" class="Tests\Unit\GammaMatrix\Playground\Policies\Policy\AbstractTest" classname="Tests.Unit.GammaMatrix.Playground.Policies.Policy.AbstractTest" assertions="1" time="0.007279"/>
      </testsuite>
      <testsuite name="Tests\Unit\GammaMatrix\Playground\Policies\PolicyTrait\TraitTest" file="/app/tests/Unit/Policies/PolicyTrait/TraitTest.php" tests="9" assertions="11" errors="0" failures="0" skipped="0" time="0.053180">
        <testcase name="test_getEntity" file="/app/tests/Unit/Policies/PolicyTrait/TraitTest.php" line="51" class="Tests\Unit\GammaMatrix\Playground\Policies\PolicyTrait\TraitTest" classname="Tests.Unit.GammaMatrix.Playground.Policies.PolicyTrait.TraitTest" assertions="1" time="0.004764"/>
        <testcase name="test_getPackage" file="/app/tests/Unit/Policies/PolicyTrait/TraitTest.php" line="56" class="Tests\Unit\GammaMatrix\Playground\Policies\PolicyTrait\TraitTest" classname="Tests.Unit.GammaMatrix.Playground.Policies.PolicyTrait.TraitTest" assertions="1" time="0.004627"/>
        <testcase name="test_hasToken" file="/app/tests/Unit/Policies/PolicyTrait/TraitTest.php" line="61" class="Tests\Unit\GammaMatrix\Playground\Policies\PolicyTrait\TraitTest" classname="Tests.Unit.GammaMatrix.Playground.Policies.PolicyTrait.TraitTest" assertions="1" time="0.004468"/>
        <testcase name="test_getToken" file="/app/tests/Unit/Policies/PolicyTrait/TraitTest.php" line="66" class="Tests\Unit\GammaMatrix\Playground\Policies\PolicyTrait\TraitTest" classname="Tests.Unit.GammaMatrix.Playground.Policies.PolicyTrait.TraitTest" assertions="1" time="0.004542"/>
        <testcase name="test_setToken" file="/app/tests/Unit/Policies/PolicyTrait/TraitTest.php" line="71" class="Tests\Unit\GammaMatrix\Playground\Policies\PolicyTrait\TraitTest" classname="Tests.Unit.GammaMatrix.Playground.Policies.PolicyTrait.TraitTest" assertions="1" time="0.004600"/>
        <testcase name="test_verify" file="/app/tests/Unit/Policies/PolicyTrait/TraitTest.php" line="76" class="Tests\Unit\GammaMatrix\Playground\Policies\PolicyTrait\TraitTest" classname="Tests.Unit.GammaMatrix.Playground.Policies.PolicyTrait.TraitTest" assertions="3" time="0.009072"/>
        <testcase name="test_verify_privileges" file="/app/tests/Unit/Policies/PolicyTrait/TraitTest.php" line="102" class="Tests\Unit\GammaMatrix\Playground\Policies\PolicyTrait\TraitTest" classname="Tests.Unit.GammaMatrix.Playground.Policies.PolicyTrait.TraitTest" assertions="1" time="0.007127"/>
        <testcase name="test_verify_roles" file="/app/tests/Unit/Policies/PolicyTrait/TraitTest.php" line="115" class="Tests\Unit\GammaMatrix\Playground\Policies\PolicyTrait\TraitTest" classname="Tests.Unit.GammaMatrix.Playground.Policies.PolicyTrait.TraitTest" assertions="1" time="0.007089"/>
        <testcase name="test_verify_user" file="/app/tests/Unit/Policies/PolicyTrait/TraitTest.php" line="128" class="Tests\Unit\GammaMatrix\Playground\Policies\PolicyTrait\TraitTest" classname="Tests.Unit.GammaMatrix.Playground.Policies.PolicyTrait.TraitTest" assertions="1" time="0.006891"/>
      </testsuite>
      <testsuite name="Tests\Unit\GammaMatrix\Playground\Policies\PrivilegeTrait\TraitTest" file="/app/tests/Unit/Policies/PrivilegeTrait/TraitTest.php" tests="7" assertions="7" errors="0" failures="0" skipped="0" time="0.044820">
        <testcase name="test_privilege_without_parameter" file="/app/tests/Unit/Policies/PrivilegeTrait/TraitTest.php" line="44" class="Tests\Unit\GammaMatrix\Playground\Policies\PrivilegeTrait\TraitTest" classname="Tests.Unit.GammaMatrix.Playground.Policies.PrivilegeTrait.TraitTest" assertions="1" time="0.004843"/>
        <testcase name="test_privilege_with_package_and_without_parameter" file="/app/tests/Unit/Policies/PrivilegeTrait/TraitTest.php" line="51" class="Tests\Unit\GammaMatrix\Playground\Policies\PrivilegeTrait\TraitTest" classname="Tests.Unit.GammaMatrix.Playground.Policies.PrivilegeTrait.TraitTest" assertions="1" time="0.005104"/>
        <testcase name="test_privilege_with_package_and_entity_and_without_parameter" file="/app/tests/Unit/Policies/PrivilegeTrait/TraitTest.php" line="64" class="Tests\Unit\GammaMatrix\Playground\Policies\PrivilegeTrait\TraitTest" classname="Tests.Unit.GammaMatrix.Playground.Policies.PrivilegeTrait.TraitTest" assertions="1" time="0.005288"/>
        <testcase name="test_hasPrivilege" file="/app/tests/Unit/Policies/PrivilegeTrait/TraitTest.php" line="83" class="Tests\Unit\GammaMatrix\Playground\Policies\PrivilegeTrait\TraitTest" classname="Tests.Unit.GammaMatrix.Playground.Policies.PrivilegeTrait.TraitTest" assertions="1" time="0.007666"/>
        <testcase name="test_hasPrivilege_with_user_hasPrivilege" file="/app/tests/Unit/Policies/PrivilegeTrait/TraitTest.php" line="95" class="Tests\Unit\GammaMatrix\Playground\Policies\PrivilegeTrait\TraitTest" classname="Tests.Unit.GammaMatrix.Playground.Policies.PrivilegeTrait.TraitTest" assertions="1" time="0.007143"/>
        <testcase name="test_hasPrivilege_with_user_privileges" file="/app/tests/Unit/Policies/PrivilegeTrait/TraitTest.php" line="110" class="Tests\Unit\GammaMatrix\Playground\Policies\PrivilegeTrait\TraitTest" classname="Tests.Unit.GammaMatrix.Playground.Policies.PrivilegeTrait.TraitTest" assertions="1" time="0.007264"/>
        <testcase name="test_hasPrivilege_without_privileges_enabled" file="/app/tests/Unit/Policies/PrivilegeTrait/TraitTest.php" line="125" class="Tests\Unit\GammaMatrix\Playground\Policies\PrivilegeTrait\TraitTest" classname="Tests.Unit.GammaMatrix.Playground.Policies.PrivilegeTrait.TraitTest" assertions="1" time="0.007512"/>
      </testsuite>
      <testsuite name="Tests\Unit\GammaMatrix\Playground\Policies\RoleTrait\TraitTest" file="/app/tests/Unit/Policies/RoleTrait/TraitTest.php" tests="5" assertions="5" errors="0" failures="0" skipped="0" time="0.027470">
        <testcase name="test_getRolesForAdmin" file="/app/tests/Unit/Policies/RoleTrait/TraitTest.php" line="43" class="Tests\Unit\GammaMatrix\Playground\Policies\RoleTrait\TraitTest" classname="Tests.Unit.GammaMatrix.Playground.Policies.RoleTrait.TraitTest" assertions="1" time="0.004403"/>
        <testcase name="test_getRolesForAction" file="/app/tests/Unit/Policies/RoleTrait/TraitTest.php" line="54" class="Tests\Unit\GammaMatrix\Playground\Policies\RoleTrait\TraitTest" classname="Tests.Unit.GammaMatrix.Playground.Policies.RoleTrait.TraitTest" assertions="1" time="0.004374"/>
        <testcase name="test_getRolesToView" file="/app/tests/Unit/Policies/RoleTrait/TraitTest.php" line="65" class="Tests\Unit\GammaMatrix\Playground\Policies\RoleTrait\TraitTest" classname="Tests.Unit.GammaMatrix.Playground.Policies.RoleTrait.TraitTest" assertions="1" time="0.004412"/>
        <testcase name="test_hasRole" file="/app/tests/Unit/Policies/RoleTrait/TraitTest.php" line="76" class="Tests\Unit\GammaMatrix\Playground\Policies\RoleTrait\TraitTest" classname="Tests.Unit.GammaMatrix.Playground.Policies.RoleTrait.TraitTest" assertions="1" time="0.007197"/>
        <testcase name="test_hasRole_advanced_role" file="/app/tests/Unit/Policies/RoleTrait/TraitTest.php" line="87" class="Tests\Unit\GammaMatrix\Playground\Policies\RoleTrait\TraitTest" classname="Tests.Unit.GammaMatrix.Playground.Policies.RoleTrait.TraitTest" assertions="1" time="0.007084"/>
      </testsuite>
      <testsuite name="Tests\Unit\GammaMatrix\Playground\View\Components\Forms\Column\ComponentTest" file="/app/tests/Unit/View/Components/Forms/Column/ComponentTest.php" tests="3" assertions="3" errors="0" failures="0" skipped="0" time="0.022386">
        <testcase name="test_component_instance" file="/app/tests/Unit/View/Components/Forms/Column/ComponentTest.php" line="33" class="Tests\Unit\GammaMatrix\Playground\View\Components\Forms\Column\ComponentTest" classname="Tests.Unit.GammaMatrix.Playground.View.Components.Forms.Column.ComponentTest" assertions="1" time="0.010000"/>
        <testcase name="test_component_can_render_view_without_parameters" file="/app/tests/Unit/View/Components/Forms/Column/ComponentTest.php" line="40" class="Tests\Unit\GammaMatrix\Playground\View\Components\Forms\Column\ComponentTest" classname="Tests.Unit.GammaMatrix.Playground.View.Components.Forms.Column.ComponentTest" assertions="1" time="0.007647"/>
        <testcase name="test_component_can_render_view_with_label_input" file="/app/tests/Unit/View/Components/Forms/Column/ComponentTest.php" line="47" class="Tests\Unit\GammaMatrix\Playground\View\Components\Forms\Column\ComponentTest" classname="Tests.Unit.GammaMatrix.Playground.View.Components.Forms.Column.ComponentTest" assertions="1" time="0.004738"/>
      </testsuite>
      <testsuite name="Tests\Unit\GammaMatrix\Playground\View\Components\Forms\ColumnEditor\ComponentTest" file="/app/tests/Unit/View/Components/Forms/ColumnEditor/ComponentTest.php" tests="3" assertions="3" errors="0" failures="0" skipped="0" time="0.018135">
        <testcase name="test_component_instance" file="/app/tests/Unit/View/Components/Forms/ColumnEditor/ComponentTest.php" line="33" class="Tests\Unit\GammaMatrix\Playground\View\Components\Forms\ColumnEditor\ComponentTest" classname="Tests.Unit.GammaMatrix.Playground.View.Components.Forms.ColumnEditor.ComponentTest" assertions="1" time="0.008847"/>
        <testcase name="test_component_can_render_view_without_parameters" file="/app/tests/Unit/View/Components/Forms/ColumnEditor/ComponentTest.php" line="40" class="Tests\Unit\GammaMatrix\Playground\View\Components\Forms\ColumnEditor\ComponentTest" classname="Tests.Unit.GammaMatrix.Playground.View.Components.Forms.ColumnEditor.ComponentTest" assertions="1" time="0.004688"/>
        <testcase name="test_component_can_render_view_with_content_textarea" file="/app/tests/Unit/View/Components/Forms/ColumnEditor/ComponentTest.php" line="47" class="Tests\Unit\GammaMatrix\Playground\View\Components\Forms\ColumnEditor\ComponentTest" classname="Tests.Unit.GammaMatrix.Playground.View.Components.Forms.ColumnEditor.ComponentTest" assertions="1" time="0.004600"/>
      </testsuite>
      <testsuite name="Tests\Unit\GammaMatrix\Playground\View\Components\Forms\ColumnSelect\ComponentTest" file="/app/tests/Unit/View/Components/Forms/ColumnSelect/ComponentTest.php" tests="3" assertions="3" errors="0" failures="0" skipped="0" time="0.020065">
        <testcase name="test_component_instance" file="/app/tests/Unit/View/Components/Forms/ColumnSelect/ComponentTest.php" line="33" class="Tests\Unit\GammaMatrix\Playground\View\Components\Forms\ColumnSelect\ComponentTest" classname="Tests.Unit.GammaMatrix.Playground.View.Components.Forms.ColumnSelect.ComponentTest" assertions="1" time="0.010155"/>
        <testcase name="test_component_can_render_view_without_parameters" file="/app/tests/Unit/View/Components/Forms/ColumnSelect/ComponentTest.php" line="40" class="Tests\Unit\GammaMatrix\Playground\View\Components\Forms\ColumnSelect\ComponentTest" classname="Tests.Unit.GammaMatrix.Playground.View.Components.Forms.ColumnSelect.ComponentTest" assertions="1" time="0.004887"/>
        <testcase name="test_component_can_render_view_with_select" file="/app/tests/Unit/View/Components/Forms/ColumnSelect/ComponentTest.php" line="47" class="Tests\Unit\GammaMatrix\Playground\View\Components\Forms\ColumnSelect\ComponentTest" classname="Tests.Unit.GammaMatrix.Playground.View.Components.Forms.ColumnSelect.ComponentTest" assertions="1" time="0.005023"/>
      </testsuite>
      <testsuite name="Tests\Unit\GammaMatrix\Playground\View\Components\ModelFlag\ComponentTest" file="/app/tests/Unit/View/Components/ModelFlag/ComponentTest.php" tests="4" assertions="4" errors="0" failures="0" skipped="0" time="0.021527">
        <testcase name="test_component_instance" file="/app/tests/Unit/View/Components/ModelFlag/ComponentTest.php" line="33" class="Tests\Unit\GammaMatrix\Playground\View\Components\ModelFlag\ComponentTest" classname="Tests.Unit.GammaMatrix.Playground.View.Components.ModelFlag.ComponentTest" assertions="1" time="0.007278"/>
        <testcase name="test_component_can_render_view_with_null_value" file="/app/tests/Unit/View/Components/ModelFlag/ComponentTest.php" line="42" class="Tests\Unit\GammaMatrix\Playground\View\Components\ModelFlag\ComponentTest" classname="Tests.Unit.GammaMatrix.Playground.View.Components.ModelFlag.ComponentTest" assertions="1" time="0.004717"/>
        <testcase name="test_component_can_render_view_with_true_value" file="/app/tests/Unit/View/Components/ModelFlag/ComponentTest.php" line="56" class="Tests\Unit\GammaMatrix\Playground\View\Components\ModelFlag\ComponentTest" classname="Tests.Unit.GammaMatrix.Playground.View.Components.ModelFlag.ComponentTest" assertions="1" time="0.004740"/>
        <testcase name="test_component_can_render_view_with_false_value" file="/app/tests/Unit/View/Components/ModelFlag/ComponentTest.php" line="70" class="Tests\Unit\GammaMatrix\Playground\View\Components\ModelFlag\ComponentTest" classname="Tests.Unit.GammaMatrix.Playground.View.Components.ModelFlag.ComponentTest" assertions="1" time="0.004791"/>
      </testsuite>
      <testsuite name="Tests\Unit\GammaMatrix\Playground\View\Components\PaginationSort\ComponentTest" file="/app/tests/Unit/View/Components/PaginationSort/ComponentTest.php" tests="4" assertions="4" errors="0" failures="0" skipped="0" time="0.028604">
        <testcase name="test_component_instance" file="/app/tests/Unit/View/Components/PaginationSort/ComponentTest.php" line="33" class="Tests\Unit\GammaMatrix\Playground\View\Components\PaginationSort\ComponentTest" classname="Tests.Unit.GammaMatrix.Playground.View.Components.PaginationSort.ComponentTest" assertions="1" time="0.013664"/>
        <testcase name="test_component_can_render_view_with_empty_sort" file="/app/tests/Unit/View/Components/PaginationSort/ComponentTest.php" line="48" class="Tests\Unit\GammaMatrix\Playground\View\Components\PaginationSort\ComponentTest" classname="Tests.Unit.GammaMatrix.Playground.View.Components.PaginationSort.ComponentTest" assertions="1" time="0.004718"/>
        <testcase name="test_component_can_render_view_with_invalid_sort" file="/app/tests/Unit/View/Components/PaginationSort/ComponentTest.php" line="61" class="Tests\Unit\GammaMatrix\Playground\View\Components\PaginationSort\ComponentTest" classname="Tests.Unit.GammaMatrix.Playground.View.Components.PaginationSort.ComponentTest" assertions="1" time="0.005393"/>
        <testcase name="test_component_can_render_view" file="/app/tests/Unit/View/Components/PaginationSort/ComponentTest.php" line="77" class="Tests\Unit\GammaMatrix\Playground\View\Components\PaginationSort\ComponentTest" classname="Tests.Unit.GammaMatrix.Playground.View.Components.PaginationSort.ComponentTest" assertions="1" time="0.004829"/>
      </testsuite>
      <testsuite name="Tests\Unit\GammaMatrix\Playground\View\Components\Table\Data\ComponentTest" file="/app/tests/Unit/View/Components/Table/Data/ComponentTest.php" tests="2" assertions="2" errors="0" failures="0" skipped="0" time="0.017412">
        <testcase name="test_component_instance" file="/app/tests/Unit/View/Components/Table/Data/ComponentTest.php" line="33" class="Tests\Unit\GammaMatrix\Playground\View\Components\Table\Data\ComponentTest" classname="Tests.Unit.GammaMatrix.Playground.View.Components.Table.Data.ComponentTest" assertions="1" time="0.012742"/>
        <testcase name="test_component_can_render_view" file="/app/tests/Unit/View/Components/Table/Data/ComponentTest.php" line="40" class="Tests\Unit\GammaMatrix\Playground\View\Components\Table\Data\ComponentTest" classname="Tests.Unit.GammaMatrix.Playground.View.Components.Table.Data.ComponentTest" assertions="1" time="0.004670"/>
      </testsuite>
    </testsuite>
    <testsuite name="Feature" tests="43" assertions="56" errors="0" failures="0" skipped="0" time="1.231780">
      <testsuite name="Tests\Feature\GammaMatrix\Playground\Http\Controllers\Index\AboutRouteTest" file="/app/tests/Feature/Http/Controllers/Index/AboutRouteTest.php" tests="4" assertions="4" errors="0" failures="0" skipped="0" time="0.187387">
        <testcase name="test_route_about_as_guest_and_succeed" file="/app/tests/Feature/Http/Controllers/Index/AboutRouteTest.php" line="19" class="Tests\Feature\GammaMatrix\Playground\Http\Controllers\Index\AboutRouteTest" classname="Tests.Feature.GammaMatrix.Playground.Http.Controllers.Index.AboutRouteTest" assertions="1" time="0.106977"/>
        <testcase name="test_route_json_about_as_guest_and_succeed" file="/app/tests/Feature/Http/Controllers/Index/AboutRouteTest.php" line="25" class="Tests\Feature\GammaMatrix\Playground\Http\Controllers\Index\AboutRouteTest" classname="Tests.Feature.GammaMatrix.Playground.Http.Controllers.Index.AboutRouteTest" assertions="1" time="0.023127"/>
        <testcase name="test_route_about_as_client_and_succeed" file="/app/tests/Feature/Http/Controllers/Index/AboutRouteTest.php" line="31" class="Tests\Feature\GammaMatrix\Playground\Http\Controllers\Index\AboutRouteTest" classname="Tests.Feature.GammaMatrix.Playground.Http.Controllers.Index.AboutRouteTest" assertions="1" time="0.031548"/>
        <testcase name="test_route_json_about_as_manager_and_succeed" file="/app/tests/Feature/Http/Controllers/Index/AboutRouteTest.php" line="39" class="Tests\Feature\GammaMatrix\Playground\Http\Controllers\Index\AboutRouteTest" classname="Tests.Feature.GammaMatrix.Playground.Http.Controllers.Index.AboutRouteTest" assertions="1" time="0.025736"/>
      </testsuite>
      <testsuite name="Tests\Feature\GammaMatrix\Playground\Http\Controllers\Index\BootstrapRouteTest" file="/app/tests/Feature/Http/Controllers/Index/BootstrapRouteTest.php" tests="4" assertions="4" errors="0" failures="0" skipped="0" time="0.107256">
        <testcase name="test_route_bootstrap_as_guest_and_succeed" file="/app/tests/Feature/Http/Controllers/Index/BootstrapRouteTest.php" line="33" class="Tests\Feature\GammaMatrix\Playground\Http\Controllers\Index\BootstrapRouteTest" classname="Tests.Feature.GammaMatrix.Playground.Http.Controllers.Index.BootstrapRouteTest" assertions="1" time="0.030665"/>
        <testcase name="test_route_json_bootstrap_as_guest_and_succeed" file="/app/tests/Feature/Http/Controllers/Index/BootstrapRouteTest.php" line="39" class="Tests\Feature\GammaMatrix\Playground\Http\Controllers\Index\BootstrapRouteTest" classname="Tests.Feature.GammaMatrix.Playground.Http.Controllers.Index.BootstrapRouteTest" assertions="1" time="0.021064"/>
        <testcase name="test_route_bootstrap_as_vendor_and_succeed" file="/app/tests/Feature/Http/Controllers/Index/BootstrapRouteTest.php" line="45" class="Tests\Feature\GammaMatrix\Playground\Http\Controllers\Index\BootstrapRouteTest" classname="Tests.Feature.GammaMatrix.Playground.Http.Controllers.Index.BootstrapRouteTest" assertions="1" time="0.030567"/>
        <testcase name="test_route_json_bootstrap_as_wheel_and_succeed" file="/app/tests/Feature/Http/Controllers/Index/BootstrapRouteTest.php" line="53" class="Tests\Feature\GammaMatrix\Playground\Http\Controllers\Index\BootstrapRouteTest" classname="Tests.Feature.GammaMatrix.Playground.Http.Controllers.Index.BootstrapRouteTest" assertions="1" time="0.024959"/>
      </testsuite>
      <testsuite name="Tests\Feature\GammaMatrix\Playground\Http\Controllers\Index\DashboardRouteTest" file="/app/tests/Feature/Http/Controllers/Index/DashboardRouteTest.php" tests="8" assertions="11" errors="0" failures="0" skipped="0" time="0.204674">
        <testcase name="test_route_dashboard_as_guest_and_fail_when_disabled_for_guest_and_no_redirect" file="/app/tests/Feature/Http/Controllers/Index/DashboardRouteTest.php" line="19" class="Tests\Feature\GammaMatrix\Playground\Http\Controllers\Index\DashboardRouteTest" classname="Tests.Feature.GammaMatrix.Playground.Http.Controllers.Index.DashboardRouteTest" assertions="1" time="0.031557"/>
        <testcase name="test_route_dashboard_as_guest_and_redirect_when_disabled_for_all" file="/app/tests/Feature/Http/Controllers/Index/DashboardRouteTest.php" line="29" class="Tests\Feature\GammaMatrix\Playground\Http\Controllers\Index\DashboardRouteTest" classname="Tests.Feature.GammaMatrix.Playground.Http.Controllers.Index.DashboardRouteTest" assertions="2" time="0.022333"/>
        <testcase name="test_route_dashboard_as_guest_and_redirect_when_disabled_for_guest" file="/app/tests/Feature/Http/Controllers/Index/DashboardRouteTest.php" line="38" class="Tests\Feature\GammaMatrix\Playground\Http\Controllers\Index\DashboardRouteTest" classname="Tests.Feature.GammaMatrix.Playground.Http.Controllers.Index.DashboardRouteTest" assertions="2" time="0.021958"/>
        <testcase name="test_route_json_dashboard_as_guest_and_succeed" file="/app/tests/Feature/Http/Controllers/Index/DashboardRouteTest.php" line="48" class="Tests\Feature\GammaMatrix\Playground\Http\Controllers\Index\DashboardRouteTest" classname="Tests.Feature.GammaMatrix.Playground.Http.Controllers.Index.DashboardRouteTest" assertions="1" time="0.022323"/>
        <testcase name="test_route_dashboard_as_user_and_succeed" file="/app/tests/Feature/Http/Controllers/Index/DashboardRouteTest.php" line="58" class="Tests\Feature\GammaMatrix\Playground\Http\Controllers\Index\DashboardRouteTest" classname="Tests.Feature.GammaMatrix.Playground.Http.Controllers.Index.DashboardRouteTest" assertions="1" time="0.031317"/>
        <testcase name="test_route_dashboard_as_user_and_fail_when_disabled_for_all" file="/app/tests/Feature/Http/Controllers/Index/DashboardRouteTest.php" line="69" class="Tests\Feature\GammaMatrix\Playground\Http\Controllers\Index\DashboardRouteTest" classname="Tests.Feature.GammaMatrix.Playground.Http.Controllers.Index.DashboardRouteTest" assertions="2" time="0.024617"/>
        <testcase name="test_route_dashboard_as_user_and_fail_when_disabled_for_all_and_no_redirect" file="/app/tests/Feature/Http/Controllers/Index/DashboardRouteTest.php" line="79" class="Tests\Feature\GammaMatrix\Playground\Http\Controllers\Index\DashboardRouteTest" classname="Tests.Feature.GammaMatrix.Playground.Http.Controllers.Index.DashboardRouteTest" assertions="1" time="0.025522"/>
        <testcase name="test_route_json_dashboard_as_admin_and_succeed" file="/app/tests/Feature/Http/Controllers/Index/DashboardRouteTest.php" line="89" class="Tests\Feature\GammaMatrix\Playground\Http\Controllers\Index\DashboardRouteTest" classname="Tests.Feature.GammaMatrix.Playground.Http.Controllers.Index.DashboardRouteTest" assertions="1" time="0.025046"/>
      </testsuite>
      <testsuite name="Tests\Feature\GammaMatrix\Playground\Http\Controllers\Index\HomeRouteTest" file="/app/tests/Feature/Http/Controllers/Index/HomeRouteTest.php" tests="4" assertions="4" errors="0" failures="0" skipped="0" time="0.108869">
        <testcase name="test_route_home_as_guest_and_succeed" file="/app/tests/Feature/Http/Controllers/Index/HomeRouteTest.php" line="19" class="Tests\Feature\GammaMatrix\Playground\Http\Controllers\Index\HomeRouteTest" classname="Tests.Feature.GammaMatrix.Playground.Http.Controllers.Index.HomeRouteTest" assertions="1" time="0.029631"/>
        <testcase name="test_route_json_home_as_guest_and_succeed" file="/app/tests/Feature/Http/Controllers/Index/HomeRouteTest.php" line="25" class="Tests\Feature\GammaMatrix\Playground\Http\Controllers\Index\HomeRouteTest" classname="Tests.Feature.GammaMatrix.Playground.Http.Controllers.Index.HomeRouteTest" assertions="1" time="0.022083"/>
        <testcase name="test_route_home_as_user_admin_and_succeed" file="/app/tests/Feature/Http/Controllers/Index/HomeRouteTest.php" line="31" class="Tests\Feature\GammaMatrix\Playground\Http\Controllers\Index\HomeRouteTest" classname="Tests.Feature.GammaMatrix.Playground.Http.Controllers.Index.HomeRouteTest" assertions="1" time="0.030952"/>
        <testcase name="test_route_json_home_as_admin_and_succeed" file="/app/tests/Feature/Http/Controllers/Index/HomeRouteTest.php" line="39" class="Tests\Feature\GammaMatrix\Playground\Http\Controllers\Index\HomeRouteTest" classname="Tests.Feature.GammaMatrix.Playground.Http.Controllers.Index.HomeRouteTest" assertions="1" time="0.026203"/>
      </testsuite>
      <testsuite name="Tests\Feature\GammaMatrix\Playground\Http\Controllers\Index\SitemapRouteTest" file="/app/tests/Feature/Http/Controllers/Index/SitemapRouteTest.php" tests="9" assertions="12" errors="0" failures="0" skipped="0" time="0.266535">
        <testcase name="test_route_sitemap_as_guest_and_fail_when_disabled_for_guest_and_no_redirect" file="/app/tests/Feature/Http/Controllers/Index/SitemapRouteTest.php" line="19" class="Tests\Feature\GammaMatrix\Playground\Http\Controllers\Index\SitemapRouteTest" classname="Tests.Feature.GammaMatrix.Playground.Http.Controllers.Index.SitemapRouteTest" assertions="1" time="0.027205"/>
        <testcase name="test_route_sitemap_as_guest_and_redirect_when_disabled_for_all" file="/app/tests/Feature/Http/Controllers/Index/SitemapRouteTest.php" line="29" class="Tests\Feature\GammaMatrix\Playground\Http\Controllers\Index\SitemapRouteTest" classname="Tests.Feature.GammaMatrix.Playground.Http.Controllers.Index.SitemapRouteTest" assertions="2" time="0.022291"/>
        <testcase name="test_route_sitemap_as_guest_and_redirect_when_disabled_for_guest" file="/app/tests/Feature/Http/Controllers/Index/SitemapRouteTest.php" line="38" class="Tests\Feature\GammaMatrix\Playground\Http\Controllers\Index\SitemapRouteTest" classname="Tests.Feature.GammaMatrix.Playground.Http.Controllers.Index.SitemapRouteTest" assertions="2" time="0.022095"/>
        <testcase name="test_route_json_sitemap_as_guest_and_succeed" file="/app/tests/Feature/Http/Controllers/Index/SitemapRouteTest.php" line="48" class="Tests\Feature\GammaMatrix\Playground\Http\Controllers\Index\SitemapRouteTest" classname="Tests.Feature.GammaMatrix.Playground.Http.Controllers.Index.SitemapRouteTest" assertions="1" time="0.030067"/>
        <testcase name="test_route_sitemap_as_user_and_succeed" file="/app/tests/Feature/Http/Controllers/Index/SitemapRouteTest.php" line="58" class="Tests\Feature\GammaMatrix\Playground\Http\Controllers\Index\SitemapRouteTest" classname="Tests.Feature.GammaMatrix.Playground.Http.Controllers.Index.SitemapRouteTest" assertions="1" time="0.030578"/>
        <testcase name="test_route_sitemap_as_support_and_fail_when_disabled_for_all" file="/app/tests/Feature/Http/Controllers/Index/SitemapRouteTest.php" line="69" class="Tests\Feature\GammaMatrix\Playground\Http\Controllers\Index\SitemapRouteTest" classname="Tests.Feature.GammaMatrix.Playground.Http.Controllers.Index.SitemapRouteTest" assertions="2" time="0.024812"/>
        <testcase name="test_route_sitemap_as_user_and_fail_when_disabled_for_all_and_no_redirect" file="/app/tests/Feature/Http/Controllers/Index/SitemapRouteTest.php" line="79" class="Tests\Feature\GammaMatrix\Playground\Http\Controllers\Index\SitemapRouteTest" classname="Tests.Feature.GammaMatrix.Playground.Http.Controllers.Index.SitemapRouteTest" assertions="1" time="0.026036"/>
        <testcase name="test_route_json_sitemap_as_admin_and_succeed" file="/app/tests/Feature/Http/Controllers/Index/SitemapRouteTest.php" line="89" class="Tests\Feature\GammaMatrix\Playground\Http\Controllers\Index\SitemapRouteTest" classname="Tests.Feature.GammaMatrix.Playground.Http.Controllers.Index.SitemapRouteTest" assertions="1" time="0.033475"/>
        <testcase name="test_route_sitemap_as_user_and_succeed_with_package_sitemaps" file="/app/tests/Feature/Http/Controllers/Index/SitemapRouteTest.php" line="101" class="Tests\Feature\GammaMatrix\Playground\Http\Controllers\Index\SitemapRouteTest" classname="Tests.Feature.GammaMatrix.Playground.Http.Controllers.Index.SitemapRouteTest" assertions="1" time="0.049977"/>
      </testsuite>
      <testsuite name="Tests\Feature\GammaMatrix\Playground\Http\Controllers\Index\ThemeRouteTest" file="/app/tests/Feature/Http/Controllers/Index/ThemeRouteTest.php" tests="4" assertions="7" errors="0" failures="0" skipped="0" time="0.110067">
        <testcase name="test_route_theme_as_guest_and_succeed" file="/app/tests/Feature/Http/Controllers/Index/ThemeRouteTest.php" line="19" class="Tests\Feature\GammaMatrix\Playground\Http\Controllers\Index\ThemeRouteTest" classname="Tests.Feature.GammaMatrix.Playground.Http.Controllers.Index.ThemeRouteTest" assertions="2" time="0.021698"/>
        <testcase name="test_route_theme_as_guest_with_preview_and_succeed" file="/app/tests/Feature/Http/Controllers/Index/ThemeRouteTest.php" line="25" class="Tests\Feature\GammaMatrix\Playground\Http\Controllers\Index\ThemeRouteTest" classname="Tests.Feature.GammaMatrix.Playground.Http.Controllers.Index.ThemeRouteTest" assertions="1" time="0.029273"/>
        <testcase name="test_route_theme_as_partner_and_succeed" file="/app/tests/Feature/Http/Controllers/Index/ThemeRouteTest.php" line="31" class="Tests\Feature\GammaMatrix\Playground\Http\Controllers\Index\ThemeRouteTest" classname="Tests.Feature.GammaMatrix.Playground.Http.Controllers.Index.ThemeRouteTest" assertions="2" time="0.025855"/>
        <testcase name="test_route_theme_as_sales_and_succeed_with_theme_and_redirect" file="/app/tests/Feature/Http/Controllers/Index/ThemeRouteTest.php" line="41" class="Tests\Feature\GammaMatrix\Playground\Http\Controllers\Index\ThemeRouteTest" classname="Tests.Feature.GammaMatrix.Playground.Http.Controllers.Index.ThemeRouteTest" assertions="2" time="0.033241"/>
      </testsuite>
      <testsuite name="Tests\Feature\GammaMatrix\Playground\Http\Controllers\Index\WelcomeRouteTest" file="/app/tests/Feature/Http/Controllers/Index/WelcomeRouteTest.php" tests="4" assertions="4" errors="0" failures="0" skipped="0" time="0.103120">
        <testcase name="test_route_welcome_as_guest_and_succeed" file="/app/tests/Feature/Http/Controllers/Index/WelcomeRouteTest.php" line="19" class="Tests\Feature\GammaMatrix\Playground\Http\Controllers\Index\WelcomeRouteTest" classname="Tests.Feature.GammaMatrix.Playground.Http.Controllers.Index.WelcomeRouteTest" assertions="1" time="0.029448"/>
        <testcase name="test_route_json_welcome_as_guest_and_succeed" file="/app/tests/Feature/Http/Controllers/Index/WelcomeRouteTest.php" line="25" class="Tests\Feature\GammaMatrix\Playground\Http\Controllers\Index\WelcomeRouteTest" classname="Tests.Feature.GammaMatrix.Playground.Http.Controllers.Index.WelcomeRouteTest" assertions="1" time="0.022095"/>
        <testcase name="test_route_welcome_as_user_and_succeed" file="/app/tests/Feature/Http/Controllers/Index/WelcomeRouteTest.php" line="31" class="Tests\Feature\GammaMatrix\Playground\Http\Controllers\Index\WelcomeRouteTest" classname="Tests.Feature.GammaMatrix.Playground.Http.Controllers.Index.WelcomeRouteTest" assertions="1" time="0.025774"/>
        <testcase name="test_route_json_welcome_as_manager_admin_and_succeed" file="/app/tests/Feature/Http/Controllers/Index/WelcomeRouteTest.php" line="38" class="Tests\Feature\GammaMatrix\Playground\Http\Controllers\Index\WelcomeRouteTest" classname="Tests.Feature.GammaMatrix.Playground.Http.Controllers.Index.WelcomeRouteTest" assertions="1" time="0.025804"/>
      </testsuite>
      <testsuite name="Tests\Feature\GammaMatrix\Playground\Policies\PrivilegeTrait\TraitTest" file="/app/tests/Feature/Policies/PrivilegeTrait/TraitTest.php" tests="6" assertions="10" errors="0" failures="0" skipped="0" time="0.143873">
        <testcase name="test_hasPrivilege_and_fail_with_empty_privilege" file="/app/tests/Feature/Policies/PrivilegeTrait/TraitTest.php" line="45" class="Tests\Feature\GammaMatrix\Playground\Policies\PrivilegeTrait\TraitTest" classname="Tests.Feature.GammaMatrix.Playground.Policies.PrivilegeTrait.TraitTest" assertions="1" time="0.019880"/>
        <testcase name="test_hasPrivilege_with_app_without_token_and_fail" file="/app/tests/Feature/Policies/PrivilegeTrait/TraitTest.php" line="57" class="Tests\Feature\GammaMatrix\Playground\Policies\PrivilegeTrait\TraitTest" classname="Tests.Feature.GammaMatrix.Playground.Policies.PrivilegeTrait.TraitTest" assertions="1" time="0.021531"/>
        <testcase name="test_hasPrivilege_with_app_with_token_and_unauthorized_privilege_and_fail" file="/app/tests/Feature/Policies/PrivilegeTrait/TraitTest.php" line="69" class="Tests\Feature\GammaMatrix\Playground\Policies\PrivilegeTrait\TraitTest" classname="Tests.Feature.GammaMatrix.Playground.Policies.PrivilegeTrait.TraitTest" assertions="2" time="0.028173"/>
        <testcase name="test_hasPrivilege_with_app_with_wildcard_token_privileges_and_succeed" file="/app/tests/Feature/Policies/PrivilegeTrait/TraitTest.php" line="110" class="Tests\Feature\GammaMatrix\Playground\Policies\PrivilegeTrait\TraitTest" classname="Tests.Feature.GammaMatrix.Playground.Policies.PrivilegeTrait.TraitTest" assertions="2" time="0.026234"/>
        <testcase name="test_hasPrivilege_with_app_with_wildcard_secondary_token_privileges_and_succeed" file="/app/tests/Feature/Policies/PrivilegeTrait/TraitTest.php" line="151" class="Tests\Feature\GammaMatrix\Playground\Policies\PrivilegeTrait\TraitTest" classname="Tests.Feature.GammaMatrix.Playground.Policies.PrivilegeTrait.TraitTest" assertions="2" time="0.023610"/>
        <testcase name="test_hasPrivilege_with_app_with_token_privileges_and_succeed" file="/app/tests/Feature/Policies/PrivilegeTrait/TraitTest.php" line="194" class="Tests\Feature\GammaMatrix\Playground\Policies\PrivilegeTrait\TraitTest" classname="Tests.Feature.GammaMatrix.Playground.Policies.PrivilegeTrait.TraitTest" assertions="2" time="0.024445"/>
      </testsuite>
    </testsuite>
  </testsuite>
</testsuites>
