<?xml version="1.0" encoding="UTF-8"?>
<testsuites>
  <testsuite name="" tests="171" assertions="642" errors="0" failures="0" skipped="0" time="1.715726">
    <testsuite name="Unit" tests="164" assertions="630" errors="0" failures="0" skipped="0" time="1.411243">
      <testsuite name="Tests\Unit\Playground\Filters\ContentTrait\TraitTest" file="/app/tests/Unit/Filters/ContentTrait/TraitTest.php" tests="6" assertions="6" errors="0" failures="0" skipped="0" time="0.199876">
        <testcase name="test_purify" file="/app/tests/Unit/Filters/ContentTrait/TraitTest.php" line="36" class="Tests\Unit\Playground\Filters\ContentTrait\TraitTest" classname="Tests.Unit.Playground.Filters.ContentTrait.TraitTest" assertions="1" time="0.176769"/>
        <testcase name="test_exorcise" file="/app/tests/Unit/Filters/ContentTrait/TraitTest.php" line="43" class="Tests\Unit\Playground\Filters\ContentTrait\TraitTest" classname="Tests.Unit.Playground.Filters.ContentTrait.TraitTest" assertions="1" time="0.004815"/>
        <testcase name="test_getHtmlPurifier" file="/app/tests/Unit/Filters/ContentTrait/TraitTest.php" line="50" class="Tests\Unit\Playground\Filters\ContentTrait\TraitTest" classname="Tests.Unit.Playground.Filters.ContentTrait.TraitTest" assertions="1" time="0.004719"/>
        <testcase name="test_getHtmlPurifier_with_iframes" file="/app/tests/Unit/Filters/ContentTrait/TraitTest.php" line="58" class="Tests\Unit\Playground\Filters\ContentTrait\TraitTest" classname="Tests.Unit.Playground.Filters.ContentTrait.TraitTest" assertions="1" time="0.004563"/>
        <testcase name="test_getHtmlPurifier_with_purifier_path" file="/app/tests/Unit/Filters/ContentTrait/TraitTest.php" line="68" class="Tests\Unit\Playground\Filters\ContentTrait\TraitTest" classname="Tests.Unit.Playground.Filters.ContentTrait.TraitTest" assertions="1" time="0.004502"/>
        <testcase name="test_encodeURIComponent" file="/app/tests/Unit/Filters/ContentTrait/TraitTest.php" line="78" class="Tests\Unit\Playground\Filters\ContentTrait\TraitTest" classname="Tests.Unit.Playground.Filters.ContentTrait.TraitTest" assertions="1" time="0.004508"/>
      </testsuite>
      <testsuite name="Tests\Unit\Playground\Filters\ModelTrait\ArrayTraitTest" file="/app/tests/Unit/Filters/ModelTrait/ArrayTraitTest.php" tests="2" assertions="12" errors="0" failures="0" skipped="0" time="0.038747">
        <testcase name="test_filterArray" file="/app/tests/Unit/Filters/ModelTrait/ArrayTraitTest.php" line="20" class="Tests\Unit\Playground\Filters\ModelTrait\ArrayTraitTest" classname="Tests.Unit.Playground.Filters.ModelTrait.ArrayTraitTest" assertions="6" time="0.034093"/>
        <testcase name="test_filterArray_to_json" file="/app/tests/Unit/Filters/ModelTrait/ArrayTraitTest.php" line="58" class="Tests\Unit\Playground\Filters\ModelTrait\ArrayTraitTest" classname="Tests.Unit.Playground.Filters.ModelTrait.ArrayTraitTest" assertions="6" time="0.004654"/>
      </testsuite>
      <testsuite name="Tests\Unit\Playground\Filters\ModelTrait\BitsTraitTest" file="/app/tests/Unit/Filters/ModelTrait/BitsTraitTest.php" tests="2" assertions="7" errors="0" failures="0" skipped="0" time="0.009381">
        <testcase name="test_filterBits_for_exponent_zero" file="/app/tests/Unit/Filters/ModelTrait/BitsTraitTest.php" line="20" class="Tests\Unit\Playground\Filters\ModelTrait\BitsTraitTest" classname="Tests.Unit.Playground.Filters.ModelTrait.BitsTraitTest" assertions="2" time="0.004806"/>
        <testcase name="test_filterBits_for_exponent_greater_than_zero" file="/app/tests/Unit/Filters/ModelTrait/BitsTraitTest.php" line="34" class="Tests\Unit\Playground\Filters\ModelTrait\BitsTraitTest" classname="Tests.Unit.Playground.Filters.ModelTrait.BitsTraitTest" assertions="5" time="0.004575"/>
      </testsuite>
      <testsuite name="Tests\Unit\Playground\Filters\ModelTrait\DateTraitTest" file="/app/tests/Unit/Filters/ModelTrait/DateTraitTest.php" tests="2" assertions="5" errors="0" failures="0" skipped="0" time="0.009663">
        <testcase name="test_filterDate" file="/app/tests/Unit/Filters/ModelTrait/DateTraitTest.php" line="20" class="Tests\Unit\Playground\Filters\ModelTrait\DateTraitTest" classname="Tests.Unit.Playground.Filters.ModelTrait.DateTraitTest" assertions="2" time="0.004621"/>
        <testcase name="test_filterDateAsCarbon" file="/app/tests/Unit/Filters/ModelTrait/DateTraitTest.php" line="36" class="Tests\Unit\Playground\Filters\ModelTrait\DateTraitTest" classname="Tests.Unit.Playground.Filters.ModelTrait.DateTraitTest" assertions="3" time="0.005042"/>
      </testsuite>
      <testsuite name="Tests\Unit\Playground\Filters\ModelTrait\NumberTraitTest" file="/app/tests/Unit/Filters/ModelTrait/NumberTraitTest.php" tests="5" assertions="54" errors="0" failures="0" skipped="0" time="0.023753">
        <testcase name="test_filterFloat" file="/app/tests/Unit/Filters/ModelTrait/NumberTraitTest.php" line="20" class="Tests\Unit\Playground\Filters\ModelTrait\NumberTraitTest" classname="Tests.Unit.Playground.Filters.ModelTrait.NumberTraitTest" assertions="4" time="0.004646"/>
        <testcase name="test_filterInteger" file="/app/tests/Unit/Filters/ModelTrait/NumberTraitTest.php" line="34" class="Tests\Unit\Playground\Filters\ModelTrait\NumberTraitTest" classname="Tests.Unit.Playground.Filters.ModelTrait.NumberTraitTest" assertions="6" time="0.004534"/>
        <testcase name="test_filterIntegerId" file="/app/tests/Unit/Filters/ModelTrait/NumberTraitTest.php" line="53" class="Tests\Unit\Playground\Filters\ModelTrait\NumberTraitTest" classname="Tests.Unit.Playground.Filters.ModelTrait.NumberTraitTest" assertions="12" time="0.004815"/>
        <testcase name="test_filterIntegerPositive" file="/app/tests/Unit/Filters/ModelTrait/NumberTraitTest.php" line="75" class="Tests\Unit\Playground\Filters\ModelTrait\NumberTraitTest" classname="Tests.Unit.Playground.Filters.ModelTrait.NumberTraitTest" assertions="27" time="0.005086"/>
        <testcase name="test_filterPercent" file="/app/tests/Unit/Filters/ModelTrait/NumberTraitTest.php" line="118" class="Tests\Unit\Playground\Filters\ModelTrait\NumberTraitTest" classname="Tests.Unit.Playground.Filters.ModelTrait.NumberTraitTest" assertions="5" time="0.004671"/>
      </testsuite>
      <testsuite name="Tests\Unit\Playground\Filters\ModelTrait\StatusTraitTest" file="/app/tests/Unit/Filters/ModelTrait/StatusTraitTest.php" tests="1" assertions="5" errors="0" failures="0" skipped="0" time="0.004693">
        <testcase name="test_filterStatus" file="/app/tests/Unit/Filters/ModelTrait/StatusTraitTest.php" line="19" class="Tests\Unit\Playground\Filters\ModelTrait\StatusTraitTest" classname="Tests.Unit.Playground.Filters.ModelTrait.StatusTraitTest" assertions="5" time="0.004693"/>
      </testsuite>
      <testsuite name="Tests\Unit\Playground\Filters\ModelTrait\SystemFieldsTraitTest" file="/app/tests/Unit/Filters/ModelTrait/SystemFieldsTraitTest.php" tests="4" assertions="11" errors="0" failures="0" skipped="0" time="0.018647">
        <testcase name="test_filterSystemFields_for_groups" file="/app/tests/Unit/Filters/ModelTrait/SystemFieldsTraitTest.php" line="20" class="Tests\Unit\Playground\Filters\ModelTrait\SystemFieldsTraitTest" classname="Tests.Unit.Playground.Filters.ModelTrait.SystemFieldsTraitTest" assertions="2" time="0.004571"/>
        <testcase name="test_filterSystemFields_for_permissions" file="/app/tests/Unit/Filters/ModelTrait/SystemFieldsTraitTest.php" line="33" class="Tests\Unit\Playground\Filters\ModelTrait\SystemFieldsTraitTest" classname="Tests.Unit.Playground.Filters.ModelTrait.SystemFieldsTraitTest" assertions="3" time="0.004746"/>
        <testcase name="test_filterSystemFields_for_rank" file="/app/tests/Unit/Filters/ModelTrait/SystemFieldsTraitTest.php" line="67" class="Tests\Unit\Playground\Filters\ModelTrait\SystemFieldsTraitTest" classname="Tests.Unit.Playground.Filters.ModelTrait.SystemFieldsTraitTest" assertions="3" time="0.004793"/>
        <testcase name="test_filterSystemFields_for_size" file="/app/tests/Unit/Filters/ModelTrait/SystemFieldsTraitTest.php" line="84" class="Tests\Unit\Playground\Filters\ModelTrait\SystemFieldsTraitTest" classname="Tests.Unit.Playground.Filters.ModelTrait.SystemFieldsTraitTest" assertions="3" time="0.004538"/>
      </testsuite>
      <testsuite name="Tests\Unit\Playground\Filters\ModelTrait\UuidTraitTest" file="/app/tests/Unit/Filters/ModelTrait/UuidTraitTest.php" tests="1" assertions="2" errors="0" failures="0" skipped="0" time="0.021807">
        <testcase name="test_filterUuid" file="/app/tests/Unit/Filters/ModelTrait/UuidTraitTest.php" line="19" class="Tests\Unit\Playground\Filters\ModelTrait\UuidTraitTest" classname="Tests.Unit.Playground.Filters.ModelTrait.UuidTraitTest" assertions="2" time="0.021807"/>
      </testsuite>
      <testsuite name="Tests\Unit\Playground\Filters\ModelTrait\ValueTraitTest" file="/app/tests/Unit/Filters/ModelTrait/ValueTraitTest.php" tests="3" assertions="20" errors="0" failures="0" skipped="0" time="0.015139">
        <testcase name="test_filterBoolean" file="/app/tests/Unit/Filters/ModelTrait/ValueTraitTest.php" line="22" class="Tests\Unit\Playground\Filters\ModelTrait\ValueTraitTest" classname="Tests.Unit.Playground.Filters.ModelTrait.ValueTraitTest" assertions="12" time="0.004888"/>
        <testcase name="test_filterEmail" file="/app/tests/Unit/Filters/ModelTrait/ValueTraitTest.php" line="66" class="Tests\Unit\Playground\Filters\ModelTrait\ValueTraitTest" classname="Tests.Unit.Playground.Filters.ModelTrait.ValueTraitTest" assertions="6" time="0.004827"/>
        <testcase name="test_filterHtml" file="/app/tests/Unit/Filters/ModelTrait/ValueTraitTest.php" line="92" class="Tests\Unit\Playground\Filters\ModelTrait\ValueTraitTest" classname="Tests.Unit.Playground.Filters.ModelTrait.ValueTraitTest" assertions="2" time="0.005424"/>
      </testsuite>
      <testsuite name="Tests\Unit\Playground\Models\Model\ModelTest" file="/app/tests/Unit/Models/Model/ModelTest.php" tests="5" assertions="5" errors="0" failures="0" skipped="0" time="0.144269">
        <testcase name="test_WithChildren_children_returns_HasMany" file="/app/tests/Unit/Models/Model/ModelTest.php" line="42" class="Tests\Unit\Playground\Models\Model\ModelTest" classname="Tests.Unit.Playground.Models.Model.ModelTest" assertions="1" time="0.123155"/>
        <testcase name="test_WithCreator_creator_returns_HasOne" file="/app/tests/Unit/Models/Model/ModelTest.php" line="47" class="Tests\Unit\Playground\Models\Model\ModelTest" classname="Tests.Unit.Playground.Models.Model.ModelTest" assertions="1" time="0.006614"/>
        <testcase name="test_WithModifier_modifier_returns_HasOne" file="/app/tests/Unit/Models/Model/ModelTest.php" line="52" class="Tests\Unit\Playground\Models\Model\ModelTest" classname="Tests.Unit.Playground.Models.Model.ModelTest" assertions="1" time="0.004947"/>
        <testcase name="test_WithOwner_owner_returns_HasOne" file="/app/tests/Unit/Models/Model/ModelTest.php" line="57" class="Tests\Unit\Playground\Models\Model\ModelTest" classname="Tests.Unit.Playground.Models.Model.ModelTest" assertions="1" time="0.004854"/>
        <testcase name="test_WithParent_parent_returns_HasOne" file="/app/tests/Unit/Models/Model/ModelTest.php" line="62" class="Tests\Unit\Playground\Models\Model\ModelTest" classname="Tests.Unit.Playground.Models.Model.ModelTest" assertions="1" time="0.004699"/>
      </testsuite>
      <testsuite name="Tests\Unit\Playground\Models\Traits\ScopeFilterColumns\ModelTest" file="/app/tests/Unit/Models/Traits/ScopeFilterColumns/ModelTest.php" tests="15" assertions="150" errors="0" failures="0" skipped="0" time="0.090282">
        <testcase name="test_scopeFilterColumns_returns_query_without_columns_or_filters" file="/app/tests/Unit/Models/Traits/ScopeFilterColumns/ModelTest.php" line="49" class="Tests\Unit\Playground\Models\Traits\ScopeFilterColumns\ModelTest" classname="Tests.Unit.Playground.Models.Traits.ScopeFilterColumns.ModelTest" assertions="2" time="0.005368"/>
        <testcase name="test_scopeFilterColumns_returns_query_without_filters" file="/app/tests/Unit/Models/Traits/ScopeFilterColumns/ModelTest.php" line="63" class="Tests\Unit\Playground\Models\Traits\ScopeFilterColumns\ModelTest" classname="Tests.Unit.Playground.Models.Traits.ScopeFilterColumns.ModelTest" assertions="4" time="0.005263"/>
        <testcase name="test_scopeFilterColumns_returns_query_with_invalid_column" file="/app/tests/Unit/Models/Traits/ScopeFilterColumns/ModelTest.php" line="84" class="Tests\Unit\Playground\Models\Traits\ScopeFilterColumns\ModelTest" classname="Tests.Unit.Playground.Models.Traits.ScopeFilterColumns.ModelTest" assertions="4" time="0.005364"/>
        <testcase name="test_scopeFilterColumns_returns_query_with_filters_without_meta_for_strings" file="/app/tests/Unit/Models/Traits/ScopeFilterColumns/ModelTest.php" line="112" class="Tests\Unit\Playground\Models\Traits\ScopeFilterColumns\ModelTest" classname="Tests.Unit.Playground.Models.Traits.ScopeFilterColumns.ModelTest" assertions="8" time="0.005636"/>
        <testcase name="test_scopeFilterColumns_returns_query_with_null_comparison_and_ignore" file="/app/tests/Unit/Models/Traits/ScopeFilterColumns/ModelTest.php" line="148" class="Tests\Unit\Playground\Models\Traits\ScopeFilterColumns\ModelTest" classname="Tests.Unit.Playground.Models.Traits.ScopeFilterColumns.ModelTest" assertions="4" time="0.005286"/>
        <testcase name="test_scopeFilterColumns_returns_query_with_comparison" file="/app/tests/Unit/Models/Traits/ScopeFilterColumns/ModelTest.php" line="177" class="Tests\Unit\Playground\Models\Traits\ScopeFilterColumns\ModelTest" classname="Tests.Unit.Playground.Models.Traits.ScopeFilterColumns.ModelTest" assertions="6" time="0.005457"/>
        <testcase name="test_scopeFilterColumns_with_boolean_filter_type_and_null_value" file="/app/tests/Unit/Models/Traits/ScopeFilterColumns/ModelTest.php" line="207" class="Tests\Unit\Playground\Models\Traits\ScopeFilterColumns\ModelTest" classname="Tests.Unit.Playground.Models.Traits.ScopeFilterColumns.ModelTest" assertions="6" time="0.005535"/>
        <testcase name="test_scopeFilterColumns_with_boolean_filter_type_and_true_value" file="/app/tests/Unit/Models/Traits/ScopeFilterColumns/ModelTest.php" line="239" class="Tests\Unit\Playground\Models\Traits\ScopeFilterColumns\ModelTest" classname="Tests.Unit.Playground.Models.Traits.ScopeFilterColumns.ModelTest" assertions="6" time="0.005574"/>
        <testcase name="test_scopeFilterColumns_with_boolean_filter_type_and_false_value" file="/app/tests/Unit/Models/Traits/ScopeFilterColumns/ModelTest.php" line="271" class="Tests\Unit\Playground\Models\Traits\ScopeFilterColumns\ModelTest" classname="Tests.Unit.Playground.Models.Traits.ScopeFilterColumns.ModelTest" assertions="6" time="0.005487"/>
        <testcase name="test_scopeFilterColumns_with_filter_operator_without_operator_and_default_to_like" file="/app/tests/Unit/Models/Traits/ScopeFilterColumns/ModelTest.php" line="303" class="Tests\Unit\Playground\Models\Traits\ScopeFilterColumns\ModelTest" classname="Tests.Unit.Playground.Models.Traits.ScopeFilterColumns.ModelTest" assertions="6" time="0.005435"/>
        <testcase name="test_scopeFilterColumns_with_filter_operators" file="/app/tests/Unit/Models/Traits/ScopeFilterColumns/ModelTest.php" line="335" class="Tests\Unit\Playground\Models\Traits\ScopeFilterColumns\ModelTest" classname="Tests.Unit.Playground.Models.Traits.ScopeFilterColumns.ModelTest" assertions="74" time="0.013916"/>
        <testcase name="test_scopeFilterColumns_with_between_filter_operator_without_single_parameter_and_ignore_between" file="/app/tests/Unit/Models/Traits/ScopeFilterColumns/ModelTest.php" line="420" class="Tests\Unit\Playground\Models\Traits\ScopeFilterColumns\ModelTest" classname="Tests.Unit.Playground.Models.Traits.ScopeFilterColumns.ModelTest" assertions="4" time="0.005381"/>
        <testcase name="test_scopeFilterColumns_with_between_filter_operator" file="/app/tests/Unit/Models/Traits/ScopeFilterColumns/ModelTest.php" line="451" class="Tests\Unit\Playground\Models\Traits\ScopeFilterColumns\ModelTest" classname="Tests.Unit.Playground.Models.Traits.ScopeFilterColumns.ModelTest" assertions="8" time="0.005600"/>
        <testcase name="test_scopeFilterColumns_with_not_between_filter_operator_without_single_parameter_and_ignore_between" file="/app/tests/Unit/Models/Traits/ScopeFilterColumns/ModelTest.php" line="486" class="Tests\Unit\Playground\Models\Traits\ScopeFilterColumns\ModelTest" classname="Tests.Unit.Playground.Models.Traits.ScopeFilterColumns.ModelTest" assertions="4" time="0.005324"/>
        <testcase name="test_scopeFilterColumns_with_not_between_filter_operator" file="/app/tests/Unit/Models/Traits/ScopeFilterColumns/ModelTest.php" line="517" class="Tests\Unit\Playground\Models\Traits\ScopeFilterColumns\ModelTest" classname="Tests.Unit.Playground.Models.Traits.ScopeFilterColumns.ModelTest" assertions="8" time="0.005657"/>
      </testsuite>
      <testsuite name="Tests\Unit\Playground\Models\Traits\ScopeFilterDates\ModelTest" file="/app/tests/Unit/Models/Traits/ScopeFilterDates/ModelTest.php" tests="18" assertions="160" errors="0" failures="0" skipped="0" time="0.113350">
        <testcase name="test_scopeFilterDates_returns_query_without_dates_or_filters" file="/app/tests/Unit/Models/Traits/ScopeFilterDates/ModelTest.php" line="52" class="Tests\Unit\Playground\Models\Traits\ScopeFilterDates\ModelTest" classname="Tests.Unit.Playground.Models.Traits.ScopeFilterDates.ModelTest" assertions="2" time="0.007782"/>
        <testcase name="test_scopeFilterDates_returns_query_without_filters" file="/app/tests/Unit/Models/Traits/ScopeFilterDates/ModelTest.php" line="66" class="Tests\Unit\Playground\Models\Traits\ScopeFilterDates\ModelTest" classname="Tests.Unit.Playground.Models.Traits.ScopeFilterDates.ModelTest" assertions="4" time="0.006648"/>
        <testcase name="test_scopeFilterDates_returns_query_with_invalid_column" file="/app/tests/Unit/Models/Traits/ScopeFilterDates/ModelTest.php" line="87" class="Tests\Unit\Playground\Models\Traits\ScopeFilterDates\ModelTest" classname="Tests.Unit.Playground.Models.Traits.ScopeFilterDates.ModelTest" assertions="4" time="0.005357"/>
        <testcase name="test_scopeFilterDates_returns_query_with_filters_without_meta_for_strings" file="/app/tests/Unit/Models/Traits/ScopeFilterDates/ModelTest.php" line="115" class="Tests\Unit\Playground\Models\Traits\ScopeFilterDates\ModelTest" classname="Tests.Unit.Playground.Models.Traits.ScopeFilterDates.ModelTest" assertions="6" time="0.005957"/>
        <testcase name="test_scopeFilterDates_returns_query_with_null_comparison_and_ignore" file="/app/tests/Unit/Models/Traits/ScopeFilterDates/ModelTest.php" line="148" class="Tests\Unit\Playground\Models\Traits\ScopeFilterDates\ModelTest" classname="Tests.Unit.Playground.Models.Traits.ScopeFilterDates.ModelTest" assertions="4" time="0.005270"/>
        <testcase name="test_scopeFilterDates_returns_query_with_null_comparison_and_allow" file="/app/tests/Unit/Models/Traits/ScopeFilterDates/ModelTest.php" line="181" class="Tests\Unit\Playground\Models\Traits\ScopeFilterDates\ModelTest" classname="Tests.Unit.Playground.Models.Traits.ScopeFilterDates.ModelTest" assertions="4" time="0.005466"/>
        <testcase name="test_scopeFilterDates_returns_query_with_comparison" file="/app/tests/Unit/Models/Traits/ScopeFilterDates/ModelTest.php" line="214" class="Tests\Unit\Playground\Models\Traits\ScopeFilterDates\ModelTest" classname="Tests.Unit.Playground.Models.Traits.ScopeFilterDates.ModelTest" assertions="6" time="0.005632"/>
        <testcase name="test_scopeFilterDates_returns_query_with_wildcard" file="/app/tests/Unit/Models/Traits/ScopeFilterDates/ModelTest.php" line="245" class="Tests\Unit\Playground\Models\Traits\ScopeFilterDates\ModelTest" classname="Tests.Unit.Playground.Models.Traits.ScopeFilterDates.ModelTest" assertions="6" time="0.005467"/>
        <testcase name="test_scopeFilterDates_returns_query_with_operator_wildcard" file="/app/tests/Unit/Models/Traits/ScopeFilterDates/ModelTest.php" line="275" class="Tests\Unit\Playground\Models\Traits\ScopeFilterDates\ModelTest" classname="Tests.Unit.Playground.Models.Traits.ScopeFilterDates.ModelTest" assertions="6" time="0.005542"/>
        <testcase name="test_scopeFilterDates_returns_query_with_object_value_and_ignore" file="/app/tests/Unit/Models/Traits/ScopeFilterDates/ModelTest.php" line="307" class="Tests\Unit\Playground\Models\Traits\ScopeFilterDates\ModelTest" classname="Tests.Unit.Playground.Models.Traits.ScopeFilterDates.ModelTest" assertions="4" time="0.005416"/>
        <testcase name="test_scopeFilterDates_returns_query_with_unnullable_value_and_ignore" file="/app/tests/Unit/Models/Traits/ScopeFilterDates/ModelTest.php" line="338" class="Tests\Unit\Playground\Models\Traits\ScopeFilterDates\ModelTest" classname="Tests.Unit.Playground.Models.Traits.ScopeFilterDates.ModelTest" assertions="4" time="0.005360"/>
        <testcase name="test_scopeFilterDates_returns_query_with_invalid_operator_and_use_like" file="/app/tests/Unit/Models/Traits/ScopeFilterDates/ModelTest.php" line="368" class="Tests\Unit\Playground\Models\Traits\ScopeFilterDates\ModelTest" classname="Tests.Unit.Playground.Models.Traits.ScopeFilterDates.ModelTest" assertions="6" time="0.005807"/>
        <testcase name="test_scopeFilterDates_returns_query_with_invalid_parsable_value_and_ignore" file="/app/tests/Unit/Models/Traits/ScopeFilterDates/ModelTest.php" line="404" class="Tests\Unit\Playground\Models\Traits\ScopeFilterDates\ModelTest" classname="Tests.Unit.Playground.Models.Traits.ScopeFilterDates.ModelTest" assertions="4" time="0.005793"/>
        <testcase name="test_scopeFilterDates_returns_query_with_short_date_and_gte_operator" file="/app/tests/Unit/Models/Traits/ScopeFilterDates/ModelTest.php" line="435" class="Tests\Unit\Playground\Models\Traits\ScopeFilterDates\ModelTest" classname="Tests.Unit.Playground.Models.Traits.ScopeFilterDates.ModelTest" assertions="6" time="0.005553"/>
        <testcase name="test_scopeFilterDates_returns_query_with_phrase_date_and_automatically_parse" file="/app/tests/Unit/Models/Traits/ScopeFilterDates/ModelTest.php" line="468" class="Tests\Unit\Playground\Models\Traits\ScopeFilterDates\ModelTest" classname="Tests.Unit.Playground.Models.Traits.ScopeFilterDates.ModelTest" assertions="6" time="0.005816"/>
        <testcase name="test_scopeFilterDates_with_between_filter_operator_with_parse" file="/app/tests/Unit/Models/Traits/ScopeFilterDates/ModelTest.php" line="504" class="Tests\Unit\Playground\Models\Traits\ScopeFilterDates\ModelTest" classname="Tests.Unit.Playground.Models.Traits.ScopeFilterDates.ModelTest" assertions="7" time="0.006160"/>
        <testcase name="test_scopeFilterDates_with_not_between_filter_operator_with_parse" file="/app/tests/Unit/Models/Traits/ScopeFilterDates/ModelTest.php" line="547" class="Tests\Unit\Playground\Models\Traits\ScopeFilterDates\ModelTest" classname="Tests.Unit.Playground.Models.Traits.ScopeFilterDates.ModelTest" assertions="7" time="0.006143"/>
        <testcase name="test_scopeFilterDates_with_filter_operators" file="/app/tests/Unit/Models/Traits/ScopeFilterDates/ModelTest.php" line="590" class="Tests\Unit\Playground\Models\Traits\ScopeFilterDates\ModelTest" classname="Tests.Unit.Playground.Models.Traits.ScopeFilterDates.ModelTest" assertions="74" time="0.014178"/>
      </testsuite>
      <testsuite name="Tests\Unit\Playground\Models\Traits\ScopeFilterFlags\ModelTest" file="/app/tests/Unit/Models/Traits/ScopeFilterFlags/ModelTest.php" tests="3" assertions="14" errors="0" failures="0" skipped="0" time="0.015591">
        <testcase name="test_scopeFilterFlags_returns_query_without_flags_or_filters" file="/app/tests/Unit/Models/Traits/ScopeFilterFlags/ModelTest.php" line="49" class="Tests\Unit\Playground\Models\Traits\ScopeFilterFlags\ModelTest" classname="Tests.Unit.Playground.Models.Traits.ScopeFilterFlags.ModelTest" assertions="2" time="0.004900"/>
        <testcase name="test_scopeFilterFlags_returns_query_without_filters" file="/app/tests/Unit/Models/Traits/ScopeFilterFlags/ModelTest.php" line="63" class="Tests\Unit\Playground\Models\Traits\ScopeFilterFlags\ModelTest" classname="Tests.Unit.Playground.Models.Traits.ScopeFilterFlags.ModelTest" assertions="4" time="0.005217"/>
        <testcase name="test_scopeFilterFlags_returns_query_with_filters" file="/app/tests/Unit/Models/Traits/ScopeFilterFlags/ModelTest.php" line="84" class="Tests\Unit\Playground\Models\Traits\ScopeFilterFlags\ModelTest" classname="Tests.Unit.Playground.Models.Traits.ScopeFilterFlags.ModelTest" assertions="8" time="0.005474"/>
      </testsuite>
      <testsuite name="Tests\Unit\Playground\Models\Traits\ScopeFilterIds\ModelTest" file="/app/tests/Unit/Models/Traits/ScopeFilterIds/ModelTest.php" tests="11" assertions="70" errors="0" failures="0" skipped="0" time="0.067110">
        <testcase name="test_scopeFilterIds_returns_query_without_ids_or_filters" file="/app/tests/Unit/Models/Traits/ScopeFilterIds/ModelTest.php" line="49" class="Tests\Unit\Playground\Models\Traits\ScopeFilterIds\ModelTest" classname="Tests.Unit.Playground.Models.Traits.ScopeFilterIds.ModelTest" assertions="2" time="0.005037"/>
        <testcase name="test_scopeFilterIds_returns_query_without_filters" file="/app/tests/Unit/Models/Traits/ScopeFilterIds/ModelTest.php" line="63" class="Tests\Unit\Playground\Models\Traits\ScopeFilterIds\ModelTest" classname="Tests.Unit.Playground.Models.Traits.ScopeFilterIds.ModelTest" assertions="4" time="0.005218"/>
        <testcase name="test_scopeFilterIds_returns_query_with_invalid_column" file="/app/tests/Unit/Models/Traits/ScopeFilterIds/ModelTest.php" line="84" class="Tests\Unit\Playground\Models\Traits\ScopeFilterIds\ModelTest" classname="Tests.Unit.Playground.Models.Traits.ScopeFilterIds.ModelTest" assertions="4" time="0.005193"/>
        <testcase name="test_scopeFilterIds_returns_query_with_null_comparison" file="/app/tests/Unit/Models/Traits/ScopeFilterIds/ModelTest.php" line="112" class="Tests\Unit\Playground\Models\Traits\ScopeFilterIds\ModelTest" classname="Tests.Unit.Playground.Models.Traits.ScopeFilterIds.ModelTest" assertions="4" time="0.005560"/>
        <testcase name="test_scopeFilterIds_returns_query_with_comparison" file="/app/tests/Unit/Models/Traits/ScopeFilterIds/ModelTest.php" line="141" class="Tests\Unit\Playground\Models\Traits\ScopeFilterIds\ModelTest" classname="Tests.Unit.Playground.Models.Traits.ScopeFilterIds.ModelTest" assertions="6" time="0.005352"/>
        <testcase name="test_scopeFilterIds_returns_query_with_filters_array" file="/app/tests/Unit/Models/Traits/ScopeFilterIds/ModelTest.php" line="171" class="Tests\Unit\Playground\Models\Traits\ScopeFilterIds\ModelTest" classname="Tests.Unit.Playground.Models.Traits.ScopeFilterIds.ModelTest" assertions="10" time="0.007299"/>
        <testcase name="test_scopeFilterIds_returns_query_with_filters_with_integer" file="/app/tests/Unit/Models/Traits/ScopeFilterIds/ModelTest.php" line="219" class="Tests\Unit\Playground\Models\Traits\ScopeFilterIds\ModelTest" classname="Tests.Unit.Playground.Models.Traits.ScopeFilterIds.ModelTest" assertions="6" time="0.005441"/>
        <testcase name="test_scopeFilterIds_returns_query_with_array_of_ids_without_type" file="/app/tests/Unit/Models/Traits/ScopeFilterIds/ModelTest.php" line="258" class="Tests\Unit\Playground\Models\Traits\ScopeFilterIds\ModelTest" classname="Tests.Unit.Playground.Models.Traits.ScopeFilterIds.ModelTest" assertions="10" time="0.007541"/>
        <testcase name="test_scopeFilterIds_returns_query_with_array_of_uuids_for_integer_type_ids_and_ignore" file="/app/tests/Unit/Models/Traits/ScopeFilterIds/ModelTest.php" line="304" class="Tests\Unit\Playground\Models\Traits\ScopeFilterIds\ModelTest" classname="Tests.Unit.Playground.Models.Traits.ScopeFilterIds.ModelTest" assertions="4" time="0.006955"/>
        <testcase name="test_scopeFilterIds_returns_query_with_array_of_integer_ids_ignore_duplicate_id" file="/app/tests/Unit/Models/Traits/ScopeFilterIds/ModelTest.php" line="343" class="Tests\Unit\Playground\Models\Traits\ScopeFilterIds\ModelTest" classname="Tests.Unit.Playground.Models.Traits.ScopeFilterIds.ModelTest" assertions="8" time="0.005697"/>
        <testcase name="test_scopeFilterIds_returns_query_with_filters_with_null_and_string_and_array" file="/app/tests/Unit/Models/Traits/ScopeFilterIds/ModelTest.php" line="387" class="Tests\Unit\Playground\Models\Traits\ScopeFilterIds\ModelTest" classname="Tests.Unit.Playground.Models.Traits.ScopeFilterIds.ModelTest" assertions="12" time="0.007816"/>
      </testsuite>
      <testsuite name="Tests\Unit\Playground\Models\Traits\ScopeFilterTrash\ModelTest" file="/app/tests/Unit/Models/Traits/ScopeFilterTrash/ModelTest.php" tests="3" assertions="6" errors="0" failures="0" skipped="0" time="0.015005">
        <testcase name="test_scopeFilterTrash_returns_query_with_empty_visibility" file="/app/tests/Unit/Models/Traits/ScopeFilterTrash/ModelTest.php" line="49" class="Tests\Unit\Playground\Models\Traits\ScopeFilterTrash\ModelTest" classname="Tests.Unit.Playground.Models.Traits.ScopeFilterTrash.ModelTest" assertions="2" time="0.004997"/>
        <testcase name="test_scopeFilterTrash_returns_query_with_trash" file="/app/tests/Unit/Models/Traits/ScopeFilterTrash/ModelTest.php" line="63" class="Tests\Unit\Playground\Models\Traits\ScopeFilterTrash\ModelTest" classname="Tests.Unit.Playground.Models.Traits.ScopeFilterTrash.ModelTest" assertions="2" time="0.004997"/>
        <testcase name="test_scopeFilterTrash_returns_query_with_only_trash" file="/app/tests/Unit/Models/Traits/ScopeFilterTrash/ModelTest.php" line="79" class="Tests\Unit\Playground\Models\Traits\ScopeFilterTrash\ModelTest" classname="Tests.Unit.Playground.Models.Traits.ScopeFilterTrash.ModelTest" assertions="2" time="0.005012"/>
      </testsuite>
      <testsuite name="Tests\Unit\Playground\Models\Traits\ScopeSort\ModelTest" file="/app/tests/Unit/Models/Traits/ScopeSort/ModelTest.php" tests="11" assertions="23" errors="0" failures="0" skipped="0" time="0.056310">
        <testcase name="test_scopeSort_returns_query_with_empty_sort" file="/app/tests/Unit/Models/Traits/ScopeSort/ModelTest.php" line="49" class="Tests\Unit\Playground\Models\Traits\ScopeSort\ModelTest" classname="Tests.Unit.Playground.Models.Traits.ScopeSort.ModelTest" assertions="3" time="0.005185"/>
        <testcase name="test_scopeSort_returns_query_with_array_boolean_sort_asc" file="/app/tests/Unit/Models/Traits/ScopeSort/ModelTest.php" line="65" class="Tests\Unit\Playground\Models\Traits\ScopeSort\ModelTest" classname="Tests.Unit.Playground.Models.Traits.ScopeSort.ModelTest" assertions="2" time="0.005120"/>
        <testcase name="test_scopeSort_returns_query_with_array_boolean_sort_desc" file="/app/tests/Unit/Models/Traits/ScopeSort/ModelTest.php" line="83" class="Tests\Unit\Playground\Models\Traits\ScopeSort\ModelTest" classname="Tests.Unit.Playground.Models.Traits.ScopeSort.ModelTest" assertions="2" time="0.005212"/>
        <testcase name="test_scopeSort_returns_query_with_array_boolean_sort_pair" file="/app/tests/Unit/Models/Traits/ScopeSort/ModelTest.php" line="101" class="Tests\Unit\Playground\Models\Traits\ScopeSort\ModelTest" classname="Tests.Unit.Playground.Models.Traits.ScopeSort.ModelTest" assertions="2" time="0.005149"/>
        <testcase name="test_scopeSort_returns_query_with_array_boolean_sort_triplet" file="/app/tests/Unit/Models/Traits/ScopeSort/ModelTest.php" line="120" class="Tests\Unit\Playground\Models\Traits\ScopeSort\ModelTest" classname="Tests.Unit.Playground.Models.Traits.ScopeSort.ModelTest" assertions="2" time="0.005250"/>
        <testcase name="test_scopeSort_returns_query_with_csv_sort_asc" file="/app/tests/Unit/Models/Traits/ScopeSort/ModelTest.php" line="140" class="Tests\Unit\Playground\Models\Traits\ScopeSort\ModelTest" classname="Tests.Unit.Playground.Models.Traits.ScopeSort.ModelTest" assertions="2" time="0.005070"/>
        <testcase name="test_scopeSort_returns_query_with_csv_sort_desc" file="/app/tests/Unit/Models/Traits/ScopeSort/ModelTest.php" line="154" class="Tests\Unit\Playground\Models\Traits\ScopeSort\ModelTest" classname="Tests.Unit.Playground.Models.Traits.ScopeSort.ModelTest" assertions="2" time="0.005203"/>
        <testcase name="test_scopeSort_returns_query_with_simple_array_asc" file="/app/tests/Unit/Models/Traits/ScopeSort/ModelTest.php" line="177" class="Tests\Unit\Playground\Models\Traits\ScopeSort\ModelTest" classname="Tests.Unit.Playground.Models.Traits.ScopeSort.ModelTest" assertions="2" time="0.004957"/>
        <testcase name="test_scopeSort_returns_query_with_simple_array_desc" file="/app/tests/Unit/Models/Traits/ScopeSort/ModelTest.php" line="193" class="Tests\Unit\Playground\Models\Traits\ScopeSort\ModelTest" classname="Tests.Unit.Playground.Models.Traits.ScopeSort.ModelTest" assertions="2" time="0.005020"/>
        <testcase name="test_scopeSort_returns_query_with_hash_array_asc" file="/app/tests/Unit/Models/Traits/ScopeSort/ModelTest.php" line="209" class="Tests\Unit\Playground\Models\Traits\ScopeSort\ModelTest" classname="Tests.Unit.Playground.Models.Traits.ScopeSort.ModelTest" assertions="2" time="0.005055"/>
        <testcase name="test_scopeSort_returns_query_with_hash_array_desc" file="/app/tests/Unit/Models/Traits/ScopeSort/ModelTest.php" line="227" class="Tests\Unit\Playground\Models\Traits\ScopeSort\ModelTest" classname="Tests.Unit.Playground.Models.Traits.ScopeSort.ModelTest" assertions="2" time="0.005089"/>
      </testsuite>
      <testsuite name="Tests\Unit\Playground\Models\Traits\UserPrivileges\TraitTest" file="/app/tests/Unit/Models/Traits/UserPrivileges/TraitTest.php" tests="20" assertions="20" errors="0" failures="0" skipped="0" time="0.104703">
        <testcase name="test_hasPrivilege_is_false_with_null_privilege" file="/app/tests/Unit/Models/Traits/UserPrivileges/TraitTest.php" line="41" class="Tests\Unit\Playground\Models\Traits\UserPrivileges\TraitTest" classname="Tests.Unit.Playground.Models.Traits.UserPrivileges.TraitTest" assertions="1" time="0.011331"/>
        <testcase name="test_hasPrivilege_is_false_with_false_privilege" file="/app/tests/Unit/Models/Traits/UserPrivileges/TraitTest.php" line="47" class="Tests\Unit\Playground\Models\Traits\UserPrivileges\TraitTest" classname="Tests.Unit.Playground.Models.Traits.UserPrivileges.TraitTest" assertions="1" time="0.004538"/>
        <testcase name="test_hasPrivilege_is_true_with_privilege_that_does_exist" file="/app/tests/Unit/Models/Traits/UserPrivileges/TraitTest.php" line="53" class="Tests\Unit\Playground\Models\Traits\UserPrivileges\TraitTest" classname="Tests.Unit.Playground.Models.Traits.UserPrivileges.TraitTest" assertions="1" time="0.004996"/>
        <testcase name="test_hasPrivilege_is_false_with_privilege_that_does_not_exist" file="/app/tests/Unit/Models/Traits/UserPrivileges/TraitTest.php" line="63" class="Tests\Unit\Playground\Models\Traits\UserPrivileges\TraitTest" classname="Tests.Unit.Playground.Models.Traits.UserPrivileges.TraitTest" assertions="1" time="0.004926"/>
        <testcase name="test_hasRole_is_false_with_null_role" file="/app/tests/Unit/Models/Traits/UserPrivileges/TraitTest.php" line="73" class="Tests\Unit\Playground\Models\Traits\UserPrivileges\TraitTest" classname="Tests.Unit.Playground.Models.Traits.UserPrivileges.TraitTest" assertions="1" time="0.004493"/>
        <testcase name="test_hasRole_is_false_with_false_role" file="/app/tests/Unit/Models/Traits/UserPrivileges/TraitTest.php" line="79" class="Tests\Unit\Playground\Models\Traits\UserPrivileges\TraitTest" classname="Tests.Unit.Playground.Models.Traits.UserPrivileges.TraitTest" assertions="1" time="0.004598"/>
        <testcase name="test_hasRole_is_true_with_role_that_does_exist" file="/app/tests/Unit/Models/Traits/UserPrivileges/TraitTest.php" line="85" class="Tests\Unit\Playground\Models\Traits\UserPrivileges\TraitTest" classname="Tests.Unit.Playground.Models.Traits.UserPrivileges.TraitTest" assertions="1" time="0.004893"/>
        <testcase name="test_hasRole_is_false_with_role_that_does_not_exist" file="/app/tests/Unit/Models/Traits/UserPrivileges/TraitTest.php" line="95" class="Tests\Unit\Playground\Models\Traits\UserPrivileges\TraitTest" classname="Tests.Unit.Playground.Models.Traits.UserPrivileges.TraitTest" assertions="1" time="0.004893"/>
        <testcase name="test_hasRole_is_false_with_secondary_role_that_does_not_exist" file="/app/tests/Unit/Models/Traits/UserPrivileges/TraitTest.php" line="105" class="Tests\Unit\Playground\Models\Traits\UserPrivileges\TraitTest" classname="Tests.Unit.Playground.Models.Traits.UserPrivileges.TraitTest" assertions="1" time="0.004911"/>
        <testcase name="test_hasRole_is_true_with_secondary_role_that_does_exist" file="/app/tests/Unit/Models/Traits/UserPrivileges/TraitTest.php" line="119" class="Tests\Unit\Playground\Models\Traits\UserPrivileges\TraitTest" classname="Tests.Unit.Playground.Models.Traits.UserPrivileges.TraitTest" assertions="1" time="0.005002"/>
        <testcase name="test_hasRole_is_true_with_other_secondary_role_that_does_exist" file="/app/tests/Unit/Models/Traits/UserPrivileges/TraitTest.php" line="133" class="Tests\Unit\Playground\Models\Traits\UserPrivileges\TraitTest" classname="Tests.Unit.Playground.Models.Traits.UserPrivileges.TraitTest" assertions="1" time="0.005014"/>
        <testcase name="test_hasRole_is_true_with_primary_role_that_does_exist" file="/app/tests/Unit/Models/Traits/UserPrivileges/TraitTest.php" line="147" class="Tests\Unit\Playground\Models\Traits\UserPrivileges\TraitTest" classname="Tests.Unit.Playground.Models.Traits.UserPrivileges.TraitTest" assertions="1" time="0.004945"/>
        <testcase name="test_isAdmin_is_false_without_roles" file="/app/tests/Unit/Models/Traits/UserPrivileges/TraitTest.php" line="161" class="Tests\Unit\Playground\Models\Traits\UserPrivileges\TraitTest" classname="Tests.Unit.Playground.Models.Traits.UserPrivileges.TraitTest" assertions="1" time="0.004774"/>
        <testcase name="test_isAdmin_is_true_with_role_that_does_exist" file="/app/tests/Unit/Models/Traits/UserPrivileges/TraitTest.php" line="166" class="Tests\Unit\Playground\Models\Traits\UserPrivileges\TraitTest" classname="Tests.Unit.Playground.Models.Traits.UserPrivileges.TraitTest" assertions="1" time="0.004987"/>
        <testcase name="test_isAdmin_is_false_with_user_role_that_does_not_exist" file="/app/tests/Unit/Models/Traits/UserPrivileges/TraitTest.php" line="175" class="Tests\Unit\Playground\Models\Traits\UserPrivileges\TraitTest" classname="Tests.Unit.Playground.Models.Traits.UserPrivileges.TraitTest" assertions="1" time="0.005074"/>
        <testcase name="test_isAdmin_is_false_with_secondary_role_that_does_not_exist" file="/app/tests/Unit/Models/Traits/UserPrivileges/TraitTest.php" line="184" class="Tests\Unit\Playground\Models\Traits\UserPrivileges\TraitTest" classname="Tests.Unit.Playground.Models.Traits.UserPrivileges.TraitTest" assertions="1" time="0.005145"/>
        <testcase name="test_isAdmin_is_false_with_secondary_roles_that_exist_and_not_admin" file="/app/tests/Unit/Models/Traits/UserPrivileges/TraitTest.php" line="197" class="Tests\Unit\Playground\Models\Traits\UserPrivileges\TraitTest" classname="Tests.Unit.Playground.Models.Traits.UserPrivileges.TraitTest" assertions="1" time="0.005124"/>
        <testcase name="test_isAdmin_is_true_with_other_secondary_role_that_does_exist" file="/app/tests/Unit/Models/Traits/UserPrivileges/TraitTest.php" line="210" class="Tests\Unit\Playground\Models\Traits\UserPrivileges\TraitTest" classname="Tests.Unit.Playground.Models.Traits.UserPrivileges.TraitTest" assertions="1" time="0.005092"/>
        <testcase name="test_isAdmin_is_true_with_primary_role_that_does_exist" file="/app/tests/Unit/Models/Traits/UserPrivileges/TraitTest.php" line="223" class="Tests\Unit\Playground\Models\Traits\UserPrivileges\TraitTest" classname="Tests.Unit.Playground.Models.Traits.UserPrivileges.TraitTest" assertions="1" time="0.004895"/>
        <testcase name="test_isAdmin_is_false_with_secondary_root_role" file="/app/tests/Unit/Models/Traits/UserPrivileges/TraitTest.php" line="236" class="Tests\Unit\Playground\Models\Traits\UserPrivileges\TraitTest" classname="Tests.Unit.Playground.Models.Traits.UserPrivileges.TraitTest" assertions="1" time="0.005073"/>
      </testsuite>
      <testsuite name="Tests\Unit\Playground\Policies\ModelPolicy\AbstractRoleTest" file="/app/tests/Unit/Policies/ModelPolicy/AbstractRoleTest.php" tests="24" assertions="30" errors="0" failures="0" skipped="0" time="0.266817">
        <testcase name="test_create_without_role" file="/app/tests/Unit/Policies/ModelPolicy/AbstractRoleTest.php" line="58" class="Tests\Unit\Playground\Policies\ModelPolicy\AbstractRoleTest" classname="Tests.Unit.Playground.Policies.ModelPolicy.AbstractRoleTest" assertions="1" time="0.078774"/>
        <testcase name="test_create_with_admin" file="/app/tests/Unit/Policies/ModelPolicy/AbstractRoleTest.php" line="68" class="Tests\Unit\Playground\Policies\ModelPolicy\AbstractRoleTest" classname="Tests.Unit.Playground.Policies.ModelPolicy.AbstractRoleTest" assertions="1" time="0.007607"/>
        <testcase name="test_delete_without_role" file="/app/tests/Unit/Policies/ModelPolicy/AbstractRoleTest.php" line="87" class="Tests\Unit\Playground\Policies\ModelPolicy\AbstractRoleTest" classname="Tests.Unit.Playground.Policies.ModelPolicy.AbstractRoleTest" assertions="1" time="0.008414"/>
        <testcase name="test_delete_with_admin" file="/app/tests/Unit/Policies/ModelPolicy/AbstractRoleTest.php" line="100" class="Tests\Unit\Playground\Policies\ModelPolicy\AbstractRoleTest" classname="Tests.Unit.Playground.Policies.ModelPolicy.AbstractRoleTest" assertions="1" time="0.008169"/>
        <testcase name="test_delete_locked_with_admin" file="/app/tests/Unit/Policies/ModelPolicy/AbstractRoleTest.php" line="121" class="Tests\Unit\Playground\Policies\ModelPolicy\AbstractRoleTest" classname="Tests.Unit.Playground.Policies.ModelPolicy.AbstractRoleTest" assertions="4" time="0.009173"/>
        <testcase name="test_detail_without_role" file="/app/tests/Unit/Policies/ModelPolicy/AbstractRoleTest.php" line="159" class="Tests\Unit\Playground\Policies\ModelPolicy\AbstractRoleTest" classname="Tests.Unit.Playground.Policies.ModelPolicy.AbstractRoleTest" assertions="1" time="0.008357"/>
        <testcase name="test_detail_with_admin" file="/app/tests/Unit/Policies/ModelPolicy/AbstractRoleTest.php" line="172" class="Tests\Unit\Playground\Policies\ModelPolicy\AbstractRoleTest" classname="Tests.Unit.Playground.Policies.ModelPolicy.AbstractRoleTest" assertions="1" time="0.007856"/>
        <testcase name="test_edit_without_role" file="/app/tests/Unit/Policies/ModelPolicy/AbstractRoleTest.php" line="195" class="Tests\Unit\Playground\Policies\ModelPolicy\AbstractRoleTest" classname="Tests.Unit.Playground.Policies.ModelPolicy.AbstractRoleTest" assertions="1" time="0.008442"/>
        <testcase name="test_edit_with_admin" file="/app/tests/Unit/Policies/ModelPolicy/AbstractRoleTest.php" line="208" class="Tests\Unit\Playground\Policies\ModelPolicy\AbstractRoleTest" classname="Tests.Unit.Playground.Policies.ModelPolicy.AbstractRoleTest" assertions="1" time="0.007847"/>
        <testcase name="test_forceDelete_without_role" file="/app/tests/Unit/Policies/ModelPolicy/AbstractRoleTest.php" line="231" class="Tests\Unit\Playground\Policies\ModelPolicy\AbstractRoleTest" classname="Tests.Unit.Playground.Policies.ModelPolicy.AbstractRoleTest" assertions="1" time="0.008312"/>
        <testcase name="test_forceDelete_with_admin" file="/app/tests/Unit/Policies/ModelPolicy/AbstractRoleTest.php" line="244" class="Tests\Unit\Playground\Policies\ModelPolicy\AbstractRoleTest" classname="Tests.Unit.Playground.Policies.ModelPolicy.AbstractRoleTest" assertions="1" time="0.007821"/>
        <testcase name="test_lock_without_role" file="/app/tests/Unit/Policies/ModelPolicy/AbstractRoleTest.php" line="267" class="Tests\Unit\Playground\Policies\ModelPolicy\AbstractRoleTest" classname="Tests.Unit.Playground.Policies.ModelPolicy.AbstractRoleTest" assertions="1" time="0.008389"/>
        <testcase name="test_lock_with_admin" file="/app/tests/Unit/Policies/ModelPolicy/AbstractRoleTest.php" line="280" class="Tests\Unit\Playground\Policies\ModelPolicy\AbstractRoleTest" classname="Tests.Unit.Playground.Policies.ModelPolicy.AbstractRoleTest" assertions="1" time="0.007997"/>
        <testcase name="test_manage_without_role" file="/app/tests/Unit/Policies/ModelPolicy/AbstractRoleTest.php" line="303" class="Tests\Unit\Playground\Policies\ModelPolicy\AbstractRoleTest" classname="Tests.Unit.Playground.Policies.ModelPolicy.AbstractRoleTest" assertions="1" time="0.008445"/>
        <testcase name="test_manage_with_admin" file="/app/tests/Unit/Policies/ModelPolicy/AbstractRoleTest.php" line="316" class="Tests\Unit\Playground\Policies\ModelPolicy\AbstractRoleTest" classname="Tests.Unit.Playground.Policies.ModelPolicy.AbstractRoleTest" assertions="1" time="0.007883"/>
        <testcase name="test_restore_without_role" file="/app/tests/Unit/Policies/ModelPolicy/AbstractRoleTest.php" line="339" class="Tests\Unit\Playground\Policies\ModelPolicy\AbstractRoleTest" classname="Tests.Unit.Playground.Policies.ModelPolicy.AbstractRoleTest" assertions="1" time="0.008372"/>
        <testcase name="test_restore_with_admin" file="/app/tests/Unit/Policies/ModelPolicy/AbstractRoleTest.php" line="352" class="Tests\Unit\Playground\Policies\ModelPolicy\AbstractRoleTest" classname="Tests.Unit.Playground.Policies.ModelPolicy.AbstractRoleTest" assertions="1" time="0.007859"/>
        <testcase name="test_store_without_role" file="/app/tests/Unit/Policies/ModelPolicy/AbstractRoleTest.php" line="373" class="Tests\Unit\Playground\Policies\ModelPolicy\AbstractRoleTest" classname="Tests.Unit.Playground.Policies.ModelPolicy.AbstractRoleTest" assertions="1" time="0.008214"/>
        <testcase name="test_store_with_admin" file="/app/tests/Unit/Policies/ModelPolicy/AbstractRoleTest.php" line="383" class="Tests\Unit\Playground\Policies\ModelPolicy\AbstractRoleTest" classname="Tests.Unit.Playground.Policies.ModelPolicy.AbstractRoleTest" assertions="1" time="0.007778"/>
        <testcase name="test_update_without_role" file="/app/tests/Unit/Policies/ModelPolicy/AbstractRoleTest.php" line="403" class="Tests\Unit\Playground\Policies\ModelPolicy\AbstractRoleTest" classname="Tests.Unit.Playground.Policies.ModelPolicy.AbstractRoleTest" assertions="1" time="0.008467"/>
        <testcase name="test_update_with_admin" file="/app/tests/Unit/Policies/ModelPolicy/AbstractRoleTest.php" line="416" class="Tests\Unit\Playground\Policies\ModelPolicy\AbstractRoleTest" classname="Tests.Unit.Playground.Policies.ModelPolicy.AbstractRoleTest" assertions="1" time="0.007850"/>
        <testcase name="test_update_locked_with_admin" file="/app/tests/Unit/Policies/ModelPolicy/AbstractRoleTest.php" line="437" class="Tests\Unit\Playground\Policies\ModelPolicy\AbstractRoleTest" classname="Tests.Unit.Playground.Policies.ModelPolicy.AbstractRoleTest" assertions="4" time="0.008291"/>
        <testcase name="test_unlock_without_role" file="/app/tests/Unit/Policies/ModelPolicy/AbstractRoleTest.php" line="475" class="Tests\Unit\Playground\Policies\ModelPolicy\AbstractRoleTest" classname="Tests.Unit.Playground.Policies.ModelPolicy.AbstractRoleTest" assertions="1" time="0.008557"/>
        <testcase name="test_unlock_with_admin" file="/app/tests/Unit/Policies/ModelPolicy/AbstractRoleTest.php" line="488" class="Tests\Unit\Playground\Policies\ModelPolicy\AbstractRoleTest" classname="Tests.Unit.Playground.Policies.ModelPolicy.AbstractRoleTest" assertions="1" time="0.007944"/>
      </testsuite>
      <testsuite name="Tests\Unit\Playground\Policies\Policy\AbstractTest" file="/app/tests/Unit/Policies/Policy/AbstractTest.php" tests="7" assertions="7" errors="0" failures="0" skipped="0" time="0.056319">
        <testcase name="test_before_with_root" file="/app/tests/Unit/Policies/Policy/AbstractTest.php" line="44" class="Tests\Unit\Playground\Policies\Policy\AbstractTest" classname="Tests.Unit.Playground.Policies.Policy.AbstractTest" assertions="1" time="0.008095"/>
        <testcase name="test_before_with_root_as_secondary_fails" file="/app/tests/Unit/Policies/Policy/AbstractTest.php" line="62" class="Tests\Unit\Playground\Policies\Policy\AbstractTest" classname="Tests.Unit.Playground.Policies.Policy.AbstractTest" assertions="1" time="0.008495"/>
        <testcase name="test_index_without_role" file="/app/tests/Unit/Policies/Policy/AbstractTest.php" line="83" class="Tests\Unit\Playground\Policies\Policy\AbstractTest" classname="Tests.Unit.Playground.Policies.Policy.AbstractTest" assertions="1" time="0.008166"/>
        <testcase name="test_index_with_admin" file="/app/tests/Unit/Policies/Policy/AbstractTest.php" line="93" class="Tests\Unit\Playground\Policies\Policy\AbstractTest" classname="Tests.Unit.Playground.Policies.Policy.AbstractTest" assertions="1" time="0.007752"/>
        <testcase name="test_view_without_role" file="/app/tests/Unit/Policies/Policy/AbstractTest.php" line="110" class="Tests\Unit\Playground\Policies\Policy\AbstractTest" classname="Tests.Unit.Playground.Policies.Policy.AbstractTest" assertions="1" time="0.008165"/>
        <testcase name="test_view_with_admin" file="/app/tests/Unit/Policies/Policy/AbstractTest.php" line="120" class="Tests\Unit\Playground\Policies\Policy\AbstractTest" classname="Tests.Unit.Playground.Policies.Policy.AbstractTest" assertions="1" time="0.007706"/>
        <testcase name="test_view_with_admin_in_roles" file="/app/tests/Unit/Policies/Policy/AbstractTest.php" line="139" class="Tests\Unit\Playground\Policies\Policy\AbstractTest" classname="Tests.Unit.Playground.Policies.Policy.AbstractTest" assertions="1" time="0.007940"/>
      </testsuite>
      <testsuite name="Tests\Unit\Playground\Policies\PolicyTrait\TraitTest" file="/app/tests/Unit/Policies/PolicyTrait/TraitTest.php" tests="9" assertions="11" errors="0" failures="0" skipped="0" time="0.055873">
        <testcase name="test_getEntity" file="/app/tests/Unit/Policies/PolicyTrait/TraitTest.php" line="45" class="Tests\Unit\Playground\Policies\PolicyTrait\TraitTest" classname="Tests.Unit.Playground.Policies.PolicyTrait.TraitTest" assertions="1" time="0.004743"/>
        <testcase name="test_getPackage" file="/app/tests/Unit/Policies/PolicyTrait/TraitTest.php" line="50" class="Tests\Unit\Playground\Policies\PolicyTrait\TraitTest" classname="Tests.Unit.Playground.Policies.PolicyTrait.TraitTest" assertions="1" time="0.004693"/>
        <testcase name="test_hasToken" file="/app/tests/Unit/Policies/PolicyTrait/TraitTest.php" line="55" class="Tests\Unit\Playground\Policies\PolicyTrait\TraitTest" classname="Tests.Unit.Playground.Policies.PolicyTrait.TraitTest" assertions="1" time="0.004673"/>
        <testcase name="test_getToken" file="/app/tests/Unit/Policies/PolicyTrait/TraitTest.php" line="60" class="Tests\Unit\Playground\Policies\PolicyTrait\TraitTest" classname="Tests.Unit.Playground.Policies.PolicyTrait.TraitTest" assertions="1" time="0.004670"/>
        <testcase name="test_setToken" file="/app/tests/Unit/Policies/PolicyTrait/TraitTest.php" line="65" class="Tests\Unit\Playground\Policies\PolicyTrait\TraitTest" classname="Tests.Unit.Playground.Policies.PolicyTrait.TraitTest" assertions="1" time="0.004696"/>
        <testcase name="test_verify" file="/app/tests/Unit/Policies/PolicyTrait/TraitTest.php" line="70" class="Tests\Unit\Playground\Policies\PolicyTrait\TraitTest" classname="Tests.Unit.Playground.Policies.PolicyTrait.TraitTest" assertions="3" time="0.008947"/>
        <testcase name="test_verify_privileges" file="/app/tests/Unit/Policies/PolicyTrait/TraitTest.php" line="96" class="Tests\Unit\Playground\Policies\PolicyTrait\TraitTest" classname="Tests.Unit.Playground.Policies.PolicyTrait.TraitTest" assertions="1" time="0.007890"/>
        <testcase name="test_verify_roles" file="/app/tests/Unit/Policies/PolicyTrait/TraitTest.php" line="109" class="Tests\Unit\Playground\Policies\PolicyTrait\TraitTest" classname="Tests.Unit.Playground.Policies.PolicyTrait.TraitTest" assertions="1" time="0.007754"/>
        <testcase name="test_verify_user" file="/app/tests/Unit/Policies/PolicyTrait/TraitTest.php" line="122" class="Tests\Unit\Playground\Policies\PolicyTrait\TraitTest" classname="Tests.Unit.Playground.Policies.PolicyTrait.TraitTest" assertions="1" time="0.007806"/>
      </testsuite>
      <testsuite name="Tests\Unit\Playground\Policies\PrivilegeTrait\TraitTest" file="/app/tests/Unit/Policies/PrivilegeTrait/TraitTest.php" tests="7" assertions="7" errors="0" failures="0" skipped="0" time="0.050371">
        <testcase name="test_privilege_without_parameter" file="/app/tests/Unit/Policies/PrivilegeTrait/TraitTest.php" line="39" class="Tests\Unit\Playground\Policies\PrivilegeTrait\TraitTest" classname="Tests.Unit.Playground.Policies.PrivilegeTrait.TraitTest" assertions="1" time="0.004763"/>
        <testcase name="test_privilege_with_package_and_without_parameter" file="/app/tests/Unit/Policies/PrivilegeTrait/TraitTest.php" line="46" class="Tests\Unit\Playground\Policies\PrivilegeTrait\TraitTest" classname="Tests.Unit.Playground.Policies.PrivilegeTrait.TraitTest" assertions="1" time="0.005236"/>
        <testcase name="test_privilege_with_package_and_entity_and_without_parameter" file="/app/tests/Unit/Policies/PrivilegeTrait/TraitTest.php" line="58" class="Tests\Unit\Playground\Policies\PrivilegeTrait\TraitTest" classname="Tests.Unit.Playground.Policies.PrivilegeTrait.TraitTest" assertions="1" time="0.005444"/>
        <testcase name="test_hasPrivilege" file="/app/tests/Unit/Policies/PrivilegeTrait/TraitTest.php" line="75" class="Tests\Unit\Playground\Policies\PrivilegeTrait\TraitTest" classname="Tests.Unit.Playground.Policies.PrivilegeTrait.TraitTest" assertions="1" time="0.010312"/>
        <testcase name="test_hasPrivilege_with_user_hasPrivilege" file="/app/tests/Unit/Policies/PrivilegeTrait/TraitTest.php" line="87" class="Tests\Unit\Playground\Policies\PrivilegeTrait\TraitTest" classname="Tests.Unit.Playground.Policies.PrivilegeTrait.TraitTest" assertions="1" time="0.008183"/>
        <testcase name="test_hasPrivilege_with_user_privileges" file="/app/tests/Unit/Policies/PrivilegeTrait/TraitTest.php" line="102" class="Tests\Unit\Playground\Policies\PrivilegeTrait\TraitTest" classname="Tests.Unit.Playground.Policies.PrivilegeTrait.TraitTest" assertions="1" time="0.007991"/>
        <testcase name="test_hasPrivilege_without_privileges_enabled" file="/app/tests/Unit/Policies/PrivilegeTrait/TraitTest.php" line="117" class="Tests\Unit\Playground\Policies\PrivilegeTrait\TraitTest" classname="Tests.Unit.Playground.Policies.PrivilegeTrait.TraitTest" assertions="1" time="0.008441"/>
      </testsuite>
      <testsuite name="Tests\Unit\Playground\Policies\RoleTrait\TraitTest" file="/app/tests/Unit/Policies/RoleTrait/TraitTest.php" tests="5" assertions="5" errors="0" failures="0" skipped="0" time="0.033539">
        <testcase name="test_getRolesForAdmin" file="/app/tests/Unit/Policies/RoleTrait/TraitTest.php" line="43" class="Tests\Unit\Playground\Policies\RoleTrait\TraitTest" classname="Tests.Unit.Playground.Policies.RoleTrait.TraitTest" assertions="1" time="0.007721"/>
        <testcase name="test_getRolesForAction" file="/app/tests/Unit/Policies/RoleTrait/TraitTest.php" line="54" class="Tests\Unit\Playground\Policies\RoleTrait\TraitTest" classname="Tests.Unit.Playground.Policies.RoleTrait.TraitTest" assertions="1" time="0.004757"/>
        <testcase name="test_getRolesToView" file="/app/tests/Unit/Policies/RoleTrait/TraitTest.php" line="65" class="Tests\Unit\Playground\Policies\RoleTrait\TraitTest" classname="Tests.Unit.Playground.Policies.RoleTrait.TraitTest" assertions="1" time="0.004668"/>
        <testcase name="test_hasRole" file="/app/tests/Unit/Policies/RoleTrait/TraitTest.php" line="76" class="Tests\Unit\Playground\Policies\RoleTrait\TraitTest" classname="Tests.Unit.Playground.Policies.RoleTrait.TraitTest" assertions="1" time="0.008162"/>
        <testcase name="test_hasRole_advanced_role" file="/app/tests/Unit/Policies/RoleTrait/TraitTest.php" line="87" class="Tests\Unit\Playground\Policies\RoleTrait\TraitTest" classname="Tests.Unit.Playground.Policies.RoleTrait.TraitTest" assertions="1" time="0.008232"/>
      </testsuite>
    </testsuite>
    <testsuite name="Feature" tests="7" assertions="12" errors="0" failures="0" skipped="0" time="0.304483">
      <testsuite name="Tests\Feature\Playground\Console\Commands\About\CommandTest" file="/app/tests/Feature/Console/Commands/About/CommandTest.php" tests="1" assertions="2" errors="0" failures="0" skipped="0" time="0.142786">
        <testcase name="test_command_about_displays_package_information_and_succeed_with_code_0" file="/app/tests/Feature/Console/Commands/About/CommandTest.php" line="19" class="Tests\Feature\Playground\Console\Commands\About\CommandTest" classname="Tests.Feature.Playground.Console.Commands.About.CommandTest" assertions="2" time="0.142786"/>
      </testsuite>
      <testsuite name="Tests\Feature\Playground\Policies\PrivilegeTrait\TraitTest" file="/app/tests/Feature/Policies/PrivilegeTrait/TraitTest.php" tests="6" assertions="10" errors="0" failures="0" skipped="0" time="0.161697">
        <testcase name="test_hasPrivilege_and_fail_with_empty_privilege" file="/app/tests/Feature/Policies/PrivilegeTrait/TraitTest.php" line="43" class="Tests\Feature\Playground\Policies\PrivilegeTrait\TraitTest" classname="Tests.Feature.Playground.Policies.PrivilegeTrait.TraitTest" assertions="1" time="0.020775"/>
        <testcase name="test_hasPrivilege_with_app_without_token_and_fail" file="/app/tests/Feature/Policies/PrivilegeTrait/TraitTest.php" line="59" class="Tests\Feature\Playground\Policies\PrivilegeTrait\TraitTest" classname="Tests.Feature.Playground.Policies.PrivilegeTrait.TraitTest" assertions="1" time="0.024007"/>
        <testcase name="test_hasPrivilege_with_app_with_token_and_unauthorized_privilege_and_fail" file="/app/tests/Feature/Policies/PrivilegeTrait/TraitTest.php" line="75" class="Tests\Feature\Playground\Policies\PrivilegeTrait\TraitTest" classname="Tests.Feature.Playground.Policies.PrivilegeTrait.TraitTest" assertions="2" time="0.028908"/>
        <testcase name="test_hasPrivilege_with_app_with_wildcard_token_privileges_and_succeed" file="/app/tests/Feature/Policies/PrivilegeTrait/TraitTest.php" line="117" class="Tests\Feature\Playground\Policies\PrivilegeTrait\TraitTest" classname="Tests.Feature.Playground.Policies.PrivilegeTrait.TraitTest" assertions="2" time="0.026501"/>
        <testcase name="test_hasPrivilege_with_app_with_wildcard_secondary_token_privileges_and_succeed" file="/app/tests/Feature/Policies/PrivilegeTrait/TraitTest.php" line="159" class="Tests\Feature\Playground\Policies\PrivilegeTrait\TraitTest" classname="Tests.Feature.Playground.Policies.PrivilegeTrait.TraitTest" assertions="2" time="0.024523"/>
        <testcase name="test_hasPrivilege_with_app_with_token_privileges_and_succeed" file="/app/tests/Feature/Policies/PrivilegeTrait/TraitTest.php" line="202" class="Tests\Feature\Playground\Policies\PrivilegeTrait\TraitTest" classname="Tests.Feature.Playground.Policies.PrivilegeTrait.TraitTest" assertions="2" time="0.036983"/>
      </testsuite>
    </testsuite>
  </testsuite>
</testsuites>
