<?xml version="1.0" encoding="UTF-8"?>
<testsuites>
  <testsuite name="" tests="226" assertions="705" errors="0" failures="0" skipped="0" time="2.720519">
    <testsuite name="Unit" tests="183" assertions="649" errors="0" failures="0" skipped="0" time="1.502405">
      <testsuite name="Tests\Unit\GammaMatrix\Playground\Filters\ContentTrait\TraitTest" file="/app/tests/Unit/Filters/ContentTrait/TraitTest.php" tests="6" assertions="6" errors="0" failures="0" skipped="0" time="0.207681">
        <testcase name="test_purify" file="/app/tests/Unit/Filters/ContentTrait/TraitTest.php" line="41" class="Tests\Unit\GammaMatrix\Playground\Filters\ContentTrait\TraitTest" classname="Tests.Unit.GammaMatrix.Playground.Filters.ContentTrait.TraitTest" assertions="1" time="0.184540"/>
        <testcase name="test_exorcise" file="/app/tests/Unit/Filters/ContentTrait/TraitTest.php" line="48" class="Tests\Unit\GammaMatrix\Playground\Filters\ContentTrait\TraitTest" classname="Tests.Unit.GammaMatrix.Playground.Filters.ContentTrait.TraitTest" assertions="1" time="0.004676"/>
        <testcase name="test_getHtmlPurifier" file="/app/tests/Unit/Filters/ContentTrait/TraitTest.php" line="55" class="Tests\Unit\GammaMatrix\Playground\Filters\ContentTrait\TraitTest" classname="Tests.Unit.GammaMatrix.Playground.Filters.ContentTrait.TraitTest" assertions="1" time="0.004880"/>
        <testcase name="test_getHtmlPurifier_with_iframes" file="/app/tests/Unit/Filters/ContentTrait/TraitTest.php" line="63" class="Tests\Unit\GammaMatrix\Playground\Filters\ContentTrait\TraitTest" classname="Tests.Unit.GammaMatrix.Playground.Filters.ContentTrait.TraitTest" assertions="1" time="0.004579"/>
        <testcase name="test_getHtmlPurifier_with_purifier_path" file="/app/tests/Unit/Filters/ContentTrait/TraitTest.php" line="73" class="Tests\Unit\GammaMatrix\Playground\Filters\ContentTrait\TraitTest" classname="Tests.Unit.GammaMatrix.Playground.Filters.ContentTrait.TraitTest" assertions="1" time="0.004497"/>
        <testcase name="test_encodeURIComponent" file="/app/tests/Unit/Filters/ContentTrait/TraitTest.php" line="83" class="Tests\Unit\GammaMatrix\Playground\Filters\ContentTrait\TraitTest" classname="Tests.Unit.GammaMatrix.Playground.Filters.ContentTrait.TraitTest" assertions="1" time="0.004509"/>
      </testsuite>
      <testsuite name="Tests\Unit\GammaMatrix\Playground\Filters\ModelTrait\ArrayTraitTest" file="/app/tests/Unit/Filters/ModelTrait/ArrayTraitTest.php" tests="2" assertions="12" errors="0" failures="0" skipped="0" time="0.037496">
        <testcase name="test_filterArray" file="/app/tests/Unit/Filters/ModelTrait/ArrayTraitTest.php" line="22" class="Tests\Unit\GammaMatrix\Playground\Filters\ModelTrait\ArrayTraitTest" classname="Tests.Unit.GammaMatrix.Playground.Filters.ModelTrait.ArrayTraitTest" assertions="6" time="0.032846"/>
        <testcase name="test_filterArray_to_json" file="/app/tests/Unit/Filters/ModelTrait/ArrayTraitTest.php" line="60" class="Tests\Unit\GammaMatrix\Playground\Filters\ModelTrait\ArrayTraitTest" classname="Tests.Unit.GammaMatrix.Playground.Filters.ModelTrait.ArrayTraitTest" assertions="6" time="0.004650"/>
      </testsuite>
      <testsuite name="Tests\Unit\GammaMatrix\Playground\Filters\ModelTrait\BitsTraitTest" file="/app/tests/Unit/Filters/ModelTrait/BitsTraitTest.php" tests="2" assertions="7" errors="0" failures="0" skipped="0" time="0.009514">
        <testcase name="test_filterBits_for_exponent_zero" file="/app/tests/Unit/Filters/ModelTrait/BitsTraitTest.php" line="22" class="Tests\Unit\GammaMatrix\Playground\Filters\ModelTrait\BitsTraitTest" classname="Tests.Unit.GammaMatrix.Playground.Filters.ModelTrait.BitsTraitTest" assertions="2" time="0.004665"/>
        <testcase name="test_filterBits_for_exponent_greater_than_zero" file="/app/tests/Unit/Filters/ModelTrait/BitsTraitTest.php" line="36" class="Tests\Unit\GammaMatrix\Playground\Filters\ModelTrait\BitsTraitTest" classname="Tests.Unit.GammaMatrix.Playground.Filters.ModelTrait.BitsTraitTest" assertions="5" time="0.004849"/>
      </testsuite>
      <testsuite name="Tests\Unit\GammaMatrix\Playground\Filters\ModelTrait\DateTraitTest" file="/app/tests/Unit/Filters/ModelTrait/DateTraitTest.php" tests="2" assertions="5" errors="0" failures="0" skipped="0" time="0.009759">
        <testcase name="test_filterDate" file="/app/tests/Unit/Filters/ModelTrait/DateTraitTest.php" line="22" class="Tests\Unit\GammaMatrix\Playground\Filters\ModelTrait\DateTraitTest" classname="Tests.Unit.GammaMatrix.Playground.Filters.ModelTrait.DateTraitTest" assertions="2" time="0.004746"/>
        <testcase name="test_filterDateAsCarbon" file="/app/tests/Unit/Filters/ModelTrait/DateTraitTest.php" line="38" class="Tests\Unit\GammaMatrix\Playground\Filters\ModelTrait\DateTraitTest" classname="Tests.Unit.GammaMatrix.Playground.Filters.ModelTrait.DateTraitTest" assertions="3" time="0.005012"/>
      </testsuite>
      <testsuite name="Tests\Unit\GammaMatrix\Playground\Filters\ModelTrait\NumberTraitTest" file="/app/tests/Unit/Filters/ModelTrait/NumberTraitTest.php" tests="5" assertions="54" errors="0" failures="0" skipped="0" time="0.024537">
        <testcase name="test_filterFloat" file="/app/tests/Unit/Filters/ModelTrait/NumberTraitTest.php" line="22" class="Tests\Unit\GammaMatrix\Playground\Filters\ModelTrait\NumberTraitTest" classname="Tests.Unit.GammaMatrix.Playground.Filters.ModelTrait.NumberTraitTest" assertions="4" time="0.004667"/>
        <testcase name="test_filterInteger" file="/app/tests/Unit/Filters/ModelTrait/NumberTraitTest.php" line="36" class="Tests\Unit\GammaMatrix\Playground\Filters\ModelTrait\NumberTraitTest" classname="Tests.Unit.GammaMatrix.Playground.Filters.ModelTrait.NumberTraitTest" assertions="6" time="0.004719"/>
        <testcase name="test_filterIntegerId" file="/app/tests/Unit/Filters/ModelTrait/NumberTraitTest.php" line="55" class="Tests\Unit\GammaMatrix\Playground\Filters\ModelTrait\NumberTraitTest" classname="Tests.Unit.GammaMatrix.Playground.Filters.ModelTrait.NumberTraitTest" assertions="12" time="0.005024"/>
        <testcase name="test_filterIntegerPositive" file="/app/tests/Unit/Filters/ModelTrait/NumberTraitTest.php" line="77" class="Tests\Unit\GammaMatrix\Playground\Filters\ModelTrait\NumberTraitTest" classname="Tests.Unit.GammaMatrix.Playground.Filters.ModelTrait.NumberTraitTest" assertions="27" time="0.005308"/>
        <testcase name="test_filterPercent" file="/app/tests/Unit/Filters/ModelTrait/NumberTraitTest.php" line="120" class="Tests\Unit\GammaMatrix\Playground\Filters\ModelTrait\NumberTraitTest" classname="Tests.Unit.GammaMatrix.Playground.Filters.ModelTrait.NumberTraitTest" assertions="5" time="0.004819"/>
      </testsuite>
      <testsuite name="Tests\Unit\GammaMatrix\Playground\Filters\ModelTrait\StatusTraitTest" file="/app/tests/Unit/Filters/ModelTrait/StatusTraitTest.php" tests="1" assertions="5" errors="0" failures="0" skipped="0" time="0.004717">
        <testcase name="test_filterStatus" file="/app/tests/Unit/Filters/ModelTrait/StatusTraitTest.php" line="21" class="Tests\Unit\GammaMatrix\Playground\Filters\ModelTrait\StatusTraitTest" classname="Tests.Unit.GammaMatrix.Playground.Filters.ModelTrait.StatusTraitTest" assertions="5" time="0.004717"/>
      </testsuite>
      <testsuite name="Tests\Unit\GammaMatrix\Playground\Filters\ModelTrait\SystemFieldsTraitTest" file="/app/tests/Unit/Filters/ModelTrait/SystemFieldsTraitTest.php" tests="4" assertions="11" errors="0" failures="0" skipped="0" time="0.018520">
        <testcase name="test_filterSystemFields_for_groups" file="/app/tests/Unit/Filters/ModelTrait/SystemFieldsTraitTest.php" line="22" class="Tests\Unit\GammaMatrix\Playground\Filters\ModelTrait\SystemFieldsTraitTest" classname="Tests.Unit.GammaMatrix.Playground.Filters.ModelTrait.SystemFieldsTraitTest" assertions="2" time="0.004569"/>
        <testcase name="test_filterSystemFields_for_permissions" file="/app/tests/Unit/Filters/ModelTrait/SystemFieldsTraitTest.php" line="35" class="Tests\Unit\GammaMatrix\Playground\Filters\ModelTrait\SystemFieldsTraitTest" classname="Tests.Unit.GammaMatrix.Playground.Filters.ModelTrait.SystemFieldsTraitTest" assertions="3" time="0.004699"/>
        <testcase name="test_filterSystemFields_for_rank" file="/app/tests/Unit/Filters/ModelTrait/SystemFieldsTraitTest.php" line="69" class="Tests\Unit\GammaMatrix\Playground\Filters\ModelTrait\SystemFieldsTraitTest" classname="Tests.Unit.GammaMatrix.Playground.Filters.ModelTrait.SystemFieldsTraitTest" assertions="3" time="0.004543"/>
        <testcase name="test_filterSystemFields_for_size" file="/app/tests/Unit/Filters/ModelTrait/SystemFieldsTraitTest.php" line="86" class="Tests\Unit\GammaMatrix\Playground\Filters\ModelTrait\SystemFieldsTraitTest" classname="Tests.Unit.GammaMatrix.Playground.Filters.ModelTrait.SystemFieldsTraitTest" assertions="3" time="0.004709"/>
      </testsuite>
      <testsuite name="Tests\Unit\GammaMatrix\Playground\Filters\ModelTrait\UuidTraitTest" file="/app/tests/Unit/Filters/ModelTrait/UuidTraitTest.php" tests="1" assertions="2" errors="0" failures="0" skipped="0" time="0.022253">
        <testcase name="test_filterUuid" file="/app/tests/Unit/Filters/ModelTrait/UuidTraitTest.php" line="21" class="Tests\Unit\GammaMatrix\Playground\Filters\ModelTrait\UuidTraitTest" classname="Tests.Unit.GammaMatrix.Playground.Filters.ModelTrait.UuidTraitTest" assertions="2" time="0.022253"/>
      </testsuite>
      <testsuite name="Tests\Unit\GammaMatrix\Playground\Filters\ModelTrait\ValueTraitTest" file="/app/tests/Unit/Filters/ModelTrait/ValueTraitTest.php" tests="3" assertions="20" errors="0" failures="0" skipped="0" time="0.015027">
        <testcase name="test_filterBoolean" file="/app/tests/Unit/Filters/ModelTrait/ValueTraitTest.php" line="24" class="Tests\Unit\GammaMatrix\Playground\Filters\ModelTrait\ValueTraitTest" classname="Tests.Unit.GammaMatrix.Playground.Filters.ModelTrait.ValueTraitTest" assertions="12" time="0.004980"/>
        <testcase name="test_filterEmail" file="/app/tests/Unit/Filters/ModelTrait/ValueTraitTest.php" line="68" class="Tests\Unit\GammaMatrix\Playground\Filters\ModelTrait\ValueTraitTest" classname="Tests.Unit.GammaMatrix.Playground.Filters.ModelTrait.ValueTraitTest" assertions="6" time="0.004667"/>
        <testcase name="test_filterHtml" file="/app/tests/Unit/Filters/ModelTrait/ValueTraitTest.php" line="94" class="Tests\Unit\GammaMatrix\Playground\Filters\ModelTrait\ValueTraitTest" classname="Tests.Unit.GammaMatrix.Playground.Filters.ModelTrait.ValueTraitTest" assertions="2" time="0.005381"/>
      </testsuite>
      <testsuite name="Tests\Unit\GammaMatrix\Playground\Models\Model\ModelTest" file="/app/tests/Unit/Models/Model/ModelTest.php" tests="5" assertions="5" errors="0" failures="0" skipped="0" time="0.140493">
        <testcase name="test_WithChildren_children_returns_HasMany" file="/app/tests/Unit/Models/Model/ModelTest.php" line="49" class="Tests\Unit\GammaMatrix\Playground\Models\Model\ModelTest" classname="Tests.Unit.GammaMatrix.Playground.Models.Model.ModelTest" assertions="1" time="0.118265"/>
        <testcase name="test_WithCreator_creator_returns_HasOne" file="/app/tests/Unit/Models/Model/ModelTest.php" line="54" class="Tests\Unit\GammaMatrix\Playground\Models\Model\ModelTest" classname="Tests.Unit.GammaMatrix.Playground.Models.Model.ModelTest" assertions="1" time="0.007060"/>
        <testcase name="test_WithModifier_modifier_returns_HasOne" file="/app/tests/Unit/Models/Model/ModelTest.php" line="59" class="Tests\Unit\GammaMatrix\Playground\Models\Model\ModelTest" classname="Tests.Unit.GammaMatrix.Playground.Models.Model.ModelTest" assertions="1" time="0.005138"/>
        <testcase name="test_WithOwner_owner_returns_HasOne" file="/app/tests/Unit/Models/Model/ModelTest.php" line="64" class="Tests\Unit\GammaMatrix\Playground\Models\Model\ModelTest" classname="Tests.Unit.GammaMatrix.Playground.Models.Model.ModelTest" assertions="1" time="0.005102"/>
        <testcase name="test_WithParent_parent_returns_HasOne" file="/app/tests/Unit/Models/Model/ModelTest.php" line="69" class="Tests\Unit\GammaMatrix\Playground\Models\Model\ModelTest" classname="Tests.Unit.GammaMatrix.Playground.Models.Model.ModelTest" assertions="1" time="0.004929"/>
      </testsuite>
      <testsuite name="Tests\Unit\GammaMatrix\Playground\Models\Traits\ScopeFilterColumns\ModelTest" file="/app/tests/Unit/Models/Traits/ScopeFilterColumns/ModelTest.php" tests="15" assertions="150" errors="0" failures="0" skipped="0" time="0.091770">
        <testcase name="test_scopeFilterColumns_returns_query_without_columns_or_filters" file="/app/tests/Unit/Models/Traits/ScopeFilterColumns/ModelTest.php" line="54" class="Tests\Unit\GammaMatrix\Playground\Models\Traits\ScopeFilterColumns\ModelTest" classname="Tests.Unit.GammaMatrix.Playground.Models.Traits.ScopeFilterColumns.ModelTest" assertions="2" time="0.005294"/>
        <testcase name="test_scopeFilterColumns_returns_query_without_filters" file="/app/tests/Unit/Models/Traits/ScopeFilterColumns/ModelTest.php" line="68" class="Tests\Unit\GammaMatrix\Playground\Models\Traits\ScopeFilterColumns\ModelTest" classname="Tests.Unit.GammaMatrix.Playground.Models.Traits.ScopeFilterColumns.ModelTest" assertions="4" time="0.005710"/>
        <testcase name="test_scopeFilterColumns_returns_query_with_invalid_column" file="/app/tests/Unit/Models/Traits/ScopeFilterColumns/ModelTest.php" line="89" class="Tests\Unit\GammaMatrix\Playground\Models\Traits\ScopeFilterColumns\ModelTest" classname="Tests.Unit.GammaMatrix.Playground.Models.Traits.ScopeFilterColumns.ModelTest" assertions="4" time="0.005529"/>
        <testcase name="test_scopeFilterColumns_returns_query_with_filters_without_meta_for_strings" file="/app/tests/Unit/Models/Traits/ScopeFilterColumns/ModelTest.php" line="117" class="Tests\Unit\GammaMatrix\Playground\Models\Traits\ScopeFilterColumns\ModelTest" classname="Tests.Unit.GammaMatrix.Playground.Models.Traits.ScopeFilterColumns.ModelTest" assertions="8" time="0.005779"/>
        <testcase name="test_scopeFilterColumns_returns_query_with_null_comparison_and_ignore" file="/app/tests/Unit/Models/Traits/ScopeFilterColumns/ModelTest.php" line="153" class="Tests\Unit\GammaMatrix\Playground\Models\Traits\ScopeFilterColumns\ModelTest" classname="Tests.Unit.GammaMatrix.Playground.Models.Traits.ScopeFilterColumns.ModelTest" assertions="4" time="0.005582"/>
        <testcase name="test_scopeFilterColumns_returns_query_with_comparison" file="/app/tests/Unit/Models/Traits/ScopeFilterColumns/ModelTest.php" line="182" class="Tests\Unit\GammaMatrix\Playground\Models\Traits\ScopeFilterColumns\ModelTest" classname="Tests.Unit.GammaMatrix.Playground.Models.Traits.ScopeFilterColumns.ModelTest" assertions="6" time="0.005639"/>
        <testcase name="test_scopeFilterColumns_with_boolean_filter_type_and_null_value" file="/app/tests/Unit/Models/Traits/ScopeFilterColumns/ModelTest.php" line="212" class="Tests\Unit\GammaMatrix\Playground\Models\Traits\ScopeFilterColumns\ModelTest" classname="Tests.Unit.GammaMatrix.Playground.Models.Traits.ScopeFilterColumns.ModelTest" assertions="6" time="0.005574"/>
        <testcase name="test_scopeFilterColumns_with_boolean_filter_type_and_true_value" file="/app/tests/Unit/Models/Traits/ScopeFilterColumns/ModelTest.php" line="244" class="Tests\Unit\GammaMatrix\Playground\Models\Traits\ScopeFilterColumns\ModelTest" classname="Tests.Unit.GammaMatrix.Playground.Models.Traits.ScopeFilterColumns.ModelTest" assertions="6" time="0.005559"/>
        <testcase name="test_scopeFilterColumns_with_boolean_filter_type_and_false_value" file="/app/tests/Unit/Models/Traits/ScopeFilterColumns/ModelTest.php" line="276" class="Tests\Unit\GammaMatrix\Playground\Models\Traits\ScopeFilterColumns\ModelTest" classname="Tests.Unit.GammaMatrix.Playground.Models.Traits.ScopeFilterColumns.ModelTest" assertions="6" time="0.005503"/>
        <testcase name="test_scopeFilterColumns_with_filter_operator_without_operator_and_default_to_like" file="/app/tests/Unit/Models/Traits/ScopeFilterColumns/ModelTest.php" line="308" class="Tests\Unit\GammaMatrix\Playground\Models\Traits\ScopeFilterColumns\ModelTest" classname="Tests.Unit.GammaMatrix.Playground.Models.Traits.ScopeFilterColumns.ModelTest" assertions="6" time="0.005453"/>
        <testcase name="test_scopeFilterColumns_with_filter_operators" file="/app/tests/Unit/Models/Traits/ScopeFilterColumns/ModelTest.php" line="340" class="Tests\Unit\GammaMatrix\Playground\Models\Traits\ScopeFilterColumns\ModelTest" classname="Tests.Unit.GammaMatrix.Playground.Models.Traits.ScopeFilterColumns.ModelTest" assertions="74" time="0.013962"/>
        <testcase name="test_scopeFilterColumns_with_between_filter_operator_without_single_parameter_and_ignore_between" file="/app/tests/Unit/Models/Traits/ScopeFilterColumns/ModelTest.php" line="425" class="Tests\Unit\GammaMatrix\Playground\Models\Traits\ScopeFilterColumns\ModelTest" classname="Tests.Unit.GammaMatrix.Playground.Models.Traits.ScopeFilterColumns.ModelTest" assertions="4" time="0.005335"/>
        <testcase name="test_scopeFilterColumns_with_between_filter_operator" file="/app/tests/Unit/Models/Traits/ScopeFilterColumns/ModelTest.php" line="456" class="Tests\Unit\GammaMatrix\Playground\Models\Traits\ScopeFilterColumns\ModelTest" classname="Tests.Unit.GammaMatrix.Playground.Models.Traits.ScopeFilterColumns.ModelTest" assertions="8" time="0.005513"/>
        <testcase name="test_scopeFilterColumns_with_not_between_filter_operator_without_single_parameter_and_ignore_between" file="/app/tests/Unit/Models/Traits/ScopeFilterColumns/ModelTest.php" line="491" class="Tests\Unit\GammaMatrix\Playground\Models\Traits\ScopeFilterColumns\ModelTest" classname="Tests.Unit.GammaMatrix.Playground.Models.Traits.ScopeFilterColumns.ModelTest" assertions="4" time="0.005559"/>
        <testcase name="test_scopeFilterColumns_with_not_between_filter_operator" file="/app/tests/Unit/Models/Traits/ScopeFilterColumns/ModelTest.php" line="522" class="Tests\Unit\GammaMatrix\Playground\Models\Traits\ScopeFilterColumns\ModelTest" classname="Tests.Unit.GammaMatrix.Playground.Models.Traits.ScopeFilterColumns.ModelTest" assertions="8" time="0.005778"/>
      </testsuite>
      <testsuite name="Tests\Unit\GammaMatrix\Playground\Models\Traits\ScopeFilterDates\ModelTest" file="/app/tests/Unit/Models/Traits/ScopeFilterDates/ModelTest.php" tests="18" assertions="160" errors="0" failures="0" skipped="0" time="0.110764">
        <testcase name="test_scopeFilterDates_returns_query_without_dates_or_filters" file="/app/tests/Unit/Models/Traits/ScopeFilterDates/ModelTest.php" line="57" class="Tests\Unit\GammaMatrix\Playground\Models\Traits\ScopeFilterDates\ModelTest" classname="Tests.Unit.GammaMatrix.Playground.Models.Traits.ScopeFilterDates.ModelTest" assertions="2" time="0.005250"/>
        <testcase name="test_scopeFilterDates_returns_query_without_filters" file="/app/tests/Unit/Models/Traits/ScopeFilterDates/ModelTest.php" line="71" class="Tests\Unit\GammaMatrix\Playground\Models\Traits\ScopeFilterDates\ModelTest" classname="Tests.Unit.GammaMatrix.Playground.Models.Traits.ScopeFilterDates.ModelTest" assertions="4" time="0.005409"/>
        <testcase name="test_scopeFilterDates_returns_query_with_invalid_column" file="/app/tests/Unit/Models/Traits/ScopeFilterDates/ModelTest.php" line="92" class="Tests\Unit\GammaMatrix\Playground\Models\Traits\ScopeFilterDates\ModelTest" classname="Tests.Unit.GammaMatrix.Playground.Models.Traits.ScopeFilterDates.ModelTest" assertions="4" time="0.005310"/>
        <testcase name="test_scopeFilterDates_returns_query_with_filters_without_meta_for_strings" file="/app/tests/Unit/Models/Traits/ScopeFilterDates/ModelTest.php" line="120" class="Tests\Unit\GammaMatrix\Playground\Models\Traits\ScopeFilterDates\ModelTest" classname="Tests.Unit.GammaMatrix.Playground.Models.Traits.ScopeFilterDates.ModelTest" assertions="6" time="0.005566"/>
        <testcase name="test_scopeFilterDates_returns_query_with_null_comparison_and_ignore" file="/app/tests/Unit/Models/Traits/ScopeFilterDates/ModelTest.php" line="153" class="Tests\Unit\GammaMatrix\Playground\Models\Traits\ScopeFilterDates\ModelTest" classname="Tests.Unit.GammaMatrix.Playground.Models.Traits.ScopeFilterDates.ModelTest" assertions="4" time="0.005653"/>
        <testcase name="test_scopeFilterDates_returns_query_with_null_comparison_and_allow" file="/app/tests/Unit/Models/Traits/ScopeFilterDates/ModelTest.php" line="186" class="Tests\Unit\GammaMatrix\Playground\Models\Traits\ScopeFilterDates\ModelTest" classname="Tests.Unit.GammaMatrix.Playground.Models.Traits.ScopeFilterDates.ModelTest" assertions="4" time="0.005654"/>
        <testcase name="test_scopeFilterDates_returns_query_with_comparison" file="/app/tests/Unit/Models/Traits/ScopeFilterDates/ModelTest.php" line="219" class="Tests\Unit\GammaMatrix\Playground\Models\Traits\ScopeFilterDates\ModelTest" classname="Tests.Unit.GammaMatrix.Playground.Models.Traits.ScopeFilterDates.ModelTest" assertions="6" time="0.005888"/>
        <testcase name="test_scopeFilterDates_returns_query_with_wildcard" file="/app/tests/Unit/Models/Traits/ScopeFilterDates/ModelTest.php" line="250" class="Tests\Unit\GammaMatrix\Playground\Models\Traits\ScopeFilterDates\ModelTest" classname="Tests.Unit.GammaMatrix.Playground.Models.Traits.ScopeFilterDates.ModelTest" assertions="6" time="0.005544"/>
        <testcase name="test_scopeFilterDates_returns_query_with_operator_wildcard" file="/app/tests/Unit/Models/Traits/ScopeFilterDates/ModelTest.php" line="280" class="Tests\Unit\GammaMatrix\Playground\Models\Traits\ScopeFilterDates\ModelTest" classname="Tests.Unit.GammaMatrix.Playground.Models.Traits.ScopeFilterDates.ModelTest" assertions="6" time="0.005945"/>
        <testcase name="test_scopeFilterDates_returns_query_with_object_value_and_ignore" file="/app/tests/Unit/Models/Traits/ScopeFilterDates/ModelTest.php" line="312" class="Tests\Unit\GammaMatrix\Playground\Models\Traits\ScopeFilterDates\ModelTest" classname="Tests.Unit.GammaMatrix.Playground.Models.Traits.ScopeFilterDates.ModelTest" assertions="4" time="0.005359"/>
        <testcase name="test_scopeFilterDates_returns_query_with_unnullable_value_and_ignore" file="/app/tests/Unit/Models/Traits/ScopeFilterDates/ModelTest.php" line="343" class="Tests\Unit\GammaMatrix\Playground\Models\Traits\ScopeFilterDates\ModelTest" classname="Tests.Unit.GammaMatrix.Playground.Models.Traits.ScopeFilterDates.ModelTest" assertions="4" time="0.005535"/>
        <testcase name="test_scopeFilterDates_returns_query_with_invalid_operator_and_use_like" file="/app/tests/Unit/Models/Traits/ScopeFilterDates/ModelTest.php" line="373" class="Tests\Unit\GammaMatrix\Playground\Models\Traits\ScopeFilterDates\ModelTest" classname="Tests.Unit.GammaMatrix.Playground.Models.Traits.ScopeFilterDates.ModelTest" assertions="6" time="0.005934"/>
        <testcase name="test_scopeFilterDates_returns_query_with_invalid_parsable_value_and_ignore" file="/app/tests/Unit/Models/Traits/ScopeFilterDates/ModelTest.php" line="409" class="Tests\Unit\GammaMatrix\Playground\Models\Traits\ScopeFilterDates\ModelTest" classname="Tests.Unit.GammaMatrix.Playground.Models.Traits.ScopeFilterDates.ModelTest" assertions="4" time="0.005926"/>
        <testcase name="test_scopeFilterDates_returns_query_with_short_date_and_gte_operator" file="/app/tests/Unit/Models/Traits/ScopeFilterDates/ModelTest.php" line="440" class="Tests\Unit\GammaMatrix\Playground\Models\Traits\ScopeFilterDates\ModelTest" classname="Tests.Unit.GammaMatrix.Playground.Models.Traits.ScopeFilterDates.ModelTest" assertions="6" time="0.005565"/>
        <testcase name="test_scopeFilterDates_returns_query_with_phrase_date_and_automatically_parse" file="/app/tests/Unit/Models/Traits/ScopeFilterDates/ModelTest.php" line="473" class="Tests\Unit\GammaMatrix\Playground\Models\Traits\ScopeFilterDates\ModelTest" classname="Tests.Unit.GammaMatrix.Playground.Models.Traits.ScopeFilterDates.ModelTest" assertions="6" time="0.005881"/>
        <testcase name="test_scopeFilterDates_with_between_filter_operator_with_parse" file="/app/tests/Unit/Models/Traits/ScopeFilterDates/ModelTest.php" line="509" class="Tests\Unit\GammaMatrix\Playground\Models\Traits\ScopeFilterDates\ModelTest" classname="Tests.Unit.GammaMatrix.Playground.Models.Traits.ScopeFilterDates.ModelTest" assertions="7" time="0.006036"/>
        <testcase name="test_scopeFilterDates_with_not_between_filter_operator_with_parse" file="/app/tests/Unit/Models/Traits/ScopeFilterDates/ModelTest.php" line="552" class="Tests\Unit\GammaMatrix\Playground\Models\Traits\ScopeFilterDates\ModelTest" classname="Tests.Unit.GammaMatrix.Playground.Models.Traits.ScopeFilterDates.ModelTest" assertions="7" time="0.006021"/>
        <testcase name="test_scopeFilterDates_with_filter_operators" file="/app/tests/Unit/Models/Traits/ScopeFilterDates/ModelTest.php" line="595" class="Tests\Unit\GammaMatrix\Playground\Models\Traits\ScopeFilterDates\ModelTest" classname="Tests.Unit.GammaMatrix.Playground.Models.Traits.ScopeFilterDates.ModelTest" assertions="74" time="0.014288"/>
      </testsuite>
      <testsuite name="Tests\Unit\GammaMatrix\Playground\Models\Traits\ScopeFilterFlags\ModelTest" file="/app/tests/Unit/Models/Traits/ScopeFilterFlags/ModelTest.php" tests="3" assertions="14" errors="0" failures="0" skipped="0" time="0.015593">
        <testcase name="test_scopeFilterFlags_returns_query_without_flags_or_filters" file="/app/tests/Unit/Models/Traits/ScopeFilterFlags/ModelTest.php" line="54" class="Tests\Unit\GammaMatrix\Playground\Models\Traits\ScopeFilterFlags\ModelTest" classname="Tests.Unit.GammaMatrix.Playground.Models.Traits.ScopeFilterFlags.ModelTest" assertions="2" time="0.004857"/>
        <testcase name="test_scopeFilterFlags_returns_query_without_filters" file="/app/tests/Unit/Models/Traits/ScopeFilterFlags/ModelTest.php" line="68" class="Tests\Unit\GammaMatrix\Playground\Models\Traits\ScopeFilterFlags\ModelTest" classname="Tests.Unit.GammaMatrix.Playground.Models.Traits.ScopeFilterFlags.ModelTest" assertions="4" time="0.005139"/>
        <testcase name="test_scopeFilterFlags_returns_query_with_filters" file="/app/tests/Unit/Models/Traits/ScopeFilterFlags/ModelTest.php" line="89" class="Tests\Unit\GammaMatrix\Playground\Models\Traits\ScopeFilterFlags\ModelTest" classname="Tests.Unit.GammaMatrix.Playground.Models.Traits.ScopeFilterFlags.ModelTest" assertions="8" time="0.005596"/>
      </testsuite>
      <testsuite name="Tests\Unit\GammaMatrix\Playground\Models\Traits\ScopeFilterIds\ModelTest" file="/app/tests/Unit/Models/Traits/ScopeFilterIds/ModelTest.php" tests="11" assertions="70" errors="0" failures="0" skipped="0" time="0.066451">
        <testcase name="test_scopeFilterIds_returns_query_without_ids_or_filters" file="/app/tests/Unit/Models/Traits/ScopeFilterIds/ModelTest.php" line="54" class="Tests\Unit\GammaMatrix\Playground\Models\Traits\ScopeFilterIds\ModelTest" classname="Tests.Unit.GammaMatrix.Playground.Models.Traits.ScopeFilterIds.ModelTest" assertions="2" time="0.005055"/>
        <testcase name="test_scopeFilterIds_returns_query_without_filters" file="/app/tests/Unit/Models/Traits/ScopeFilterIds/ModelTest.php" line="68" class="Tests\Unit\GammaMatrix\Playground\Models\Traits\ScopeFilterIds\ModelTest" classname="Tests.Unit.GammaMatrix.Playground.Models.Traits.ScopeFilterIds.ModelTest" assertions="4" time="0.005225"/>
        <testcase name="test_scopeFilterIds_returns_query_with_invalid_column" file="/app/tests/Unit/Models/Traits/ScopeFilterIds/ModelTest.php" line="89" class="Tests\Unit\GammaMatrix\Playground\Models\Traits\ScopeFilterIds\ModelTest" classname="Tests.Unit.GammaMatrix.Playground.Models.Traits.ScopeFilterIds.ModelTest" assertions="4" time="0.005221"/>
        <testcase name="test_scopeFilterIds_returns_query_with_null_comparison" file="/app/tests/Unit/Models/Traits/ScopeFilterIds/ModelTest.php" line="117" class="Tests\Unit\GammaMatrix\Playground\Models\Traits\ScopeFilterIds\ModelTest" classname="Tests.Unit.GammaMatrix.Playground.Models.Traits.ScopeFilterIds.ModelTest" assertions="4" time="0.005368"/>
        <testcase name="test_scopeFilterIds_returns_query_with_comparison" file="/app/tests/Unit/Models/Traits/ScopeFilterIds/ModelTest.php" line="146" class="Tests\Unit\GammaMatrix\Playground\Models\Traits\ScopeFilterIds\ModelTest" classname="Tests.Unit.GammaMatrix.Playground.Models.Traits.ScopeFilterIds.ModelTest" assertions="6" time="0.005561"/>
        <testcase name="test_scopeFilterIds_returns_query_with_filters_array" file="/app/tests/Unit/Models/Traits/ScopeFilterIds/ModelTest.php" line="176" class="Tests\Unit\GammaMatrix\Playground\Models\Traits\ScopeFilterIds\ModelTest" classname="Tests.Unit.GammaMatrix.Playground.Models.Traits.ScopeFilterIds.ModelTest" assertions="10" time="0.007056"/>
        <testcase name="test_scopeFilterIds_returns_query_with_filters_with_integer" file="/app/tests/Unit/Models/Traits/ScopeFilterIds/ModelTest.php" line="224" class="Tests\Unit\GammaMatrix\Playground\Models\Traits\ScopeFilterIds\ModelTest" classname="Tests.Unit.GammaMatrix.Playground.Models.Traits.ScopeFilterIds.ModelTest" assertions="6" time="0.005639"/>
        <testcase name="test_scopeFilterIds_returns_query_with_array_of_ids_without_type" file="/app/tests/Unit/Models/Traits/ScopeFilterIds/ModelTest.php" line="263" class="Tests\Unit\GammaMatrix\Playground\Models\Traits\ScopeFilterIds\ModelTest" classname="Tests.Unit.GammaMatrix.Playground.Models.Traits.ScopeFilterIds.ModelTest" assertions="10" time="0.006912"/>
        <testcase name="test_scopeFilterIds_returns_query_with_array_of_uuids_for_integer_type_ids_and_ignore" file="/app/tests/Unit/Models/Traits/ScopeFilterIds/ModelTest.php" line="309" class="Tests\Unit\GammaMatrix\Playground\Models\Traits\ScopeFilterIds\ModelTest" classname="Tests.Unit.GammaMatrix.Playground.Models.Traits.ScopeFilterIds.ModelTest" assertions="4" time="0.007017"/>
        <testcase name="test_scopeFilterIds_returns_query_with_array_of_integer_ids_ignore_duplicate_id" file="/app/tests/Unit/Models/Traits/ScopeFilterIds/ModelTest.php" line="348" class="Tests\Unit\GammaMatrix\Playground\Models\Traits\ScopeFilterIds\ModelTest" classname="Tests.Unit.GammaMatrix.Playground.Models.Traits.ScopeFilterIds.ModelTest" assertions="8" time="0.005696"/>
        <testcase name="test_scopeFilterIds_returns_query_with_filters_with_null_and_string_and_array" file="/app/tests/Unit/Models/Traits/ScopeFilterIds/ModelTest.php" line="392" class="Tests\Unit\GammaMatrix\Playground\Models\Traits\ScopeFilterIds\ModelTest" classname="Tests.Unit.GammaMatrix.Playground.Models.Traits.ScopeFilterIds.ModelTest" assertions="12" time="0.007702"/>
      </testsuite>
      <testsuite name="Tests\Unit\GammaMatrix\Playground\Models\Traits\ScopeFilterTrash\ModelTest" file="/app/tests/Unit/Models/Traits/ScopeFilterTrash/ModelTest.php" tests="3" assertions="6" errors="0" failures="0" skipped="0" time="0.014805">
        <testcase name="test_scopeFilterTrash_returns_query_with_empty_visibility" file="/app/tests/Unit/Models/Traits/ScopeFilterTrash/ModelTest.php" line="54" class="Tests\Unit\GammaMatrix\Playground\Models\Traits\ScopeFilterTrash\ModelTest" classname="Tests.Unit.GammaMatrix.Playground.Models.Traits.ScopeFilterTrash.ModelTest" assertions="2" time="0.004869"/>
        <testcase name="test_scopeFilterTrash_returns_query_with_trash" file="/app/tests/Unit/Models/Traits/ScopeFilterTrash/ModelTest.php" line="68" class="Tests\Unit\GammaMatrix\Playground\Models\Traits\ScopeFilterTrash\ModelTest" classname="Tests.Unit.GammaMatrix.Playground.Models.Traits.ScopeFilterTrash.ModelTest" assertions="2" time="0.004853"/>
        <testcase name="test_scopeFilterTrash_returns_query_with_only_trash" file="/app/tests/Unit/Models/Traits/ScopeFilterTrash/ModelTest.php" line="84" class="Tests\Unit\GammaMatrix\Playground\Models\Traits\ScopeFilterTrash\ModelTest" classname="Tests.Unit.GammaMatrix.Playground.Models.Traits.ScopeFilterTrash.ModelTest" assertions="2" time="0.005082"/>
      </testsuite>
      <testsuite name="Tests\Unit\GammaMatrix\Playground\Models\Traits\ScopeSort\ModelTest" file="/app/tests/Unit/Models/Traits/ScopeSort/ModelTest.php" tests="11" assertions="23" errors="0" failures="0" skipped="0" time="0.056188">
        <testcase name="test_scopeSort_returns_query_with_empty_sort" file="/app/tests/Unit/Models/Traits/ScopeSort/ModelTest.php" line="54" class="Tests\Unit\GammaMatrix\Playground\Models\Traits\ScopeSort\ModelTest" classname="Tests.Unit.GammaMatrix.Playground.Models.Traits.ScopeSort.ModelTest" assertions="3" time="0.005081"/>
        <testcase name="test_scopeSort_returns_query_with_array_boolean_sort_asc" file="/app/tests/Unit/Models/Traits/ScopeSort/ModelTest.php" line="70" class="Tests\Unit\GammaMatrix\Playground\Models\Traits\ScopeSort\ModelTest" classname="Tests.Unit.GammaMatrix.Playground.Models.Traits.ScopeSort.ModelTest" assertions="2" time="0.004820"/>
        <testcase name="test_scopeSort_returns_query_with_array_boolean_sort_desc" file="/app/tests/Unit/Models/Traits/ScopeSort/ModelTest.php" line="88" class="Tests\Unit\GammaMatrix\Playground\Models\Traits\ScopeSort\ModelTest" classname="Tests.Unit.GammaMatrix.Playground.Models.Traits.ScopeSort.ModelTest" assertions="2" time="0.004706"/>
        <testcase name="test_scopeSort_returns_query_with_array_boolean_sort_pair" file="/app/tests/Unit/Models/Traits/ScopeSort/ModelTest.php" line="106" class="Tests\Unit\GammaMatrix\Playground\Models\Traits\ScopeSort\ModelTest" classname="Tests.Unit.GammaMatrix.Playground.Models.Traits.ScopeSort.ModelTest" assertions="2" time="0.004950"/>
        <testcase name="test_scopeSort_returns_query_with_array_boolean_sort_triplet" file="/app/tests/Unit/Models/Traits/ScopeSort/ModelTest.php" line="125" class="Tests\Unit\GammaMatrix\Playground\Models\Traits\ScopeSort\ModelTest" classname="Tests.Unit.GammaMatrix.Playground.Models.Traits.ScopeSort.ModelTest" assertions="2" time="0.005372"/>
        <testcase name="test_scopeSort_returns_query_with_csv_sort_asc" file="/app/tests/Unit/Models/Traits/ScopeSort/ModelTest.php" line="145" class="Tests\Unit\GammaMatrix\Playground\Models\Traits\ScopeSort\ModelTest" classname="Tests.Unit.GammaMatrix.Playground.Models.Traits.ScopeSort.ModelTest" assertions="2" time="0.005268"/>
        <testcase name="test_scopeSort_returns_query_with_csv_sort_desc" file="/app/tests/Unit/Models/Traits/ScopeSort/ModelTest.php" line="159" class="Tests\Unit\GammaMatrix\Playground\Models\Traits\ScopeSort\ModelTest" classname="Tests.Unit.GammaMatrix.Playground.Models.Traits.ScopeSort.ModelTest" assertions="2" time="0.005145"/>
        <testcase name="test_scopeSort_returns_query_with_simple_array_asc" file="/app/tests/Unit/Models/Traits/ScopeSort/ModelTest.php" line="182" class="Tests\Unit\GammaMatrix\Playground\Models\Traits\ScopeSort\ModelTest" classname="Tests.Unit.GammaMatrix.Playground.Models.Traits.ScopeSort.ModelTest" assertions="2" time="0.005291"/>
        <testcase name="test_scopeSort_returns_query_with_simple_array_desc" file="/app/tests/Unit/Models/Traits/ScopeSort/ModelTest.php" line="198" class="Tests\Unit\GammaMatrix\Playground\Models\Traits\ScopeSort\ModelTest" classname="Tests.Unit.GammaMatrix.Playground.Models.Traits.ScopeSort.ModelTest" assertions="2" time="0.005175"/>
        <testcase name="test_scopeSort_returns_query_with_hash_array_asc" file="/app/tests/Unit/Models/Traits/ScopeSort/ModelTest.php" line="215" class="Tests\Unit\GammaMatrix\Playground\Models\Traits\ScopeSort\ModelTest" classname="Tests.Unit.GammaMatrix.Playground.Models.Traits.ScopeSort.ModelTest" assertions="2" time="0.005144"/>
        <testcase name="test_scopeSort_returns_query_with_hash_array_desc" file="/app/tests/Unit/Models/Traits/ScopeSort/ModelTest.php" line="233" class="Tests\Unit\GammaMatrix\Playground\Models\Traits\ScopeSort\ModelTest" classname="Tests.Unit.GammaMatrix.Playground.Models.Traits.ScopeSort.ModelTest" assertions="2" time="0.005237"/>
      </testsuite>
      <testsuite name="Tests\Unit\GammaMatrix\Playground\Models\Traits\UserPrivileges\TraitTest" file="/app/tests/Unit/Models/Traits/UserPrivileges/TraitTest.php" tests="20" assertions="20" errors="0" failures="0" skipped="0" time="0.106054">
        <testcase name="test_hasPrivilege_is_false_with_null_privilege" file="/app/tests/Unit/Models/Traits/UserPrivileges/TraitTest.php" line="46" class="Tests\Unit\GammaMatrix\Playground\Models\Traits\UserPrivileges\TraitTest" classname="Tests.Unit.GammaMatrix.Playground.Models.Traits.UserPrivileges.TraitTest" assertions="1" time="0.011187"/>
        <testcase name="test_hasPrivilege_is_false_with_false_privilege" file="/app/tests/Unit/Models/Traits/UserPrivileges/TraitTest.php" line="52" class="Tests\Unit\GammaMatrix\Playground\Models\Traits\UserPrivileges\TraitTest" classname="Tests.Unit.GammaMatrix.Playground.Models.Traits.UserPrivileges.TraitTest" assertions="1" time="0.004547"/>
        <testcase name="test_hasPrivilege_is_true_with_privilege_that_does_exist" file="/app/tests/Unit/Models/Traits/UserPrivileges/TraitTest.php" line="58" class="Tests\Unit\GammaMatrix\Playground\Models\Traits\UserPrivileges\TraitTest" classname="Tests.Unit.GammaMatrix.Playground.Models.Traits.UserPrivileges.TraitTest" assertions="1" time="0.005151"/>
        <testcase name="test_hasPrivilege_is_false_with_privilege_that_does_not_exist" file="/app/tests/Unit/Models/Traits/UserPrivileges/TraitTest.php" line="69" class="Tests\Unit\GammaMatrix\Playground\Models\Traits\UserPrivileges\TraitTest" classname="Tests.Unit.GammaMatrix.Playground.Models.Traits.UserPrivileges.TraitTest" assertions="1" time="0.004980"/>
        <testcase name="test_hasRole_is_false_with_null_role" file="/app/tests/Unit/Models/Traits/UserPrivileges/TraitTest.php" line="80" class="Tests\Unit\GammaMatrix\Playground\Models\Traits\UserPrivileges\TraitTest" classname="Tests.Unit.GammaMatrix.Playground.Models.Traits.UserPrivileges.TraitTest" assertions="1" time="0.004734"/>
        <testcase name="test_hasRole_is_false_with_false_role" file="/app/tests/Unit/Models/Traits/UserPrivileges/TraitTest.php" line="86" class="Tests\Unit\GammaMatrix\Playground\Models\Traits\UserPrivileges\TraitTest" classname="Tests.Unit.GammaMatrix.Playground.Models.Traits.UserPrivileges.TraitTest" assertions="1" time="0.004591"/>
        <testcase name="test_hasRole_is_true_with_role_that_does_exist" file="/app/tests/Unit/Models/Traits/UserPrivileges/TraitTest.php" line="92" class="Tests\Unit\GammaMatrix\Playground\Models\Traits\UserPrivileges\TraitTest" classname="Tests.Unit.GammaMatrix.Playground.Models.Traits.UserPrivileges.TraitTest" assertions="1" time="0.005076"/>
        <testcase name="test_hasRole_is_false_with_role_that_does_not_exist" file="/app/tests/Unit/Models/Traits/UserPrivileges/TraitTest.php" line="103" class="Tests\Unit\GammaMatrix\Playground\Models\Traits\UserPrivileges\TraitTest" classname="Tests.Unit.GammaMatrix.Playground.Models.Traits.UserPrivileges.TraitTest" assertions="1" time="0.005213"/>
        <testcase name="test_hasRole_is_false_with_secondary_role_that_does_not_exist" file="/app/tests/Unit/Models/Traits/UserPrivileges/TraitTest.php" line="114" class="Tests\Unit\GammaMatrix\Playground\Models\Traits\UserPrivileges\TraitTest" classname="Tests.Unit.GammaMatrix.Playground.Models.Traits.UserPrivileges.TraitTest" assertions="1" time="0.004967"/>
        <testcase name="test_hasRole_is_true_with_secondary_role_that_does_exist" file="/app/tests/Unit/Models/Traits/UserPrivileges/TraitTest.php" line="129" class="Tests\Unit\GammaMatrix\Playground\Models\Traits\UserPrivileges\TraitTest" classname="Tests.Unit.GammaMatrix.Playground.Models.Traits.UserPrivileges.TraitTest" assertions="1" time="0.005015"/>
        <testcase name="test_hasRole_is_true_with_other_secondary_role_that_does_exist" file="/app/tests/Unit/Models/Traits/UserPrivileges/TraitTest.php" line="144" class="Tests\Unit\GammaMatrix\Playground\Models\Traits\UserPrivileges\TraitTest" classname="Tests.Unit.GammaMatrix.Playground.Models.Traits.UserPrivileges.TraitTest" assertions="1" time="0.005080"/>
        <testcase name="test_hasRole_is_true_with_primary_role_that_does_exist" file="/app/tests/Unit/Models/Traits/UserPrivileges/TraitTest.php" line="159" class="Tests\Unit\GammaMatrix\Playground\Models\Traits\UserPrivileges\TraitTest" classname="Tests.Unit.GammaMatrix.Playground.Models.Traits.UserPrivileges.TraitTest" assertions="1" time="0.004884"/>
        <testcase name="test_isAdmin_is_false_without_roles" file="/app/tests/Unit/Models/Traits/UserPrivileges/TraitTest.php" line="174" class="Tests\Unit\GammaMatrix\Playground\Models\Traits\UserPrivileges\TraitTest" classname="Tests.Unit.GammaMatrix.Playground.Models.Traits.UserPrivileges.TraitTest" assertions="1" time="0.004808"/>
        <testcase name="test_isAdmin_is_true_with_role_that_does_exist" file="/app/tests/Unit/Models/Traits/UserPrivileges/TraitTest.php" line="179" class="Tests\Unit\GammaMatrix\Playground\Models\Traits\UserPrivileges\TraitTest" classname="Tests.Unit.GammaMatrix.Playground.Models.Traits.UserPrivileges.TraitTest" assertions="1" time="0.005016"/>
        <testcase name="test_isAdmin_is_false_with_user_role_that_does_not_exist" file="/app/tests/Unit/Models/Traits/UserPrivileges/TraitTest.php" line="189" class="Tests\Unit\GammaMatrix\Playground\Models\Traits\UserPrivileges\TraitTest" classname="Tests.Unit.GammaMatrix.Playground.Models.Traits.UserPrivileges.TraitTest" assertions="1" time="0.005035"/>
        <testcase name="test_isAdmin_is_false_with_secondary_role_that_does_not_exist" file="/app/tests/Unit/Models/Traits/UserPrivileges/TraitTest.php" line="199" class="Tests\Unit\GammaMatrix\Playground\Models\Traits\UserPrivileges\TraitTest" classname="Tests.Unit.GammaMatrix.Playground.Models.Traits.UserPrivileges.TraitTest" assertions="1" time="0.005181"/>
        <testcase name="test_isAdmin_is_false_with_secondary_roles_that_exist_and_not_admin" file="/app/tests/Unit/Models/Traits/UserPrivileges/TraitTest.php" line="213" class="Tests\Unit\GammaMatrix\Playground\Models\Traits\UserPrivileges\TraitTest" classname="Tests.Unit.GammaMatrix.Playground.Models.Traits.UserPrivileges.TraitTest" assertions="1" time="0.005198"/>
        <testcase name="test_isAdmin_is_true_with_other_secondary_role_that_does_exist" file="/app/tests/Unit/Models/Traits/UserPrivileges/TraitTest.php" line="227" class="Tests\Unit\GammaMatrix\Playground\Models\Traits\UserPrivileges\TraitTest" classname="Tests.Unit.GammaMatrix.Playground.Models.Traits.UserPrivileges.TraitTest" assertions="1" time="0.005030"/>
        <testcase name="test_isAdmin_is_true_with_primary_role_that_does_exist" file="/app/tests/Unit/Models/Traits/UserPrivileges/TraitTest.php" line="241" class="Tests\Unit\GammaMatrix\Playground\Models\Traits\UserPrivileges\TraitTest" classname="Tests.Unit.GammaMatrix.Playground.Models.Traits.UserPrivileges.TraitTest" assertions="1" time="0.005241"/>
        <testcase name="test_isAdmin_is_false_with_secondary_root_role" file="/app/tests/Unit/Models/Traits/UserPrivileges/TraitTest.php" line="255" class="Tests\Unit\GammaMatrix\Playground\Models\Traits\UserPrivileges\TraitTest" classname="Tests.Unit.GammaMatrix.Playground.Models.Traits.UserPrivileges.TraitTest" assertions="1" time="0.005118"/>
      </testsuite>
      <testsuite name="Tests\Unit\GammaMatrix\Playground\Policies\ModelPolicy\AbstractRoleTest" file="/app/tests/Unit/Policies/ModelPolicy/AbstractRoleTest.php" tests="24" assertions="30" errors="0" failures="0" skipped="0" time="0.242087">
        <testcase name="test_create_without_role" file="/app/tests/Unit/Policies/ModelPolicy/AbstractRoleTest.php" line="64" class="Tests\Unit\GammaMatrix\Playground\Policies\ModelPolicy\AbstractRoleTest" classname="Tests.Unit.GammaMatrix.Playground.Policies.ModelPolicy.AbstractRoleTest" assertions="1" time="0.072898"/>
        <testcase name="test_create_with_admin" file="/app/tests/Unit/Policies/ModelPolicy/AbstractRoleTest.php" line="75" class="Tests\Unit\GammaMatrix\Playground\Policies\ModelPolicy\AbstractRoleTest" classname="Tests.Unit.GammaMatrix.Playground.Policies.ModelPolicy.AbstractRoleTest" assertions="1" time="0.006858"/>
        <testcase name="test_delete_without_role" file="/app/tests/Unit/Policies/ModelPolicy/AbstractRoleTest.php" line="95" class="Tests\Unit\GammaMatrix\Playground\Policies\ModelPolicy\AbstractRoleTest" classname="Tests.Unit.GammaMatrix.Playground.Policies.ModelPolicy.AbstractRoleTest" assertions="1" time="0.007559"/>
        <testcase name="test_delete_with_admin" file="/app/tests/Unit/Policies/ModelPolicy/AbstractRoleTest.php" line="109" class="Tests\Unit\GammaMatrix\Playground\Policies\ModelPolicy\AbstractRoleTest" classname="Tests.Unit.GammaMatrix.Playground.Policies.ModelPolicy.AbstractRoleTest" assertions="1" time="0.007080"/>
        <testcase name="test_delete_locked_with_admin" file="/app/tests/Unit/Policies/ModelPolicy/AbstractRoleTest.php" line="130" class="Tests\Unit\GammaMatrix\Playground\Policies\ModelPolicy\AbstractRoleTest" classname="Tests.Unit.GammaMatrix.Playground.Policies.ModelPolicy.AbstractRoleTest" assertions="4" time="0.008516"/>
        <testcase name="test_detail_without_role" file="/app/tests/Unit/Policies/ModelPolicy/AbstractRoleTest.php" line="168" class="Tests\Unit\GammaMatrix\Playground\Policies\ModelPolicy\AbstractRoleTest" classname="Tests.Unit.GammaMatrix.Playground.Policies.ModelPolicy.AbstractRoleTest" assertions="1" time="0.007679"/>
        <testcase name="test_detail_with_admin" file="/app/tests/Unit/Policies/ModelPolicy/AbstractRoleTest.php" line="182" class="Tests\Unit\GammaMatrix\Playground\Policies\ModelPolicy\AbstractRoleTest" classname="Tests.Unit.GammaMatrix.Playground.Policies.ModelPolicy.AbstractRoleTest" assertions="1" time="0.006945"/>
        <testcase name="test_edit_without_role" file="/app/tests/Unit/Policies/ModelPolicy/AbstractRoleTest.php" line="205" class="Tests\Unit\GammaMatrix\Playground\Policies\ModelPolicy\AbstractRoleTest" classname="Tests.Unit.GammaMatrix.Playground.Policies.ModelPolicy.AbstractRoleTest" assertions="1" time="0.007341"/>
        <testcase name="test_edit_with_admin" file="/app/tests/Unit/Policies/ModelPolicy/AbstractRoleTest.php" line="219" class="Tests\Unit\GammaMatrix\Playground\Policies\ModelPolicy\AbstractRoleTest" classname="Tests.Unit.GammaMatrix.Playground.Policies.ModelPolicy.AbstractRoleTest" assertions="1" time="0.007145"/>
        <testcase name="test_forceDelete_without_role" file="/app/tests/Unit/Policies/ModelPolicy/AbstractRoleTest.php" line="242" class="Tests\Unit\GammaMatrix\Playground\Policies\ModelPolicy\AbstractRoleTest" classname="Tests.Unit.GammaMatrix.Playground.Policies.ModelPolicy.AbstractRoleTest" assertions="1" time="0.007520"/>
        <testcase name="test_forceDelete_with_admin" file="/app/tests/Unit/Policies/ModelPolicy/AbstractRoleTest.php" line="256" class="Tests\Unit\GammaMatrix\Playground\Policies\ModelPolicy\AbstractRoleTest" classname="Tests.Unit.GammaMatrix.Playground.Policies.ModelPolicy.AbstractRoleTest" assertions="1" time="0.006915"/>
        <testcase name="test_lock_without_role" file="/app/tests/Unit/Policies/ModelPolicy/AbstractRoleTest.php" line="279" class="Tests\Unit\GammaMatrix\Playground\Policies\ModelPolicy\AbstractRoleTest" classname="Tests.Unit.GammaMatrix.Playground.Policies.ModelPolicy.AbstractRoleTest" assertions="1" time="0.007668"/>
        <testcase name="test_lock_with_admin" file="/app/tests/Unit/Policies/ModelPolicy/AbstractRoleTest.php" line="293" class="Tests\Unit\GammaMatrix\Playground\Policies\ModelPolicy\AbstractRoleTest" classname="Tests.Unit.GammaMatrix.Playground.Policies.ModelPolicy.AbstractRoleTest" assertions="1" time="0.007242"/>
        <testcase name="test_manage_without_role" file="/app/tests/Unit/Policies/ModelPolicy/AbstractRoleTest.php" line="316" class="Tests\Unit\GammaMatrix\Playground\Policies\ModelPolicy\AbstractRoleTest" classname="Tests.Unit.GammaMatrix.Playground.Policies.ModelPolicy.AbstractRoleTest" assertions="1" time="0.007481"/>
        <testcase name="test_manage_with_admin" file="/app/tests/Unit/Policies/ModelPolicy/AbstractRoleTest.php" line="330" class="Tests\Unit\GammaMatrix\Playground\Policies\ModelPolicy\AbstractRoleTest" classname="Tests.Unit.GammaMatrix.Playground.Policies.ModelPolicy.AbstractRoleTest" assertions="1" time="0.006894"/>
        <testcase name="test_restore_without_role" file="/app/tests/Unit/Policies/ModelPolicy/AbstractRoleTest.php" line="353" class="Tests\Unit\GammaMatrix\Playground\Policies\ModelPolicy\AbstractRoleTest" classname="Tests.Unit.GammaMatrix.Playground.Policies.ModelPolicy.AbstractRoleTest" assertions="1" time="0.007602"/>
        <testcase name="test_restore_with_admin" file="/app/tests/Unit/Policies/ModelPolicy/AbstractRoleTest.php" line="367" class="Tests\Unit\GammaMatrix\Playground\Policies\ModelPolicy\AbstractRoleTest" classname="Tests.Unit.GammaMatrix.Playground.Policies.ModelPolicy.AbstractRoleTest" assertions="1" time="0.007184"/>
        <testcase name="test_store_without_role" file="/app/tests/Unit/Policies/ModelPolicy/AbstractRoleTest.php" line="388" class="Tests\Unit\GammaMatrix\Playground\Policies\ModelPolicy\AbstractRoleTest" classname="Tests.Unit.GammaMatrix.Playground.Policies.ModelPolicy.AbstractRoleTest" assertions="1" time="0.007403"/>
        <testcase name="test_store_with_admin" file="/app/tests/Unit/Policies/ModelPolicy/AbstractRoleTest.php" line="399" class="Tests\Unit\GammaMatrix\Playground\Policies\ModelPolicy\AbstractRoleTest" classname="Tests.Unit.GammaMatrix.Playground.Policies.ModelPolicy.AbstractRoleTest" assertions="1" time="0.006887"/>
        <testcase name="test_update_without_role" file="/app/tests/Unit/Policies/ModelPolicy/AbstractRoleTest.php" line="419" class="Tests\Unit\GammaMatrix\Playground\Policies\ModelPolicy\AbstractRoleTest" classname="Tests.Unit.GammaMatrix.Playground.Policies.ModelPolicy.AbstractRoleTest" assertions="1" time="0.007853"/>
        <testcase name="test_update_with_admin" file="/app/tests/Unit/Policies/ModelPolicy/AbstractRoleTest.php" line="433" class="Tests\Unit\GammaMatrix\Playground\Policies\ModelPolicy\AbstractRoleTest" classname="Tests.Unit.GammaMatrix.Playground.Policies.ModelPolicy.AbstractRoleTest" assertions="1" time="0.007204"/>
        <testcase name="test_update_locked_with_admin" file="/app/tests/Unit/Policies/ModelPolicy/AbstractRoleTest.php" line="454" class="Tests\Unit\GammaMatrix\Playground\Policies\ModelPolicy\AbstractRoleTest" classname="Tests.Unit.GammaMatrix.Playground.Policies.ModelPolicy.AbstractRoleTest" assertions="4" time="0.007347"/>
        <testcase name="test_unlock_without_role" file="/app/tests/Unit/Policies/ModelPolicy/AbstractRoleTest.php" line="492" class="Tests\Unit\GammaMatrix\Playground\Policies\ModelPolicy\AbstractRoleTest" classname="Tests.Unit.GammaMatrix.Playground.Policies.ModelPolicy.AbstractRoleTest" assertions="1" time="0.007690"/>
        <testcase name="test_unlock_with_admin" file="/app/tests/Unit/Policies/ModelPolicy/AbstractRoleTest.php" line="506" class="Tests\Unit\GammaMatrix\Playground\Policies\ModelPolicy\AbstractRoleTest" classname="Tests.Unit.GammaMatrix.Playground.Policies.ModelPolicy.AbstractRoleTest" assertions="1" time="0.007173"/>
      </testsuite>
      <testsuite name="Tests\Unit\GammaMatrix\Playground\Policies\Policy\AbstractTest" file="/app/tests/Unit/Policies/Policy/AbstractTest.php" tests="7" assertions="7" errors="0" failures="0" skipped="0" time="0.050692">
        <testcase name="test_before_with_root" file="/app/tests/Unit/Policies/Policy/AbstractTest.php" line="50" class="Tests\Unit\GammaMatrix\Playground\Policies\Policy\AbstractTest" classname="Tests.Unit.GammaMatrix.Playground.Policies.Policy.AbstractTest" assertions="1" time="0.007072"/>
        <testcase name="test_before_with_root_as_secondary_fails" file="/app/tests/Unit/Policies/Policy/AbstractTest.php" line="69" class="Tests\Unit\GammaMatrix\Playground\Policies\Policy\AbstractTest" classname="Tests.Unit.GammaMatrix.Playground.Policies.Policy.AbstractTest" assertions="1" time="0.006756"/>
        <testcase name="test_index_without_role" file="/app/tests/Unit/Policies/Policy/AbstractTest.php" line="91" class="Tests\Unit\GammaMatrix\Playground\Policies\Policy\AbstractTest" classname="Tests.Unit.GammaMatrix.Playground.Policies.Policy.AbstractTest" assertions="1" time="0.008325"/>
        <testcase name="test_index_with_admin" file="/app/tests/Unit/Policies/Policy/AbstractTest.php" line="102" class="Tests\Unit\GammaMatrix\Playground\Policies\Policy\AbstractTest" classname="Tests.Unit.GammaMatrix.Playground.Policies.Policy.AbstractTest" assertions="1" time="0.007135"/>
        <testcase name="test_view_without_role" file="/app/tests/Unit/Policies/Policy/AbstractTest.php" line="120" class="Tests\Unit\GammaMatrix\Playground\Policies\Policy\AbstractTest" classname="Tests.Unit.GammaMatrix.Playground.Policies.Policy.AbstractTest" assertions="1" time="0.007387"/>
        <testcase name="test_view_with_admin" file="/app/tests/Unit/Policies/Policy/AbstractTest.php" line="131" class="Tests\Unit\GammaMatrix\Playground\Policies\Policy\AbstractTest" classname="Tests.Unit.GammaMatrix.Playground.Policies.Policy.AbstractTest" assertions="1" time="0.006861"/>
        <testcase name="test_view_with_admin_in_roles" file="/app/tests/Unit/Policies/Policy/AbstractTest.php" line="151" class="Tests\Unit\GammaMatrix\Playground\Policies\Policy\AbstractTest" classname="Tests.Unit.GammaMatrix.Playground.Policies.Policy.AbstractTest" assertions="1" time="0.007157"/>
      </testsuite>
      <testsuite name="Tests\Unit\GammaMatrix\Playground\Policies\PolicyTrait\TraitTest" file="/app/tests/Unit/Policies/PolicyTrait/TraitTest.php" tests="9" assertions="11" errors="0" failures="0" skipped="0" time="0.053688">
        <testcase name="test_getEntity" file="/app/tests/Unit/Policies/PolicyTrait/TraitTest.php" line="51" class="Tests\Unit\GammaMatrix\Playground\Policies\PolicyTrait\TraitTest" classname="Tests.Unit.GammaMatrix.Playground.Policies.PolicyTrait.TraitTest" assertions="1" time="0.004903"/>
        <testcase name="test_getPackage" file="/app/tests/Unit/Policies/PolicyTrait/TraitTest.php" line="56" class="Tests\Unit\GammaMatrix\Playground\Policies\PolicyTrait\TraitTest" classname="Tests.Unit.GammaMatrix.Playground.Policies.PolicyTrait.TraitTest" assertions="1" time="0.004697"/>
        <testcase name="test_hasToken" file="/app/tests/Unit/Policies/PolicyTrait/TraitTest.php" line="61" class="Tests\Unit\GammaMatrix\Playground\Policies\PolicyTrait\TraitTest" classname="Tests.Unit.GammaMatrix.Playground.Policies.PolicyTrait.TraitTest" assertions="1" time="0.004729"/>
        <testcase name="test_getToken" file="/app/tests/Unit/Policies/PolicyTrait/TraitTest.php" line="66" class="Tests\Unit\GammaMatrix\Playground\Policies\PolicyTrait\TraitTest" classname="Tests.Unit.GammaMatrix.Playground.Policies.PolicyTrait.TraitTest" assertions="1" time="0.004863"/>
        <testcase name="test_setToken" file="/app/tests/Unit/Policies/PolicyTrait/TraitTest.php" line="71" class="Tests\Unit\GammaMatrix\Playground\Policies\PolicyTrait\TraitTest" classname="Tests.Unit.GammaMatrix.Playground.Policies.PolicyTrait.TraitTest" assertions="1" time="0.004762"/>
        <testcase name="test_verify" file="/app/tests/Unit/Policies/PolicyTrait/TraitTest.php" line="76" class="Tests\Unit\GammaMatrix\Playground\Policies\PolicyTrait\TraitTest" classname="Tests.Unit.GammaMatrix.Playground.Policies.PolicyTrait.TraitTest" assertions="3" time="0.008555"/>
        <testcase name="test_verify_privileges" file="/app/tests/Unit/Policies/PolicyTrait/TraitTest.php" line="102" class="Tests\Unit\GammaMatrix\Playground\Policies\PolicyTrait\TraitTest" classname="Tests.Unit.GammaMatrix.Playground.Policies.PolicyTrait.TraitTest" assertions="1" time="0.007085"/>
        <testcase name="test_verify_roles" file="/app/tests/Unit/Policies/PolicyTrait/TraitTest.php" line="115" class="Tests\Unit\GammaMatrix\Playground\Policies\PolicyTrait\TraitTest" classname="Tests.Unit.GammaMatrix.Playground.Policies.PolicyTrait.TraitTest" assertions="1" time="0.007047"/>
        <testcase name="test_verify_user" file="/app/tests/Unit/Policies/PolicyTrait/TraitTest.php" line="128" class="Tests\Unit\GammaMatrix\Playground\Policies\PolicyTrait\TraitTest" classname="Tests.Unit.GammaMatrix.Playground.Policies.PolicyTrait.TraitTest" assertions="1" time="0.007048"/>
      </testsuite>
      <testsuite name="Tests\Unit\GammaMatrix\Playground\Policies\PrivilegeTrait\TraitTest" file="/app/tests/Unit/Policies/PrivilegeTrait/TraitTest.php" tests="7" assertions="7" errors="0" failures="0" skipped="0" time="0.044558">
        <testcase name="test_privilege_without_parameter" file="/app/tests/Unit/Policies/PrivilegeTrait/TraitTest.php" line="44" class="Tests\Unit\GammaMatrix\Playground\Policies\PrivilegeTrait\TraitTest" classname="Tests.Unit.GammaMatrix.Playground.Policies.PrivilegeTrait.TraitTest" assertions="1" time="0.004965"/>
        <testcase name="test_privilege_with_package_and_without_parameter" file="/app/tests/Unit/Policies/PrivilegeTrait/TraitTest.php" line="51" class="Tests\Unit\GammaMatrix\Playground\Policies\PrivilegeTrait\TraitTest" classname="Tests.Unit.GammaMatrix.Playground.Policies.PrivilegeTrait.TraitTest" assertions="1" time="0.005178"/>
        <testcase name="test_privilege_with_package_and_entity_and_without_parameter" file="/app/tests/Unit/Policies/PrivilegeTrait/TraitTest.php" line="64" class="Tests\Unit\GammaMatrix\Playground\Policies\PrivilegeTrait\TraitTest" classname="Tests.Unit.GammaMatrix.Playground.Policies.PrivilegeTrait.TraitTest" assertions="1" time="0.005248"/>
        <testcase name="test_hasPrivilege" file="/app/tests/Unit/Policies/PrivilegeTrait/TraitTest.php" line="83" class="Tests\Unit\GammaMatrix\Playground\Policies\PrivilegeTrait\TraitTest" classname="Tests.Unit.GammaMatrix.Playground.Policies.PrivilegeTrait.TraitTest" assertions="1" time="0.007572"/>
        <testcase name="test_hasPrivilege_with_user_hasPrivilege" file="/app/tests/Unit/Policies/PrivilegeTrait/TraitTest.php" line="95" class="Tests\Unit\GammaMatrix\Playground\Policies\PrivilegeTrait\TraitTest" classname="Tests.Unit.GammaMatrix.Playground.Policies.PrivilegeTrait.TraitTest" assertions="1" time="0.007157"/>
        <testcase name="test_hasPrivilege_with_user_privileges" file="/app/tests/Unit/Policies/PrivilegeTrait/TraitTest.php" line="110" class="Tests\Unit\GammaMatrix\Playground\Policies\PrivilegeTrait\TraitTest" classname="Tests.Unit.GammaMatrix.Playground.Policies.PrivilegeTrait.TraitTest" assertions="1" time="0.007118"/>
        <testcase name="test_hasPrivilege_without_privileges_enabled" file="/app/tests/Unit/Policies/PrivilegeTrait/TraitTest.php" line="125" class="Tests\Unit\GammaMatrix\Playground\Policies\PrivilegeTrait\TraitTest" classname="Tests.Unit.GammaMatrix.Playground.Policies.PrivilegeTrait.TraitTest" assertions="1" time="0.007318"/>
      </testsuite>
      <testsuite name="Tests\Unit\GammaMatrix\Playground\Policies\RoleTrait\TraitTest" file="/app/tests/Unit/Policies/RoleTrait/TraitTest.php" tests="5" assertions="5" errors="0" failures="0" skipped="0" time="0.028265">
        <testcase name="test_getRolesForAdmin" file="/app/tests/Unit/Policies/RoleTrait/TraitTest.php" line="43" class="Tests\Unit\GammaMatrix\Playground\Policies\RoleTrait\TraitTest" classname="Tests.Unit.GammaMatrix.Playground.Policies.RoleTrait.TraitTest" assertions="1" time="0.004767"/>
        <testcase name="test_getRolesForAction" file="/app/tests/Unit/Policies/RoleTrait/TraitTest.php" line="54" class="Tests\Unit\GammaMatrix\Playground\Policies\RoleTrait\TraitTest" classname="Tests.Unit.GammaMatrix.Playground.Policies.RoleTrait.TraitTest" assertions="1" time="0.004449"/>
        <testcase name="test_getRolesToView" file="/app/tests/Unit/Policies/RoleTrait/TraitTest.php" line="65" class="Tests\Unit\GammaMatrix\Playground\Policies\RoleTrait\TraitTest" classname="Tests.Unit.GammaMatrix.Playground.Policies.RoleTrait.TraitTest" assertions="1" time="0.004478"/>
        <testcase name="test_hasRole" file="/app/tests/Unit/Policies/RoleTrait/TraitTest.php" line="76" class="Tests\Unit\GammaMatrix\Playground\Policies\RoleTrait\TraitTest" classname="Tests.Unit.GammaMatrix.Playground.Policies.RoleTrait.TraitTest" assertions="1" time="0.007233"/>
        <testcase name="test_hasRole_advanced_role" file="/app/tests/Unit/Policies/RoleTrait/TraitTest.php" line="87" class="Tests\Unit\GammaMatrix\Playground\Policies\RoleTrait\TraitTest" classname="Tests.Unit.GammaMatrix.Playground.Policies.RoleTrait.TraitTest" assertions="1" time="0.007338"/>
      </testsuite>
      <testsuite name="Tests\Unit\GammaMatrix\Playground\View\Components\Forms\Column\ComponentTest" file="/app/tests/Unit/View/Components/Forms/Column/ComponentTest.php" tests="3" assertions="3" errors="0" failures="0" skipped="0" time="0.022842">
        <testcase name="test_component_instance" file="/app/tests/Unit/View/Components/Forms/Column/ComponentTest.php" line="33" class="Tests\Unit\GammaMatrix\Playground\View\Components\Forms\Column\ComponentTest" classname="Tests.Unit.GammaMatrix.Playground.View.Components.Forms.Column.ComponentTest" assertions="1" time="0.009846"/>
        <testcase name="test_component_can_render_view_without_parameters" file="/app/tests/Unit/View/Components/Forms/Column/ComponentTest.php" line="40" class="Tests\Unit\GammaMatrix\Playground\View\Components\Forms\Column\ComponentTest" classname="Tests.Unit.GammaMatrix.Playground.View.Components.Forms.Column.ComponentTest" assertions="1" time="0.008033"/>
        <testcase name="test_component_can_render_view_with_label_input" file="/app/tests/Unit/View/Components/Forms/Column/ComponentTest.php" line="47" class="Tests\Unit\GammaMatrix\Playground\View\Components\Forms\Column\ComponentTest" classname="Tests.Unit.GammaMatrix.Playground.View.Components.Forms.Column.ComponentTest" assertions="1" time="0.004962"/>
      </testsuite>
      <testsuite name="Tests\Unit\GammaMatrix\Playground\View\Components\Forms\ColumnEditor\ComponentTest" file="/app/tests/Unit/View/Components/Forms/ColumnEditor/ComponentTest.php" tests="3" assertions="3" errors="0" failures="0" skipped="0" time="0.018464">
        <testcase name="test_component_instance" file="/app/tests/Unit/View/Components/Forms/ColumnEditor/ComponentTest.php" line="33" class="Tests\Unit\GammaMatrix\Playground\View\Components\Forms\ColumnEditor\ComponentTest" classname="Tests.Unit.GammaMatrix.Playground.View.Components.Forms.ColumnEditor.ComponentTest" assertions="1" time="0.008553"/>
        <testcase name="test_component_can_render_view_without_parameters" file="/app/tests/Unit/View/Components/Forms/ColumnEditor/ComponentTest.php" line="40" class="Tests\Unit\GammaMatrix\Playground\View\Components\Forms\ColumnEditor\ComponentTest" classname="Tests.Unit.GammaMatrix.Playground.View.Components.Forms.ColumnEditor.ComponentTest" assertions="1" time="0.004883"/>
        <testcase name="test_component_can_render_view_with_content_textarea" file="/app/tests/Unit/View/Components/Forms/ColumnEditor/ComponentTest.php" line="47" class="Tests\Unit\GammaMatrix\Playground\View\Components\Forms\ColumnEditor\ComponentTest" classname="Tests.Unit.GammaMatrix.Playground.View.Components.Forms.ColumnEditor.ComponentTest" assertions="1" time="0.005027"/>
      </testsuite>
      <testsuite name="Tests\Unit\GammaMatrix\Playground\View\Components\Forms\ColumnSelect\ComponentTest" file="/app/tests/Unit/View/Components/Forms/ColumnSelect/ComponentTest.php" tests="3" assertions="3" errors="0" failures="0" skipped="0" time="0.020316">
        <testcase name="test_component_instance" file="/app/tests/Unit/View/Components/Forms/ColumnSelect/ComponentTest.php" line="33" class="Tests\Unit\GammaMatrix\Playground\View\Components\Forms\ColumnSelect\ComponentTest" classname="Tests.Unit.GammaMatrix.Playground.View.Components.Forms.ColumnSelect.ComponentTest" assertions="1" time="0.010634"/>
        <testcase name="test_component_can_render_view_without_parameters" file="/app/tests/Unit/View/Components/Forms/ColumnSelect/ComponentTest.php" line="40" class="Tests\Unit\GammaMatrix\Playground\View\Components\Forms\ColumnSelect\ComponentTest" classname="Tests.Unit.GammaMatrix.Playground.View.Components.Forms.ColumnSelect.ComponentTest" assertions="1" time="0.004796"/>
        <testcase name="test_component_can_render_view_with_select" file="/app/tests/Unit/View/Components/Forms/ColumnSelect/ComponentTest.php" line="47" class="Tests\Unit\GammaMatrix\Playground\View\Components\Forms\ColumnSelect\ComponentTest" classname="Tests.Unit.GammaMatrix.Playground.View.Components.Forms.ColumnSelect.ComponentTest" assertions="1" time="0.004886"/>
      </testsuite>
      <testsuite name="Tests\Unit\GammaMatrix\Playground\View\Components\ModelFlag\ComponentTest" file="/app/tests/Unit/View/Components/ModelFlag/ComponentTest.php" tests="4" assertions="4" errors="0" failures="0" skipped="0" time="0.022232">
        <testcase name="test_component_instance" file="/app/tests/Unit/View/Components/ModelFlag/ComponentTest.php" line="33" class="Tests\Unit\GammaMatrix\Playground\View\Components\ModelFlag\ComponentTest" classname="Tests.Unit.GammaMatrix.Playground.View.Components.ModelFlag.ComponentTest" assertions="1" time="0.007186"/>
        <testcase name="test_component_can_render_view_with_null_value" file="/app/tests/Unit/View/Components/ModelFlag/ComponentTest.php" line="42" class="Tests\Unit\GammaMatrix\Playground\View\Components\ModelFlag\ComponentTest" classname="Tests.Unit.GammaMatrix.Playground.View.Components.ModelFlag.ComponentTest" assertions="1" time="0.004815"/>
        <testcase name="test_component_can_render_view_with_true_value" file="/app/tests/Unit/View/Components/ModelFlag/ComponentTest.php" line="56" class="Tests\Unit\GammaMatrix\Playground\View\Components\ModelFlag\ComponentTest" classname="Tests.Unit.GammaMatrix.Playground.View.Components.ModelFlag.ComponentTest" assertions="1" time="0.004870"/>
        <testcase name="test_component_can_render_view_with_false_value" file="/app/tests/Unit/View/Components/ModelFlag/ComponentTest.php" line="70" class="Tests\Unit\GammaMatrix\Playground\View\Components\ModelFlag\ComponentTest" classname="Tests.Unit.GammaMatrix.Playground.View.Components.ModelFlag.ComponentTest" assertions="1" time="0.005360"/>
      </testsuite>
      <testsuite name="Tests\Unit\GammaMatrix\Playground\View\Components\PaginationSort\ComponentTest" file="/app/tests/Unit/View/Components/PaginationSort/ComponentTest.php" tests="4" assertions="4" errors="0" failures="0" skipped="0" time="0.029948">
        <testcase name="test_component_instance" file="/app/tests/Unit/View/Components/PaginationSort/ComponentTest.php" line="33" class="Tests\Unit\GammaMatrix\Playground\View\Components\PaginationSort\ComponentTest" classname="Tests.Unit.GammaMatrix.Playground.View.Components.PaginationSort.ComponentTest" assertions="1" time="0.015214"/>
        <testcase name="test_component_can_render_view_with_empty_sort" file="/app/tests/Unit/View/Components/PaginationSort/ComponentTest.php" line="48" class="Tests\Unit\GammaMatrix\Playground\View\Components\PaginationSort\ComponentTest" classname="Tests.Unit.GammaMatrix.Playground.View.Components.PaginationSort.ComponentTest" assertions="1" time="0.004912"/>
        <testcase name="test_component_can_render_view_with_invalid_sort" file="/app/tests/Unit/View/Components/PaginationSort/ComponentTest.php" line="61" class="Tests\Unit\GammaMatrix\Playground\View\Components\PaginationSort\ComponentTest" classname="Tests.Unit.GammaMatrix.Playground.View.Components.PaginationSort.ComponentTest" assertions="1" time="0.004931"/>
        <testcase name="test_component_can_render_view" file="/app/tests/Unit/View/Components/PaginationSort/ComponentTest.php" line="77" class="Tests\Unit\GammaMatrix\Playground\View\Components\PaginationSort\ComponentTest" classname="Tests.Unit.GammaMatrix.Playground.View.Components.PaginationSort.ComponentTest" assertions="1" time="0.004890"/>
      </testsuite>
      <testsuite name="Tests\Unit\GammaMatrix\Playground\View\Components\Table\Data\ComponentTest" file="/app/tests/Unit/View/Components/Table/Data/ComponentTest.php" tests="2" assertions="2" errors="0" failures="0" skipped="0" time="0.017692">
        <testcase name="test_component_instance" file="/app/tests/Unit/View/Components/Table/Data/ComponentTest.php" line="33" class="Tests\Unit\GammaMatrix\Playground\View\Components\Table\Data\ComponentTest" classname="Tests.Unit.GammaMatrix.Playground.View.Components.Table.Data.ComponentTest" assertions="1" time="0.012712"/>
        <testcase name="test_component_can_render_view" file="/app/tests/Unit/View/Components/Table/Data/ComponentTest.php" line="40" class="Tests\Unit\GammaMatrix\Playground\View\Components\Table\Data\ComponentTest" classname="Tests.Unit.GammaMatrix.Playground.View.Components.Table.Data.ComponentTest" assertions="1" time="0.004980"/>
      </testsuite>
    </testsuite>
    <testsuite name="Feature" tests="43" assertions="56" errors="0" failures="0" skipped="0" time="1.218113">
      <testsuite name="Tests\Feature\GammaMatrix\Playground\Http\Controllers\Index\AboutRouteTest" file="/app/tests/Feature/Http/Controllers/Index/AboutRouteTest.php" tests="4" assertions="4" errors="0" failures="0" skipped="0" time="0.193929">
        <testcase name="test_route_about_as_guest_and_succeed" file="/app/tests/Feature/Http/Controllers/Index/AboutRouteTest.php" line="19" class="Tests\Feature\GammaMatrix\Playground\Http\Controllers\Index\AboutRouteTest" classname="Tests.Feature.GammaMatrix.Playground.Http.Controllers.Index.AboutRouteTest" assertions="1" time="0.111438"/>
        <testcase name="test_route_json_about_as_guest_and_succeed" file="/app/tests/Feature/Http/Controllers/Index/AboutRouteTest.php" line="25" class="Tests\Feature\GammaMatrix\Playground\Http\Controllers\Index\AboutRouteTest" classname="Tests.Feature.GammaMatrix.Playground.Http.Controllers.Index.AboutRouteTest" assertions="1" time="0.024129"/>
        <testcase name="test_route_about_as_client_and_succeed" file="/app/tests/Feature/Http/Controllers/Index/AboutRouteTest.php" line="31" class="Tests\Feature\GammaMatrix\Playground\Http\Controllers\Index\AboutRouteTest" classname="Tests.Feature.GammaMatrix.Playground.Http.Controllers.Index.AboutRouteTest" assertions="1" time="0.032740"/>
        <testcase name="test_route_json_about_as_manager_and_succeed" file="/app/tests/Feature/Http/Controllers/Index/AboutRouteTest.php" line="39" class="Tests\Feature\GammaMatrix\Playground\Http\Controllers\Index\AboutRouteTest" classname="Tests.Feature.GammaMatrix.Playground.Http.Controllers.Index.AboutRouteTest" assertions="1" time="0.025623"/>
      </testsuite>
      <testsuite name="Tests\Feature\GammaMatrix\Playground\Http\Controllers\Index\BootstrapRouteTest" file="/app/tests/Feature/Http/Controllers/Index/BootstrapRouteTest.php" tests="4" assertions="4" errors="0" failures="0" skipped="0" time="0.109734">
        <testcase name="test_route_bootstrap_as_guest_and_succeed" file="/app/tests/Feature/Http/Controllers/Index/BootstrapRouteTest.php" line="33" class="Tests\Feature\GammaMatrix\Playground\Http\Controllers\Index\BootstrapRouteTest" classname="Tests.Feature.GammaMatrix.Playground.Http.Controllers.Index.BootstrapRouteTest" assertions="1" time="0.031086"/>
        <testcase name="test_route_json_bootstrap_as_guest_and_succeed" file="/app/tests/Feature/Http/Controllers/Index/BootstrapRouteTest.php" line="39" class="Tests\Feature\GammaMatrix\Playground\Http\Controllers\Index\BootstrapRouteTest" classname="Tests.Feature.GammaMatrix.Playground.Http.Controllers.Index.BootstrapRouteTest" assertions="1" time="0.021157"/>
        <testcase name="test_route_bootstrap_as_vendor_and_succeed" file="/app/tests/Feature/Http/Controllers/Index/BootstrapRouteTest.php" line="45" class="Tests\Feature\GammaMatrix\Playground\Http\Controllers\Index\BootstrapRouteTest" classname="Tests.Feature.GammaMatrix.Playground.Http.Controllers.Index.BootstrapRouteTest" assertions="1" time="0.031570"/>
        <testcase name="test_route_json_bootstrap_as_wheel_and_succeed" file="/app/tests/Feature/Http/Controllers/Index/BootstrapRouteTest.php" line="53" class="Tests\Feature\GammaMatrix\Playground\Http\Controllers\Index\BootstrapRouteTest" classname="Tests.Feature.GammaMatrix.Playground.Http.Controllers.Index.BootstrapRouteTest" assertions="1" time="0.025920"/>
      </testsuite>
      <testsuite name="Tests\Feature\GammaMatrix\Playground\Http\Controllers\Index\DashboardRouteTest" file="/app/tests/Feature/Http/Controllers/Index/DashboardRouteTest.php" tests="8" assertions="11" errors="0" failures="0" skipped="0" time="0.207976">
        <testcase name="test_route_dashboard_as_guest_and_fail_when_disabled_for_guest_and_no_redirect" file="/app/tests/Feature/Http/Controllers/Index/DashboardRouteTest.php" line="19" class="Tests\Feature\GammaMatrix\Playground\Http\Controllers\Index\DashboardRouteTest" classname="Tests.Feature.GammaMatrix.Playground.Http.Controllers.Index.DashboardRouteTest" assertions="1" time="0.032507"/>
        <testcase name="test_route_dashboard_as_guest_and_redirect_when_disabled_for_all" file="/app/tests/Feature/Http/Controllers/Index/DashboardRouteTest.php" line="29" class="Tests\Feature\GammaMatrix\Playground\Http\Controllers\Index\DashboardRouteTest" classname="Tests.Feature.GammaMatrix.Playground.Http.Controllers.Index.DashboardRouteTest" assertions="2" time="0.022036"/>
        <testcase name="test_route_dashboard_as_guest_and_redirect_when_disabled_for_guest" file="/app/tests/Feature/Http/Controllers/Index/DashboardRouteTest.php" line="38" class="Tests\Feature\GammaMatrix\Playground\Http\Controllers\Index\DashboardRouteTest" classname="Tests.Feature.GammaMatrix.Playground.Http.Controllers.Index.DashboardRouteTest" assertions="2" time="0.021774"/>
        <testcase name="test_route_json_dashboard_as_guest_and_succeed" file="/app/tests/Feature/Http/Controllers/Index/DashboardRouteTest.php" line="48" class="Tests\Feature\GammaMatrix\Playground\Http\Controllers\Index\DashboardRouteTest" classname="Tests.Feature.GammaMatrix.Playground.Http.Controllers.Index.DashboardRouteTest" assertions="1" time="0.022252"/>
        <testcase name="test_route_dashboard_as_user_and_succeed" file="/app/tests/Feature/Http/Controllers/Index/DashboardRouteTest.php" line="58" class="Tests\Feature\GammaMatrix\Playground\Http\Controllers\Index\DashboardRouteTest" classname="Tests.Feature.GammaMatrix.Playground.Http.Controllers.Index.DashboardRouteTest" assertions="1" time="0.031710"/>
        <testcase name="test_route_dashboard_as_user_and_fail_when_disabled_for_all" file="/app/tests/Feature/Http/Controllers/Index/DashboardRouteTest.php" line="69" class="Tests\Feature\GammaMatrix\Playground\Http\Controllers\Index\DashboardRouteTest" classname="Tests.Feature.GammaMatrix.Playground.Http.Controllers.Index.DashboardRouteTest" assertions="2" time="0.024940"/>
        <testcase name="test_route_dashboard_as_user_and_fail_when_disabled_for_all_and_no_redirect" file="/app/tests/Feature/Http/Controllers/Index/DashboardRouteTest.php" line="79" class="Tests\Feature\GammaMatrix\Playground\Http\Controllers\Index\DashboardRouteTest" classname="Tests.Feature.GammaMatrix.Playground.Http.Controllers.Index.DashboardRouteTest" assertions="1" time="0.026414"/>
        <testcase name="test_route_json_dashboard_as_admin_and_succeed" file="/app/tests/Feature/Http/Controllers/Index/DashboardRouteTest.php" line="89" class="Tests\Feature\GammaMatrix\Playground\Http\Controllers\Index\DashboardRouteTest" classname="Tests.Feature.GammaMatrix.Playground.Http.Controllers.Index.DashboardRouteTest" assertions="1" time="0.026342"/>
      </testsuite>
      <testsuite name="Tests\Feature\GammaMatrix\Playground\Http\Controllers\Index\HomeRouteTest" file="/app/tests/Feature/Http/Controllers/Index/HomeRouteTest.php" tests="4" assertions="4" errors="0" failures="0" skipped="0" time="0.107458">
        <testcase name="test_route_home_as_guest_and_succeed" file="/app/tests/Feature/Http/Controllers/Index/HomeRouteTest.php" line="19" class="Tests\Feature\GammaMatrix\Playground\Http\Controllers\Index\HomeRouteTest" classname="Tests.Feature.GammaMatrix.Playground.Http.Controllers.Index.HomeRouteTest" assertions="1" time="0.029587"/>
        <testcase name="test_route_json_home_as_guest_and_succeed" file="/app/tests/Feature/Http/Controllers/Index/HomeRouteTest.php" line="25" class="Tests\Feature\GammaMatrix\Playground\Http\Controllers\Index\HomeRouteTest" classname="Tests.Feature.GammaMatrix.Playground.Http.Controllers.Index.HomeRouteTest" assertions="1" time="0.021310"/>
        <testcase name="test_route_home_as_user_admin_and_succeed" file="/app/tests/Feature/Http/Controllers/Index/HomeRouteTest.php" line="31" class="Tests\Feature\GammaMatrix\Playground\Http\Controllers\Index\HomeRouteTest" classname="Tests.Feature.GammaMatrix.Playground.Http.Controllers.Index.HomeRouteTest" assertions="1" time="0.030618"/>
        <testcase name="test_route_json_home_as_admin_and_succeed" file="/app/tests/Feature/Http/Controllers/Index/HomeRouteTest.php" line="39" class="Tests\Feature\GammaMatrix\Playground\Http\Controllers\Index\HomeRouteTest" classname="Tests.Feature.GammaMatrix.Playground.Http.Controllers.Index.HomeRouteTest" assertions="1" time="0.025943"/>
      </testsuite>
      <testsuite name="Tests\Feature\GammaMatrix\Playground\Http\Controllers\Index\SitemapRouteTest" file="/app/tests/Feature/Http/Controllers/Index/SitemapRouteTest.php" tests="9" assertions="12" errors="0" failures="0" skipped="0" time="0.250994">
        <testcase name="test_route_sitemap_as_guest_and_fail_when_disabled_for_guest_and_no_redirect" file="/app/tests/Feature/Http/Controllers/Index/SitemapRouteTest.php" line="19" class="Tests\Feature\GammaMatrix\Playground\Http\Controllers\Index\SitemapRouteTest" classname="Tests.Feature.GammaMatrix.Playground.Http.Controllers.Index.SitemapRouteTest" assertions="1" time="0.027366"/>
        <testcase name="test_route_sitemap_as_guest_and_redirect_when_disabled_for_all" file="/app/tests/Feature/Http/Controllers/Index/SitemapRouteTest.php" line="29" class="Tests\Feature\GammaMatrix\Playground\Http\Controllers\Index\SitemapRouteTest" classname="Tests.Feature.GammaMatrix.Playground.Http.Controllers.Index.SitemapRouteTest" assertions="2" time="0.021823"/>
        <testcase name="test_route_sitemap_as_guest_and_redirect_when_disabled_for_guest" file="/app/tests/Feature/Http/Controllers/Index/SitemapRouteTest.php" line="38" class="Tests\Feature\GammaMatrix\Playground\Http\Controllers\Index\SitemapRouteTest" classname="Tests.Feature.GammaMatrix.Playground.Http.Controllers.Index.SitemapRouteTest" assertions="2" time="0.021817"/>
        <testcase name="test_route_json_sitemap_as_guest_and_succeed" file="/app/tests/Feature/Http/Controllers/Index/SitemapRouteTest.php" line="48" class="Tests\Feature\GammaMatrix\Playground\Http\Controllers\Index\SitemapRouteTest" classname="Tests.Feature.GammaMatrix.Playground.Http.Controllers.Index.SitemapRouteTest" assertions="1" time="0.030296"/>
        <testcase name="test_route_sitemap_as_user_and_succeed" file="/app/tests/Feature/Http/Controllers/Index/SitemapRouteTest.php" line="58" class="Tests\Feature\GammaMatrix\Playground\Http\Controllers\Index\SitemapRouteTest" classname="Tests.Feature.GammaMatrix.Playground.Http.Controllers.Index.SitemapRouteTest" assertions="1" time="0.032226"/>
        <testcase name="test_route_sitemap_as_support_and_fail_when_disabled_for_all" file="/app/tests/Feature/Http/Controllers/Index/SitemapRouteTest.php" line="69" class="Tests\Feature\GammaMatrix\Playground\Http\Controllers\Index\SitemapRouteTest" classname="Tests.Feature.GammaMatrix.Playground.Http.Controllers.Index.SitemapRouteTest" assertions="2" time="0.024744"/>
        <testcase name="test_route_sitemap_as_user_and_fail_when_disabled_for_all_and_no_redirect" file="/app/tests/Feature/Http/Controllers/Index/SitemapRouteTest.php" line="79" class="Tests\Feature\GammaMatrix\Playground\Http\Controllers\Index\SitemapRouteTest" classname="Tests.Feature.GammaMatrix.Playground.Http.Controllers.Index.SitemapRouteTest" assertions="1" time="0.025378"/>
        <testcase name="test_route_json_sitemap_as_admin_and_succeed" file="/app/tests/Feature/Http/Controllers/Index/SitemapRouteTest.php" line="89" class="Tests\Feature\GammaMatrix\Playground\Http\Controllers\Index\SitemapRouteTest" classname="Tests.Feature.GammaMatrix.Playground.Http.Controllers.Index.SitemapRouteTest" assertions="1" time="0.031310"/>
        <testcase name="test_route_sitemap_as_user_and_succeed_with_package_sitemaps" file="/app/tests/Feature/Http/Controllers/Index/SitemapRouteTest.php" line="101" class="Tests\Feature\GammaMatrix\Playground\Http\Controllers\Index\SitemapRouteTest" classname="Tests.Feature.GammaMatrix.Playground.Http.Controllers.Index.SitemapRouteTest" assertions="1" time="0.036035"/>
      </testsuite>
      <testsuite name="Tests\Feature\GammaMatrix\Playground\Http\Controllers\Index\ThemeRouteTest" file="/app/tests/Feature/Http/Controllers/Index/ThemeRouteTest.php" tests="4" assertions="7" errors="0" failures="0" skipped="0" time="0.102719">
        <testcase name="test_route_theme_as_guest_and_succeed" file="/app/tests/Feature/Http/Controllers/Index/ThemeRouteTest.php" line="19" class="Tests\Feature\GammaMatrix\Playground\Http\Controllers\Index\ThemeRouteTest" classname="Tests.Feature.GammaMatrix.Playground.Http.Controllers.Index.ThemeRouteTest" assertions="2" time="0.021690"/>
        <testcase name="test_route_theme_as_guest_with_preview_and_succeed" file="/app/tests/Feature/Http/Controllers/Index/ThemeRouteTest.php" line="25" class="Tests\Feature\GammaMatrix\Playground\Http\Controllers\Index\ThemeRouteTest" classname="Tests.Feature.GammaMatrix.Playground.Http.Controllers.Index.ThemeRouteTest" assertions="1" time="0.029184"/>
        <testcase name="test_route_theme_as_partner_and_succeed" file="/app/tests/Feature/Http/Controllers/Index/ThemeRouteTest.php" line="31" class="Tests\Feature\GammaMatrix\Playground\Http\Controllers\Index\ThemeRouteTest" classname="Tests.Feature.GammaMatrix.Playground.Http.Controllers.Index.ThemeRouteTest" assertions="2" time="0.026078"/>
        <testcase name="test_route_theme_as_sales_and_succeed_with_theme_and_redirect" file="/app/tests/Feature/Http/Controllers/Index/ThemeRouteTest.php" line="41" class="Tests\Feature\GammaMatrix\Playground\Http\Controllers\Index\ThemeRouteTest" classname="Tests.Feature.GammaMatrix.Playground.Http.Controllers.Index.ThemeRouteTest" assertions="2" time="0.025767"/>
      </testsuite>
      <testsuite name="Tests\Feature\GammaMatrix\Playground\Http\Controllers\Index\WelcomeRouteTest" file="/app/tests/Feature/Http/Controllers/Index/WelcomeRouteTest.php" tests="4" assertions="4" errors="0" failures="0" skipped="0" time="0.101355">
        <testcase name="test_route_welcome_as_guest_and_succeed" file="/app/tests/Feature/Http/Controllers/Index/WelcomeRouteTest.php" line="19" class="Tests\Feature\GammaMatrix\Playground\Http\Controllers\Index\WelcomeRouteTest" classname="Tests.Feature.GammaMatrix.Playground.Http.Controllers.Index.WelcomeRouteTest" assertions="1" time="0.028550"/>
        <testcase name="test_route_json_welcome_as_guest_and_succeed" file="/app/tests/Feature/Http/Controllers/Index/WelcomeRouteTest.php" line="25" class="Tests\Feature\GammaMatrix\Playground\Http\Controllers\Index\WelcomeRouteTest" classname="Tests.Feature.GammaMatrix.Playground.Http.Controllers.Index.WelcomeRouteTest" assertions="1" time="0.022050"/>
        <testcase name="test_route_welcome_as_user_and_succeed" file="/app/tests/Feature/Http/Controllers/Index/WelcomeRouteTest.php" line="31" class="Tests\Feature\GammaMatrix\Playground\Http\Controllers\Index\WelcomeRouteTest" classname="Tests.Feature.GammaMatrix.Playground.Http.Controllers.Index.WelcomeRouteTest" assertions="1" time="0.025204"/>
        <testcase name="test_route_json_welcome_as_manager_admin_and_succeed" file="/app/tests/Feature/Http/Controllers/Index/WelcomeRouteTest.php" line="38" class="Tests\Feature\GammaMatrix\Playground\Http\Controllers\Index\WelcomeRouteTest" classname="Tests.Feature.GammaMatrix.Playground.Http.Controllers.Index.WelcomeRouteTest" assertions="1" time="0.025552"/>
      </testsuite>
      <testsuite name="Tests\Feature\GammaMatrix\Playground\Policies\PrivilegeTrait\TraitTest" file="/app/tests/Feature/Policies/PrivilegeTrait/TraitTest.php" tests="6" assertions="10" errors="0" failures="0" skipped="0" time="0.143948">
        <testcase name="test_hasPrivilege_and_fail_with_empty_privilege" file="/app/tests/Feature/Policies/PrivilegeTrait/TraitTest.php" line="45" class="Tests\Feature\GammaMatrix\Playground\Policies\PrivilegeTrait\TraitTest" classname="Tests.Feature.GammaMatrix.Playground.Policies.PrivilegeTrait.TraitTest" assertions="1" time="0.019458"/>
        <testcase name="test_hasPrivilege_with_app_without_token_and_fail" file="/app/tests/Feature/Policies/PrivilegeTrait/TraitTest.php" line="57" class="Tests\Feature\GammaMatrix\Playground\Policies\PrivilegeTrait\TraitTest" classname="Tests.Feature.GammaMatrix.Playground.Policies.PrivilegeTrait.TraitTest" assertions="1" time="0.021673"/>
        <testcase name="test_hasPrivilege_with_app_with_token_and_unauthorized_privilege_and_fail" file="/app/tests/Feature/Policies/PrivilegeTrait/TraitTest.php" line="69" class="Tests\Feature\GammaMatrix\Playground\Policies\PrivilegeTrait\TraitTest" classname="Tests.Feature.GammaMatrix.Playground.Policies.PrivilegeTrait.TraitTest" assertions="2" time="0.028781"/>
        <testcase name="test_hasPrivilege_with_app_with_wildcard_token_privileges_and_succeed" file="/app/tests/Feature/Policies/PrivilegeTrait/TraitTest.php" line="110" class="Tests\Feature\GammaMatrix\Playground\Policies\PrivilegeTrait\TraitTest" classname="Tests.Feature.GammaMatrix.Playground.Policies.PrivilegeTrait.TraitTest" assertions="2" time="0.026637"/>
        <testcase name="test_hasPrivilege_with_app_with_wildcard_secondary_token_privileges_and_succeed" file="/app/tests/Feature/Policies/PrivilegeTrait/TraitTest.php" line="151" class="Tests\Feature\GammaMatrix\Playground\Policies\PrivilegeTrait\TraitTest" classname="Tests.Feature.GammaMatrix.Playground.Policies.PrivilegeTrait.TraitTest" assertions="2" time="0.023284"/>
        <testcase name="test_hasPrivilege_with_app_with_token_privileges_and_succeed" file="/app/tests/Feature/Policies/PrivilegeTrait/TraitTest.php" line="194" class="Tests\Feature\GammaMatrix\Playground\Policies\PrivilegeTrait\TraitTest" classname="Tests.Feature.GammaMatrix.Playground.Policies.PrivilegeTrait.TraitTest" assertions="2" time="0.024115"/>
      </testsuite>
    </testsuite>
  </testsuite>
</testsuites>
