<?xml version="1.0" encoding="UTF-8"?>
<testsuites>
  <testsuite name="" tests="226" assertions="705" errors="0" failures="0" skipped="0" time="2.564948">
    <testsuite name="Unit" tests="183" assertions="649" errors="0" failures="0" skipped="0" time="1.407295">
      <testsuite name="Tests\Unit\GammaMatrix\Playground\Filters\ContentTrait\TraitTest" file="/app/tests/Unit/Filters/ContentTrait/TraitTest.php" tests="6" assertions="6" errors="0" failures="0" skipped="0" time="0.201963">
        <testcase name="test_purify" file="/app/tests/Unit/Filters/ContentTrait/TraitTest.php" line="41" class="Tests\Unit\GammaMatrix\Playground\Filters\ContentTrait\TraitTest" classname="Tests.Unit.GammaMatrix.Playground.Filters.ContentTrait.TraitTest" assertions="1" time="0.180566"/>
        <testcase name="test_exorcise" file="/app/tests/Unit/Filters/ContentTrait/TraitTest.php" line="48" class="Tests\Unit\GammaMatrix\Playground\Filters\ContentTrait\TraitTest" classname="Tests.Unit.GammaMatrix.Playground.Filters.ContentTrait.TraitTest" assertions="1" time="0.004327"/>
        <testcase name="test_getHtmlPurifier" file="/app/tests/Unit/Filters/ContentTrait/TraitTest.php" line="55" class="Tests\Unit\GammaMatrix\Playground\Filters\ContentTrait\TraitTest" classname="Tests.Unit.GammaMatrix.Playground.Filters.ContentTrait.TraitTest" assertions="1" time="0.004293"/>
        <testcase name="test_getHtmlPurifier_with_iframes" file="/app/tests/Unit/Filters/ContentTrait/TraitTest.php" line="63" class="Tests\Unit\GammaMatrix\Playground\Filters\ContentTrait\TraitTest" classname="Tests.Unit.GammaMatrix.Playground.Filters.ContentTrait.TraitTest" assertions="1" time="0.004287"/>
        <testcase name="test_getHtmlPurifier_with_purifier_path" file="/app/tests/Unit/Filters/ContentTrait/TraitTest.php" line="73" class="Tests\Unit\GammaMatrix\Playground\Filters\ContentTrait\TraitTest" classname="Tests.Unit.GammaMatrix.Playground.Filters.ContentTrait.TraitTest" assertions="1" time="0.004322"/>
        <testcase name="test_encodeURIComponent" file="/app/tests/Unit/Filters/ContentTrait/TraitTest.php" line="83" class="Tests\Unit\GammaMatrix\Playground\Filters\ContentTrait\TraitTest" classname="Tests.Unit.GammaMatrix.Playground.Filters.ContentTrait.TraitTest" assertions="1" time="0.004169"/>
      </testsuite>
      <testsuite name="Tests\Unit\GammaMatrix\Playground\Filters\ModelTrait\ArrayTraitTest" file="/app/tests/Unit/Filters/ModelTrait/ArrayTraitTest.php" tests="2" assertions="12" errors="0" failures="0" skipped="0" time="0.037902">
        <testcase name="test_filterArray" file="/app/tests/Unit/Filters/ModelTrait/ArrayTraitTest.php" line="22" class="Tests\Unit\GammaMatrix\Playground\Filters\ModelTrait\ArrayTraitTest" classname="Tests.Unit.GammaMatrix.Playground.Filters.ModelTrait.ArrayTraitTest" assertions="6" time="0.033505"/>
        <testcase name="test_filterArray_to_json" file="/app/tests/Unit/Filters/ModelTrait/ArrayTraitTest.php" line="60" class="Tests\Unit\GammaMatrix\Playground\Filters\ModelTrait\ArrayTraitTest" classname="Tests.Unit.GammaMatrix.Playground.Filters.ModelTrait.ArrayTraitTest" assertions="6" time="0.004396"/>
      </testsuite>
      <testsuite name="Tests\Unit\GammaMatrix\Playground\Filters\ModelTrait\BitsTraitTest" file="/app/tests/Unit/Filters/ModelTrait/BitsTraitTest.php" tests="2" assertions="7" errors="0" failures="0" skipped="0" time="0.008640">
        <testcase name="test_filterBits_for_exponent_zero" file="/app/tests/Unit/Filters/ModelTrait/BitsTraitTest.php" line="22" class="Tests\Unit\GammaMatrix\Playground\Filters\ModelTrait\BitsTraitTest" classname="Tests.Unit.GammaMatrix.Playground.Filters.ModelTrait.BitsTraitTest" assertions="2" time="0.004258"/>
        <testcase name="test_filterBits_for_exponent_greater_than_zero" file="/app/tests/Unit/Filters/ModelTrait/BitsTraitTest.php" line="36" class="Tests\Unit\GammaMatrix\Playground\Filters\ModelTrait\BitsTraitTest" classname="Tests.Unit.GammaMatrix.Playground.Filters.ModelTrait.BitsTraitTest" assertions="5" time="0.004381"/>
      </testsuite>
      <testsuite name="Tests\Unit\GammaMatrix\Playground\Filters\ModelTrait\DateTraitTest" file="/app/tests/Unit/Filters/ModelTrait/DateTraitTest.php" tests="2" assertions="5" errors="0" failures="0" skipped="0" time="0.009008">
        <testcase name="test_filterDate" file="/app/tests/Unit/Filters/ModelTrait/DateTraitTest.php" line="22" class="Tests\Unit\GammaMatrix\Playground\Filters\ModelTrait\DateTraitTest" classname="Tests.Unit.GammaMatrix.Playground.Filters.ModelTrait.DateTraitTest" assertions="2" time="0.004331"/>
        <testcase name="test_filterDateAsCarbon" file="/app/tests/Unit/Filters/ModelTrait/DateTraitTest.php" line="38" class="Tests\Unit\GammaMatrix\Playground\Filters\ModelTrait\DateTraitTest" classname="Tests.Unit.GammaMatrix.Playground.Filters.ModelTrait.DateTraitTest" assertions="3" time="0.004677"/>
      </testsuite>
      <testsuite name="Tests\Unit\GammaMatrix\Playground\Filters\ModelTrait\NumberTraitTest" file="/app/tests/Unit/Filters/ModelTrait/NumberTraitTest.php" tests="5" assertions="54" errors="0" failures="0" skipped="0" time="0.023052">
        <testcase name="test_filterFloat" file="/app/tests/Unit/Filters/ModelTrait/NumberTraitTest.php" line="22" class="Tests\Unit\GammaMatrix\Playground\Filters\ModelTrait\NumberTraitTest" classname="Tests.Unit.GammaMatrix.Playground.Filters.ModelTrait.NumberTraitTest" assertions="4" time="0.004330"/>
        <testcase name="test_filterInteger" file="/app/tests/Unit/Filters/ModelTrait/NumberTraitTest.php" line="36" class="Tests\Unit\GammaMatrix\Playground\Filters\ModelTrait\NumberTraitTest" classname="Tests.Unit.GammaMatrix.Playground.Filters.ModelTrait.NumberTraitTest" assertions="6" time="0.004244"/>
        <testcase name="test_filterIntegerId" file="/app/tests/Unit/Filters/ModelTrait/NumberTraitTest.php" line="55" class="Tests\Unit\GammaMatrix\Playground\Filters\ModelTrait\NumberTraitTest" classname="Tests.Unit.GammaMatrix.Playground.Filters.ModelTrait.NumberTraitTest" assertions="12" time="0.004586"/>
        <testcase name="test_filterIntegerPositive" file="/app/tests/Unit/Filters/ModelTrait/NumberTraitTest.php" line="77" class="Tests\Unit\GammaMatrix\Playground\Filters\ModelTrait\NumberTraitTest" classname="Tests.Unit.GammaMatrix.Playground.Filters.ModelTrait.NumberTraitTest" assertions="27" time="0.005395"/>
        <testcase name="test_filterPercent" file="/app/tests/Unit/Filters/ModelTrait/NumberTraitTest.php" line="120" class="Tests\Unit\GammaMatrix\Playground\Filters\ModelTrait\NumberTraitTest" classname="Tests.Unit.GammaMatrix.Playground.Filters.ModelTrait.NumberTraitTest" assertions="5" time="0.004497"/>
      </testsuite>
      <testsuite name="Tests\Unit\GammaMatrix\Playground\Filters\ModelTrait\StatusTraitTest" file="/app/tests/Unit/Filters/ModelTrait/StatusTraitTest.php" tests="1" assertions="5" errors="0" failures="0" skipped="0" time="0.004478">
        <testcase name="test_filterStatus" file="/app/tests/Unit/Filters/ModelTrait/StatusTraitTest.php" line="21" class="Tests\Unit\GammaMatrix\Playground\Filters\ModelTrait\StatusTraitTest" classname="Tests.Unit.GammaMatrix.Playground.Filters.ModelTrait.StatusTraitTest" assertions="5" time="0.004478"/>
      </testsuite>
      <testsuite name="Tests\Unit\GammaMatrix\Playground\Filters\ModelTrait\SystemFieldsTraitTest" file="/app/tests/Unit/Filters/ModelTrait/SystemFieldsTraitTest.php" tests="4" assertions="11" errors="0" failures="0" skipped="0" time="0.016935">
        <testcase name="test_filterSystemFields_for_groups" file="/app/tests/Unit/Filters/ModelTrait/SystemFieldsTraitTest.php" line="22" class="Tests\Unit\GammaMatrix\Playground\Filters\ModelTrait\SystemFieldsTraitTest" classname="Tests.Unit.GammaMatrix.Playground.Filters.ModelTrait.SystemFieldsTraitTest" assertions="2" time="0.004279"/>
        <testcase name="test_filterSystemFields_for_permissions" file="/app/tests/Unit/Filters/ModelTrait/SystemFieldsTraitTest.php" line="35" class="Tests\Unit\GammaMatrix\Playground\Filters\ModelTrait\SystemFieldsTraitTest" classname="Tests.Unit.GammaMatrix.Playground.Filters.ModelTrait.SystemFieldsTraitTest" assertions="3" time="0.004229"/>
        <testcase name="test_filterSystemFields_for_rank" file="/app/tests/Unit/Filters/ModelTrait/SystemFieldsTraitTest.php" line="69" class="Tests\Unit\GammaMatrix\Playground\Filters\ModelTrait\SystemFieldsTraitTest" classname="Tests.Unit.GammaMatrix.Playground.Filters.ModelTrait.SystemFieldsTraitTest" assertions="3" time="0.004250"/>
        <testcase name="test_filterSystemFields_for_size" file="/app/tests/Unit/Filters/ModelTrait/SystemFieldsTraitTest.php" line="86" class="Tests\Unit\GammaMatrix\Playground\Filters\ModelTrait\SystemFieldsTraitTest" classname="Tests.Unit.GammaMatrix.Playground.Filters.ModelTrait.SystemFieldsTraitTest" assertions="3" time="0.004177"/>
      </testsuite>
      <testsuite name="Tests\Unit\GammaMatrix\Playground\Filters\ModelTrait\UuidTraitTest" file="/app/tests/Unit/Filters/ModelTrait/UuidTraitTest.php" tests="1" assertions="2" errors="0" failures="0" skipped="0" time="0.021274">
        <testcase name="test_filterUuid" file="/app/tests/Unit/Filters/ModelTrait/UuidTraitTest.php" line="21" class="Tests\Unit\GammaMatrix\Playground\Filters\ModelTrait\UuidTraitTest" classname="Tests.Unit.GammaMatrix.Playground.Filters.ModelTrait.UuidTraitTest" assertions="2" time="0.021274"/>
      </testsuite>
      <testsuite name="Tests\Unit\GammaMatrix\Playground\Filters\ModelTrait\ValueTraitTest" file="/app/tests/Unit/Filters/ModelTrait/ValueTraitTest.php" tests="3" assertions="20" errors="0" failures="0" skipped="0" time="0.013829">
        <testcase name="test_filterBoolean" file="/app/tests/Unit/Filters/ModelTrait/ValueTraitTest.php" line="24" class="Tests\Unit\GammaMatrix\Playground\Filters\ModelTrait\ValueTraitTest" classname="Tests.Unit.GammaMatrix.Playground.Filters.ModelTrait.ValueTraitTest" assertions="12" time="0.004501"/>
        <testcase name="test_filterEmail" file="/app/tests/Unit/Filters/ModelTrait/ValueTraitTest.php" line="68" class="Tests\Unit\GammaMatrix\Playground\Filters\ModelTrait\ValueTraitTest" classname="Tests.Unit.GammaMatrix.Playground.Filters.ModelTrait.ValueTraitTest" assertions="6" time="0.004244"/>
        <testcase name="test_filterHtml" file="/app/tests/Unit/Filters/ModelTrait/ValueTraitTest.php" line="94" class="Tests\Unit\GammaMatrix\Playground\Filters\ModelTrait\ValueTraitTest" classname="Tests.Unit.GammaMatrix.Playground.Filters.ModelTrait.ValueTraitTest" assertions="2" time="0.005084"/>
      </testsuite>
      <testsuite name="Tests\Unit\GammaMatrix\Playground\Models\Model\ModelTest" file="/app/tests/Unit/Models/Model/ModelTest.php" tests="5" assertions="5" errors="0" failures="0" skipped="0" time="0.136620">
        <testcase name="test_WithChildren_children_returns_HasMany" file="/app/tests/Unit/Models/Model/ModelTest.php" line="49" class="Tests\Unit\GammaMatrix\Playground\Models\Model\ModelTest" classname="Tests.Unit.GammaMatrix.Playground.Models.Model.ModelTest" assertions="1" time="0.116805"/>
        <testcase name="test_WithCreator_creator_returns_HasOne" file="/app/tests/Unit/Models/Model/ModelTest.php" line="54" class="Tests\Unit\GammaMatrix\Playground\Models\Model\ModelTest" classname="Tests.Unit.GammaMatrix.Playground.Models.Model.ModelTest" assertions="1" time="0.006459"/>
        <testcase name="test_WithModifier_modifier_returns_HasOne" file="/app/tests/Unit/Models/Model/ModelTest.php" line="59" class="Tests\Unit\GammaMatrix\Playground\Models\Model\ModelTest" classname="Tests.Unit.GammaMatrix.Playground.Models.Model.ModelTest" assertions="1" time="0.004469"/>
        <testcase name="test_WithOwner_owner_returns_HasOne" file="/app/tests/Unit/Models/Model/ModelTest.php" line="64" class="Tests\Unit\GammaMatrix\Playground\Models\Model\ModelTest" classname="Tests.Unit.GammaMatrix.Playground.Models.Model.ModelTest" assertions="1" time="0.004498"/>
        <testcase name="test_WithParent_parent_returns_HasOne" file="/app/tests/Unit/Models/Model/ModelTest.php" line="69" class="Tests\Unit\GammaMatrix\Playground\Models\Model\ModelTest" classname="Tests.Unit.GammaMatrix.Playground.Models.Model.ModelTest" assertions="1" time="0.004388"/>
      </testsuite>
      <testsuite name="Tests\Unit\GammaMatrix\Playground\Models\Traits\ScopeFilterColumns\ModelTest" file="/app/tests/Unit/Models/Traits/ScopeFilterColumns/ModelTest.php" tests="15" assertions="150" errors="0" failures="0" skipped="0" time="0.083809">
        <testcase name="test_scopeFilterColumns_returns_query_without_columns_or_filters" file="/app/tests/Unit/Models/Traits/ScopeFilterColumns/ModelTest.php" line="54" class="Tests\Unit\GammaMatrix\Playground\Models\Traits\ScopeFilterColumns\ModelTest" classname="Tests.Unit.GammaMatrix.Playground.Models.Traits.ScopeFilterColumns.ModelTest" assertions="2" time="0.004764"/>
        <testcase name="test_scopeFilterColumns_returns_query_without_filters" file="/app/tests/Unit/Models/Traits/ScopeFilterColumns/ModelTest.php" line="68" class="Tests\Unit\GammaMatrix\Playground\Models\Traits\ScopeFilterColumns\ModelTest" classname="Tests.Unit.GammaMatrix.Playground.Models.Traits.ScopeFilterColumns.ModelTest" assertions="4" time="0.005195"/>
        <testcase name="test_scopeFilterColumns_returns_query_with_invalid_column" file="/app/tests/Unit/Models/Traits/ScopeFilterColumns/ModelTest.php" line="89" class="Tests\Unit\GammaMatrix\Playground\Models\Traits\ScopeFilterColumns\ModelTest" classname="Tests.Unit.GammaMatrix.Playground.Models.Traits.ScopeFilterColumns.ModelTest" assertions="4" time="0.005224"/>
        <testcase name="test_scopeFilterColumns_returns_query_with_filters_without_meta_for_strings" file="/app/tests/Unit/Models/Traits/ScopeFilterColumns/ModelTest.php" line="117" class="Tests\Unit\GammaMatrix\Playground\Models\Traits\ScopeFilterColumns\ModelTest" classname="Tests.Unit.GammaMatrix.Playground.Models.Traits.ScopeFilterColumns.ModelTest" assertions="8" time="0.005314"/>
        <testcase name="test_scopeFilterColumns_returns_query_with_null_comparison_and_ignore" file="/app/tests/Unit/Models/Traits/ScopeFilterColumns/ModelTest.php" line="153" class="Tests\Unit\GammaMatrix\Playground\Models\Traits\ScopeFilterColumns\ModelTest" classname="Tests.Unit.GammaMatrix.Playground.Models.Traits.ScopeFilterColumns.ModelTest" assertions="4" time="0.004845"/>
        <testcase name="test_scopeFilterColumns_returns_query_with_comparison" file="/app/tests/Unit/Models/Traits/ScopeFilterColumns/ModelTest.php" line="182" class="Tests\Unit\GammaMatrix\Playground\Models\Traits\ScopeFilterColumns\ModelTest" classname="Tests.Unit.GammaMatrix.Playground.Models.Traits.ScopeFilterColumns.ModelTest" assertions="6" time="0.004968"/>
        <testcase name="test_scopeFilterColumns_with_boolean_filter_type_and_null_value" file="/app/tests/Unit/Models/Traits/ScopeFilterColumns/ModelTest.php" line="212" class="Tests\Unit\GammaMatrix\Playground\Models\Traits\ScopeFilterColumns\ModelTest" classname="Tests.Unit.GammaMatrix.Playground.Models.Traits.ScopeFilterColumns.ModelTest" assertions="6" time="0.004967"/>
        <testcase name="test_scopeFilterColumns_with_boolean_filter_type_and_true_value" file="/app/tests/Unit/Models/Traits/ScopeFilterColumns/ModelTest.php" line="244" class="Tests\Unit\GammaMatrix\Playground\Models\Traits\ScopeFilterColumns\ModelTest" classname="Tests.Unit.GammaMatrix.Playground.Models.Traits.ScopeFilterColumns.ModelTest" assertions="6" time="0.005047"/>
        <testcase name="test_scopeFilterColumns_with_boolean_filter_type_and_false_value" file="/app/tests/Unit/Models/Traits/ScopeFilterColumns/ModelTest.php" line="276" class="Tests\Unit\GammaMatrix\Playground\Models\Traits\ScopeFilterColumns\ModelTest" classname="Tests.Unit.GammaMatrix.Playground.Models.Traits.ScopeFilterColumns.ModelTest" assertions="6" time="0.005014"/>
        <testcase name="test_scopeFilterColumns_with_filter_operator_without_operator_and_default_to_like" file="/app/tests/Unit/Models/Traits/ScopeFilterColumns/ModelTest.php" line="308" class="Tests\Unit\GammaMatrix\Playground\Models\Traits\ScopeFilterColumns\ModelTest" classname="Tests.Unit.GammaMatrix.Playground.Models.Traits.ScopeFilterColumns.ModelTest" assertions="6" time="0.004964"/>
        <testcase name="test_scopeFilterColumns_with_filter_operators" file="/app/tests/Unit/Models/Traits/ScopeFilterColumns/ModelTest.php" line="340" class="Tests\Unit\GammaMatrix\Playground\Models\Traits\ScopeFilterColumns\ModelTest" classname="Tests.Unit.GammaMatrix.Playground.Models.Traits.ScopeFilterColumns.ModelTest" assertions="74" time="0.013381"/>
        <testcase name="test_scopeFilterColumns_with_between_filter_operator_without_single_parameter_and_ignore_between" file="/app/tests/Unit/Models/Traits/ScopeFilterColumns/ModelTest.php" line="425" class="Tests\Unit\GammaMatrix\Playground\Models\Traits\ScopeFilterColumns\ModelTest" classname="Tests.Unit.GammaMatrix.Playground.Models.Traits.ScopeFilterColumns.ModelTest" assertions="4" time="0.004904"/>
        <testcase name="test_scopeFilterColumns_with_between_filter_operator" file="/app/tests/Unit/Models/Traits/ScopeFilterColumns/ModelTest.php" line="456" class="Tests\Unit\GammaMatrix\Playground\Models\Traits\ScopeFilterColumns\ModelTest" classname="Tests.Unit.GammaMatrix.Playground.Models.Traits.ScopeFilterColumns.ModelTest" assertions="8" time="0.005192"/>
        <testcase name="test_scopeFilterColumns_with_not_between_filter_operator_without_single_parameter_and_ignore_between" file="/app/tests/Unit/Models/Traits/ScopeFilterColumns/ModelTest.php" line="491" class="Tests\Unit\GammaMatrix\Playground\Models\Traits\ScopeFilterColumns\ModelTest" classname="Tests.Unit.GammaMatrix.Playground.Models.Traits.ScopeFilterColumns.ModelTest" assertions="4" time="0.004917"/>
        <testcase name="test_scopeFilterColumns_with_not_between_filter_operator" file="/app/tests/Unit/Models/Traits/ScopeFilterColumns/ModelTest.php" line="522" class="Tests\Unit\GammaMatrix\Playground\Models\Traits\ScopeFilterColumns\ModelTest" classname="Tests.Unit.GammaMatrix.Playground.Models.Traits.ScopeFilterColumns.ModelTest" assertions="8" time="0.005113"/>
      </testsuite>
      <testsuite name="Tests\Unit\GammaMatrix\Playground\Models\Traits\ScopeFilterDates\ModelTest" file="/app/tests/Unit/Models/Traits/ScopeFilterDates/ModelTest.php" tests="18" assertions="160" errors="0" failures="0" skipped="0" time="0.101737">
        <testcase name="test_scopeFilterDates_returns_query_without_dates_or_filters" file="/app/tests/Unit/Models/Traits/ScopeFilterDates/ModelTest.php" line="57" class="Tests\Unit\GammaMatrix\Playground\Models\Traits\ScopeFilterDates\ModelTest" classname="Tests.Unit.GammaMatrix.Playground.Models.Traits.ScopeFilterDates.ModelTest" assertions="2" time="0.004624"/>
        <testcase name="test_scopeFilterDates_returns_query_without_filters" file="/app/tests/Unit/Models/Traits/ScopeFilterDates/ModelTest.php" line="71" class="Tests\Unit\GammaMatrix\Playground\Models\Traits\ScopeFilterDates\ModelTest" classname="Tests.Unit.GammaMatrix.Playground.Models.Traits.ScopeFilterDates.ModelTest" assertions="4" time="0.004899"/>
        <testcase name="test_scopeFilterDates_returns_query_with_invalid_column" file="/app/tests/Unit/Models/Traits/ScopeFilterDates/ModelTest.php" line="92" class="Tests\Unit\GammaMatrix\Playground\Models\Traits\ScopeFilterDates\ModelTest" classname="Tests.Unit.GammaMatrix.Playground.Models.Traits.ScopeFilterDates.ModelTest" assertions="4" time="0.004825"/>
        <testcase name="test_scopeFilterDates_returns_query_with_filters_without_meta_for_strings" file="/app/tests/Unit/Models/Traits/ScopeFilterDates/ModelTest.php" line="120" class="Tests\Unit\GammaMatrix\Playground\Models\Traits\ScopeFilterDates\ModelTest" classname="Tests.Unit.GammaMatrix.Playground.Models.Traits.ScopeFilterDates.ModelTest" assertions="6" time="0.005312"/>
        <testcase name="test_scopeFilterDates_returns_query_with_null_comparison_and_ignore" file="/app/tests/Unit/Models/Traits/ScopeFilterDates/ModelTest.php" line="153" class="Tests\Unit\GammaMatrix\Playground\Models\Traits\ScopeFilterDates\ModelTest" classname="Tests.Unit.GammaMatrix.Playground.Models.Traits.ScopeFilterDates.ModelTest" assertions="4" time="0.005084"/>
        <testcase name="test_scopeFilterDates_returns_query_with_null_comparison_and_allow" file="/app/tests/Unit/Models/Traits/ScopeFilterDates/ModelTest.php" line="186" class="Tests\Unit\GammaMatrix\Playground\Models\Traits\ScopeFilterDates\ModelTest" classname="Tests.Unit.GammaMatrix.Playground.Models.Traits.ScopeFilterDates.ModelTest" assertions="4" time="0.004976"/>
        <testcase name="test_scopeFilterDates_returns_query_with_comparison" file="/app/tests/Unit/Models/Traits/ScopeFilterDates/ModelTest.php" line="219" class="Tests\Unit\GammaMatrix\Playground\Models\Traits\ScopeFilterDates\ModelTest" classname="Tests.Unit.GammaMatrix.Playground.Models.Traits.ScopeFilterDates.ModelTest" assertions="6" time="0.005323"/>
        <testcase name="test_scopeFilterDates_returns_query_with_wildcard" file="/app/tests/Unit/Models/Traits/ScopeFilterDates/ModelTest.php" line="250" class="Tests\Unit\GammaMatrix\Playground\Models\Traits\ScopeFilterDates\ModelTest" classname="Tests.Unit.GammaMatrix.Playground.Models.Traits.ScopeFilterDates.ModelTest" assertions="6" time="0.005031"/>
        <testcase name="test_scopeFilterDates_returns_query_with_operator_wildcard" file="/app/tests/Unit/Models/Traits/ScopeFilterDates/ModelTest.php" line="280" class="Tests\Unit\GammaMatrix\Playground\Models\Traits\ScopeFilterDates\ModelTest" classname="Tests.Unit.GammaMatrix.Playground.Models.Traits.ScopeFilterDates.ModelTest" assertions="6" time="0.005284"/>
        <testcase name="test_scopeFilterDates_returns_query_with_object_value_and_ignore" file="/app/tests/Unit/Models/Traits/ScopeFilterDates/ModelTest.php" line="312" class="Tests\Unit\GammaMatrix\Playground\Models\Traits\ScopeFilterDates\ModelTest" classname="Tests.Unit.GammaMatrix.Playground.Models.Traits.ScopeFilterDates.ModelTest" assertions="4" time="0.004832"/>
        <testcase name="test_scopeFilterDates_returns_query_with_unnullable_value_and_ignore" file="/app/tests/Unit/Models/Traits/ScopeFilterDates/ModelTest.php" line="343" class="Tests\Unit\GammaMatrix\Playground\Models\Traits\ScopeFilterDates\ModelTest" classname="Tests.Unit.GammaMatrix.Playground.Models.Traits.ScopeFilterDates.ModelTest" assertions="4" time="0.004843"/>
        <testcase name="test_scopeFilterDates_returns_query_with_invalid_operator_and_use_like" file="/app/tests/Unit/Models/Traits/ScopeFilterDates/ModelTest.php" line="373" class="Tests\Unit\GammaMatrix\Playground\Models\Traits\ScopeFilterDates\ModelTest" classname="Tests.Unit.GammaMatrix.Playground.Models.Traits.ScopeFilterDates.ModelTest" assertions="6" time="0.005337"/>
        <testcase name="test_scopeFilterDates_returns_query_with_invalid_parsable_value_and_ignore" file="/app/tests/Unit/Models/Traits/ScopeFilterDates/ModelTest.php" line="409" class="Tests\Unit\GammaMatrix\Playground\Models\Traits\ScopeFilterDates\ModelTest" classname="Tests.Unit.GammaMatrix.Playground.Models.Traits.ScopeFilterDates.ModelTest" assertions="4" time="0.005669"/>
        <testcase name="test_scopeFilterDates_returns_query_with_short_date_and_gte_operator" file="/app/tests/Unit/Models/Traits/ScopeFilterDates/ModelTest.php" line="440" class="Tests\Unit\GammaMatrix\Playground\Models\Traits\ScopeFilterDates\ModelTest" classname="Tests.Unit.GammaMatrix.Playground.Models.Traits.ScopeFilterDates.ModelTest" assertions="6" time="0.005107"/>
        <testcase name="test_scopeFilterDates_returns_query_with_phrase_date_and_automatically_parse" file="/app/tests/Unit/Models/Traits/ScopeFilterDates/ModelTest.php" line="473" class="Tests\Unit\GammaMatrix\Playground\Models\Traits\ScopeFilterDates\ModelTest" classname="Tests.Unit.GammaMatrix.Playground.Models.Traits.ScopeFilterDates.ModelTest" assertions="6" time="0.005406"/>
        <testcase name="test_scopeFilterDates_with_between_filter_operator_with_parse" file="/app/tests/Unit/Models/Traits/ScopeFilterDates/ModelTest.php" line="509" class="Tests\Unit\GammaMatrix\Playground\Models\Traits\ScopeFilterDates\ModelTest" classname="Tests.Unit.GammaMatrix.Playground.Models.Traits.ScopeFilterDates.ModelTest" assertions="7" time="0.006064"/>
        <testcase name="test_scopeFilterDates_with_not_between_filter_operator_with_parse" file="/app/tests/Unit/Models/Traits/ScopeFilterDates/ModelTest.php" line="552" class="Tests\Unit\GammaMatrix\Playground\Models\Traits\ScopeFilterDates\ModelTest" classname="Tests.Unit.GammaMatrix.Playground.Models.Traits.ScopeFilterDates.ModelTest" assertions="7" time="0.005697"/>
        <testcase name="test_scopeFilterDates_with_filter_operators" file="/app/tests/Unit/Models/Traits/ScopeFilterDates/ModelTest.php" line="595" class="Tests\Unit\GammaMatrix\Playground\Models\Traits\ScopeFilterDates\ModelTest" classname="Tests.Unit.GammaMatrix.Playground.Models.Traits.ScopeFilterDates.ModelTest" assertions="74" time="0.013424"/>
      </testsuite>
      <testsuite name="Tests\Unit\GammaMatrix\Playground\Models\Traits\ScopeFilterFlags\ModelTest" file="/app/tests/Unit/Models/Traits/ScopeFilterFlags/ModelTest.php" tests="3" assertions="14" errors="0" failures="0" skipped="0" time="0.014429">
        <testcase name="test_scopeFilterFlags_returns_query_without_flags_or_filters" file="/app/tests/Unit/Models/Traits/ScopeFilterFlags/ModelTest.php" line="54" class="Tests\Unit\GammaMatrix\Playground\Models\Traits\ScopeFilterFlags\ModelTest" classname="Tests.Unit.GammaMatrix.Playground.Models.Traits.ScopeFilterFlags.ModelTest" assertions="2" time="0.004481"/>
        <testcase name="test_scopeFilterFlags_returns_query_without_filters" file="/app/tests/Unit/Models/Traits/ScopeFilterFlags/ModelTest.php" line="68" class="Tests\Unit\GammaMatrix\Playground\Models\Traits\ScopeFilterFlags\ModelTest" classname="Tests.Unit.GammaMatrix.Playground.Models.Traits.ScopeFilterFlags.ModelTest" assertions="4" time="0.004790"/>
        <testcase name="test_scopeFilterFlags_returns_query_with_filters" file="/app/tests/Unit/Models/Traits/ScopeFilterFlags/ModelTest.php" line="89" class="Tests\Unit\GammaMatrix\Playground\Models\Traits\ScopeFilterFlags\ModelTest" classname="Tests.Unit.GammaMatrix.Playground.Models.Traits.ScopeFilterFlags.ModelTest" assertions="8" time="0.005158"/>
      </testsuite>
      <testsuite name="Tests\Unit\GammaMatrix\Playground\Models\Traits\ScopeFilterIds\ModelTest" file="/app/tests/Unit/Models/Traits/ScopeFilterIds/ModelTest.php" tests="11" assertions="70" errors="0" failures="0" skipped="0" time="0.059856">
        <testcase name="test_scopeFilterIds_returns_query_without_ids_or_filters" file="/app/tests/Unit/Models/Traits/ScopeFilterIds/ModelTest.php" line="54" class="Tests\Unit\GammaMatrix\Playground\Models\Traits\ScopeFilterIds\ModelTest" classname="Tests.Unit.GammaMatrix.Playground.Models.Traits.ScopeFilterIds.ModelTest" assertions="2" time="0.004504"/>
        <testcase name="test_scopeFilterIds_returns_query_without_filters" file="/app/tests/Unit/Models/Traits/ScopeFilterIds/ModelTest.php" line="68" class="Tests\Unit\GammaMatrix\Playground\Models\Traits\ScopeFilterIds\ModelTest" classname="Tests.Unit.GammaMatrix.Playground.Models.Traits.ScopeFilterIds.ModelTest" assertions="4" time="0.004685"/>
        <testcase name="test_scopeFilterIds_returns_query_with_invalid_column" file="/app/tests/Unit/Models/Traits/ScopeFilterIds/ModelTest.php" line="89" class="Tests\Unit\GammaMatrix\Playground\Models\Traits\ScopeFilterIds\ModelTest" classname="Tests.Unit.GammaMatrix.Playground.Models.Traits.ScopeFilterIds.ModelTest" assertions="4" time="0.004655"/>
        <testcase name="test_scopeFilterIds_returns_query_with_null_comparison" file="/app/tests/Unit/Models/Traits/ScopeFilterIds/ModelTest.php" line="117" class="Tests\Unit\GammaMatrix\Playground\Models\Traits\ScopeFilterIds\ModelTest" classname="Tests.Unit.GammaMatrix.Playground.Models.Traits.ScopeFilterIds.ModelTest" assertions="4" time="0.004765"/>
        <testcase name="test_scopeFilterIds_returns_query_with_comparison" file="/app/tests/Unit/Models/Traits/ScopeFilterIds/ModelTest.php" line="146" class="Tests\Unit\GammaMatrix\Playground\Models\Traits\ScopeFilterIds\ModelTest" classname="Tests.Unit.GammaMatrix.Playground.Models.Traits.ScopeFilterIds.ModelTest" assertions="6" time="0.005120"/>
        <testcase name="test_scopeFilterIds_returns_query_with_filters_array" file="/app/tests/Unit/Models/Traits/ScopeFilterIds/ModelTest.php" line="176" class="Tests\Unit\GammaMatrix\Playground\Models\Traits\ScopeFilterIds\ModelTest" classname="Tests.Unit.GammaMatrix.Playground.Models.Traits.ScopeFilterIds.ModelTest" assertions="10" time="0.006561"/>
        <testcase name="test_scopeFilterIds_returns_query_with_filters_with_integer" file="/app/tests/Unit/Models/Traits/ScopeFilterIds/ModelTest.php" line="224" class="Tests\Unit\GammaMatrix\Playground\Models\Traits\ScopeFilterIds\ModelTest" classname="Tests.Unit.GammaMatrix.Playground.Models.Traits.ScopeFilterIds.ModelTest" assertions="6" time="0.004918"/>
        <testcase name="test_scopeFilterIds_returns_query_with_array_of_ids_without_type" file="/app/tests/Unit/Models/Traits/ScopeFilterIds/ModelTest.php" line="263" class="Tests\Unit\GammaMatrix\Playground\Models\Traits\ScopeFilterIds\ModelTest" classname="Tests.Unit.GammaMatrix.Playground.Models.Traits.ScopeFilterIds.ModelTest" assertions="10" time="0.006321"/>
        <testcase name="test_scopeFilterIds_returns_query_with_array_of_uuids_for_integer_type_ids_and_ignore" file="/app/tests/Unit/Models/Traits/ScopeFilterIds/ModelTest.php" line="309" class="Tests\Unit\GammaMatrix\Playground\Models\Traits\ScopeFilterIds\ModelTest" classname="Tests.Unit.GammaMatrix.Playground.Models.Traits.ScopeFilterIds.ModelTest" assertions="4" time="0.006407"/>
        <testcase name="test_scopeFilterIds_returns_query_with_array_of_integer_ids_ignore_duplicate_id" file="/app/tests/Unit/Models/Traits/ScopeFilterIds/ModelTest.php" line="348" class="Tests\Unit\GammaMatrix\Playground\Models\Traits\ScopeFilterIds\ModelTest" classname="Tests.Unit.GammaMatrix.Playground.Models.Traits.ScopeFilterIds.ModelTest" assertions="8" time="0.005033"/>
        <testcase name="test_scopeFilterIds_returns_query_with_filters_with_null_and_string_and_array" file="/app/tests/Unit/Models/Traits/ScopeFilterIds/ModelTest.php" line="392" class="Tests\Unit\GammaMatrix\Playground\Models\Traits\ScopeFilterIds\ModelTest" classname="Tests.Unit.GammaMatrix.Playground.Models.Traits.ScopeFilterIds.ModelTest" assertions="12" time="0.006886"/>
      </testsuite>
      <testsuite name="Tests\Unit\GammaMatrix\Playground\Models\Traits\ScopeFilterTrash\ModelTest" file="/app/tests/Unit/Models/Traits/ScopeFilterTrash/ModelTest.php" tests="3" assertions="6" errors="0" failures="0" skipped="0" time="0.013182">
        <testcase name="test_scopeFilterTrash_returns_query_with_empty_visibility" file="/app/tests/Unit/Models/Traits/ScopeFilterTrash/ModelTest.php" line="54" class="Tests\Unit\GammaMatrix\Playground\Models\Traits\ScopeFilterTrash\ModelTest" classname="Tests.Unit.GammaMatrix.Playground.Models.Traits.ScopeFilterTrash.ModelTest" assertions="2" time="0.004418"/>
        <testcase name="test_scopeFilterTrash_returns_query_with_trash" file="/app/tests/Unit/Models/Traits/ScopeFilterTrash/ModelTest.php" line="68" class="Tests\Unit\GammaMatrix\Playground\Models\Traits\ScopeFilterTrash\ModelTest" classname="Tests.Unit.GammaMatrix.Playground.Models.Traits.ScopeFilterTrash.ModelTest" assertions="2" time="0.004331"/>
        <testcase name="test_scopeFilterTrash_returns_query_with_only_trash" file="/app/tests/Unit/Models/Traits/ScopeFilterTrash/ModelTest.php" line="84" class="Tests\Unit\GammaMatrix\Playground\Models\Traits\ScopeFilterTrash\ModelTest" classname="Tests.Unit.GammaMatrix.Playground.Models.Traits.ScopeFilterTrash.ModelTest" assertions="2" time="0.004432"/>
      </testsuite>
      <testsuite name="Tests\Unit\GammaMatrix\Playground\Models\Traits\ScopeSort\ModelTest" file="/app/tests/Unit/Models/Traits/ScopeSort/ModelTest.php" tests="11" assertions="23" errors="0" failures="0" skipped="0" time="0.051423">
        <testcase name="test_scopeSort_returns_query_with_empty_sort" file="/app/tests/Unit/Models/Traits/ScopeSort/ModelTest.php" line="54" class="Tests\Unit\GammaMatrix\Playground\Models\Traits\ScopeSort\ModelTest" classname="Tests.Unit.GammaMatrix.Playground.Models.Traits.ScopeSort.ModelTest" assertions="3" time="0.004703"/>
        <testcase name="test_scopeSort_returns_query_with_array_boolean_sort_asc" file="/app/tests/Unit/Models/Traits/ScopeSort/ModelTest.php" line="70" class="Tests\Unit\GammaMatrix\Playground\Models\Traits\ScopeSort\ModelTest" classname="Tests.Unit.GammaMatrix.Playground.Models.Traits.ScopeSort.ModelTest" assertions="2" time="0.004653"/>
        <testcase name="test_scopeSort_returns_query_with_array_boolean_sort_desc" file="/app/tests/Unit/Models/Traits/ScopeSort/ModelTest.php" line="88" class="Tests\Unit\GammaMatrix\Playground\Models\Traits\ScopeSort\ModelTest" classname="Tests.Unit.GammaMatrix.Playground.Models.Traits.ScopeSort.ModelTest" assertions="2" time="0.004547"/>
        <testcase name="test_scopeSort_returns_query_with_array_boolean_sort_pair" file="/app/tests/Unit/Models/Traits/ScopeSort/ModelTest.php" line="106" class="Tests\Unit\GammaMatrix\Playground\Models\Traits\ScopeSort\ModelTest" classname="Tests.Unit.GammaMatrix.Playground.Models.Traits.ScopeSort.ModelTest" assertions="2" time="0.004764"/>
        <testcase name="test_scopeSort_returns_query_with_array_boolean_sort_triplet" file="/app/tests/Unit/Models/Traits/ScopeSort/ModelTest.php" line="125" class="Tests\Unit\GammaMatrix\Playground\Models\Traits\ScopeSort\ModelTest" classname="Tests.Unit.GammaMatrix.Playground.Models.Traits.ScopeSort.ModelTest" assertions="2" time="0.004738"/>
        <testcase name="test_scopeSort_returns_query_with_csv_sort_asc" file="/app/tests/Unit/Models/Traits/ScopeSort/ModelTest.php" line="145" class="Tests\Unit\GammaMatrix\Playground\Models\Traits\ScopeSort\ModelTest" classname="Tests.Unit.GammaMatrix.Playground.Models.Traits.ScopeSort.ModelTest" assertions="2" time="0.004592"/>
        <testcase name="test_scopeSort_returns_query_with_csv_sort_desc" file="/app/tests/Unit/Models/Traits/ScopeSort/ModelTest.php" line="159" class="Tests\Unit\GammaMatrix\Playground\Models\Traits\ScopeSort\ModelTest" classname="Tests.Unit.GammaMatrix.Playground.Models.Traits.ScopeSort.ModelTest" assertions="2" time="0.004603"/>
        <testcase name="test_scopeSort_returns_query_with_simple_array_asc" file="/app/tests/Unit/Models/Traits/ScopeSort/ModelTest.php" line="182" class="Tests\Unit\GammaMatrix\Playground\Models\Traits\ScopeSort\ModelTest" classname="Tests.Unit.GammaMatrix.Playground.Models.Traits.ScopeSort.ModelTest" assertions="2" time="0.004682"/>
        <testcase name="test_scopeSort_returns_query_with_simple_array_desc" file="/app/tests/Unit/Models/Traits/ScopeSort/ModelTest.php" line="198" class="Tests\Unit\GammaMatrix\Playground\Models\Traits\ScopeSort\ModelTest" classname="Tests.Unit.GammaMatrix.Playground.Models.Traits.ScopeSort.ModelTest" assertions="2" time="0.004634"/>
        <testcase name="test_scopeSort_returns_query_with_hash_array_asc" file="/app/tests/Unit/Models/Traits/ScopeSort/ModelTest.php" line="215" class="Tests\Unit\GammaMatrix\Playground\Models\Traits\ScopeSort\ModelTest" classname="Tests.Unit.GammaMatrix.Playground.Models.Traits.ScopeSort.ModelTest" assertions="2" time="0.004830"/>
        <testcase name="test_scopeSort_returns_query_with_hash_array_desc" file="/app/tests/Unit/Models/Traits/ScopeSort/ModelTest.php" line="233" class="Tests\Unit\GammaMatrix\Playground\Models\Traits\ScopeSort\ModelTest" classname="Tests.Unit.GammaMatrix.Playground.Models.Traits.ScopeSort.ModelTest" assertions="2" time="0.004678"/>
      </testsuite>
      <testsuite name="Tests\Unit\GammaMatrix\Playground\Models\Traits\UserPrivileges\TraitTest" file="/app/tests/Unit/Models/Traits/UserPrivileges/TraitTest.php" tests="20" assertions="20" errors="0" failures="0" skipped="0" time="0.096753">
        <testcase name="test_hasPrivilege_is_false_with_null_privilege" file="/app/tests/Unit/Models/Traits/UserPrivileges/TraitTest.php" line="46" class="Tests\Unit\GammaMatrix\Playground\Models\Traits\UserPrivileges\TraitTest" classname="Tests.Unit.GammaMatrix.Playground.Models.Traits.UserPrivileges.TraitTest" assertions="1" time="0.010550"/>
        <testcase name="test_hasPrivilege_is_false_with_false_privilege" file="/app/tests/Unit/Models/Traits/UserPrivileges/TraitTest.php" line="52" class="Tests\Unit\GammaMatrix\Playground\Models\Traits\UserPrivileges\TraitTest" classname="Tests.Unit.GammaMatrix.Playground.Models.Traits.UserPrivileges.TraitTest" assertions="1" time="0.004237"/>
        <testcase name="test_hasPrivilege_is_true_with_privilege_that_does_exist" file="/app/tests/Unit/Models/Traits/UserPrivileges/TraitTest.php" line="58" class="Tests\Unit\GammaMatrix\Playground\Models\Traits\UserPrivileges\TraitTest" classname="Tests.Unit.GammaMatrix.Playground.Models.Traits.UserPrivileges.TraitTest" assertions="1" time="0.004603"/>
        <testcase name="test_hasPrivilege_is_false_with_privilege_that_does_not_exist" file="/app/tests/Unit/Models/Traits/UserPrivileges/TraitTest.php" line="69" class="Tests\Unit\GammaMatrix\Playground\Models\Traits\UserPrivileges\TraitTest" classname="Tests.Unit.GammaMatrix.Playground.Models.Traits.UserPrivileges.TraitTest" assertions="1" time="0.004514"/>
        <testcase name="test_hasRole_is_false_with_null_role" file="/app/tests/Unit/Models/Traits/UserPrivileges/TraitTest.php" line="80" class="Tests\Unit\GammaMatrix\Playground\Models\Traits\UserPrivileges\TraitTest" classname="Tests.Unit.GammaMatrix.Playground.Models.Traits.UserPrivileges.TraitTest" assertions="1" time="0.004171"/>
        <testcase name="test_hasRole_is_false_with_false_role" file="/app/tests/Unit/Models/Traits/UserPrivileges/TraitTest.php" line="86" class="Tests\Unit\GammaMatrix\Playground\Models\Traits\UserPrivileges\TraitTest" classname="Tests.Unit.GammaMatrix.Playground.Models.Traits.UserPrivileges.TraitTest" assertions="1" time="0.004203"/>
        <testcase name="test_hasRole_is_true_with_role_that_does_exist" file="/app/tests/Unit/Models/Traits/UserPrivileges/TraitTest.php" line="92" class="Tests\Unit\GammaMatrix\Playground\Models\Traits\UserPrivileges\TraitTest" classname="Tests.Unit.GammaMatrix.Playground.Models.Traits.UserPrivileges.TraitTest" assertions="1" time="0.004652"/>
        <testcase name="test_hasRole_is_false_with_role_that_does_not_exist" file="/app/tests/Unit/Models/Traits/UserPrivileges/TraitTest.php" line="103" class="Tests\Unit\GammaMatrix\Playground\Models\Traits\UserPrivileges\TraitTest" classname="Tests.Unit.GammaMatrix.Playground.Models.Traits.UserPrivileges.TraitTest" assertions="1" time="0.004581"/>
        <testcase name="test_hasRole_is_false_with_secondary_role_that_does_not_exist" file="/app/tests/Unit/Models/Traits/UserPrivileges/TraitTest.php" line="114" class="Tests\Unit\GammaMatrix\Playground\Models\Traits\UserPrivileges\TraitTest" classname="Tests.Unit.GammaMatrix.Playground.Models.Traits.UserPrivileges.TraitTest" assertions="1" time="0.004521"/>
        <testcase name="test_hasRole_is_true_with_secondary_role_that_does_exist" file="/app/tests/Unit/Models/Traits/UserPrivileges/TraitTest.php" line="129" class="Tests\Unit\GammaMatrix\Playground\Models\Traits\UserPrivileges\TraitTest" classname="Tests.Unit.GammaMatrix.Playground.Models.Traits.UserPrivileges.TraitTest" assertions="1" time="0.004482"/>
        <testcase name="test_hasRole_is_true_with_other_secondary_role_that_does_exist" file="/app/tests/Unit/Models/Traits/UserPrivileges/TraitTest.php" line="144" class="Tests\Unit\GammaMatrix\Playground\Models\Traits\UserPrivileges\TraitTest" classname="Tests.Unit.GammaMatrix.Playground.Models.Traits.UserPrivileges.TraitTest" assertions="1" time="0.004476"/>
        <testcase name="test_hasRole_is_true_with_primary_role_that_does_exist" file="/app/tests/Unit/Models/Traits/UserPrivileges/TraitTest.php" line="159" class="Tests\Unit\GammaMatrix\Playground\Models\Traits\UserPrivileges\TraitTest" classname="Tests.Unit.GammaMatrix.Playground.Models.Traits.UserPrivileges.TraitTest" assertions="1" time="0.004503"/>
        <testcase name="test_isAdmin_is_false_without_roles" file="/app/tests/Unit/Models/Traits/UserPrivileges/TraitTest.php" line="174" class="Tests\Unit\GammaMatrix\Playground\Models\Traits\UserPrivileges\TraitTest" classname="Tests.Unit.GammaMatrix.Playground.Models.Traits.UserPrivileges.TraitTest" assertions="1" time="0.004378"/>
        <testcase name="test_isAdmin_is_true_with_role_that_does_exist" file="/app/tests/Unit/Models/Traits/UserPrivileges/TraitTest.php" line="179" class="Tests\Unit\GammaMatrix\Playground\Models\Traits\UserPrivileges\TraitTest" classname="Tests.Unit.GammaMatrix.Playground.Models.Traits.UserPrivileges.TraitTest" assertions="1" time="0.004583"/>
        <testcase name="test_isAdmin_is_false_with_user_role_that_does_not_exist" file="/app/tests/Unit/Models/Traits/UserPrivileges/TraitTest.php" line="189" class="Tests\Unit\GammaMatrix\Playground\Models\Traits\UserPrivileges\TraitTest" classname="Tests.Unit.GammaMatrix.Playground.Models.Traits.UserPrivileges.TraitTest" assertions="1" time="0.004782"/>
        <testcase name="test_isAdmin_is_false_with_secondary_role_that_does_not_exist" file="/app/tests/Unit/Models/Traits/UserPrivileges/TraitTest.php" line="199" class="Tests\Unit\GammaMatrix\Playground\Models\Traits\UserPrivileges\TraitTest" classname="Tests.Unit.GammaMatrix.Playground.Models.Traits.UserPrivileges.TraitTest" assertions="1" time="0.004727"/>
        <testcase name="test_isAdmin_is_false_with_secondary_roles_that_exist_and_not_admin" file="/app/tests/Unit/Models/Traits/UserPrivileges/TraitTest.php" line="213" class="Tests\Unit\GammaMatrix\Playground\Models\Traits\UserPrivileges\TraitTest" classname="Tests.Unit.GammaMatrix.Playground.Models.Traits.UserPrivileges.TraitTest" assertions="1" time="0.004673"/>
        <testcase name="test_isAdmin_is_true_with_other_secondary_role_that_does_exist" file="/app/tests/Unit/Models/Traits/UserPrivileges/TraitTest.php" line="227" class="Tests\Unit\GammaMatrix\Playground\Models\Traits\UserPrivileges\TraitTest" classname="Tests.Unit.GammaMatrix.Playground.Models.Traits.UserPrivileges.TraitTest" assertions="1" time="0.004553"/>
        <testcase name="test_isAdmin_is_true_with_primary_role_that_does_exist" file="/app/tests/Unit/Models/Traits/UserPrivileges/TraitTest.php" line="241" class="Tests\Unit\GammaMatrix\Playground\Models\Traits\UserPrivileges\TraitTest" classname="Tests.Unit.GammaMatrix.Playground.Models.Traits.UserPrivileges.TraitTest" assertions="1" time="0.004841"/>
        <testcase name="test_isAdmin_is_false_with_secondary_root_role" file="/app/tests/Unit/Models/Traits/UserPrivileges/TraitTest.php" line="255" class="Tests\Unit\GammaMatrix\Playground\Models\Traits\UserPrivileges\TraitTest" classname="Tests.Unit.GammaMatrix.Playground.Models.Traits.UserPrivileges.TraitTest" assertions="1" time="0.004723"/>
      </testsuite>
      <testsuite name="Tests\Unit\GammaMatrix\Playground\Policies\ModelPolicy\AbstractRoleTest" file="/app/tests/Unit/Policies/ModelPolicy/AbstractRoleTest.php" tests="24" assertions="30" errors="0" failures="0" skipped="0" time="0.228599">
        <testcase name="test_create_without_role" file="/app/tests/Unit/Policies/ModelPolicy/AbstractRoleTest.php" line="64" class="Tests\Unit\GammaMatrix\Playground\Policies\ModelPolicy\AbstractRoleTest" classname="Tests.Unit.GammaMatrix.Playground.Policies.ModelPolicy.AbstractRoleTest" assertions="1" time="0.072475"/>
        <testcase name="test_create_with_admin" file="/app/tests/Unit/Policies/ModelPolicy/AbstractRoleTest.php" line="75" class="Tests\Unit\GammaMatrix\Playground\Policies\ModelPolicy\AbstractRoleTest" classname="Tests.Unit.GammaMatrix.Playground.Policies.ModelPolicy.AbstractRoleTest" assertions="1" time="0.006386"/>
        <testcase name="test_delete_without_role" file="/app/tests/Unit/Policies/ModelPolicy/AbstractRoleTest.php" line="95" class="Tests\Unit\GammaMatrix\Playground\Policies\ModelPolicy\AbstractRoleTest" classname="Tests.Unit.GammaMatrix.Playground.Policies.ModelPolicy.AbstractRoleTest" assertions="1" time="0.007051"/>
        <testcase name="test_delete_with_admin" file="/app/tests/Unit/Policies/ModelPolicy/AbstractRoleTest.php" line="109" class="Tests\Unit\GammaMatrix\Playground\Policies\ModelPolicy\AbstractRoleTest" classname="Tests.Unit.GammaMatrix.Playground.Policies.ModelPolicy.AbstractRoleTest" assertions="1" time="0.006484"/>
        <testcase name="test_delete_locked_with_admin" file="/app/tests/Unit/Policies/ModelPolicy/AbstractRoleTest.php" line="130" class="Tests\Unit\GammaMatrix\Playground\Policies\ModelPolicy\AbstractRoleTest" classname="Tests.Unit.GammaMatrix.Playground.Policies.ModelPolicy.AbstractRoleTest" assertions="4" time="0.007648"/>
        <testcase name="test_detail_without_role" file="/app/tests/Unit/Policies/ModelPolicy/AbstractRoleTest.php" line="168" class="Tests\Unit\GammaMatrix\Playground\Policies\ModelPolicy\AbstractRoleTest" classname="Tests.Unit.GammaMatrix.Playground.Policies.ModelPolicy.AbstractRoleTest" assertions="1" time="0.006939"/>
        <testcase name="test_detail_with_admin" file="/app/tests/Unit/Policies/ModelPolicy/AbstractRoleTest.php" line="182" class="Tests\Unit\GammaMatrix\Playground\Policies\ModelPolicy\AbstractRoleTest" classname="Tests.Unit.GammaMatrix.Playground.Policies.ModelPolicy.AbstractRoleTest" assertions="1" time="0.006463"/>
        <testcase name="test_edit_without_role" file="/app/tests/Unit/Policies/ModelPolicy/AbstractRoleTest.php" line="205" class="Tests\Unit\GammaMatrix\Playground\Policies\ModelPolicy\AbstractRoleTest" classname="Tests.Unit.GammaMatrix.Playground.Policies.ModelPolicy.AbstractRoleTest" assertions="1" time="0.006984"/>
        <testcase name="test_edit_with_admin" file="/app/tests/Unit/Policies/ModelPolicy/AbstractRoleTest.php" line="219" class="Tests\Unit\GammaMatrix\Playground\Policies\ModelPolicy\AbstractRoleTest" classname="Tests.Unit.GammaMatrix.Playground.Policies.ModelPolicy.AbstractRoleTest" assertions="1" time="0.006424"/>
        <testcase name="test_forceDelete_without_role" file="/app/tests/Unit/Policies/ModelPolicy/AbstractRoleTest.php" line="242" class="Tests\Unit\GammaMatrix\Playground\Policies\ModelPolicy\AbstractRoleTest" classname="Tests.Unit.GammaMatrix.Playground.Policies.ModelPolicy.AbstractRoleTest" assertions="1" time="0.007144"/>
        <testcase name="test_forceDelete_with_admin" file="/app/tests/Unit/Policies/ModelPolicy/AbstractRoleTest.php" line="256" class="Tests\Unit\GammaMatrix\Playground\Policies\ModelPolicy\AbstractRoleTest" classname="Tests.Unit.GammaMatrix.Playground.Policies.ModelPolicy.AbstractRoleTest" assertions="1" time="0.006414"/>
        <testcase name="test_lock_without_role" file="/app/tests/Unit/Policies/ModelPolicy/AbstractRoleTest.php" line="279" class="Tests\Unit\GammaMatrix\Playground\Policies\ModelPolicy\AbstractRoleTest" classname="Tests.Unit.GammaMatrix.Playground.Policies.ModelPolicy.AbstractRoleTest" assertions="1" time="0.006937"/>
        <testcase name="test_lock_with_admin" file="/app/tests/Unit/Policies/ModelPolicy/AbstractRoleTest.php" line="293" class="Tests\Unit\GammaMatrix\Playground\Policies\ModelPolicy\AbstractRoleTest" classname="Tests.Unit.GammaMatrix.Playground.Policies.ModelPolicy.AbstractRoleTest" assertions="1" time="0.006460"/>
        <testcase name="test_manage_without_role" file="/app/tests/Unit/Policies/ModelPolicy/AbstractRoleTest.php" line="316" class="Tests\Unit\GammaMatrix\Playground\Policies\ModelPolicy\AbstractRoleTest" classname="Tests.Unit.GammaMatrix.Playground.Policies.ModelPolicy.AbstractRoleTest" assertions="1" time="0.007036"/>
        <testcase name="test_manage_with_admin" file="/app/tests/Unit/Policies/ModelPolicy/AbstractRoleTest.php" line="330" class="Tests\Unit\GammaMatrix\Playground\Policies\ModelPolicy\AbstractRoleTest" classname="Tests.Unit.GammaMatrix.Playground.Policies.ModelPolicy.AbstractRoleTest" assertions="1" time="0.006469"/>
        <testcase name="test_restore_without_role" file="/app/tests/Unit/Policies/ModelPolicy/AbstractRoleTest.php" line="353" class="Tests\Unit\GammaMatrix\Playground\Policies\ModelPolicy\AbstractRoleTest" classname="Tests.Unit.GammaMatrix.Playground.Policies.ModelPolicy.AbstractRoleTest" assertions="1" time="0.006948"/>
        <testcase name="test_restore_with_admin" file="/app/tests/Unit/Policies/ModelPolicy/AbstractRoleTest.php" line="367" class="Tests\Unit\GammaMatrix\Playground\Policies\ModelPolicy\AbstractRoleTest" classname="Tests.Unit.GammaMatrix.Playground.Policies.ModelPolicy.AbstractRoleTest" assertions="1" time="0.006505"/>
        <testcase name="test_store_without_role" file="/app/tests/Unit/Policies/ModelPolicy/AbstractRoleTest.php" line="388" class="Tests\Unit\GammaMatrix\Playground\Policies\ModelPolicy\AbstractRoleTest" classname="Tests.Unit.GammaMatrix.Playground.Policies.ModelPolicy.AbstractRoleTest" assertions="1" time="0.006878"/>
        <testcase name="test_store_with_admin" file="/app/tests/Unit/Policies/ModelPolicy/AbstractRoleTest.php" line="399" class="Tests\Unit\GammaMatrix\Playground\Policies\ModelPolicy\AbstractRoleTest" classname="Tests.Unit.GammaMatrix.Playground.Policies.ModelPolicy.AbstractRoleTest" assertions="1" time="0.006545"/>
        <testcase name="test_update_without_role" file="/app/tests/Unit/Policies/ModelPolicy/AbstractRoleTest.php" line="419" class="Tests\Unit\GammaMatrix\Playground\Policies\ModelPolicy\AbstractRoleTest" classname="Tests.Unit.GammaMatrix.Playground.Policies.ModelPolicy.AbstractRoleTest" assertions="1" time="0.007265"/>
        <testcase name="test_update_with_admin" file="/app/tests/Unit/Policies/ModelPolicy/AbstractRoleTest.php" line="433" class="Tests\Unit\GammaMatrix\Playground\Policies\ModelPolicy\AbstractRoleTest" classname="Tests.Unit.GammaMatrix.Playground.Policies.ModelPolicy.AbstractRoleTest" assertions="1" time="0.006686"/>
        <testcase name="test_update_locked_with_admin" file="/app/tests/Unit/Policies/ModelPolicy/AbstractRoleTest.php" line="454" class="Tests\Unit\GammaMatrix\Playground\Policies\ModelPolicy\AbstractRoleTest" classname="Tests.Unit.GammaMatrix.Playground.Policies.ModelPolicy.AbstractRoleTest" assertions="4" time="0.006829"/>
        <testcase name="test_unlock_without_role" file="/app/tests/Unit/Policies/ModelPolicy/AbstractRoleTest.php" line="492" class="Tests\Unit\GammaMatrix\Playground\Policies\ModelPolicy\AbstractRoleTest" classname="Tests.Unit.GammaMatrix.Playground.Policies.ModelPolicy.AbstractRoleTest" assertions="1" time="0.007083"/>
        <testcase name="test_unlock_with_admin" file="/app/tests/Unit/Policies/ModelPolicy/AbstractRoleTest.php" line="506" class="Tests\Unit\GammaMatrix\Playground\Policies\ModelPolicy\AbstractRoleTest" classname="Tests.Unit.GammaMatrix.Playground.Policies.ModelPolicy.AbstractRoleTest" assertions="1" time="0.006547"/>
      </testsuite>
      <testsuite name="Tests\Unit\GammaMatrix\Playground\Policies\Policy\AbstractTest" file="/app/tests/Unit/Policies/Policy/AbstractTest.php" tests="7" assertions="7" errors="0" failures="0" skipped="0" time="0.046989">
        <testcase name="test_before_with_root" file="/app/tests/Unit/Policies/Policy/AbstractTest.php" line="50" class="Tests\Unit\GammaMatrix\Playground\Policies\Policy\AbstractTest" classname="Tests.Unit.GammaMatrix.Playground.Policies.Policy.AbstractTest" assertions="1" time="0.006633"/>
        <testcase name="test_before_with_root_as_secondary_fails" file="/app/tests/Unit/Policies/Policy/AbstractTest.php" line="69" class="Tests\Unit\GammaMatrix\Playground\Policies\Policy\AbstractTest" classname="Tests.Unit.GammaMatrix.Playground.Policies.Policy.AbstractTest" assertions="1" time="0.006290"/>
        <testcase name="test_index_without_role" file="/app/tests/Unit/Policies/Policy/AbstractTest.php" line="91" class="Tests\Unit\GammaMatrix\Playground\Policies\Policy\AbstractTest" classname="Tests.Unit.GammaMatrix.Playground.Policies.Policy.AbstractTest" assertions="1" time="0.007708"/>
        <testcase name="test_index_with_admin" file="/app/tests/Unit/Policies/Policy/AbstractTest.php" line="102" class="Tests\Unit\GammaMatrix\Playground\Policies\Policy\AbstractTest" classname="Tests.Unit.GammaMatrix.Playground.Policies.Policy.AbstractTest" assertions="1" time="0.006434"/>
        <testcase name="test_view_without_role" file="/app/tests/Unit/Policies/Policy/AbstractTest.php" line="120" class="Tests\Unit\GammaMatrix\Playground\Policies\Policy\AbstractTest" classname="Tests.Unit.GammaMatrix.Playground.Policies.Policy.AbstractTest" assertions="1" time="0.006690"/>
        <testcase name="test_view_with_admin" file="/app/tests/Unit/Policies/Policy/AbstractTest.php" line="131" class="Tests\Unit\GammaMatrix\Playground\Policies\Policy\AbstractTest" classname="Tests.Unit.GammaMatrix.Playground.Policies.Policy.AbstractTest" assertions="1" time="0.006478"/>
        <testcase name="test_view_with_admin_in_roles" file="/app/tests/Unit/Policies/Policy/AbstractTest.php" line="151" class="Tests\Unit\GammaMatrix\Playground\Policies\Policy\AbstractTest" classname="Tests.Unit.GammaMatrix.Playground.Policies.Policy.AbstractTest" assertions="1" time="0.006757"/>
      </testsuite>
      <testsuite name="Tests\Unit\GammaMatrix\Playground\Policies\PolicyTrait\TraitTest" file="/app/tests/Unit/Policies/PolicyTrait/TraitTest.php" tests="9" assertions="11" errors="0" failures="0" skipped="0" time="0.049207">
        <testcase name="test_getEntity" file="/app/tests/Unit/Policies/PolicyTrait/TraitTest.php" line="51" class="Tests\Unit\GammaMatrix\Playground\Policies\PolicyTrait\TraitTest" classname="Tests.Unit.GammaMatrix.Playground.Policies.PolicyTrait.TraitTest" assertions="1" time="0.004356"/>
        <testcase name="test_getPackage" file="/app/tests/Unit/Policies/PolicyTrait/TraitTest.php" line="56" class="Tests\Unit\GammaMatrix\Playground\Policies\PolicyTrait\TraitTest" classname="Tests.Unit.GammaMatrix.Playground.Policies.PolicyTrait.TraitTest" assertions="1" time="0.004261"/>
        <testcase name="test_hasToken" file="/app/tests/Unit/Policies/PolicyTrait/TraitTest.php" line="61" class="Tests\Unit\GammaMatrix\Playground\Policies\PolicyTrait\TraitTest" classname="Tests.Unit.GammaMatrix.Playground.Policies.PolicyTrait.TraitTest" assertions="1" time="0.004187"/>
        <testcase name="test_getToken" file="/app/tests/Unit/Policies/PolicyTrait/TraitTest.php" line="66" class="Tests\Unit\GammaMatrix\Playground\Policies\PolicyTrait\TraitTest" classname="Tests.Unit.GammaMatrix.Playground.Policies.PolicyTrait.TraitTest" assertions="1" time="0.004249"/>
        <testcase name="test_setToken" file="/app/tests/Unit/Policies/PolicyTrait/TraitTest.php" line="71" class="Tests\Unit\GammaMatrix\Playground\Policies\PolicyTrait\TraitTest" classname="Tests.Unit.GammaMatrix.Playground.Policies.PolicyTrait.TraitTest" assertions="1" time="0.004223"/>
        <testcase name="test_verify" file="/app/tests/Unit/Policies/PolicyTrait/TraitTest.php" line="76" class="Tests\Unit\GammaMatrix\Playground\Policies\PolicyTrait\TraitTest" classname="Tests.Unit.GammaMatrix.Playground.Policies.PolicyTrait.TraitTest" assertions="3" time="0.007860"/>
        <testcase name="test_verify_privileges" file="/app/tests/Unit/Policies/PolicyTrait/TraitTest.php" line="102" class="Tests\Unit\GammaMatrix\Playground\Policies\PolicyTrait\TraitTest" classname="Tests.Unit.GammaMatrix.Playground.Policies.PolicyTrait.TraitTest" assertions="1" time="0.006739"/>
        <testcase name="test_verify_roles" file="/app/tests/Unit/Policies/PolicyTrait/TraitTest.php" line="115" class="Tests\Unit\GammaMatrix\Playground\Policies\PolicyTrait\TraitTest" classname="Tests.Unit.GammaMatrix.Playground.Policies.PolicyTrait.TraitTest" assertions="1" time="0.006678"/>
        <testcase name="test_verify_user" file="/app/tests/Unit/Policies/PolicyTrait/TraitTest.php" line="128" class="Tests\Unit\GammaMatrix\Playground\Policies\PolicyTrait\TraitTest" classname="Tests.Unit.GammaMatrix.Playground.Policies.PolicyTrait.TraitTest" assertions="1" time="0.006656"/>
      </testsuite>
      <testsuite name="Tests\Unit\GammaMatrix\Playground\Policies\PrivilegeTrait\TraitTest" file="/app/tests/Unit/Policies/PrivilegeTrait/TraitTest.php" tests="7" assertions="7" errors="0" failures="0" skipped="0" time="0.042065">
        <testcase name="test_privilege_without_parameter" file="/app/tests/Unit/Policies/PrivilegeTrait/TraitTest.php" line="44" class="Tests\Unit\GammaMatrix\Playground\Policies\PrivilegeTrait\TraitTest" classname="Tests.Unit.GammaMatrix.Playground.Policies.PrivilegeTrait.TraitTest" assertions="1" time="0.004568"/>
        <testcase name="test_privilege_with_package_and_without_parameter" file="/app/tests/Unit/Policies/PrivilegeTrait/TraitTest.php" line="51" class="Tests\Unit\GammaMatrix\Playground\Policies\PrivilegeTrait\TraitTest" classname="Tests.Unit.GammaMatrix.Playground.Policies.PrivilegeTrait.TraitTest" assertions="1" time="0.004823"/>
        <testcase name="test_privilege_with_package_and_entity_and_without_parameter" file="/app/tests/Unit/Policies/PrivilegeTrait/TraitTest.php" line="64" class="Tests\Unit\GammaMatrix\Playground\Policies\PrivilegeTrait\TraitTest" classname="Tests.Unit.GammaMatrix.Playground.Policies.PrivilegeTrait.TraitTest" assertions="1" time="0.004975"/>
        <testcase name="test_hasPrivilege" file="/app/tests/Unit/Policies/PrivilegeTrait/TraitTest.php" line="83" class="Tests\Unit\GammaMatrix\Playground\Policies\PrivilegeTrait\TraitTest" classname="Tests.Unit.GammaMatrix.Playground.Policies.PrivilegeTrait.TraitTest" assertions="1" time="0.007238"/>
        <testcase name="test_hasPrivilege_with_user_hasPrivilege" file="/app/tests/Unit/Policies/PrivilegeTrait/TraitTest.php" line="95" class="Tests\Unit\GammaMatrix\Playground\Policies\PrivilegeTrait\TraitTest" classname="Tests.Unit.GammaMatrix.Playground.Policies.PrivilegeTrait.TraitTest" assertions="1" time="0.006757"/>
        <testcase name="test_hasPrivilege_with_user_privileges" file="/app/tests/Unit/Policies/PrivilegeTrait/TraitTest.php" line="110" class="Tests\Unit\GammaMatrix\Playground\Policies\PrivilegeTrait\TraitTest" classname="Tests.Unit.GammaMatrix.Playground.Policies.PrivilegeTrait.TraitTest" assertions="1" time="0.006685"/>
        <testcase name="test_hasPrivilege_without_privileges_enabled" file="/app/tests/Unit/Policies/PrivilegeTrait/TraitTest.php" line="125" class="Tests\Unit\GammaMatrix\Playground\Policies\PrivilegeTrait\TraitTest" classname="Tests.Unit.GammaMatrix.Playground.Policies.PrivilegeTrait.TraitTest" assertions="1" time="0.007019"/>
      </testsuite>
      <testsuite name="Tests\Unit\GammaMatrix\Playground\Policies\RoleTrait\TraitTest" file="/app/tests/Unit/Policies/RoleTrait/TraitTest.php" tests="5" assertions="5" errors="0" failures="0" skipped="0" time="0.026249">
        <testcase name="test_getRolesForAdmin" file="/app/tests/Unit/Policies/RoleTrait/TraitTest.php" line="43" class="Tests\Unit\GammaMatrix\Playground\Policies\RoleTrait\TraitTest" classname="Tests.Unit.GammaMatrix.Playground.Policies.RoleTrait.TraitTest" assertions="1" time="0.004096"/>
        <testcase name="test_getRolesForAction" file="/app/tests/Unit/Policies/RoleTrait/TraitTest.php" line="54" class="Tests\Unit\GammaMatrix\Playground\Policies\RoleTrait\TraitTest" classname="Tests.Unit.GammaMatrix.Playground.Policies.RoleTrait.TraitTest" assertions="1" time="0.004170"/>
        <testcase name="test_getRolesToView" file="/app/tests/Unit/Policies/RoleTrait/TraitTest.php" line="65" class="Tests\Unit\GammaMatrix\Playground\Policies\RoleTrait\TraitTest" classname="Tests.Unit.GammaMatrix.Playground.Policies.RoleTrait.TraitTest" assertions="1" time="0.004243"/>
        <testcase name="test_hasRole" file="/app/tests/Unit/Policies/RoleTrait/TraitTest.php" line="76" class="Tests\Unit\GammaMatrix\Playground\Policies\RoleTrait\TraitTest" classname="Tests.Unit.GammaMatrix.Playground.Policies.RoleTrait.TraitTest" assertions="1" time="0.006986"/>
        <testcase name="test_hasRole_advanced_role" file="/app/tests/Unit/Policies/RoleTrait/TraitTest.php" line="87" class="Tests\Unit\GammaMatrix\Playground\Policies\RoleTrait\TraitTest" classname="Tests.Unit.GammaMatrix.Playground.Policies.RoleTrait.TraitTest" assertions="1" time="0.006752"/>
      </testsuite>
      <testsuite name="Tests\Unit\GammaMatrix\Playground\View\Components\Forms\Column\ComponentTest" file="/app/tests/Unit/View/Components/Forms/Column/ComponentTest.php" tests="3" assertions="3" errors="0" failures="0" skipped="0" time="0.020673">
        <testcase name="test_component_instance" file="/app/tests/Unit/View/Components/Forms/Column/ComponentTest.php" line="33" class="Tests\Unit\GammaMatrix\Playground\View\Components\Forms\Column\ComponentTest" classname="Tests.Unit.GammaMatrix.Playground.View.Components.Forms.Column.ComponentTest" assertions="1" time="0.009184"/>
        <testcase name="test_component_can_render_view_without_parameters" file="/app/tests/Unit/View/Components/Forms/Column/ComponentTest.php" line="40" class="Tests\Unit\GammaMatrix\Playground\View\Components\Forms\Column\ComponentTest" classname="Tests.Unit.GammaMatrix.Playground.View.Components.Forms.Column.ComponentTest" assertions="1" time="0.007198"/>
        <testcase name="test_component_can_render_view_with_label_input" file="/app/tests/Unit/View/Components/Forms/Column/ComponentTest.php" line="47" class="Tests\Unit\GammaMatrix\Playground\View\Components\Forms\Column\ComponentTest" classname="Tests.Unit.GammaMatrix.Playground.View.Components.Forms.Column.ComponentTest" assertions="1" time="0.004291"/>
      </testsuite>
      <testsuite name="Tests\Unit\GammaMatrix\Playground\View\Components\Forms\ColumnEditor\ComponentTest" file="/app/tests/Unit/View/Components/Forms/ColumnEditor/ComponentTest.php" tests="3" assertions="3" errors="0" failures="0" skipped="0" time="0.016748">
        <testcase name="test_component_instance" file="/app/tests/Unit/View/Components/Forms/ColumnEditor/ComponentTest.php" line="33" class="Tests\Unit\GammaMatrix\Playground\View\Components\Forms\ColumnEditor\ComponentTest" classname="Tests.Unit.GammaMatrix.Playground.View.Components.Forms.ColumnEditor.ComponentTest" assertions="1" time="0.007930"/>
        <testcase name="test_component_can_render_view_without_parameters" file="/app/tests/Unit/View/Components/Forms/ColumnEditor/ComponentTest.php" line="40" class="Tests\Unit\GammaMatrix\Playground\View\Components\Forms\ColumnEditor\ComponentTest" classname="Tests.Unit.GammaMatrix.Playground.View.Components.Forms.ColumnEditor.ComponentTest" assertions="1" time="0.004442"/>
        <testcase name="test_component_can_render_view_with_content_textarea" file="/app/tests/Unit/View/Components/Forms/ColumnEditor/ComponentTest.php" line="47" class="Tests\Unit\GammaMatrix\Playground\View\Components\Forms\ColumnEditor\ComponentTest" classname="Tests.Unit.GammaMatrix.Playground.View.Components.Forms.ColumnEditor.ComponentTest" assertions="1" time="0.004377"/>
      </testsuite>
      <testsuite name="Tests\Unit\GammaMatrix\Playground\View\Components\Forms\ColumnSelect\ComponentTest" file="/app/tests/Unit/View/Components/Forms/ColumnSelect/ComponentTest.php" tests="3" assertions="3" errors="0" failures="0" skipped="0" time="0.018901">
        <testcase name="test_component_instance" file="/app/tests/Unit/View/Components/Forms/ColumnSelect/ComponentTest.php" line="33" class="Tests\Unit\GammaMatrix\Playground\View\Components\Forms\ColumnSelect\ComponentTest" classname="Tests.Unit.GammaMatrix.Playground.View.Components.Forms.ColumnSelect.ComponentTest" assertions="1" time="0.010146"/>
        <testcase name="test_component_can_render_view_without_parameters" file="/app/tests/Unit/View/Components/Forms/ColumnSelect/ComponentTest.php" line="40" class="Tests\Unit\GammaMatrix\Playground\View\Components\Forms\ColumnSelect\ComponentTest" classname="Tests.Unit.GammaMatrix.Playground.View.Components.Forms.ColumnSelect.ComponentTest" assertions="1" time="0.004390"/>
        <testcase name="test_component_can_render_view_with_select" file="/app/tests/Unit/View/Components/Forms/ColumnSelect/ComponentTest.php" line="47" class="Tests\Unit\GammaMatrix\Playground\View\Components\Forms\ColumnSelect\ComponentTest" classname="Tests.Unit.GammaMatrix.Playground.View.Components.Forms.ColumnSelect.ComponentTest" assertions="1" time="0.004366"/>
      </testsuite>
      <testsuite name="Tests\Unit\GammaMatrix\Playground\View\Components\ModelFlag\ComponentTest" file="/app/tests/Unit/View/Components/ModelFlag/ComponentTest.php" tests="4" assertions="4" errors="0" failures="0" skipped="0" time="0.019719">
        <testcase name="test_component_instance" file="/app/tests/Unit/View/Components/ModelFlag/ComponentTest.php" line="33" class="Tests\Unit\GammaMatrix\Playground\View\Components\ModelFlag\ComponentTest" classname="Tests.Unit.GammaMatrix.Playground.View.Components.ModelFlag.ComponentTest" assertions="1" time="0.006654"/>
        <testcase name="test_component_can_render_view_with_null_value" file="/app/tests/Unit/View/Components/ModelFlag/ComponentTest.php" line="42" class="Tests\Unit\GammaMatrix\Playground\View\Components\ModelFlag\ComponentTest" classname="Tests.Unit.GammaMatrix.Playground.View.Components.ModelFlag.ComponentTest" assertions="1" time="0.004400"/>
        <testcase name="test_component_can_render_view_with_true_value" file="/app/tests/Unit/View/Components/ModelFlag/ComponentTest.php" line="56" class="Tests\Unit\GammaMatrix\Playground\View\Components\ModelFlag\ComponentTest" classname="Tests.Unit.GammaMatrix.Playground.View.Components.ModelFlag.ComponentTest" assertions="1" time="0.004305"/>
        <testcase name="test_component_can_render_view_with_false_value" file="/app/tests/Unit/View/Components/ModelFlag/ComponentTest.php" line="70" class="Tests\Unit\GammaMatrix\Playground\View\Components\ModelFlag\ComponentTest" classname="Tests.Unit.GammaMatrix.Playground.View.Components.ModelFlag.ComponentTest" assertions="1" time="0.004359"/>
      </testsuite>
      <testsuite name="Tests\Unit\GammaMatrix\Playground\View\Components\PaginationSort\ComponentTest" file="/app/tests/Unit/View/Components/PaginationSort/ComponentTest.php" tests="4" assertions="4" errors="0" failures="0" skipped="0" time="0.026674">
        <testcase name="test_component_instance" file="/app/tests/Unit/View/Components/PaginationSort/ComponentTest.php" line="33" class="Tests\Unit\GammaMatrix\Playground\View\Components\PaginationSort\ComponentTest" classname="Tests.Unit.GammaMatrix.Playground.View.Components.PaginationSort.ComponentTest" assertions="1" time="0.013178"/>
        <testcase name="test_component_can_render_view_with_empty_sort" file="/app/tests/Unit/View/Components/PaginationSort/ComponentTest.php" line="48" class="Tests\Unit\GammaMatrix\Playground\View\Components\PaginationSort\ComponentTest" classname="Tests.Unit.GammaMatrix.Playground.View.Components.PaginationSort.ComponentTest" assertions="1" time="0.004548"/>
        <testcase name="test_component_can_render_view_with_invalid_sort" file="/app/tests/Unit/View/Components/PaginationSort/ComponentTest.php" line="61" class="Tests\Unit\GammaMatrix\Playground\View\Components\PaginationSort\ComponentTest" classname="Tests.Unit.GammaMatrix.Playground.View.Components.PaginationSort.ComponentTest" assertions="1" time="0.004526"/>
        <testcase name="test_component_can_render_view" file="/app/tests/Unit/View/Components/PaginationSort/ComponentTest.php" line="77" class="Tests\Unit\GammaMatrix\Playground\View\Components\PaginationSort\ComponentTest" classname="Tests.Unit.GammaMatrix.Playground.View.Components.PaginationSort.ComponentTest" assertions="1" time="0.004422"/>
      </testsuite>
      <testsuite name="Tests\Unit\GammaMatrix\Playground\View\Components\Table\Data\ComponentTest" file="/app/tests/Unit/View/Components/Table/Data/ComponentTest.php" tests="2" assertions="2" errors="0" failures="0" skipped="0" time="0.016582">
        <testcase name="test_component_instance" file="/app/tests/Unit/View/Components/Table/Data/ComponentTest.php" line="33" class="Tests\Unit\GammaMatrix\Playground\View\Components\Table\Data\ComponentTest" classname="Tests.Unit.GammaMatrix.Playground.View.Components.Table.Data.ComponentTest" assertions="1" time="0.012245"/>
        <testcase name="test_component_can_render_view" file="/app/tests/Unit/View/Components/Table/Data/ComponentTest.php" line="40" class="Tests\Unit\GammaMatrix\Playground\View\Components\Table\Data\ComponentTest" classname="Tests.Unit.GammaMatrix.Playground.View.Components.Table.Data.ComponentTest" assertions="1" time="0.004338"/>
      </testsuite>
    </testsuite>
    <testsuite name="Feature" tests="43" assertions="56" errors="0" failures="0" skipped="0" time="1.157653">
      <testsuite name="Tests\Feature\GammaMatrix\Playground\Http\Controllers\Index\AboutRouteTest" file="/app/tests/Feature/Http/Controllers/Index/AboutRouteTest.php" tests="4" assertions="4" errors="0" failures="0" skipped="0" time="0.185330">
        <testcase name="test_route_about_as_guest_and_succeed" file="/app/tests/Feature/Http/Controllers/Index/AboutRouteTest.php" line="19" class="Tests\Feature\GammaMatrix\Playground\Http\Controllers\Index\AboutRouteTest" classname="Tests.Feature.GammaMatrix.Playground.Http.Controllers.Index.AboutRouteTest" assertions="1" time="0.108839"/>
        <testcase name="test_route_json_about_as_guest_and_succeed" file="/app/tests/Feature/Http/Controllers/Index/AboutRouteTest.php" line="25" class="Tests\Feature\GammaMatrix\Playground\Http\Controllers\Index\AboutRouteTest" classname="Tests.Feature.GammaMatrix.Playground.Http.Controllers.Index.AboutRouteTest" assertions="1" time="0.021790"/>
        <testcase name="test_route_about_as_client_and_succeed" file="/app/tests/Feature/Http/Controllers/Index/AboutRouteTest.php" line="31" class="Tests\Feature\GammaMatrix\Playground\Http\Controllers\Index\AboutRouteTest" classname="Tests.Feature.GammaMatrix.Playground.Http.Controllers.Index.AboutRouteTest" assertions="1" time="0.030579"/>
        <testcase name="test_route_json_about_as_manager_and_succeed" file="/app/tests/Feature/Http/Controllers/Index/AboutRouteTest.php" line="39" class="Tests\Feature\GammaMatrix\Playground\Http\Controllers\Index\AboutRouteTest" classname="Tests.Feature.GammaMatrix.Playground.Http.Controllers.Index.AboutRouteTest" assertions="1" time="0.024122"/>
      </testsuite>
      <testsuite name="Tests\Feature\GammaMatrix\Playground\Http\Controllers\Index\BootstrapRouteTest" file="/app/tests/Feature/Http/Controllers/Index/BootstrapRouteTest.php" tests="4" assertions="4" errors="0" failures="0" skipped="0" time="0.107301">
        <testcase name="test_route_bootstrap_as_guest_and_succeed" file="/app/tests/Feature/Http/Controllers/Index/BootstrapRouteTest.php" line="33" class="Tests\Feature\GammaMatrix\Playground\Http\Controllers\Index\BootstrapRouteTest" classname="Tests.Feature.GammaMatrix.Playground.Http.Controllers.Index.BootstrapRouteTest" assertions="1" time="0.030890"/>
        <testcase name="test_route_json_bootstrap_as_guest_and_succeed" file="/app/tests/Feature/Http/Controllers/Index/BootstrapRouteTest.php" line="39" class="Tests\Feature\GammaMatrix\Playground\Http\Controllers\Index\BootstrapRouteTest" classname="Tests.Feature.GammaMatrix.Playground.Http.Controllers.Index.BootstrapRouteTest" assertions="1" time="0.020550"/>
        <testcase name="test_route_bootstrap_as_vendor_and_succeed" file="/app/tests/Feature/Http/Controllers/Index/BootstrapRouteTest.php" line="45" class="Tests\Feature\GammaMatrix\Playground\Http\Controllers\Index\BootstrapRouteTest" classname="Tests.Feature.GammaMatrix.Playground.Http.Controllers.Index.BootstrapRouteTest" assertions="1" time="0.031191"/>
        <testcase name="test_route_json_bootstrap_as_wheel_and_succeed" file="/app/tests/Feature/Http/Controllers/Index/BootstrapRouteTest.php" line="53" class="Tests\Feature\GammaMatrix\Playground\Http\Controllers\Index\BootstrapRouteTest" classname="Tests.Feature.GammaMatrix.Playground.Http.Controllers.Index.BootstrapRouteTest" assertions="1" time="0.024670"/>
      </testsuite>
      <testsuite name="Tests\Feature\GammaMatrix\Playground\Http\Controllers\Index\DashboardRouteTest" file="/app/tests/Feature/Http/Controllers/Index/DashboardRouteTest.php" tests="8" assertions="11" errors="0" failures="0" skipped="0" time="0.196184">
        <testcase name="test_route_dashboard_as_guest_and_fail_when_disabled_for_guest_and_no_redirect" file="/app/tests/Feature/Http/Controllers/Index/DashboardRouteTest.php" line="19" class="Tests\Feature\GammaMatrix\Playground\Http\Controllers\Index\DashboardRouteTest" classname="Tests.Feature.GammaMatrix.Playground.Http.Controllers.Index.DashboardRouteTest" assertions="1" time="0.030942"/>
        <testcase name="test_route_dashboard_as_guest_and_redirect_when_disabled_for_all" file="/app/tests/Feature/Http/Controllers/Index/DashboardRouteTest.php" line="29" class="Tests\Feature\GammaMatrix\Playground\Http\Controllers\Index\DashboardRouteTest" classname="Tests.Feature.GammaMatrix.Playground.Http.Controllers.Index.DashboardRouteTest" assertions="2" time="0.020686"/>
        <testcase name="test_route_dashboard_as_guest_and_redirect_when_disabled_for_guest" file="/app/tests/Feature/Http/Controllers/Index/DashboardRouteTest.php" line="38" class="Tests\Feature\GammaMatrix\Playground\Http\Controllers\Index\DashboardRouteTest" classname="Tests.Feature.GammaMatrix.Playground.Http.Controllers.Index.DashboardRouteTest" assertions="2" time="0.020173"/>
        <testcase name="test_route_json_dashboard_as_guest_and_succeed" file="/app/tests/Feature/Http/Controllers/Index/DashboardRouteTest.php" line="48" class="Tests\Feature\GammaMatrix\Playground\Http\Controllers\Index\DashboardRouteTest" classname="Tests.Feature.GammaMatrix.Playground.Http.Controllers.Index.DashboardRouteTest" assertions="1" time="0.020293"/>
        <testcase name="test_route_dashboard_as_user_and_succeed" file="/app/tests/Feature/Http/Controllers/Index/DashboardRouteTest.php" line="58" class="Tests\Feature\GammaMatrix\Playground\Http\Controllers\Index\DashboardRouteTest" classname="Tests.Feature.GammaMatrix.Playground.Http.Controllers.Index.DashboardRouteTest" assertions="1" time="0.030034"/>
        <testcase name="test_route_dashboard_as_user_and_fail_when_disabled_for_all" file="/app/tests/Feature/Http/Controllers/Index/DashboardRouteTest.php" line="69" class="Tests\Feature\GammaMatrix\Playground\Http\Controllers\Index\DashboardRouteTest" classname="Tests.Feature.GammaMatrix.Playground.Http.Controllers.Index.DashboardRouteTest" assertions="2" time="0.024468"/>
        <testcase name="test_route_dashboard_as_user_and_fail_when_disabled_for_all_and_no_redirect" file="/app/tests/Feature/Http/Controllers/Index/DashboardRouteTest.php" line="79" class="Tests\Feature\GammaMatrix\Playground\Http\Controllers\Index\DashboardRouteTest" classname="Tests.Feature.GammaMatrix.Playground.Http.Controllers.Index.DashboardRouteTest" assertions="1" time="0.024921"/>
        <testcase name="test_route_json_dashboard_as_admin_and_succeed" file="/app/tests/Feature/Http/Controllers/Index/DashboardRouteTest.php" line="89" class="Tests\Feature\GammaMatrix\Playground\Http\Controllers\Index\DashboardRouteTest" classname="Tests.Feature.GammaMatrix.Playground.Http.Controllers.Index.DashboardRouteTest" assertions="1" time="0.024667"/>
      </testsuite>
      <testsuite name="Tests\Feature\GammaMatrix\Playground\Http\Controllers\Index\HomeRouteTest" file="/app/tests/Feature/Http/Controllers/Index/HomeRouteTest.php" tests="4" assertions="4" errors="0" failures="0" skipped="0" time="0.101294">
        <testcase name="test_route_home_as_guest_and_succeed" file="/app/tests/Feature/Http/Controllers/Index/HomeRouteTest.php" line="19" class="Tests\Feature\GammaMatrix\Playground\Http\Controllers\Index\HomeRouteTest" classname="Tests.Feature.GammaMatrix.Playground.Http.Controllers.Index.HomeRouteTest" assertions="1" time="0.028016"/>
        <testcase name="test_route_json_home_as_guest_and_succeed" file="/app/tests/Feature/Http/Controllers/Index/HomeRouteTest.php" line="25" class="Tests\Feature\GammaMatrix\Playground\Http\Controllers\Index\HomeRouteTest" classname="Tests.Feature.GammaMatrix.Playground.Http.Controllers.Index.HomeRouteTest" assertions="1" time="0.020366"/>
        <testcase name="test_route_home_as_user_admin_and_succeed" file="/app/tests/Feature/Http/Controllers/Index/HomeRouteTest.php" line="31" class="Tests\Feature\GammaMatrix\Playground\Http\Controllers\Index\HomeRouteTest" classname="Tests.Feature.GammaMatrix.Playground.Http.Controllers.Index.HomeRouteTest" assertions="1" time="0.028918"/>
        <testcase name="test_route_json_home_as_admin_and_succeed" file="/app/tests/Feature/Http/Controllers/Index/HomeRouteTest.php" line="39" class="Tests\Feature\GammaMatrix\Playground\Http\Controllers\Index\HomeRouteTest" classname="Tests.Feature.GammaMatrix.Playground.Http.Controllers.Index.HomeRouteTest" assertions="1" time="0.023995"/>
      </testsuite>
      <testsuite name="Tests\Feature\GammaMatrix\Playground\Http\Controllers\Index\SitemapRouteTest" file="/app/tests/Feature/Http/Controllers/Index/SitemapRouteTest.php" tests="9" assertions="12" errors="0" failures="0" skipped="0" time="0.235752">
        <testcase name="test_route_sitemap_as_guest_and_fail_when_disabled_for_guest_and_no_redirect" file="/app/tests/Feature/Http/Controllers/Index/SitemapRouteTest.php" line="19" class="Tests\Feature\GammaMatrix\Playground\Http\Controllers\Index\SitemapRouteTest" classname="Tests.Feature.GammaMatrix.Playground.Http.Controllers.Index.SitemapRouteTest" assertions="1" time="0.026407"/>
        <testcase name="test_route_sitemap_as_guest_and_redirect_when_disabled_for_all" file="/app/tests/Feature/Http/Controllers/Index/SitemapRouteTest.php" line="29" class="Tests\Feature\GammaMatrix\Playground\Http\Controllers\Index\SitemapRouteTest" classname="Tests.Feature.GammaMatrix.Playground.Http.Controllers.Index.SitemapRouteTest" assertions="2" time="0.020209"/>
        <testcase name="test_route_sitemap_as_guest_and_redirect_when_disabled_for_guest" file="/app/tests/Feature/Http/Controllers/Index/SitemapRouteTest.php" line="38" class="Tests\Feature\GammaMatrix\Playground\Http\Controllers\Index\SitemapRouteTest" classname="Tests.Feature.GammaMatrix.Playground.Http.Controllers.Index.SitemapRouteTest" assertions="2" time="0.020706"/>
        <testcase name="test_route_json_sitemap_as_guest_and_succeed" file="/app/tests/Feature/Http/Controllers/Index/SitemapRouteTest.php" line="48" class="Tests\Feature\GammaMatrix\Playground\Http\Controllers\Index\SitemapRouteTest" classname="Tests.Feature.GammaMatrix.Playground.Http.Controllers.Index.SitemapRouteTest" assertions="1" time="0.028328"/>
        <testcase name="test_route_sitemap_as_user_and_succeed" file="/app/tests/Feature/Http/Controllers/Index/SitemapRouteTest.php" line="58" class="Tests\Feature\GammaMatrix\Playground\Http\Controllers\Index\SitemapRouteTest" classname="Tests.Feature.GammaMatrix.Playground.Http.Controllers.Index.SitemapRouteTest" assertions="1" time="0.028255"/>
        <testcase name="test_route_sitemap_as_support_and_fail_when_disabled_for_all" file="/app/tests/Feature/Http/Controllers/Index/SitemapRouteTest.php" line="69" class="Tests\Feature\GammaMatrix\Playground\Http\Controllers\Index\SitemapRouteTest" classname="Tests.Feature.GammaMatrix.Playground.Http.Controllers.Index.SitemapRouteTest" assertions="2" time="0.023477"/>
        <testcase name="test_route_sitemap_as_user_and_fail_when_disabled_for_all_and_no_redirect" file="/app/tests/Feature/Http/Controllers/Index/SitemapRouteTest.php" line="79" class="Tests\Feature\GammaMatrix\Playground\Http\Controllers\Index\SitemapRouteTest" classname="Tests.Feature.GammaMatrix.Playground.Http.Controllers.Index.SitemapRouteTest" assertions="1" time="0.024071"/>
        <testcase name="test_route_json_sitemap_as_admin_and_succeed" file="/app/tests/Feature/Http/Controllers/Index/SitemapRouteTest.php" line="89" class="Tests\Feature\GammaMatrix\Playground\Http\Controllers\Index\SitemapRouteTest" classname="Tests.Feature.GammaMatrix.Playground.Http.Controllers.Index.SitemapRouteTest" assertions="1" time="0.030150"/>
        <testcase name="test_route_sitemap_as_user_and_succeed_with_package_sitemaps" file="/app/tests/Feature/Http/Controllers/Index/SitemapRouteTest.php" line="101" class="Tests\Feature\GammaMatrix\Playground\Http\Controllers\Index\SitemapRouteTest" classname="Tests.Feature.GammaMatrix.Playground.Http.Controllers.Index.SitemapRouteTest" assertions="1" time="0.034147"/>
      </testsuite>
      <testsuite name="Tests\Feature\GammaMatrix\Playground\Http\Controllers\Index\ThemeRouteTest" file="/app/tests/Feature/Http/Controllers/Index/ThemeRouteTest.php" tests="4" assertions="7" errors="0" failures="0" skipped="0" time="0.098123">
        <testcase name="test_route_theme_as_guest_and_succeed" file="/app/tests/Feature/Http/Controllers/Index/ThemeRouteTest.php" line="19" class="Tests\Feature\GammaMatrix\Playground\Http\Controllers\Index\ThemeRouteTest" classname="Tests.Feature.GammaMatrix.Playground.Http.Controllers.Index.ThemeRouteTest" assertions="2" time="0.020352"/>
        <testcase name="test_route_theme_as_guest_with_preview_and_succeed" file="/app/tests/Feature/Http/Controllers/Index/ThemeRouteTest.php" line="25" class="Tests\Feature\GammaMatrix\Playground\Http\Controllers\Index\ThemeRouteTest" classname="Tests.Feature.GammaMatrix.Playground.Http.Controllers.Index.ThemeRouteTest" assertions="1" time="0.028012"/>
        <testcase name="test_route_theme_as_partner_and_succeed" file="/app/tests/Feature/Http/Controllers/Index/ThemeRouteTest.php" line="31" class="Tests\Feature\GammaMatrix\Playground\Http\Controllers\Index\ThemeRouteTest" classname="Tests.Feature.GammaMatrix.Playground.Http.Controllers.Index.ThemeRouteTest" assertions="2" time="0.024516"/>
        <testcase name="test_route_theme_as_sales_and_succeed_with_theme_and_redirect" file="/app/tests/Feature/Http/Controllers/Index/ThemeRouteTest.php" line="41" class="Tests\Feature\GammaMatrix\Playground\Http\Controllers\Index\ThemeRouteTest" classname="Tests.Feature.GammaMatrix.Playground.Http.Controllers.Index.ThemeRouteTest" assertions="2" time="0.025242"/>
      </testsuite>
      <testsuite name="Tests\Feature\GammaMatrix\Playground\Http\Controllers\Index\WelcomeRouteTest" file="/app/tests/Feature/Http/Controllers/Index/WelcomeRouteTest.php" tests="4" assertions="4" errors="0" failures="0" skipped="0" time="0.095617">
        <testcase name="test_route_welcome_as_guest_and_succeed" file="/app/tests/Feature/Http/Controllers/Index/WelcomeRouteTest.php" line="19" class="Tests\Feature\GammaMatrix\Playground\Http\Controllers\Index\WelcomeRouteTest" classname="Tests.Feature.GammaMatrix.Playground.Http.Controllers.Index.WelcomeRouteTest" assertions="1" time="0.027248"/>
        <testcase name="test_route_json_welcome_as_guest_and_succeed" file="/app/tests/Feature/Http/Controllers/Index/WelcomeRouteTest.php" line="25" class="Tests\Feature\GammaMatrix\Playground\Http\Controllers\Index\WelcomeRouteTest" classname="Tests.Feature.GammaMatrix.Playground.Http.Controllers.Index.WelcomeRouteTest" assertions="1" time="0.020474"/>
        <testcase name="test_route_welcome_as_user_and_succeed" file="/app/tests/Feature/Http/Controllers/Index/WelcomeRouteTest.php" line="31" class="Tests\Feature\GammaMatrix\Playground\Http\Controllers\Index\WelcomeRouteTest" classname="Tests.Feature.GammaMatrix.Playground.Http.Controllers.Index.WelcomeRouteTest" assertions="1" time="0.023714"/>
        <testcase name="test_route_json_welcome_as_manager_admin_and_succeed" file="/app/tests/Feature/Http/Controllers/Index/WelcomeRouteTest.php" line="38" class="Tests\Feature\GammaMatrix\Playground\Http\Controllers\Index\WelcomeRouteTest" classname="Tests.Feature.GammaMatrix.Playground.Http.Controllers.Index.WelcomeRouteTest" assertions="1" time="0.024182"/>
      </testsuite>
      <testsuite name="Tests\Feature\GammaMatrix\Playground\Policies\PrivilegeTrait\TraitTest" file="/app/tests/Feature/Policies/PrivilegeTrait/TraitTest.php" tests="6" assertions="10" errors="0" failures="0" skipped="0" time="0.138052">
        <testcase name="test_hasPrivilege_and_fail_with_empty_privilege" file="/app/tests/Feature/Policies/PrivilegeTrait/TraitTest.php" line="45" class="Tests\Feature\GammaMatrix\Playground\Policies\PrivilegeTrait\TraitTest" classname="Tests.Feature.GammaMatrix.Playground.Policies.PrivilegeTrait.TraitTest" assertions="1" time="0.018551"/>
        <testcase name="test_hasPrivilege_with_app_without_token_and_fail" file="/app/tests/Feature/Policies/PrivilegeTrait/TraitTest.php" line="57" class="Tests\Feature\GammaMatrix\Playground\Policies\PrivilegeTrait\TraitTest" classname="Tests.Feature.GammaMatrix.Playground.Policies.PrivilegeTrait.TraitTest" assertions="1" time="0.021093"/>
        <testcase name="test_hasPrivilege_with_app_with_token_and_unauthorized_privilege_and_fail" file="/app/tests/Feature/Policies/PrivilegeTrait/TraitTest.php" line="69" class="Tests\Feature\GammaMatrix\Playground\Policies\PrivilegeTrait\TraitTest" classname="Tests.Feature.GammaMatrix.Playground.Policies.PrivilegeTrait.TraitTest" assertions="2" time="0.027645"/>
        <testcase name="test_hasPrivilege_with_app_with_wildcard_token_privileges_and_succeed" file="/app/tests/Feature/Policies/PrivilegeTrait/TraitTest.php" line="110" class="Tests\Feature\GammaMatrix\Playground\Policies\PrivilegeTrait\TraitTest" classname="Tests.Feature.GammaMatrix.Playground.Policies.PrivilegeTrait.TraitTest" assertions="2" time="0.025236"/>
        <testcase name="test_hasPrivilege_with_app_with_wildcard_secondary_token_privileges_and_succeed" file="/app/tests/Feature/Policies/PrivilegeTrait/TraitTest.php" line="151" class="Tests\Feature\GammaMatrix\Playground\Policies\PrivilegeTrait\TraitTest" classname="Tests.Feature.GammaMatrix.Playground.Policies.PrivilegeTrait.TraitTest" assertions="2" time="0.022504"/>
        <testcase name="test_hasPrivilege_with_app_with_token_privileges_and_succeed" file="/app/tests/Feature/Policies/PrivilegeTrait/TraitTest.php" line="194" class="Tests\Feature\GammaMatrix\Playground\Policies\PrivilegeTrait\TraitTest" classname="Tests.Feature.GammaMatrix.Playground.Policies.PrivilegeTrait.TraitTest" assertions="2" time="0.023023"/>
      </testsuite>
    </testsuite>
  </testsuite>
</testsuites>
