<?xml version="1.0" encoding="UTF-8"?>
<testsuites>
  <testsuite name="/app/phpunit.xml.dist" tests="199" assertions="445" errors="0" failures="0" skipped="0" time="2.628794">
    <testsuite name="Unit" tests="157" assertions="391" errors="0" failures="0" skipped="0" time="1.393920">
      <testsuite name="Tests\Unit\GammaMatrix\Playground\Filters\ContentTrait\TraitTest" file="/app/tests/Unit/Filters/ContentTrait/TraitTest.php" tests="6" assertions="6" errors="0" failures="0" skipped="0" time="0.207612">
        <testcase name="test_purify" file="/app/tests/Unit/Filters/ContentTrait/TraitTest.php" line="41" class="Tests\Unit\GammaMatrix\Playground\Filters\ContentTrait\TraitTest" classname="Tests.Unit.GammaMatrix.Playground.Filters.ContentTrait.TraitTest" assertions="1" time="0.184253"/>
        <testcase name="test_exorcise" file="/app/tests/Unit/Filters/ContentTrait/TraitTest.php" line="48" class="Tests\Unit\GammaMatrix\Playground\Filters\ContentTrait\TraitTest" classname="Tests.Unit.GammaMatrix.Playground.Filters.ContentTrait.TraitTest" assertions="1" time="0.004993"/>
        <testcase name="test_getHtmlPurifier" file="/app/tests/Unit/Filters/ContentTrait/TraitTest.php" line="55" class="Tests\Unit\GammaMatrix\Playground\Filters\ContentTrait\TraitTest" classname="Tests.Unit.GammaMatrix.Playground.Filters.ContentTrait.TraitTest" assertions="1" time="0.004691"/>
        <testcase name="test_getHtmlPurifier_with_iframes" file="/app/tests/Unit/Filters/ContentTrait/TraitTest.php" line="63" class="Tests\Unit\GammaMatrix\Playground\Filters\ContentTrait\TraitTest" classname="Tests.Unit.GammaMatrix.Playground.Filters.ContentTrait.TraitTest" assertions="1" time="0.004549"/>
        <testcase name="test_getHtmlPurifier_with_purifier_path" file="/app/tests/Unit/Filters/ContentTrait/TraitTest.php" line="73" class="Tests\Unit\GammaMatrix\Playground\Filters\ContentTrait\TraitTest" classname="Tests.Unit.GammaMatrix.Playground.Filters.ContentTrait.TraitTest" assertions="1" time="0.004512"/>
        <testcase name="test_encodeURIComponent" file="/app/tests/Unit/Filters/ContentTrait/TraitTest.php" line="83" class="Tests\Unit\GammaMatrix\Playground\Filters\ContentTrait\TraitTest" classname="Tests.Unit.GammaMatrix.Playground.Filters.ContentTrait.TraitTest" assertions="1" time="0.004614"/>
      </testsuite>
      <testsuite name="Tests\Unit\GammaMatrix\Playground\Filters\ModelTrait\ArrayTraitTest" file="/app/tests/Unit/Filters/ModelTrait/ArrayTraitTest.php" tests="2" assertions="12" errors="0" failures="0" skipped="0" time="0.039882">
        <testcase name="test_filterArray" file="/app/tests/Unit/Filters/ModelTrait/ArrayTraitTest.php" line="22" class="Tests\Unit\GammaMatrix\Playground\Filters\ModelTrait\ArrayTraitTest" classname="Tests.Unit.GammaMatrix.Playground.Filters.ModelTrait.ArrayTraitTest" assertions="6" time="0.034334"/>
        <testcase name="test_filterArray_to_json" file="/app/tests/Unit/Filters/ModelTrait/ArrayTraitTest.php" line="60" class="Tests\Unit\GammaMatrix\Playground\Filters\ModelTrait\ArrayTraitTest" classname="Tests.Unit.GammaMatrix.Playground.Filters.ModelTrait.ArrayTraitTest" assertions="6" time="0.005548"/>
      </testsuite>
      <testsuite name="Tests\Unit\GammaMatrix\Playground\Filters\ModelTrait\BitsTraitTest" file="/app/tests/Unit/Filters/ModelTrait/BitsTraitTest.php" tests="2" assertions="7" errors="0" failures="0" skipped="0" time="0.010352">
        <testcase name="test_filterBits_for_exponent_zero" file="/app/tests/Unit/Filters/ModelTrait/BitsTraitTest.php" line="22" class="Tests\Unit\GammaMatrix\Playground\Filters\ModelTrait\BitsTraitTest" classname="Tests.Unit.GammaMatrix.Playground.Filters.ModelTrait.BitsTraitTest" assertions="2" time="0.004896"/>
        <testcase name="test_filterBits_for_exponent_greater_than_zero" file="/app/tests/Unit/Filters/ModelTrait/BitsTraitTest.php" line="36" class="Tests\Unit\GammaMatrix\Playground\Filters\ModelTrait\BitsTraitTest" classname="Tests.Unit.GammaMatrix.Playground.Filters.ModelTrait.BitsTraitTest" assertions="5" time="0.005456"/>
      </testsuite>
      <testsuite name="Tests\Unit\GammaMatrix\Playground\Filters\ModelTrait\DateTraitTest" file="/app/tests/Unit/Filters/ModelTrait/DateTraitTest.php" tests="2" assertions="5" errors="0" failures="0" skipped="0" time="0.010305">
        <testcase name="test_filterDate" file="/app/tests/Unit/Filters/ModelTrait/DateTraitTest.php" line="22" class="Tests\Unit\GammaMatrix\Playground\Filters\ModelTrait\DateTraitTest" classname="Tests.Unit.GammaMatrix.Playground.Filters.ModelTrait.DateTraitTest" assertions="2" time="0.004947"/>
        <testcase name="test_filterDateAsCarbon" file="/app/tests/Unit/Filters/ModelTrait/DateTraitTest.php" line="38" class="Tests\Unit\GammaMatrix\Playground\Filters\ModelTrait\DateTraitTest" classname="Tests.Unit.GammaMatrix.Playground.Filters.ModelTrait.DateTraitTest" assertions="3" time="0.005358"/>
      </testsuite>
      <testsuite name="Tests\Unit\GammaMatrix\Playground\Filters\ModelTrait\NumberTraitTest" file="/app/tests/Unit/Filters/ModelTrait/NumberTraitTest.php" tests="5" assertions="54" errors="0" failures="0" skipped="0" time="0.032116">
        <testcase name="test_filterFloat" file="/app/tests/Unit/Filters/ModelTrait/NumberTraitTest.php" line="22" class="Tests\Unit\GammaMatrix\Playground\Filters\ModelTrait\NumberTraitTest" classname="Tests.Unit.GammaMatrix.Playground.Filters.ModelTrait.NumberTraitTest" assertions="4" time="0.005172"/>
        <testcase name="test_filterInteger" file="/app/tests/Unit/Filters/ModelTrait/NumberTraitTest.php" line="36" class="Tests\Unit\GammaMatrix\Playground\Filters\ModelTrait\NumberTraitTest" classname="Tests.Unit.GammaMatrix.Playground.Filters.ModelTrait.NumberTraitTest" assertions="6" time="0.005625"/>
        <testcase name="test_filterIntegerId" file="/app/tests/Unit/Filters/ModelTrait/NumberTraitTest.php" line="55" class="Tests\Unit\GammaMatrix\Playground\Filters\ModelTrait\NumberTraitTest" classname="Tests.Unit.GammaMatrix.Playground.Filters.ModelTrait.NumberTraitTest" assertions="12" time="0.006575"/>
        <testcase name="test_filterIntegerPositive" file="/app/tests/Unit/Filters/ModelTrait/NumberTraitTest.php" line="77" class="Tests\Unit\GammaMatrix\Playground\Filters\ModelTrait\NumberTraitTest" classname="Tests.Unit.GammaMatrix.Playground.Filters.ModelTrait.NumberTraitTest" assertions="27" time="0.009403"/>
        <testcase name="test_filterPercent" file="/app/tests/Unit/Filters/ModelTrait/NumberTraitTest.php" line="120" class="Tests\Unit\GammaMatrix\Playground\Filters\ModelTrait\NumberTraitTest" classname="Tests.Unit.GammaMatrix.Playground.Filters.ModelTrait.NumberTraitTest" assertions="5" time="0.005340"/>
      </testsuite>
      <testsuite name="Tests\Unit\GammaMatrix\Playground\Filters\ModelTrait\StatusTraitTest" file="/app/tests/Unit/Filters/ModelTrait/StatusTraitTest.php" tests="1" assertions="5" errors="0" failures="0" skipped="0" time="0.006191">
        <testcase name="test_filterStatus" file="/app/tests/Unit/Filters/ModelTrait/StatusTraitTest.php" line="21" class="Tests\Unit\GammaMatrix\Playground\Filters\ModelTrait\StatusTraitTest" classname="Tests.Unit.GammaMatrix.Playground.Filters.ModelTrait.StatusTraitTest" assertions="5" time="0.006191"/>
      </testsuite>
      <testsuite name="Tests\Unit\GammaMatrix\Playground\Filters\ModelTrait\SystemFieldsTraitTest" file="/app/tests/Unit/Filters/ModelTrait/SystemFieldsTraitTest.php" tests="4" assertions="11" errors="0" failures="0" skipped="0" time="0.021009">
        <testcase name="test_filterSystemFields_for_groups" file="/app/tests/Unit/Filters/ModelTrait/SystemFieldsTraitTest.php" line="22" class="Tests\Unit\GammaMatrix\Playground\Filters\ModelTrait\SystemFieldsTraitTest" classname="Tests.Unit.GammaMatrix.Playground.Filters.ModelTrait.SystemFieldsTraitTest" assertions="2" time="0.005089"/>
        <testcase name="test_filterSystemFields_for_permissions" file="/app/tests/Unit/Filters/ModelTrait/SystemFieldsTraitTest.php" line="35" class="Tests\Unit\GammaMatrix\Playground\Filters\ModelTrait\SystemFieldsTraitTest" classname="Tests.Unit.GammaMatrix.Playground.Filters.ModelTrait.SystemFieldsTraitTest" assertions="3" time="0.005370"/>
        <testcase name="test_filterSystemFields_for_rank" file="/app/tests/Unit/Filters/ModelTrait/SystemFieldsTraitTest.php" line="69" class="Tests\Unit\GammaMatrix\Playground\Filters\ModelTrait\SystemFieldsTraitTest" classname="Tests.Unit.GammaMatrix.Playground.Filters.ModelTrait.SystemFieldsTraitTest" assertions="3" time="0.005288"/>
        <testcase name="test_filterSystemFields_for_size" file="/app/tests/Unit/Filters/ModelTrait/SystemFieldsTraitTest.php" line="86" class="Tests\Unit\GammaMatrix\Playground\Filters\ModelTrait\SystemFieldsTraitTest" classname="Tests.Unit.GammaMatrix.Playground.Filters.ModelTrait.SystemFieldsTraitTest" assertions="3" time="0.005262"/>
      </testsuite>
      <testsuite name="Tests\Unit\GammaMatrix\Playground\Filters\ModelTrait\UuidTraitTest" file="/app/tests/Unit/Filters/ModelTrait/UuidTraitTest.php" tests="1" assertions="2" errors="0" failures="0" skipped="0" time="0.022955">
        <testcase name="test_filterUuid" file="/app/tests/Unit/Filters/ModelTrait/UuidTraitTest.php" line="21" class="Tests\Unit\GammaMatrix\Playground\Filters\ModelTrait\UuidTraitTest" classname="Tests.Unit.GammaMatrix.Playground.Filters.ModelTrait.UuidTraitTest" assertions="2" time="0.022955"/>
      </testsuite>
      <testsuite name="Tests\Unit\GammaMatrix\Playground\Filters\ModelTrait\ValueTraitTest" file="/app/tests/Unit/Filters/ModelTrait/ValueTraitTest.php" tests="3" assertions="20" errors="0" failures="0" skipped="0" time="0.017657">
        <testcase name="test_filterBoolean" file="/app/tests/Unit/Filters/ModelTrait/ValueTraitTest.php" line="24" class="Tests\Unit\GammaMatrix\Playground\Filters\ModelTrait\ValueTraitTest" classname="Tests.Unit.GammaMatrix.Playground.Filters.ModelTrait.ValueTraitTest" assertions="12" time="0.006517"/>
        <testcase name="test_filterEmail" file="/app/tests/Unit/Filters/ModelTrait/ValueTraitTest.php" line="68" class="Tests\Unit\GammaMatrix\Playground\Filters\ModelTrait\ValueTraitTest" classname="Tests.Unit.GammaMatrix.Playground.Filters.ModelTrait.ValueTraitTest" assertions="6" time="0.005628"/>
        <testcase name="test_filterHtml" file="/app/tests/Unit/Filters/ModelTrait/ValueTraitTest.php" line="94" class="Tests\Unit\GammaMatrix\Playground\Filters\ModelTrait\ValueTraitTest" classname="Tests.Unit.GammaMatrix.Playground.Filters.ModelTrait.ValueTraitTest" assertions="2" time="0.005512"/>
      </testsuite>
      <testsuite name="Tests\Unit\GammaMatrix\Playground\Models\Model\ModelTest" file="/app/tests/Unit/Models/Model/ModelTest.php" tests="5" assertions="5" errors="0" failures="0" skipped="0" time="0.132110">
        <testcase name="test_WithChildren_children_returns_HasMany" file="/app/tests/Unit/Models/Model/ModelTest.php" line="49" class="Tests\Unit\GammaMatrix\Playground\Models\Model\ModelTest" classname="Tests.Unit.GammaMatrix.Playground.Models.Model.ModelTest" assertions="1" time="0.109827"/>
        <testcase name="test_WithCreator_creator_returns_HasOne" file="/app/tests/Unit/Models/Model/ModelTest.php" line="54" class="Tests\Unit\GammaMatrix\Playground\Models\Model\ModelTest" classname="Tests.Unit.GammaMatrix.Playground.Models.Model.ModelTest" assertions="1" time="0.007645"/>
        <testcase name="test_WithModifier_modifier_returns_HasOne" file="/app/tests/Unit/Models/Model/ModelTest.php" line="59" class="Tests\Unit\GammaMatrix\Playground\Models\Model\ModelTest" classname="Tests.Unit.GammaMatrix.Playground.Models.Model.ModelTest" assertions="1" time="0.004924"/>
        <testcase name="test_WithOwner_owner_returns_HasOne" file="/app/tests/Unit/Models/Model/ModelTest.php" line="64" class="Tests\Unit\GammaMatrix\Playground\Models\Model\ModelTest" classname="Tests.Unit.GammaMatrix.Playground.Models.Model.ModelTest" assertions="1" time="0.004900"/>
        <testcase name="test_WithParent_parent_returns_HasOne" file="/app/tests/Unit/Models/Model/ModelTest.php" line="69" class="Tests\Unit\GammaMatrix\Playground\Models\Model\ModelTest" classname="Tests.Unit.GammaMatrix.Playground.Models.Model.ModelTest" assertions="1" time="0.004814"/>
      </testsuite>
      <testsuite name="Tests\Unit\GammaMatrix\Playground\Models\Traits\ScopeFilterColumns\ModelTest" file="/app/tests/Unit/Models/Traits/ScopeFilterColumns/ModelTest.php" tests="6" assertions="28" errors="0" failures="0" skipped="0" time="0.037300">
        <testcase name="test_scopeFilterColumns_returns_query_without_columns_or_filters" file="/app/tests/Unit/Models/Traits/ScopeFilterColumns/ModelTest.php" line="54" class="Tests\Unit\GammaMatrix\Playground\Models\Traits\ScopeFilterColumns\ModelTest" classname="Tests.Unit.GammaMatrix.Playground.Models.Traits.ScopeFilterColumns.ModelTest" assertions="2" time="0.005460"/>
        <testcase name="test_scopeFilterColumns_returns_query_without_filters" file="/app/tests/Unit/Models/Traits/ScopeFilterColumns/ModelTest.php" line="68" class="Tests\Unit\GammaMatrix\Playground\Models\Traits\ScopeFilterColumns\ModelTest" classname="Tests.Unit.GammaMatrix.Playground.Models.Traits.ScopeFilterColumns.ModelTest" assertions="4" time="0.006019"/>
        <testcase name="test_scopeFilterColumns_returns_query_with_invalid_column" file="/app/tests/Unit/Models/Traits/ScopeFilterColumns/ModelTest.php" line="89" class="Tests\Unit\GammaMatrix\Playground\Models\Traits\ScopeFilterColumns\ModelTest" classname="Tests.Unit.GammaMatrix.Playground.Models.Traits.ScopeFilterColumns.ModelTest" assertions="4" time="0.005893"/>
        <testcase name="test_scopeFilterColumns_returns_query_with_filters_without_meta_for_strings" file="/app/tests/Unit/Models/Traits/ScopeFilterColumns/ModelTest.php" line="117" class="Tests\Unit\GammaMatrix\Playground\Models\Traits\ScopeFilterColumns\ModelTest" classname="Tests.Unit.GammaMatrix.Playground.Models.Traits.ScopeFilterColumns.ModelTest" assertions="8" time="0.007233"/>
        <testcase name="test_scopeFilterColumns_returns_query_with_null_comparison_and_ignore" file="/app/tests/Unit/Models/Traits/ScopeFilterColumns/ModelTest.php" line="153" class="Tests\Unit\GammaMatrix\Playground\Models\Traits\ScopeFilterColumns\ModelTest" classname="Tests.Unit.GammaMatrix.Playground.Models.Traits.ScopeFilterColumns.ModelTest" assertions="4" time="0.005777"/>
        <testcase name="test_scopeFilterColumns_returns_query_with_comparison" file="/app/tests/Unit/Models/Traits/ScopeFilterColumns/ModelTest.php" line="182" class="Tests\Unit\GammaMatrix\Playground\Models\Traits\ScopeFilterColumns\ModelTest" classname="Tests.Unit.GammaMatrix.Playground.Models.Traits.ScopeFilterColumns.ModelTest" assertions="6" time="0.006918"/>
      </testsuite>
      <testsuite name="Tests\Unit\GammaMatrix\Playground\Models\Traits\ScopeFilterDates\ModelTest" file="/app/tests/Unit/Models/Traits/ScopeFilterDates/ModelTest.php" tests="7" assertions="30" errors="0" failures="0" skipped="0" time="0.043376">
        <testcase name="test_scopeFilterDates_returns_query_without_dates_or_filters" file="/app/tests/Unit/Models/Traits/ScopeFilterDates/ModelTest.php" line="57" class="Tests\Unit\GammaMatrix\Playground\Models\Traits\ScopeFilterDates\ModelTest" classname="Tests.Unit.GammaMatrix.Playground.Models.Traits.ScopeFilterDates.ModelTest" assertions="2" time="0.005378"/>
        <testcase name="test_scopeFilterDates_returns_query_without_filters" file="/app/tests/Unit/Models/Traits/ScopeFilterDates/ModelTest.php" line="71" class="Tests\Unit\GammaMatrix\Playground\Models\Traits\ScopeFilterDates\ModelTest" classname="Tests.Unit.GammaMatrix.Playground.Models.Traits.ScopeFilterDates.ModelTest" assertions="4" time="0.005896"/>
        <testcase name="test_scopeFilterDates_returns_query_with_invalid_column" file="/app/tests/Unit/Models/Traits/ScopeFilterDates/ModelTest.php" line="92" class="Tests\Unit\GammaMatrix\Playground\Models\Traits\ScopeFilterDates\ModelTest" classname="Tests.Unit.GammaMatrix.Playground.Models.Traits.ScopeFilterDates.ModelTest" assertions="4" time="0.005852"/>
        <testcase name="test_scopeFilterDates_returns_query_with_filters_without_meta_for_strings" file="/app/tests/Unit/Models/Traits/ScopeFilterDates/ModelTest.php" line="120" class="Tests\Unit\GammaMatrix\Playground\Models\Traits\ScopeFilterDates\ModelTest" classname="Tests.Unit.GammaMatrix.Playground.Models.Traits.ScopeFilterDates.ModelTest" assertions="6" time="0.006833"/>
        <testcase name="test_scopeFilterDates_returns_query_with_null_comparison_and_ignore" file="/app/tests/Unit/Models/Traits/ScopeFilterDates/ModelTest.php" line="153" class="Tests\Unit\GammaMatrix\Playground\Models\Traits\ScopeFilterDates\ModelTest" classname="Tests.Unit.GammaMatrix.Playground.Models.Traits.ScopeFilterDates.ModelTest" assertions="4" time="0.006487"/>
        <testcase name="test_scopeFilterDates_returns_query_with_null_comparison_and_allow" file="/app/tests/Unit/Models/Traits/ScopeFilterDates/ModelTest.php" line="186" class="Tests\Unit\GammaMatrix\Playground\Models\Traits\ScopeFilterDates\ModelTest" classname="Tests.Unit.GammaMatrix.Playground.Models.Traits.ScopeFilterDates.ModelTest" assertions="4" time="0.006031"/>
        <testcase name="test_scopeFilterDates_returns_query_with_comparison" file="/app/tests/Unit/Models/Traits/ScopeFilterDates/ModelTest.php" line="219" class="Tests\Unit\GammaMatrix\Playground\Models\Traits\ScopeFilterDates\ModelTest" classname="Tests.Unit.GammaMatrix.Playground.Models.Traits.ScopeFilterDates.ModelTest" assertions="6" time="0.006898"/>
      </testsuite>
      <testsuite name="Tests\Unit\GammaMatrix\Playground\Models\Traits\ScopeFilterFlags\ModelTest" file="/app/tests/Unit/Models/Traits/ScopeFilterFlags/ModelTest.php" tests="3" assertions="14" errors="0" failures="0" skipped="0" time="0.018115">
        <testcase name="test_scopeFilterFlags_returns_query_without_flags_or_filters" file="/app/tests/Unit/Models/Traits/ScopeFilterFlags/ModelTest.php" line="54" class="Tests\Unit\GammaMatrix\Playground\Models\Traits\ScopeFilterFlags\ModelTest" classname="Tests.Unit.GammaMatrix.Playground.Models.Traits.ScopeFilterFlags.ModelTest" assertions="2" time="0.005224"/>
        <testcase name="test_scopeFilterFlags_returns_query_without_filters" file="/app/tests/Unit/Models/Traits/ScopeFilterFlags/ModelTest.php" line="68" class="Tests\Unit\GammaMatrix\Playground\Models\Traits\ScopeFilterFlags\ModelTest" classname="Tests.Unit.GammaMatrix.Playground.Models.Traits.ScopeFilterFlags.ModelTest" assertions="4" time="0.005783"/>
        <testcase name="test_scopeFilterFlags_returns_query_with_filters" file="/app/tests/Unit/Models/Traits/ScopeFilterFlags/ModelTest.php" line="89" class="Tests\Unit\GammaMatrix\Playground\Models\Traits\ScopeFilterFlags\ModelTest" classname="Tests.Unit.GammaMatrix.Playground.Models.Traits.ScopeFilterFlags.ModelTest" assertions="8" time="0.007108"/>
      </testsuite>
      <testsuite name="Tests\Unit\GammaMatrix\Playground\Models\Traits\ScopeFilterIds\ModelTest" file="/app/tests/Unit/Models/Traits/ScopeFilterIds/ModelTest.php" tests="11" assertions="70" errors="0" failures="0" skipped="0" time="0.080540">
        <testcase name="test_scopeFilterIds_returns_query_without_ids_or_filters" file="/app/tests/Unit/Models/Traits/ScopeFilterIds/ModelTest.php" line="54" class="Tests\Unit\GammaMatrix\Playground\Models\Traits\ScopeFilterIds\ModelTest" classname="Tests.Unit.GammaMatrix.Playground.Models.Traits.ScopeFilterIds.ModelTest" assertions="2" time="0.005133"/>
        <testcase name="test_scopeFilterIds_returns_query_without_filters" file="/app/tests/Unit/Models/Traits/ScopeFilterIds/ModelTest.php" line="68" class="Tests\Unit\GammaMatrix\Playground\Models\Traits\ScopeFilterIds\ModelTest" classname="Tests.Unit.GammaMatrix.Playground.Models.Traits.ScopeFilterIds.ModelTest" assertions="4" time="0.006038"/>
        <testcase name="test_scopeFilterIds_returns_query_with_invalid_column" file="/app/tests/Unit/Models/Traits/ScopeFilterIds/ModelTest.php" line="89" class="Tests\Unit\GammaMatrix\Playground\Models\Traits\ScopeFilterIds\ModelTest" classname="Tests.Unit.GammaMatrix.Playground.Models.Traits.ScopeFilterIds.ModelTest" assertions="4" time="0.005772"/>
        <testcase name="test_scopeFilterIds_returns_query_with_null_comparison" file="/app/tests/Unit/Models/Traits/ScopeFilterIds/ModelTest.php" line="117" class="Tests\Unit\GammaMatrix\Playground\Models\Traits\ScopeFilterIds\ModelTest" classname="Tests.Unit.GammaMatrix.Playground.Models.Traits.ScopeFilterIds.ModelTest" assertions="4" time="0.006035"/>
        <testcase name="test_scopeFilterIds_returns_query_with_comparison" file="/app/tests/Unit/Models/Traits/ScopeFilterIds/ModelTest.php" line="146" class="Tests\Unit\GammaMatrix\Playground\Models\Traits\ScopeFilterIds\ModelTest" classname="Tests.Unit.GammaMatrix.Playground.Models.Traits.ScopeFilterIds.ModelTest" assertions="6" time="0.006737"/>
        <testcase name="test_scopeFilterIds_returns_query_with_filters_array" file="/app/tests/Unit/Models/Traits/ScopeFilterIds/ModelTest.php" line="176" class="Tests\Unit\GammaMatrix\Playground\Models\Traits\ScopeFilterIds\ModelTest" classname="Tests.Unit.GammaMatrix.Playground.Models.Traits.ScopeFilterIds.ModelTest" assertions="10" time="0.009581"/>
        <testcase name="test_scopeFilterIds_returns_query_with_filters_with_integer" file="/app/tests/Unit/Models/Traits/ScopeFilterIds/ModelTest.php" line="224" class="Tests\Unit\GammaMatrix\Playground\Models\Traits\ScopeFilterIds\ModelTest" classname="Tests.Unit.GammaMatrix.Playground.Models.Traits.ScopeFilterIds.ModelTest" assertions="6" time="0.006571"/>
        <testcase name="test_scopeFilterIds_returns_query_with_array_of_ids_without_type" file="/app/tests/Unit/Models/Traits/ScopeFilterIds/ModelTest.php" line="263" class="Tests\Unit\GammaMatrix\Playground\Models\Traits\ScopeFilterIds\ModelTest" classname="Tests.Unit.GammaMatrix.Playground.Models.Traits.ScopeFilterIds.ModelTest" assertions="10" time="0.009049"/>
        <testcase name="test_scopeFilterIds_returns_query_with_array_of_uuids_for_integer_type_ids_and_ignore" file="/app/tests/Unit/Models/Traits/ScopeFilterIds/ModelTest.php" line="309" class="Tests\Unit\GammaMatrix\Playground\Models\Traits\ScopeFilterIds\ModelTest" classname="Tests.Unit.GammaMatrix.Playground.Models.Traits.ScopeFilterIds.ModelTest" assertions="4" time="0.007376"/>
        <testcase name="test_scopeFilterIds_returns_query_with_array_of_integer_ids_ignore_duplicate_id" file="/app/tests/Unit/Models/Traits/ScopeFilterIds/ModelTest.php" line="348" class="Tests\Unit\GammaMatrix\Playground\Models\Traits\ScopeFilterIds\ModelTest" classname="Tests.Unit.GammaMatrix.Playground.Models.Traits.ScopeFilterIds.ModelTest" assertions="8" time="0.007444"/>
        <testcase name="test_scopeFilterIds_returns_query_with_filters_with_null_and_string_and_array" file="/app/tests/Unit/Models/Traits/ScopeFilterIds/ModelTest.php" line="392" class="Tests\Unit\GammaMatrix\Playground\Models\Traits\ScopeFilterIds\ModelTest" classname="Tests.Unit.GammaMatrix.Playground.Models.Traits.ScopeFilterIds.ModelTest" assertions="12" time="0.010804"/>
      </testsuite>
      <testsuite name="Tests\Unit\GammaMatrix\Playground\Models\Traits\ScopeFilterTrash\ModelTest" file="/app/tests/Unit/Models/Traits/ScopeFilterTrash/ModelTest.php" tests="3" assertions="6" errors="0" failures="0" skipped="0" time="0.015210">
        <testcase name="test_scopeFilterTrash_returns_query_with_empty_visibility" file="/app/tests/Unit/Models/Traits/ScopeFilterTrash/ModelTest.php" line="54" class="Tests\Unit\GammaMatrix\Playground\Models\Traits\ScopeFilterTrash\ModelTest" classname="Tests.Unit.GammaMatrix.Playground.Models.Traits.ScopeFilterTrash.ModelTest" assertions="2" time="0.005127"/>
        <testcase name="test_scopeFilterTrash_returns_query_with_trash" file="/app/tests/Unit/Models/Traits/ScopeFilterTrash/ModelTest.php" line="68" class="Tests\Unit\GammaMatrix\Playground\Models\Traits\ScopeFilterTrash\ModelTest" classname="Tests.Unit.GammaMatrix.Playground.Models.Traits.ScopeFilterTrash.ModelTest" assertions="2" time="0.004972"/>
        <testcase name="test_scopeFilterTrash_returns_query_with_only_trash" file="/app/tests/Unit/Models/Traits/ScopeFilterTrash/ModelTest.php" line="84" class="Tests\Unit\GammaMatrix\Playground\Models\Traits\ScopeFilterTrash\ModelTest" classname="Tests.Unit.GammaMatrix.Playground.Models.Traits.ScopeFilterTrash.ModelTest" assertions="2" time="0.005111"/>
      </testsuite>
      <testsuite name="Tests\Unit\GammaMatrix\Playground\Models\Traits\ScopeSort\ModelTest" file="/app/tests/Unit/Models/Traits/ScopeSort/ModelTest.php" tests="11" assertions="23" errors="0" failures="0" skipped="0" time="0.058415">
        <testcase name="test_scopeSort_returns_query_with_empty_sort" file="/app/tests/Unit/Models/Traits/ScopeSort/ModelTest.php" line="54" class="Tests\Unit\GammaMatrix\Playground\Models\Traits\ScopeSort\ModelTest" classname="Tests.Unit.GammaMatrix.Playground.Models.Traits.ScopeSort.ModelTest" assertions="3" time="0.005504"/>
        <testcase name="test_scopeSort_returns_query_with_array_boolean_sort_asc" file="/app/tests/Unit/Models/Traits/ScopeSort/ModelTest.php" line="70" class="Tests\Unit\GammaMatrix\Playground\Models\Traits\ScopeSort\ModelTest" classname="Tests.Unit.GammaMatrix.Playground.Models.Traits.ScopeSort.ModelTest" assertions="2" time="0.005306"/>
        <testcase name="test_scopeSort_returns_query_with_array_boolean_sort_desc" file="/app/tests/Unit/Models/Traits/ScopeSort/ModelTest.php" line="88" class="Tests\Unit\GammaMatrix\Playground\Models\Traits\ScopeSort\ModelTest" classname="Tests.Unit.GammaMatrix.Playground.Models.Traits.ScopeSort.ModelTest" assertions="2" time="0.005240"/>
        <testcase name="test_scopeSort_returns_query_with_array_boolean_sort_pair" file="/app/tests/Unit/Models/Traits/ScopeSort/ModelTest.php" line="106" class="Tests\Unit\GammaMatrix\Playground\Models\Traits\ScopeSort\ModelTest" classname="Tests.Unit.GammaMatrix.Playground.Models.Traits.ScopeSort.ModelTest" assertions="2" time="0.005291"/>
        <testcase name="test_scopeSort_returns_query_with_array_boolean_sort_triplet" file="/app/tests/Unit/Models/Traits/ScopeSort/ModelTest.php" line="125" class="Tests\Unit\GammaMatrix\Playground\Models\Traits\ScopeSort\ModelTest" classname="Tests.Unit.GammaMatrix.Playground.Models.Traits.ScopeSort.ModelTest" assertions="2" time="0.005452"/>
        <testcase name="test_scopeSort_returns_query_with_csv_sort_asc" file="/app/tests/Unit/Models/Traits/ScopeSort/ModelTest.php" line="145" class="Tests\Unit\GammaMatrix\Playground\Models\Traits\ScopeSort\ModelTest" classname="Tests.Unit.GammaMatrix.Playground.Models.Traits.ScopeSort.ModelTest" assertions="2" time="0.005188"/>
        <testcase name="test_scopeSort_returns_query_with_csv_sort_desc" file="/app/tests/Unit/Models/Traits/ScopeSort/ModelTest.php" line="159" class="Tests\Unit\GammaMatrix\Playground\Models\Traits\ScopeSort\ModelTest" classname="Tests.Unit.GammaMatrix.Playground.Models.Traits.ScopeSort.ModelTest" assertions="2" time="0.005233"/>
        <testcase name="test_scopeSort_returns_query_with_simple_array_asc" file="/app/tests/Unit/Models/Traits/ScopeSort/ModelTest.php" line="182" class="Tests\Unit\GammaMatrix\Playground\Models\Traits\ScopeSort\ModelTest" classname="Tests.Unit.GammaMatrix.Playground.Models.Traits.ScopeSort.ModelTest" assertions="2" time="0.005250"/>
        <testcase name="test_scopeSort_returns_query_with_simple_array_desc" file="/app/tests/Unit/Models/Traits/ScopeSort/ModelTest.php" line="198" class="Tests\Unit\GammaMatrix\Playground\Models\Traits\ScopeSort\ModelTest" classname="Tests.Unit.GammaMatrix.Playground.Models.Traits.ScopeSort.ModelTest" assertions="2" time="0.005466"/>
        <testcase name="test_scopeSort_returns_query_with_hash_array_asc" file="/app/tests/Unit/Models/Traits/ScopeSort/ModelTest.php" line="215" class="Tests\Unit\GammaMatrix\Playground\Models\Traits\ScopeSort\ModelTest" classname="Tests.Unit.GammaMatrix.Playground.Models.Traits.ScopeSort.ModelTest" assertions="2" time="0.005222"/>
        <testcase name="test_scopeSort_returns_query_with_hash_array_desc" file="/app/tests/Unit/Models/Traits/ScopeSort/ModelTest.php" line="233" class="Tests\Unit\GammaMatrix\Playground\Models\Traits\ScopeSort\ModelTest" classname="Tests.Unit.GammaMatrix.Playground.Models.Traits.ScopeSort.ModelTest" assertions="2" time="0.005262"/>
      </testsuite>
      <testsuite name="Tests\Unit\GammaMatrix\Playground\Models\Traits\UserPrivileges\TraitTest" file="/app/tests/Unit/Models/Traits/UserPrivileges/TraitTest.php" tests="20" assertions="20" errors="0" failures="0" skipped="0" time="0.107624">
        <testcase name="test_hasPrivilege_is_false_with_null_privilege" file="/app/tests/Unit/Models/Traits/UserPrivileges/TraitTest.php" line="46" class="Tests\Unit\GammaMatrix\Playground\Models\Traits\UserPrivileges\TraitTest" classname="Tests.Unit.GammaMatrix.Playground.Models.Traits.UserPrivileges.TraitTest" assertions="1" time="0.011913"/>
        <testcase name="test_hasPrivilege_is_false_with_false_privilege" file="/app/tests/Unit/Models/Traits/UserPrivileges/TraitTest.php" line="52" class="Tests\Unit\GammaMatrix\Playground\Models\Traits\UserPrivileges\TraitTest" classname="Tests.Unit.GammaMatrix.Playground.Models.Traits.UserPrivileges.TraitTest" assertions="1" time="0.004827"/>
        <testcase name="test_hasPrivilege_is_true_with_privilege_that_does_exist" file="/app/tests/Unit/Models/Traits/UserPrivileges/TraitTest.php" line="58" class="Tests\Unit\GammaMatrix\Playground\Models\Traits\UserPrivileges\TraitTest" classname="Tests.Unit.GammaMatrix.Playground.Models.Traits.UserPrivileges.TraitTest" assertions="1" time="0.005094"/>
        <testcase name="test_hasPrivilege_is_false_with_privilege_that_does_not_exist" file="/app/tests/Unit/Models/Traits/UserPrivileges/TraitTest.php" line="69" class="Tests\Unit\GammaMatrix\Playground\Models\Traits\UserPrivileges\TraitTest" classname="Tests.Unit.GammaMatrix.Playground.Models.Traits.UserPrivileges.TraitTest" assertions="1" time="0.004993"/>
        <testcase name="test_hasRole_is_false_with_null_role" file="/app/tests/Unit/Models/Traits/UserPrivileges/TraitTest.php" line="80" class="Tests\Unit\GammaMatrix\Playground\Models\Traits\UserPrivileges\TraitTest" classname="Tests.Unit.GammaMatrix.Playground.Models.Traits.UserPrivileges.TraitTest" assertions="1" time="0.004570"/>
        <testcase name="test_hasRole_is_false_with_false_role" file="/app/tests/Unit/Models/Traits/UserPrivileges/TraitTest.php" line="86" class="Tests\Unit\GammaMatrix\Playground\Models\Traits\UserPrivileges\TraitTest" classname="Tests.Unit.GammaMatrix.Playground.Models.Traits.UserPrivileges.TraitTest" assertions="1" time="0.004664"/>
        <testcase name="test_hasRole_is_true_with_role_that_does_exist" file="/app/tests/Unit/Models/Traits/UserPrivileges/TraitTest.php" line="92" class="Tests\Unit\GammaMatrix\Playground\Models\Traits\UserPrivileges\TraitTest" classname="Tests.Unit.GammaMatrix.Playground.Models.Traits.UserPrivileges.TraitTest" assertions="1" time="0.005091"/>
        <testcase name="test_hasRole_is_false_with_role_that_does_not_exist" file="/app/tests/Unit/Models/Traits/UserPrivileges/TraitTest.php" line="103" class="Tests\Unit\GammaMatrix\Playground\Models\Traits\UserPrivileges\TraitTest" classname="Tests.Unit.GammaMatrix.Playground.Models.Traits.UserPrivileges.TraitTest" assertions="1" time="0.005005"/>
        <testcase name="test_hasRole_is_false_with_secondary_role_that_does_not_exist" file="/app/tests/Unit/Models/Traits/UserPrivileges/TraitTest.php" line="114" class="Tests\Unit\GammaMatrix\Playground\Models\Traits\UserPrivileges\TraitTest" classname="Tests.Unit.GammaMatrix.Playground.Models.Traits.UserPrivileges.TraitTest" assertions="1" time="0.005057"/>
        <testcase name="test_hasRole_is_true_with_secondary_role_that_does_exist" file="/app/tests/Unit/Models/Traits/UserPrivileges/TraitTest.php" line="129" class="Tests\Unit\GammaMatrix\Playground\Models\Traits\UserPrivileges\TraitTest" classname="Tests.Unit.GammaMatrix.Playground.Models.Traits.UserPrivileges.TraitTest" assertions="1" time="0.004983"/>
        <testcase name="test_hasRole_is_true_with_other_secondary_role_that_does_exist" file="/app/tests/Unit/Models/Traits/UserPrivileges/TraitTest.php" line="144" class="Tests\Unit\GammaMatrix\Playground\Models\Traits\UserPrivileges\TraitTest" classname="Tests.Unit.GammaMatrix.Playground.Models.Traits.UserPrivileges.TraitTest" assertions="1" time="0.005058"/>
        <testcase name="test_hasRole_is_true_with_primary_role_that_does_exist" file="/app/tests/Unit/Models/Traits/UserPrivileges/TraitTest.php" line="159" class="Tests\Unit\GammaMatrix\Playground\Models\Traits\UserPrivileges\TraitTest" classname="Tests.Unit.GammaMatrix.Playground.Models.Traits.UserPrivileges.TraitTest" assertions="1" time="0.004986"/>
        <testcase name="test_isAdmin_is_false_without_roles" file="/app/tests/Unit/Models/Traits/UserPrivileges/TraitTest.php" line="174" class="Tests\Unit\GammaMatrix\Playground\Models\Traits\UserPrivileges\TraitTest" classname="Tests.Unit.GammaMatrix.Playground.Models.Traits.UserPrivileges.TraitTest" assertions="1" time="0.004889"/>
        <testcase name="test_isAdmin_is_true_with_role_that_does_exist" file="/app/tests/Unit/Models/Traits/UserPrivileges/TraitTest.php" line="179" class="Tests\Unit\GammaMatrix\Playground\Models\Traits\UserPrivileges\TraitTest" classname="Tests.Unit.GammaMatrix.Playground.Models.Traits.UserPrivileges.TraitTest" assertions="1" time="0.005240"/>
        <testcase name="test_isAdmin_is_false_with_user_role_that_does_not_exist" file="/app/tests/Unit/Models/Traits/UserPrivileges/TraitTest.php" line="189" class="Tests\Unit\GammaMatrix\Playground\Models\Traits\UserPrivileges\TraitTest" classname="Tests.Unit.GammaMatrix.Playground.Models.Traits.UserPrivileges.TraitTest" assertions="1" time="0.005152"/>
        <testcase name="test_isAdmin_is_false_with_secondary_role_that_does_not_exist" file="/app/tests/Unit/Models/Traits/UserPrivileges/TraitTest.php" line="199" class="Tests\Unit\GammaMatrix\Playground\Models\Traits\UserPrivileges\TraitTest" classname="Tests.Unit.GammaMatrix.Playground.Models.Traits.UserPrivileges.TraitTest" assertions="1" time="0.005347"/>
        <testcase name="test_isAdmin_is_false_with_secondary_roles_that_exist_and_not_admin" file="/app/tests/Unit/Models/Traits/UserPrivileges/TraitTest.php" line="213" class="Tests\Unit\GammaMatrix\Playground\Models\Traits\UserPrivileges\TraitTest" classname="Tests.Unit.GammaMatrix.Playground.Models.Traits.UserPrivileges.TraitTest" assertions="1" time="0.005318"/>
        <testcase name="test_isAdmin_is_true_with_other_secondary_role_that_does_exist" file="/app/tests/Unit/Models/Traits/UserPrivileges/TraitTest.php" line="227" class="Tests\Unit\GammaMatrix\Playground\Models\Traits\UserPrivileges\TraitTest" classname="Tests.Unit.GammaMatrix.Playground.Models.Traits.UserPrivileges.TraitTest" assertions="1" time="0.005051"/>
        <testcase name="test_isAdmin_is_true_with_primary_role_that_does_exist" file="/app/tests/Unit/Models/Traits/UserPrivileges/TraitTest.php" line="241" class="Tests\Unit\GammaMatrix\Playground\Models\Traits\UserPrivileges\TraitTest" classname="Tests.Unit.GammaMatrix.Playground.Models.Traits.UserPrivileges.TraitTest" assertions="1" time="0.005053"/>
        <testcase name="test_isAdmin_is_false_with_secondary_root_role" file="/app/tests/Unit/Models/Traits/UserPrivileges/TraitTest.php" line="255" class="Tests\Unit\GammaMatrix\Playground\Models\Traits\UserPrivileges\TraitTest" classname="Tests.Unit.GammaMatrix.Playground.Models.Traits.UserPrivileges.TraitTest" assertions="1" time="0.005334"/>
      </testsuite>
      <testsuite name="Tests\Unit\GammaMatrix\Playground\Policies\ModelPolicy\AbstractRoleTest" file="/app/tests/Unit/Policies/ModelPolicy/AbstractRoleTest.php" tests="24" assertions="30" errors="0" failures="0" skipped="0" time="0.256372">
        <testcase name="test_create_without_role" file="/app/tests/Unit/Policies/ModelPolicy/AbstractRoleTest.php" line="64" class="Tests\Unit\GammaMatrix\Playground\Policies\ModelPolicy\AbstractRoleTest" classname="Tests.Unit.GammaMatrix.Playground.Policies.ModelPolicy.AbstractRoleTest" assertions="1" time="0.071483"/>
        <testcase name="test_create_with_admin" file="/app/tests/Unit/Policies/ModelPolicy/AbstractRoleTest.php" line="75" class="Tests\Unit\GammaMatrix\Playground\Policies\ModelPolicy\AbstractRoleTest" classname="Tests.Unit.GammaMatrix.Playground.Policies.ModelPolicy.AbstractRoleTest" assertions="1" time="0.007433"/>
        <testcase name="test_delete_without_role" file="/app/tests/Unit/Policies/ModelPolicy/AbstractRoleTest.php" line="95" class="Tests\Unit\GammaMatrix\Playground\Policies\ModelPolicy\AbstractRoleTest" classname="Tests.Unit.GammaMatrix.Playground.Policies.ModelPolicy.AbstractRoleTest" assertions="1" time="0.009289"/>
        <testcase name="test_delete_with_admin" file="/app/tests/Unit/Policies/ModelPolicy/AbstractRoleTest.php" line="109" class="Tests\Unit\GammaMatrix\Playground\Policies\ModelPolicy\AbstractRoleTest" classname="Tests.Unit.GammaMatrix.Playground.Policies.ModelPolicy.AbstractRoleTest" assertions="1" time="0.007633"/>
        <testcase name="test_delete_locked_with_admin" file="/app/tests/Unit/Policies/ModelPolicy/AbstractRoleTest.php" line="130" class="Tests\Unit\GammaMatrix\Playground\Policies\ModelPolicy\AbstractRoleTest" classname="Tests.Unit.GammaMatrix.Playground.Policies.ModelPolicy.AbstractRoleTest" assertions="4" time="0.009379"/>
        <testcase name="test_detail_without_role" file="/app/tests/Unit/Policies/ModelPolicy/AbstractRoleTest.php" line="168" class="Tests\Unit\GammaMatrix\Playground\Policies\ModelPolicy\AbstractRoleTest" classname="Tests.Unit.GammaMatrix.Playground.Policies.ModelPolicy.AbstractRoleTest" assertions="1" time="0.008133"/>
        <testcase name="test_detail_with_admin" file="/app/tests/Unit/Policies/ModelPolicy/AbstractRoleTest.php" line="182" class="Tests\Unit\GammaMatrix\Playground\Policies\ModelPolicy\AbstractRoleTest" classname="Tests.Unit.GammaMatrix.Playground.Policies.ModelPolicy.AbstractRoleTest" assertions="1" time="0.008252"/>
        <testcase name="test_edit_without_role" file="/app/tests/Unit/Policies/ModelPolicy/AbstractRoleTest.php" line="205" class="Tests\Unit\GammaMatrix\Playground\Policies\ModelPolicy\AbstractRoleTest" classname="Tests.Unit.GammaMatrix.Playground.Policies.ModelPolicy.AbstractRoleTest" assertions="1" time="0.007962"/>
        <testcase name="test_edit_with_admin" file="/app/tests/Unit/Policies/ModelPolicy/AbstractRoleTest.php" line="219" class="Tests\Unit\GammaMatrix\Playground\Policies\ModelPolicy\AbstractRoleTest" classname="Tests.Unit.GammaMatrix.Playground.Policies.ModelPolicy.AbstractRoleTest" assertions="1" time="0.007479"/>
        <testcase name="test_forceDelete_without_role" file="/app/tests/Unit/Policies/ModelPolicy/AbstractRoleTest.php" line="242" class="Tests\Unit\GammaMatrix\Playground\Policies\ModelPolicy\AbstractRoleTest" classname="Tests.Unit.GammaMatrix.Playground.Policies.ModelPolicy.AbstractRoleTest" assertions="1" time="0.008208"/>
        <testcase name="test_forceDelete_with_admin" file="/app/tests/Unit/Policies/ModelPolicy/AbstractRoleTest.php" line="256" class="Tests\Unit\GammaMatrix\Playground\Policies\ModelPolicy\AbstractRoleTest" classname="Tests.Unit.GammaMatrix.Playground.Policies.ModelPolicy.AbstractRoleTest" assertions="1" time="0.007893"/>
        <testcase name="test_lock_without_role" file="/app/tests/Unit/Policies/ModelPolicy/AbstractRoleTest.php" line="279" class="Tests\Unit\GammaMatrix\Playground\Policies\ModelPolicy\AbstractRoleTest" classname="Tests.Unit.GammaMatrix.Playground.Policies.ModelPolicy.AbstractRoleTest" assertions="1" time="0.008746"/>
        <testcase name="test_lock_with_admin" file="/app/tests/Unit/Policies/ModelPolicy/AbstractRoleTest.php" line="293" class="Tests\Unit\GammaMatrix\Playground\Policies\ModelPolicy\AbstractRoleTest" classname="Tests.Unit.GammaMatrix.Playground.Policies.ModelPolicy.AbstractRoleTest" assertions="1" time="0.007793"/>
        <testcase name="test_manage_without_role" file="/app/tests/Unit/Policies/ModelPolicy/AbstractRoleTest.php" line="316" class="Tests\Unit\GammaMatrix\Playground\Policies\ModelPolicy\AbstractRoleTest" classname="Tests.Unit.GammaMatrix.Playground.Policies.ModelPolicy.AbstractRoleTest" assertions="1" time="0.008181"/>
        <testcase name="test_manage_with_admin" file="/app/tests/Unit/Policies/ModelPolicy/AbstractRoleTest.php" line="330" class="Tests\Unit\GammaMatrix\Playground\Policies\ModelPolicy\AbstractRoleTest" classname="Tests.Unit.GammaMatrix.Playground.Policies.ModelPolicy.AbstractRoleTest" assertions="1" time="0.007675"/>
        <testcase name="test_restore_without_role" file="/app/tests/Unit/Policies/ModelPolicy/AbstractRoleTest.php" line="353" class="Tests\Unit\GammaMatrix\Playground\Policies\ModelPolicy\AbstractRoleTest" classname="Tests.Unit.GammaMatrix.Playground.Policies.ModelPolicy.AbstractRoleTest" assertions="1" time="0.008072"/>
        <testcase name="test_restore_with_admin" file="/app/tests/Unit/Policies/ModelPolicy/AbstractRoleTest.php" line="367" class="Tests\Unit\GammaMatrix\Playground\Policies\ModelPolicy\AbstractRoleTest" classname="Tests.Unit.GammaMatrix.Playground.Policies.ModelPolicy.AbstractRoleTest" assertions="1" time="0.007763"/>
        <testcase name="test_store_without_role" file="/app/tests/Unit/Policies/ModelPolicy/AbstractRoleTest.php" line="388" class="Tests\Unit\GammaMatrix\Playground\Policies\ModelPolicy\AbstractRoleTest" classname="Tests.Unit.GammaMatrix.Playground.Policies.ModelPolicy.AbstractRoleTest" assertions="1" time="0.007906"/>
        <testcase name="test_store_with_admin" file="/app/tests/Unit/Policies/ModelPolicy/AbstractRoleTest.php" line="399" class="Tests\Unit\GammaMatrix\Playground\Policies\ModelPolicy\AbstractRoleTest" classname="Tests.Unit.GammaMatrix.Playground.Policies.ModelPolicy.AbstractRoleTest" assertions="1" time="0.007373"/>
        <testcase name="test_update_without_role" file="/app/tests/Unit/Policies/ModelPolicy/AbstractRoleTest.php" line="419" class="Tests\Unit\GammaMatrix\Playground\Policies\ModelPolicy\AbstractRoleTest" classname="Tests.Unit.GammaMatrix.Playground.Policies.ModelPolicy.AbstractRoleTest" assertions="1" time="0.007986"/>
        <testcase name="test_update_with_admin" file="/app/tests/Unit/Policies/ModelPolicy/AbstractRoleTest.php" line="433" class="Tests\Unit\GammaMatrix\Playground\Policies\ModelPolicy\AbstractRoleTest" classname="Tests.Unit.GammaMatrix.Playground.Policies.ModelPolicy.AbstractRoleTest" assertions="1" time="0.007755"/>
        <testcase name="test_update_locked_with_admin" file="/app/tests/Unit/Policies/ModelPolicy/AbstractRoleTest.php" line="454" class="Tests\Unit\GammaMatrix\Playground\Policies\ModelPolicy\AbstractRoleTest" classname="Tests.Unit.GammaMatrix.Playground.Policies.ModelPolicy.AbstractRoleTest" assertions="4" time="0.008461"/>
        <testcase name="test_unlock_without_role" file="/app/tests/Unit/Policies/ModelPolicy/AbstractRoleTest.php" line="492" class="Tests\Unit\GammaMatrix\Playground\Policies\ModelPolicy\AbstractRoleTest" classname="Tests.Unit.GammaMatrix.Playground.Policies.ModelPolicy.AbstractRoleTest" assertions="1" time="0.008038"/>
        <testcase name="test_unlock_with_admin" file="/app/tests/Unit/Policies/ModelPolicy/AbstractRoleTest.php" line="506" class="Tests\Unit\GammaMatrix\Playground\Policies\ModelPolicy\AbstractRoleTest" classname="Tests.Unit.GammaMatrix.Playground.Policies.ModelPolicy.AbstractRoleTest" assertions="1" time="0.007478"/>
      </testsuite>
      <testsuite name="Tests\Unit\GammaMatrix\Playground\Policies\Policy\AbstractTest" file="/app/tests/Unit/Policies/Policy/AbstractTest.php" tests="7" assertions="7" errors="0" failures="0" skipped="0" time="0.054553">
        <testcase name="test_before_with_root" file="/app/tests/Unit/Policies/Policy/AbstractTest.php" line="50" class="Tests\Unit\GammaMatrix\Playground\Policies\Policy\AbstractTest" classname="Tests.Unit.GammaMatrix.Playground.Policies.Policy.AbstractTest" assertions="1" time="0.008947"/>
        <testcase name="test_before_with_root_as_secondary_fails" file="/app/tests/Unit/Policies/Policy/AbstractTest.php" line="69" class="Tests\Unit\GammaMatrix\Playground\Policies\Policy\AbstractTest" classname="Tests.Unit.GammaMatrix.Playground.Policies.Policy.AbstractTest" assertions="1" time="0.007083"/>
        <testcase name="test_index_without_role" file="/app/tests/Unit/Policies/Policy/AbstractTest.php" line="91" class="Tests\Unit\GammaMatrix\Playground\Policies\Policy\AbstractTest" classname="Tests.Unit.GammaMatrix.Playground.Policies.Policy.AbstractTest" assertions="1" time="0.007656"/>
        <testcase name="test_index_with_admin" file="/app/tests/Unit/Policies/Policy/AbstractTest.php" line="102" class="Tests\Unit\GammaMatrix\Playground\Policies\Policy\AbstractTest" classname="Tests.Unit.GammaMatrix.Playground.Policies.Policy.AbstractTest" assertions="1" time="0.007393"/>
        <testcase name="test_view_without_role" file="/app/tests/Unit/Policies/Policy/AbstractTest.php" line="120" class="Tests\Unit\GammaMatrix\Playground\Policies\Policy\AbstractTest" classname="Tests.Unit.GammaMatrix.Playground.Policies.Policy.AbstractTest" assertions="1" time="0.008491"/>
        <testcase name="test_view_with_admin" file="/app/tests/Unit/Policies/Policy/AbstractTest.php" line="131" class="Tests\Unit\GammaMatrix\Playground\Policies\Policy\AbstractTest" classname="Tests.Unit.GammaMatrix.Playground.Policies.Policy.AbstractTest" assertions="1" time="0.007355"/>
        <testcase name="test_view_with_admin_in_roles" file="/app/tests/Unit/Policies/Policy/AbstractTest.php" line="151" class="Tests\Unit\GammaMatrix\Playground\Policies\Policy\AbstractTest" classname="Tests.Unit.GammaMatrix.Playground.Policies.Policy.AbstractTest" assertions="1" time="0.007628"/>
      </testsuite>
      <testsuite name="Tests\Unit\GammaMatrix\Playground\Policies\PolicyTrait\TraitTest" file="/app/tests/Unit/Policies/PolicyTrait/TraitTest.php" tests="9" assertions="11" errors="0" failures="0" skipped="0" time="0.053565">
        <testcase name="test_getEntity" file="/app/tests/Unit/Policies/PolicyTrait/TraitTest.php" line="51" class="Tests\Unit\GammaMatrix\Playground\Policies\PolicyTrait\TraitTest" classname="Tests.Unit.GammaMatrix.Playground.Policies.PolicyTrait.TraitTest" assertions="1" time="0.004874"/>
        <testcase name="test_getPackage" file="/app/tests/Unit/Policies/PolicyTrait/TraitTest.php" line="56" class="Tests\Unit\GammaMatrix\Playground\Policies\PolicyTrait\TraitTest" classname="Tests.Unit.GammaMatrix.Playground.Policies.PolicyTrait.TraitTest" assertions="1" time="0.004837"/>
        <testcase name="test_hasToken" file="/app/tests/Unit/Policies/PolicyTrait/TraitTest.php" line="61" class="Tests\Unit\GammaMatrix\Playground\Policies\PolicyTrait\TraitTest" classname="Tests.Unit.GammaMatrix.Playground.Policies.PolicyTrait.TraitTest" assertions="1" time="0.004675"/>
        <testcase name="test_getToken" file="/app/tests/Unit/Policies/PolicyTrait/TraitTest.php" line="66" class="Tests\Unit\GammaMatrix\Playground\Policies\PolicyTrait\TraitTest" classname="Tests.Unit.GammaMatrix.Playground.Policies.PolicyTrait.TraitTest" assertions="1" time="0.004645"/>
        <testcase name="test_setToken" file="/app/tests/Unit/Policies/PolicyTrait/TraitTest.php" line="71" class="Tests\Unit\GammaMatrix\Playground\Policies\PolicyTrait\TraitTest" classname="Tests.Unit.GammaMatrix.Playground.Policies.PolicyTrait.TraitTest" assertions="1" time="0.004688"/>
        <testcase name="test_verify" file="/app/tests/Unit/Policies/PolicyTrait/TraitTest.php" line="76" class="Tests\Unit\GammaMatrix\Playground\Policies\PolicyTrait\TraitTest" classname="Tests.Unit.GammaMatrix.Playground.Policies.PolicyTrait.TraitTest" assertions="3" time="0.008592"/>
        <testcase name="test_verify_privileges" file="/app/tests/Unit/Policies/PolicyTrait/TraitTest.php" line="102" class="Tests\Unit\GammaMatrix\Playground\Policies\PolicyTrait\TraitTest" classname="Tests.Unit.GammaMatrix.Playground.Policies.PolicyTrait.TraitTest" assertions="1" time="0.007123"/>
        <testcase name="test_verify_roles" file="/app/tests/Unit/Policies/PolicyTrait/TraitTest.php" line="115" class="Tests\Unit\GammaMatrix\Playground\Policies\PolicyTrait\TraitTest" classname="Tests.Unit.GammaMatrix.Playground.Policies.PolicyTrait.TraitTest" assertions="1" time="0.007158"/>
        <testcase name="test_verify_user" file="/app/tests/Unit/Policies/PolicyTrait/TraitTest.php" line="128" class="Tests\Unit\GammaMatrix\Playground\Policies\PolicyTrait\TraitTest" classname="Tests.Unit.GammaMatrix.Playground.Policies.PolicyTrait.TraitTest" assertions="1" time="0.006974"/>
      </testsuite>
      <testsuite name="Tests\Unit\GammaMatrix\Playground\Policies\PrivilegeTrait\TraitTest" file="/app/tests/Unit/Policies/PrivilegeTrait/TraitTest.php" tests="1" assertions="1" errors="0" failures="0" skipped="0" time="0.007568">
        <testcase name="test_hasPrivilege" file="/app/tests/Unit/Policies/PrivilegeTrait/TraitTest.php" line="43" class="Tests\Unit\GammaMatrix\Playground\Policies\PrivilegeTrait\TraitTest" classname="Tests.Unit.GammaMatrix.Playground.Policies.PrivilegeTrait.TraitTest" assertions="1" time="0.007568"/>
      </testsuite>
      <testsuite name="Tests\Unit\GammaMatrix\Playground\Policies\RoleTrait\TraitTest" file="/app/tests/Unit/Policies/RoleTrait/TraitTest.php" tests="5" assertions="5" errors="0" failures="0" skipped="0" time="0.028734">
        <testcase name="test_getRolesForAdmin" file="/app/tests/Unit/Policies/RoleTrait/TraitTest.php" line="43" class="Tests\Unit\GammaMatrix\Playground\Policies\RoleTrait\TraitTest" classname="Tests.Unit.GammaMatrix.Playground.Policies.RoleTrait.TraitTest" assertions="1" time="0.004743"/>
        <testcase name="test_getRolesForAction" file="/app/tests/Unit/Policies/RoleTrait/TraitTest.php" line="54" class="Tests\Unit\GammaMatrix\Playground\Policies\RoleTrait\TraitTest" classname="Tests.Unit.GammaMatrix.Playground.Policies.RoleTrait.TraitTest" assertions="1" time="0.004812"/>
        <testcase name="test_getRolesToView" file="/app/tests/Unit/Policies/RoleTrait/TraitTest.php" line="65" class="Tests\Unit\GammaMatrix\Playground\Policies\RoleTrait\TraitTest" classname="Tests.Unit.GammaMatrix.Playground.Policies.RoleTrait.TraitTest" assertions="1" time="0.004830"/>
        <testcase name="test_hasRole" file="/app/tests/Unit/Policies/RoleTrait/TraitTest.php" line="76" class="Tests\Unit\GammaMatrix\Playground\Policies\RoleTrait\TraitTest" classname="Tests.Unit.GammaMatrix.Playground.Policies.RoleTrait.TraitTest" assertions="1" time="0.007219"/>
        <testcase name="test_hasRole_advanced_role" file="/app/tests/Unit/Policies/RoleTrait/TraitTest.php" line="87" class="Tests\Unit\GammaMatrix\Playground\Policies\RoleTrait\TraitTest" classname="Tests.Unit.GammaMatrix.Playground.Policies.RoleTrait.TraitTest" assertions="1" time="0.007130"/>
      </testsuite>
      <testsuite name="Tests\Unit\GammaMatrix\Playground\View\Components\Forms\Column\ComponentTest" file="/app/tests/Unit/View/Components/Forms/Column/ComponentTest.php" tests="3" assertions="3" errors="0" failures="0" skipped="0" time="0.023368">
        <testcase name="test_component_instance" file="/app/tests/Unit/View/Components/Forms/Column/ComponentTest.php" line="33" class="Tests\Unit\GammaMatrix\Playground\View\Components\Forms\Column\ComponentTest" classname="Tests.Unit.GammaMatrix.Playground.View.Components.Forms.Column.ComponentTest" assertions="1" time="0.010774"/>
        <testcase name="test_component_can_render_view_without_parameters" file="/app/tests/Unit/View/Components/Forms/Column/ComponentTest.php" line="40" class="Tests\Unit\GammaMatrix\Playground\View\Components\Forms\Column\ComponentTest" classname="Tests.Unit.GammaMatrix.Playground.View.Components.Forms.Column.ComponentTest" assertions="1" time="0.007821"/>
        <testcase name="test_component_can_render_view_with_label_input" file="/app/tests/Unit/View/Components/Forms/Column/ComponentTest.php" line="47" class="Tests\Unit\GammaMatrix\Playground\View\Components\Forms\Column\ComponentTest" classname="Tests.Unit.GammaMatrix.Playground.View.Components.Forms.Column.ComponentTest" assertions="1" time="0.004774"/>
      </testsuite>
      <testsuite name="Tests\Unit\GammaMatrix\Playground\View\Components\Forms\ColumnEditor\ComponentTest" file="/app/tests/Unit/View/Components/Forms/ColumnEditor/ComponentTest.php" tests="3" assertions="3" errors="0" failures="0" skipped="0" time="0.019107">
        <testcase name="test_component_instance" file="/app/tests/Unit/View/Components/Forms/ColumnEditor/ComponentTest.php" line="33" class="Tests\Unit\GammaMatrix\Playground\View\Components\Forms\ColumnEditor\ComponentTest" classname="Tests.Unit.GammaMatrix.Playground.View.Components.Forms.ColumnEditor.ComponentTest" assertions="1" time="0.009424"/>
        <testcase name="test_component_can_render_view_without_parameters" file="/app/tests/Unit/View/Components/Forms/ColumnEditor/ComponentTest.php" line="40" class="Tests\Unit\GammaMatrix\Playground\View\Components\Forms\ColumnEditor\ComponentTest" classname="Tests.Unit.GammaMatrix.Playground.View.Components.Forms.ColumnEditor.ComponentTest" assertions="1" time="0.004833"/>
        <testcase name="test_component_can_render_view_with_content_textarea" file="/app/tests/Unit/View/Components/Forms/ColumnEditor/ComponentTest.php" line="47" class="Tests\Unit\GammaMatrix\Playground\View\Components\Forms\ColumnEditor\ComponentTest" classname="Tests.Unit.GammaMatrix.Playground.View.Components.Forms.ColumnEditor.ComponentTest" assertions="1" time="0.004850"/>
      </testsuite>
      <testsuite name="Tests\Unit\GammaMatrix\Playground\View\Components\Forms\ColumnSelect\ComponentTest" file="/app/tests/Unit/View/Components/Forms/ColumnSelect/ComponentTest.php" tests="3" assertions="3" errors="0" failures="0" skipped="0" time="0.021082">
        <testcase name="test_component_instance" file="/app/tests/Unit/View/Components/Forms/ColumnSelect/ComponentTest.php" line="33" class="Tests\Unit\GammaMatrix\Playground\View\Components\Forms\ColumnSelect\ComponentTest" classname="Tests.Unit.GammaMatrix.Playground.View.Components.Forms.ColumnSelect.ComponentTest" assertions="1" time="0.011468"/>
        <testcase name="test_component_can_render_view_without_parameters" file="/app/tests/Unit/View/Components/Forms/ColumnSelect/ComponentTest.php" line="40" class="Tests\Unit\GammaMatrix\Playground\View\Components\Forms\ColumnSelect\ComponentTest" classname="Tests.Unit.GammaMatrix.Playground.View.Components.Forms.ColumnSelect.ComponentTest" assertions="1" time="0.004821"/>
        <testcase name="test_component_can_render_view_with_select" file="/app/tests/Unit/View/Components/Forms/ColumnSelect/ComponentTest.php" line="47" class="Tests\Unit\GammaMatrix\Playground\View\Components\Forms\ColumnSelect\ComponentTest" classname="Tests.Unit.GammaMatrix.Playground.View.Components.Forms.ColumnSelect.ComponentTest" assertions="1" time="0.004793"/>
      </testsuite>
      <testsuite name="Tests\Unit\GammaMatrix\Playground\View\Components\ModelFlag\ComponentTest" file="/app/tests/Unit/View/Components/ModelFlag/ComponentTest.php" tests="4" assertions="4" errors="0" failures="0" skipped="0" time="0.022601">
        <testcase name="test_component_instance" file="/app/tests/Unit/View/Components/ModelFlag/ComponentTest.php" line="33" class="Tests\Unit\GammaMatrix\Playground\View\Components\ModelFlag\ComponentTest" classname="Tests.Unit.GammaMatrix.Playground.View.Components.ModelFlag.ComponentTest" assertions="1" time="0.007988"/>
        <testcase name="test_component_can_render_view_with_null_value" file="/app/tests/Unit/View/Components/ModelFlag/ComponentTest.php" line="42" class="Tests\Unit\GammaMatrix\Playground\View\Components\ModelFlag\ComponentTest" classname="Tests.Unit.GammaMatrix.Playground.View.Components.ModelFlag.ComponentTest" assertions="1" time="0.004851"/>
        <testcase name="test_component_can_render_view_with_true_value" file="/app/tests/Unit/View/Components/ModelFlag/ComponentTest.php" line="56" class="Tests\Unit\GammaMatrix\Playground\View\Components\ModelFlag\ComponentTest" classname="Tests.Unit.GammaMatrix.Playground.View.Components.ModelFlag.ComponentTest" assertions="1" time="0.004812"/>
        <testcase name="test_component_can_render_view_with_false_value" file="/app/tests/Unit/View/Components/ModelFlag/ComponentTest.php" line="70" class="Tests\Unit\GammaMatrix\Playground\View\Components\ModelFlag\ComponentTest" classname="Tests.Unit.GammaMatrix.Playground.View.Components.ModelFlag.ComponentTest" assertions="1" time="0.004950"/>
      </testsuite>
      <testsuite name="Tests\Unit\GammaMatrix\Playground\View\Components\PaginationSort\ComponentTest" file="/app/tests/Unit/View/Components/PaginationSort/ComponentTest.php" tests="4" assertions="4" errors="0" failures="0" skipped="0" time="0.028361">
        <testcase name="test_component_instance" file="/app/tests/Unit/View/Components/PaginationSort/ComponentTest.php" line="33" class="Tests\Unit\GammaMatrix\Playground\View\Components\PaginationSort\ComponentTest" classname="Tests.Unit.GammaMatrix.Playground.View.Components.PaginationSort.ComponentTest" assertions="1" time="0.013781"/>
        <testcase name="test_component_can_render_view_with_empty_sort" file="/app/tests/Unit/View/Components/PaginationSort/ComponentTest.php" line="48" class="Tests\Unit\GammaMatrix\Playground\View\Components\PaginationSort\ComponentTest" classname="Tests.Unit.GammaMatrix.Playground.View.Components.PaginationSort.ComponentTest" assertions="1" time="0.004845"/>
        <testcase name="test_component_can_render_view_with_invalid_sort" file="/app/tests/Unit/View/Components/PaginationSort/ComponentTest.php" line="61" class="Tests\Unit\GammaMatrix\Playground\View\Components\PaginationSort\ComponentTest" classname="Tests.Unit.GammaMatrix.Playground.View.Components.PaginationSort.ComponentTest" assertions="1" time="0.004874"/>
        <testcase name="test_component_can_render_view" file="/app/tests/Unit/View/Components/PaginationSort/ComponentTest.php" line="77" class="Tests\Unit\GammaMatrix\Playground\View\Components\PaginationSort\ComponentTest" classname="Tests.Unit.GammaMatrix.Playground.View.Components.PaginationSort.ComponentTest" assertions="1" time="0.004861"/>
      </testsuite>
      <testsuite name="Tests\Unit\GammaMatrix\Playground\View\Components\Table\Data\ComponentTest" file="/app/tests/Unit/View/Components/Table/Data/ComponentTest.php" tests="2" assertions="2" errors="0" failures="0" skipped="0" time="0.017839">
        <testcase name="test_component_instance" file="/app/tests/Unit/View/Components/Table/Data/ComponentTest.php" line="33" class="Tests\Unit\GammaMatrix\Playground\View\Components\Table\Data\ComponentTest" classname="Tests.Unit.GammaMatrix.Playground.View.Components.Table.Data.ComponentTest" assertions="1" time="0.013006"/>
        <testcase name="test_component_can_render_view" file="/app/tests/Unit/View/Components/Table/Data/ComponentTest.php" line="40" class="Tests\Unit\GammaMatrix\Playground\View\Components\Table\Data\ComponentTest" classname="Tests.Unit.GammaMatrix.Playground.View.Components.Table.Data.ComponentTest" assertions="1" time="0.004832"/>
      </testsuite>
    </testsuite>
    <testsuite name="Feature" tests="42" assertions="54" errors="0" failures="0" skipped="0" time="1.234874">
      <testsuite name="Tests\Feature\GammaMatrix\Playground\Http\Controllers\Index\AboutRouteTest" file="/app/tests/Feature/Http/Controllers/Index/AboutRouteTest.php" tests="4" assertions="4" errors="0" failures="0" skipped="0" time="0.210007">
        <testcase name="test_route_about_as_guest_and_succeed" file="/app/tests/Feature/Http/Controllers/Index/AboutRouteTest.php" line="19" class="Tests\Feature\GammaMatrix\Playground\Http\Controllers\Index\AboutRouteTest" classname="Tests.Feature.GammaMatrix.Playground.Http.Controllers.Index.AboutRouteTest" assertions="1" time="0.125521"/>
        <testcase name="test_route_json_about_as_guest_and_succeed" file="/app/tests/Feature/Http/Controllers/Index/AboutRouteTest.php" line="25" class="Tests\Feature\GammaMatrix\Playground\Http\Controllers\Index\AboutRouteTest" classname="Tests.Feature.GammaMatrix.Playground.Http.Controllers.Index.AboutRouteTest" assertions="1" time="0.023409"/>
        <testcase name="test_route_about_as_client_and_succeed" file="/app/tests/Feature/Http/Controllers/Index/AboutRouteTest.php" line="31" class="Tests\Feature\GammaMatrix\Playground\Http\Controllers\Index\AboutRouteTest" classname="Tests.Feature.GammaMatrix.Playground.Http.Controllers.Index.AboutRouteTest" assertions="1" time="0.034426"/>
        <testcase name="test_route_json_about_as_manager_and_succeed" file="/app/tests/Feature/Http/Controllers/Index/AboutRouteTest.php" line="39" class="Tests\Feature\GammaMatrix\Playground\Http\Controllers\Index\AboutRouteTest" classname="Tests.Feature.GammaMatrix.Playground.Http.Controllers.Index.AboutRouteTest" assertions="1" time="0.026652"/>
      </testsuite>
      <testsuite name="Tests\Feature\GammaMatrix\Playground\Http\Controllers\Index\BootstrapRouteTest" file="/app/tests/Feature/Http/Controllers/Index/BootstrapRouteTest.php" tests="4" assertions="4" errors="0" failures="0" skipped="0" time="0.114090">
        <testcase name="test_route_bootstrap_as_guest_and_succeed" file="/app/tests/Feature/Http/Controllers/Index/BootstrapRouteTest.php" line="33" class="Tests\Feature\GammaMatrix\Playground\Http\Controllers\Index\BootstrapRouteTest" classname="Tests.Feature.GammaMatrix.Playground.Http.Controllers.Index.BootstrapRouteTest" assertions="1" time="0.033286"/>
        <testcase name="test_route_json_bootstrap_as_guest_and_succeed" file="/app/tests/Feature/Http/Controllers/Index/BootstrapRouteTest.php" line="39" class="Tests\Feature\GammaMatrix\Playground\Http\Controllers\Index\BootstrapRouteTest" classname="Tests.Feature.GammaMatrix.Playground.Http.Controllers.Index.BootstrapRouteTest" assertions="1" time="0.021939"/>
        <testcase name="test_route_bootstrap_as_vendor_and_succeed" file="/app/tests/Feature/Http/Controllers/Index/BootstrapRouteTest.php" line="45" class="Tests\Feature\GammaMatrix\Playground\Http\Controllers\Index\BootstrapRouteTest" classname="Tests.Feature.GammaMatrix.Playground.Http.Controllers.Index.BootstrapRouteTest" assertions="1" time="0.032393"/>
        <testcase name="test_route_json_bootstrap_as_wheel_and_succeed" file="/app/tests/Feature/Http/Controllers/Index/BootstrapRouteTest.php" line="53" class="Tests\Feature\GammaMatrix\Playground\Http\Controllers\Index\BootstrapRouteTest" classname="Tests.Feature.GammaMatrix.Playground.Http.Controllers.Index.BootstrapRouteTest" assertions="1" time="0.026473"/>
      </testsuite>
      <testsuite name="Tests\Feature\GammaMatrix\Playground\Http\Controllers\Index\DashboardRouteTest" file="/app/tests/Feature/Http/Controllers/Index/DashboardRouteTest.php" tests="8" assertions="11" errors="0" failures="0" skipped="0" time="0.213799">
        <testcase name="test_route_dashboard_as_guest_and_fail_when_disabled_for_guest_and_no_redirect" file="/app/tests/Feature/Http/Controllers/Index/DashboardRouteTest.php" line="19" class="Tests\Feature\GammaMatrix\Playground\Http\Controllers\Index\DashboardRouteTest" classname="Tests.Feature.GammaMatrix.Playground.Http.Controllers.Index.DashboardRouteTest" assertions="1" time="0.032003"/>
        <testcase name="test_route_dashboard_as_guest_and_redirect_when_disabled_for_all" file="/app/tests/Feature/Http/Controllers/Index/DashboardRouteTest.php" line="29" class="Tests\Feature\GammaMatrix\Playground\Http\Controllers\Index\DashboardRouteTest" classname="Tests.Feature.GammaMatrix.Playground.Http.Controllers.Index.DashboardRouteTest" assertions="2" time="0.023258"/>
        <testcase name="test_route_dashboard_as_guest_and_redirect_when_disabled_for_guest" file="/app/tests/Feature/Http/Controllers/Index/DashboardRouteTest.php" line="38" class="Tests\Feature\GammaMatrix\Playground\Http\Controllers\Index\DashboardRouteTest" classname="Tests.Feature.GammaMatrix.Playground.Http.Controllers.Index.DashboardRouteTest" assertions="2" time="0.022893"/>
        <testcase name="test_route_json_dashboard_as_guest_and_succeed" file="/app/tests/Feature/Http/Controllers/Index/DashboardRouteTest.php" line="48" class="Tests\Feature\GammaMatrix\Playground\Http\Controllers\Index\DashboardRouteTest" classname="Tests.Feature.GammaMatrix.Playground.Http.Controllers.Index.DashboardRouteTest" assertions="1" time="0.022898"/>
        <testcase name="test_route_dashboard_as_user_and_succeed" file="/app/tests/Feature/Http/Controllers/Index/DashboardRouteTest.php" line="58" class="Tests\Feature\GammaMatrix\Playground\Http\Controllers\Index\DashboardRouteTest" classname="Tests.Feature.GammaMatrix.Playground.Http.Controllers.Index.DashboardRouteTest" assertions="1" time="0.033058"/>
        <testcase name="test_route_dashboard_as_user_and_fail_when_disabled_for_all" file="/app/tests/Feature/Http/Controllers/Index/DashboardRouteTest.php" line="69" class="Tests\Feature\GammaMatrix\Playground\Http\Controllers\Index\DashboardRouteTest" classname="Tests.Feature.GammaMatrix.Playground.Http.Controllers.Index.DashboardRouteTest" assertions="2" time="0.024896"/>
        <testcase name="test_route_dashboard_as_user_and_fail_when_disabled_for_all_and_no_redirect" file="/app/tests/Feature/Http/Controllers/Index/DashboardRouteTest.php" line="79" class="Tests\Feature\GammaMatrix\Playground\Http\Controllers\Index\DashboardRouteTest" classname="Tests.Feature.GammaMatrix.Playground.Http.Controllers.Index.DashboardRouteTest" assertions="1" time="0.026438"/>
        <testcase name="test_route_json_dashboard_as_admin_and_succeed" file="/app/tests/Feature/Http/Controllers/Index/DashboardRouteTest.php" line="89" class="Tests\Feature\GammaMatrix\Playground\Http\Controllers\Index\DashboardRouteTest" classname="Tests.Feature.GammaMatrix.Playground.Http.Controllers.Index.DashboardRouteTest" assertions="1" time="0.028357"/>
      </testsuite>
      <testsuite name="Tests\Feature\GammaMatrix\Playground\Http\Controllers\Index\HomeRouteTest" file="/app/tests/Feature/Http/Controllers/Index/HomeRouteTest.php" tests="4" assertions="4" errors="0" failures="0" skipped="0" time="0.109636">
        <testcase name="test_route_home_as_guest_and_succeed" file="/app/tests/Feature/Http/Controllers/Index/HomeRouteTest.php" line="19" class="Tests\Feature\GammaMatrix\Playground\Http\Controllers\Index\HomeRouteTest" classname="Tests.Feature.GammaMatrix.Playground.Http.Controllers.Index.HomeRouteTest" assertions="1" time="0.029417"/>
        <testcase name="test_route_json_home_as_guest_and_succeed" file="/app/tests/Feature/Http/Controllers/Index/HomeRouteTest.php" line="25" class="Tests\Feature\GammaMatrix\Playground\Http\Controllers\Index\HomeRouteTest" classname="Tests.Feature.GammaMatrix.Playground.Http.Controllers.Index.HomeRouteTest" assertions="1" time="0.021985"/>
        <testcase name="test_route_home_as_user_admin_and_succeed" file="/app/tests/Feature/Http/Controllers/Index/HomeRouteTest.php" line="31" class="Tests\Feature\GammaMatrix\Playground\Http\Controllers\Index\HomeRouteTest" classname="Tests.Feature.GammaMatrix.Playground.Http.Controllers.Index.HomeRouteTest" assertions="1" time="0.031527"/>
        <testcase name="test_route_json_home_as_admin_and_succeed" file="/app/tests/Feature/Http/Controllers/Index/HomeRouteTest.php" line="39" class="Tests\Feature\GammaMatrix\Playground\Http\Controllers\Index\HomeRouteTest" classname="Tests.Feature.GammaMatrix.Playground.Http.Controllers.Index.HomeRouteTest" assertions="1" time="0.026706"/>
      </testsuite>
      <testsuite name="Tests\Feature\GammaMatrix\Playground\Http\Controllers\Index\SitemapRouteTest" file="/app/tests/Feature/Http/Controllers/Index/SitemapRouteTest.php" tests="9" assertions="12" errors="0" failures="0" skipped="0" time="0.255267">
        <testcase name="test_route_sitemap_as_guest_and_fail_when_disabled_for_guest_and_no_redirect" file="/app/tests/Feature/Http/Controllers/Index/SitemapRouteTest.php" line="19" class="Tests\Feature\GammaMatrix\Playground\Http\Controllers\Index\SitemapRouteTest" classname="Tests.Feature.GammaMatrix.Playground.Http.Controllers.Index.SitemapRouteTest" assertions="1" time="0.023698"/>
        <testcase name="test_route_sitemap_as_guest_and_redirect_when_disabled_for_all" file="/app/tests/Feature/Http/Controllers/Index/SitemapRouteTest.php" line="29" class="Tests\Feature\GammaMatrix\Playground\Http\Controllers\Index\SitemapRouteTest" classname="Tests.Feature.GammaMatrix.Playground.Http.Controllers.Index.SitemapRouteTest" assertions="2" time="0.023122"/>
        <testcase name="test_route_sitemap_as_guest_and_redirect_when_disabled_for_guest" file="/app/tests/Feature/Http/Controllers/Index/SitemapRouteTest.php" line="38" class="Tests\Feature\GammaMatrix\Playground\Http\Controllers\Index\SitemapRouteTest" classname="Tests.Feature.GammaMatrix.Playground.Http.Controllers.Index.SitemapRouteTest" assertions="2" time="0.023051"/>
        <testcase name="test_route_json_sitemap_as_guest_and_succeed" file="/app/tests/Feature/Http/Controllers/Index/SitemapRouteTest.php" line="48" class="Tests\Feature\GammaMatrix\Playground\Http\Controllers\Index\SitemapRouteTest" classname="Tests.Feature.GammaMatrix.Playground.Http.Controllers.Index.SitemapRouteTest" assertions="1" time="0.030547"/>
        <testcase name="test_route_sitemap_as_user_and_succeed" file="/app/tests/Feature/Http/Controllers/Index/SitemapRouteTest.php" line="58" class="Tests\Feature\GammaMatrix\Playground\Http\Controllers\Index\SitemapRouteTest" classname="Tests.Feature.GammaMatrix.Playground.Http.Controllers.Index.SitemapRouteTest" assertions="1" time="0.031853"/>
        <testcase name="test_route_sitemap_as_support_and_fail_when_disabled_for_all" file="/app/tests/Feature/Http/Controllers/Index/SitemapRouteTest.php" line="69" class="Tests\Feature\GammaMatrix\Playground\Http\Controllers\Index\SitemapRouteTest" classname="Tests.Feature.GammaMatrix.Playground.Http.Controllers.Index.SitemapRouteTest" assertions="2" time="0.024802"/>
        <testcase name="test_route_sitemap_as_user_and_fail_when_disabled_for_all_and_no_redirect" file="/app/tests/Feature/Http/Controllers/Index/SitemapRouteTest.php" line="79" class="Tests\Feature\GammaMatrix\Playground\Http\Controllers\Index\SitemapRouteTest" classname="Tests.Feature.GammaMatrix.Playground.Http.Controllers.Index.SitemapRouteTest" assertions="1" time="0.026312"/>
        <testcase name="test_route_json_sitemap_as_admin_and_succeed" file="/app/tests/Feature/Http/Controllers/Index/SitemapRouteTest.php" line="89" class="Tests\Feature\GammaMatrix\Playground\Http\Controllers\Index\SitemapRouteTest" classname="Tests.Feature.GammaMatrix.Playground.Http.Controllers.Index.SitemapRouteTest" assertions="1" time="0.032358"/>
        <testcase name="test_route_sitemap_as_user_and_succeed_with_package_sitemaps" file="/app/tests/Feature/Http/Controllers/Index/SitemapRouteTest.php" line="101" class="Tests\Feature\GammaMatrix\Playground\Http\Controllers\Index\SitemapRouteTest" classname="Tests.Feature.GammaMatrix.Playground.Http.Controllers.Index.SitemapRouteTest" assertions="1" time="0.039525"/>
      </testsuite>
      <testsuite name="Tests\Feature\GammaMatrix\Playground\Http\Controllers\Index\ThemeRouteTest" file="/app/tests/Feature/Http/Controllers/Index/ThemeRouteTest.php" tests="4" assertions="7" errors="0" failures="0" skipped="0" time="0.106476">
        <testcase name="test_route_theme_as_guest_and_succeed" file="/app/tests/Feature/Http/Controllers/Index/ThemeRouteTest.php" line="19" class="Tests\Feature\GammaMatrix\Playground\Http\Controllers\Index\ThemeRouteTest" classname="Tests.Feature.GammaMatrix.Playground.Http.Controllers.Index.ThemeRouteTest" assertions="2" time="0.024435"/>
        <testcase name="test_route_theme_as_guest_with_preview_and_succeed" file="/app/tests/Feature/Http/Controllers/Index/ThemeRouteTest.php" line="25" class="Tests\Feature\GammaMatrix\Playground\Http\Controllers\Index\ThemeRouteTest" classname="Tests.Feature.GammaMatrix.Playground.Http.Controllers.Index.ThemeRouteTest" assertions="1" time="0.029316"/>
        <testcase name="test_route_theme_as_partner_and_succeed" file="/app/tests/Feature/Http/Controllers/Index/ThemeRouteTest.php" line="31" class="Tests\Feature\GammaMatrix\Playground\Http\Controllers\Index\ThemeRouteTest" classname="Tests.Feature.GammaMatrix.Playground.Http.Controllers.Index.ThemeRouteTest" assertions="2" time="0.026932"/>
        <testcase name="test_route_theme_as_sales_and_succeed_with_theme_and_redirect" file="/app/tests/Feature/Http/Controllers/Index/ThemeRouteTest.php" line="41" class="Tests\Feature\GammaMatrix\Playground\Http\Controllers\Index\ThemeRouteTest" classname="Tests.Feature.GammaMatrix.Playground.Http.Controllers.Index.ThemeRouteTest" assertions="2" time="0.025793"/>
      </testsuite>
      <testsuite name="Tests\Feature\GammaMatrix\Playground\Http\Controllers\Index\WelcomeRouteTest" file="/app/tests/Feature/Http/Controllers/Index/WelcomeRouteTest.php" tests="4" assertions="4" errors="0" failures="0" skipped="0" time="0.109978">
        <testcase name="test_route_welcome_as_guest_and_succeed" file="/app/tests/Feature/Http/Controllers/Index/WelcomeRouteTest.php" line="19" class="Tests\Feature\GammaMatrix\Playground\Http\Controllers\Index\WelcomeRouteTest" classname="Tests.Feature.GammaMatrix.Playground.Http.Controllers.Index.WelcomeRouteTest" assertions="1" time="0.034674"/>
        <testcase name="test_route_json_welcome_as_guest_and_succeed" file="/app/tests/Feature/Http/Controllers/Index/WelcomeRouteTest.php" line="25" class="Tests\Feature\GammaMatrix\Playground\Http\Controllers\Index\WelcomeRouteTest" classname="Tests.Feature.GammaMatrix.Playground.Http.Controllers.Index.WelcomeRouteTest" assertions="1" time="0.022519"/>
        <testcase name="test_route_welcome_as_user_and_succeed" file="/app/tests/Feature/Http/Controllers/Index/WelcomeRouteTest.php" line="31" class="Tests\Feature\GammaMatrix\Playground\Http\Controllers\Index\WelcomeRouteTest" classname="Tests.Feature.GammaMatrix.Playground.Http.Controllers.Index.WelcomeRouteTest" assertions="1" time="0.025673"/>
        <testcase name="test_route_json_welcome_as_manager_admin_and_succeed" file="/app/tests/Feature/Http/Controllers/Index/WelcomeRouteTest.php" line="38" class="Tests\Feature\GammaMatrix\Playground\Http\Controllers\Index\WelcomeRouteTest" classname="Tests.Feature.GammaMatrix.Playground.Http.Controllers.Index.WelcomeRouteTest" assertions="1" time="0.027112"/>
      </testsuite>
      <testsuite name="Tests\Feature\GammaMatrix\Playground\Policies\PrivilegeTrait\TraitTest" file="/app/tests/Feature/Policies/PrivilegeTrait/TraitTest.php" tests="5" assertions="8" errors="0" failures="0" skipped="0" time="0.115621">
        <testcase name="test_hasPrivilege_and_fail_with_empty_privilege" file="/app/tests/Feature/Policies/PrivilegeTrait/TraitTest.php" line="45" class="Tests\Feature\GammaMatrix\Playground\Policies\PrivilegeTrait\TraitTest" classname="Tests.Feature.GammaMatrix.Playground.Policies.PrivilegeTrait.TraitTest" assertions="1" time="0.018976"/>
        <testcase name="test_hasPrivilege_with_app_without_token_and_fail" file="/app/tests/Feature/Policies/PrivilegeTrait/TraitTest.php" line="56" class="Tests\Feature\GammaMatrix\Playground\Policies\PrivilegeTrait\TraitTest" classname="Tests.Feature.GammaMatrix.Playground.Policies.PrivilegeTrait.TraitTest" assertions="1" time="0.021307"/>
        <testcase name="test_hasPrivilege_with_app_with_wildcard_token_privileges_and_succeed" file="/app/tests/Feature/Policies/PrivilegeTrait/TraitTest.php" line="67" class="Tests\Feature\GammaMatrix\Playground\Policies\PrivilegeTrait\TraitTest" classname="Tests.Feature.GammaMatrix.Playground.Policies.PrivilegeTrait.TraitTest" assertions="2" time="0.024840"/>
        <testcase name="test_hasPrivilege_with_app_with_wildcard_secondary_token_privileges_and_succeed" file="/app/tests/Feature/Policies/PrivilegeTrait/TraitTest.php" line="107" class="Tests\Feature\GammaMatrix\Playground\Policies\PrivilegeTrait\TraitTest" classname="Tests.Feature.GammaMatrix.Playground.Policies.PrivilegeTrait.TraitTest" assertions="2" time="0.025980"/>
        <testcase name="test_hasPrivilege_with_app_with_token_privileges_and_succeed" file="/app/tests/Feature/Policies/PrivilegeTrait/TraitTest.php" line="149" class="Tests\Feature\GammaMatrix\Playground\Policies\PrivilegeTrait\TraitTest" classname="Tests.Feature.GammaMatrix.Playground.Policies.PrivilegeTrait.TraitTest" assertions="2" time="0.024519"/>
      </testsuite>
    </testsuite>
  </testsuite>
</testsuites>
